Je commence par analyser l'état actuel du rate limiting.
[93m[1m| [0m[90m Todo     [0m6 todos
[96m[1m| [0m[90m Read     [0mveligo-platform/backend/src/middleware/rate_limiter.rs
[96m[1m| [0m[90m Read     [0mveligo-platform/backend/src/bin/tonic-server.rs
[93m[1m| [0m[90m Todo     [0m5 todos
[94m[1m| [0m[90m Grep     [0mrate_limit
[94m[1m| [0m[90m Glob     [0m{"pattern":"**/http-server*.rs"}
[96m[1m| [0m[90m Read     [0mveligo-platform/backend/src/bin/http-server.rs
Le rate limiter existe mais n'est pas activé dans http-server.rs. Je vais l'activer.
[93m[1m| [0m[90m Todo     [0m5 todos
[96m[1m| [0m[90m Read     [0mveligo-platform/backend/src/middleware/mod.rs
[91m[1m| [0m[90m Bash     [0mList backend source directories

total 16
drwxr-xr-x  20 sylvain  staff   640 Jan  9 08:55 .
drwxr-xr-x  24 sylvain  staff   768 Jan  9 12:17 ..
drwxr-xr-x  42 sylvain  staff  1344 Jan  7 09:37 api
drwxr-xr-x   6 sylvain  staff   192 Dec 11 18:34 application
drwxr-xr-x   5 sylvain  staff   160 Jan  9 16:41 bin
drwxr-xr-x   5 sylvain  staff   160 Dec 28 02:29 chaos
drwxr-xr-x  19 sylvain  staff   608 Jan  9 08:09 domain
drwxr-xr-x   3 sylvain  staff    96 Dec 29 21:44 error
drwxr-xr-x  10 sylvain  staff   320 Dec 13 20:31 generated
drwxr-xr-x   5 sylvain  staff   160 Dec 29 13:13 grpc
-rw-r--r--   1 sylvain  staff  3343 Dec 27 11:25 grpc_server.rs
drwxr-xr-x   6 sylvain  staff   192 Dec 27 13:50 handlers
drwxr-xr-x  29 sylvain  staff   928 Jan  9 06:55 infrastructure
drwxr-xr-x   4 sylvain  staff   128 Jan  9 08:52 integration
drwxr-xr-x   9 sylvain  staff   288 Dec 31 21:34 jobs
-rw-r--r--   1 sylvain  staff   478 Dec 31 20:45 lib.rs
drwxr-xr-x  10 sylvain  staff   320 Jan 12 13:34 middleware
drwxr-xr-x  49 sylvain  staff  1568 Jan  9 15:41 modules
drwxr-xr-x  23 sylvain  staff   736 Dec 29 22:18 services
drwxr-xr-x   3 sylvain  staff    96 Jan  9 08:55 tests

[96m[1m| [0m[90m Read     [0mveligo-platform/backend/src/lib.rs
Je vais maintenant modifier http-server.rs pour activer le rate limiter:
[92m[1m| [0m[90m Edit     [0mveligo-platform/backend/src/bin/http-server.rs
[96m[1m| [0m[90m Read     [0mveligo-platform/backend/src/bin/http-server.rs
[92m[1m| [0m[90m Edit     [0mveligo-platform/backend/src/bin/http-server.rs
[96m[1m| [0m[90m Read     [0mveligo-platform/backend/src/bin/http-server.rs
[96m[1m| [0m[90m Read     [0mveligo-platform/backend/src/bin/http-server.rs
[92m[1m| [0m[90m Edit     [0mveligo-platform/backend/src/bin/http-server.rs
[96m[1m| [0m[90m Read     [0mveligo-platform/backend/src/bin/http-server.rs
[92m[1m| [0m[90m Edit     [0mveligo-platform/backend/src/bin/http-server.rs
[92m[1m| [0m[90m Edit     [0mveligo-platform/backend/src/bin/http-server.rs
[92m[1m| [0m[90m Edit     [0mveligo-platform/backend/src/bin/http-server.rs
[93m[1m| [0m[90m Todo     [0m4 todos
[91m[1m| [0m[90m Bash     [0mCheck Redis connection

PONG

[93m[1m| [0m[90m Todo     [0m3 todos
