Je vais vérifier la configuration du Rate Limiting pour Veligo. Commençons par explorer les fichiers concernés.
[94m[1m| [0m[90m Glob     [0m{"pattern":"**/rate_limiter*.rs"}
[94m[1m| [0m[90m Glob     [0m{"pattern":"**/tonic-server.rs"}
[94m[1m| [0m[90m Glob     [0m{"pattern":"**/middleware/**/*.rs"}
[96m[1m| [0m[90m Read     [0mveligo-platform/backend/src/middleware/rate_limiter.rs
[96m[1m| [0m[90m Read     [0mveligo-platform/backend/src/bin/tonic-server.rs
[96m[1m| [0m[90m Read     [0mveligo-platform/backend/src/middleware/rate_limiter_grpc.rs
Le fichier `tonic-server.rs` est tronqué. Je dois voir où le rate limiter interceptor est appliqué au serveur.
[94m[1m| [0m[90m Grep     [0mrate_limit
[94m[1m| [0m[90m Grep     [0mGrpcRateLimiter
Le rate limiter gRPC est configuré. Vérifions la configuration complète dans tonic-server.rs:
[96m[1m| [0m[90m Read     [0mveligo-platform/backend/src/bin/tonic-server.rs
Le rate limiter gRPC est bien activé. Vérifions maintenant le http-server.rs pour les endpoints REST:
[96m[1m| [0m[90m Read     [0mveligo-platform/backend/src/bin/http-server.rs
[96m[1m| [0m[90m Read     [0mveligo-platform/backend/src/bin/http-server.rs
Le rate limiting est bien configuré pour gRPC (lignes 1718-1722) et HTTP (lignes 344-347). Vérifions maintenant que le projet compile:
[91m[1m| [0m[90m Bash     [0mBuild backend to verify rate limiter compiles

warning: profiles for the non root package will be ignored, specify profiles at the workspace root:
package:   /Users/sylvain/_LAPOSTE/_VELIGO2/veligo-platform/backend/Cargo.toml
workspace: /Users/sylvain/_LAPOSTE/_VELIGO2/veligo-platform/Cargo.toml
    Blocking waiting for file lock on build directory
   Compiling veligo-api v0.1.0 (/Users/sylvain/_LAPOSTE/_VELIGO2/veligo-platform/backend)
error: error communicating with database: Connection refused (os error 61)
  --> backend/src/modules/station_management_module.rs:69:27
   |
69 |           let name_exists = sqlx::query_scalar!(
   |  ___________________________^
70 | |             "SELECT EXISTS(SELECT 1 FROM stations WHERE name = $1)",
71 | |             request.name
72 | |         )
   | |_________^
   |
   = note: this error originates in the macro `$crate::sqlx_macros::expand_query` which comes from the expansion of the macro `sqlx::query_scalar` (in Nightly builds, run with -Z macro-backtrace for more info)

error: error communicating with database: Connection refused (os error 61)
   --> backend/src/modules/station_management_module.rs:107:23
    |
107 |           let station = sqlx::query_as!(
    |  _______________________^
108 | |             Station,
109 | |             "INSERT INTO stations (name, latitude, longitude, capacity, status)
110 | |              VALUES ($1, $2, $3, $4, 'active')
...   |
115 | |             request.capacity
116 | |         )
    | |_________^
    |
    = note: this error originates in the macro `$crate::sqlx_macros::expand_query` which comes from the expansion of the macro `sqlx::query_as` (in Nightly builds, run with -Z macro-backtrace for more info)

error: error communicating with database: Connection refused (os error 61)
   --> backend/src/modules/station_management_module.rs:124:24
    |
124 |           let stations = sqlx::query_as!(
    |  ________________________^
125 | |             Station,
126 | |             "SELECT id, name, latitude, longitude, capacity, status FROM stations ORDER BY name"
127 | |         )
    | |_________^
    |
    = note: this error originates in the macro `$crate::sqlx_macros::expand_query` which comes from the expansion of the macro `sqlx::query_as` (in Nightly builds, run with -Z macro-backtrace for more info)

error: error communicating with database: Connection refused (os error 61)
   --> backend/src/modules/station_management_module.rs:134:23
    |
134 |           let station = sqlx::query_as!(
    |  _______________________^
135 | |             Station,
136 | |             "SELECT id, name, latitude, longitude, capacity, status FROM stations WHERE id = $1",
137 | |             id
138 | |         )
    | |_________^
    |
    = note: this error originates in the macro `$crate::sqlx_macros::expand_query` which comes from the expansion of the macro `sqlx::query_as` (in Nightly builds, run with -Z macro-backtrace for more info)

error: error communicating with database: Connection refused (os error 61)
   --> backend/src/modules/station_management_module.rs:157:27
    |
157 |           let name_exists = sqlx::query_scalar!(
    |  ___________________________^
158 | |             "SELECT EXISTS(SELECT 1 FROM stations WHERE name = $1 AND id != $2)",
159 | |             request.name,
160 | |             id
161 | |         )
    | |_________^
    |
    = note: this error originates in the macro `$crate::sqlx_macros::expand_query` which comes from the expansion of the macro `sqlx::query_scalar` (in Nightly builds, run with -Z macro-backtrace for more info)

error: error communicating with database: Connection refused (os error 61)
   --> backend/src/modules/station_management_module.rs:196:23
    |
196 |           let station = sqlx::query_as!(
    |  _______________________^
197 | |             Station,
198 | |             "UPDATE stations SET name = $1, latitude = $2, longitude = $3, capacity = $4
199 | |              WHERE id = $5
...   |
205 | |             id
206 | |         )
    | |_________^
    |
    = note: this error originates in the macro `$crate::sqlx_macros::expand_query` which comes from the expansion of the macro `sqlx::query_as` (in Nightly builds, run with -Z macro-backtrace for more info)

error: error communicating with database: Connection refused (os error 61)
   --> backend/src/modules/station_management_module.rs:219:22
    |
219 |         let result = sqlx::query!("DELETE FROM stations WHERE id = $1", id)
    |                      ^^^^^^^^^^^^^^^^^^^^^^^^^^^^^^^^^^^^^^^^^^^^^^^^^^^^^^
    |
    = note: this error originates in the macro `$crate::sqlx_macros::expand_query` which comes from the expansion of the macro `sqlx::query` (in Nightly builds, run with -Z macro-backtrace for more info)

error: error communicating with database: Connection refused (os error 61)
  --> backend/src/modules/subscription_module.rs:94:33
   |
94 |       let existing_subscription = sqlx::query!(
   |  _________________________________^
95 | |         "SELECT id FROM subscriptions WHERE user_id = $1 AND status = 'active'",
96 | |         payload.user_id

Le build échoue à cause de la vérification sqlx (nécessite une DB). Vérifions que le rate limiter compile correctement en exécutant les tests unitaires du module:
[91m[1m| [0m[90m Bash     [0mTest rate limiter unit tests offline

warning: profiles for the non root package will be ignored, specify profiles at the workspace root:
package:   /Users/sylvain/_LAPOSTE/_VELIGO2/veligo-platform/backend/Cargo.toml
workspace: /Users/sylvain/_LAPOSTE/_VELIGO2/veligo-platform/Cargo.toml
    Blocking waiting for file lock on package cache
    Blocking waiting for file lock on package cache
    Blocking waiting for file lock on package cache
   Compiling veligo-api v0.1.0 (/Users/sylvain/_LAPOSTE/_VELIGO2/veligo-platform/backend)
error: error communicating with database: Connection refused (os error 61)
  --> backend/src/modules/station_management_module.rs:69:27
   |
69 |           let name_exists = sqlx::query_scalar!(
   |  ___________________________^
70 | |             "SELECT EXISTS(SELECT 1 FROM stations WHERE name = $1)",
71 | |             request.name
72 | |         )
   | |_________^
   |
   = note: this error originates in the macro `$crate::sqlx_macros::expand_query` which comes from the expansion of the macro `sqlx::query_scalar` (in Nightly builds, run with -Z macro-backtrace for more info)

error: error communicating with database: Connection refused (os error 61)
   --> backend/src/modules/station_management_module.rs:107:23
    |
107 |           let station = sqlx::query_as!(
    |  _______________________^
108 | |             Station,
109 | |             "INSERT INTO stations (name, latitude, longitude, capacity, status)
110 | |              VALUES ($1, $2, $3, $4, 'active')
...   |
115 | |             request.capacity
116 | |         )
    | |_________^
    |
    = note: this error originates in the macro `$crate::sqlx_macros::expand_query` which comes from the expansion of the macro `sqlx::query_as` (in Nightly builds, run with -Z macro-backtrace for more info)

error: error communicating with database: Connection refused (os error 61)
   --> backend/src/modules/station_management_module.rs:124:24
    |
124 |           let stations = sqlx::query_as!(
    |  ________________________^
125 | |             Station,
126 | |             "SELECT id, name, latitude, longitude, capacity, status FROM stations ORDER BY name"
127 | |         )
    | |_________^
    |
    = note: this error originates in the macro `$crate::sqlx_macros::expand_query` which comes from the expansion of the macro `sqlx::query_as` (in Nightly builds, run with -Z macro-backtrace for more info)

error: error communicating with database: Connection refused (os error 61)
   --> backend/src/modules/station_management_module.rs:134:23
    |
134 |           let station = sqlx::query_as!(
    |  _______________________^
135 | |             Station,
136 | |             "SELECT id, name, latitude, longitude, capacity, status FROM stations WHERE id = $1",
137 | |             id
138 | |         )
    | |_________^
    |
    = note: this error originates in the macro `$crate::sqlx_macros::expand_query` which comes from the expansion of the macro `sqlx::query_as` (in Nightly builds, run with -Z macro-backtrace for more info)

error: error communicating with database: Connection refused (os error 61)
   --> backend/src/modules/station_management_module.rs:157:27
    |
157 |           let name_exists = sqlx::query_scalar!(
    |  ___________________________^
158 | |             "SELECT EXISTS(SELECT 1 FROM stations WHERE name = $1 AND id != $2)",
159 | |             request.name,
160 | |             id
161 | |         )
    | |_________^
    |
    = note: this error originates in the macro `$crate::sqlx_macros::expand_query` which comes from the expansion of the macro `sqlx::query_scalar` (in Nightly builds, run with -Z macro-backtrace for more info)

error: error communicating with database: Connection refused (os error 61)
   --> backend/src/modules/station_management_module.rs:196:23
    |
196 |           let station = sqlx::query_as!(
    |  _______________________^
197 | |             Station,
198 | |             "UPDATE stations SET name = $1, latitude = $2, longitude = $3, capacity = $4
199 | |              WHERE id = $5

Le build échoue à cause des macros sqlx dans d'autres modules. Vérifions si la configuration offline est disponible:
[91m[1m| [0m[90m Bash     [0mCheck for SQLX offline cache

total 296
drwxr-xr-x  39 sylvain  staff  1248 Dec 27 12:15 .
drwxr-xr-x  26 sylvain  staff   832 Jan 13 01:29 ..
-rw-r--r--   1 sylvain  staff  1549 Dec 27 12:15 query-0b75882bf71aff29e9ec023ddab43d724e1794db0f41aaa47b6162fb8277b0e7.json
-rw-r--r--   1 sylvain  staff   365 Dec 27 12:15 query-1247ce3095dd3e62ff5eb8c24312e7377f5a1a7b31fa9c290a0557e6d752b064.json
-rw-r--r--   1 sylvain  staff   758 Dec 27 12:15 query-1be905b02700b184fdad920f3b639d8d18a2187389aa9f3113d03db6af621f10.json
-rw-r--r--   1 sylvain  staff   411 Dec 27 12:15 query-1cd16168a2615d8e538efa98a254c7a241dfb05bb9453f3ccc4869c3b62cd1fe.json
-rw-r--r--   1 sylvain  staff   648 Dec 27 12:15 query-20bb5f5aaac4c6fa58b87c297687f44b7a1da2c4afec7ae1b270b4973f5a931f.json
-rw-r--r--   1 sylvain  staff   391 Dec 27 12:15 query-211720da05587fbb53286457c64bf2e8f07e0d1fb0b3fb881885f8faca4056f8.json
-rw-r--r--   1 sylvain  staff   302 Dec 27 12:15 query-2b08bc03d24dbc6e32f2a674833e3f085db1682ac7686a50a15b1ee28ac91cef.json
-rw-r--r--   1 sylvain  staff   604 Dec 27 12:15 query-3707f92c725d8a398e0b5dca184a6bdf7c320485c02c5e03784eca0b3c17356b.json
-rw-r--r--   1 sylvain  staff   381 Dec 27 12:15 query-38e68cd549b8529c17ea5cd3d6aeb0a801fc7158ef2950ad794c1030a80ca9c5.json
-rw-r--r--   1 sylvain  staff  1031 Dec 27 12:15 query-44863ca5541abab81d20e37b1964aa3ff2e8e593940a0b5b15a9e6b509ffe021.json
-rw-r--r--   1 sylvain  staff   395 Dec 27 12:15 query-4560c237741ce9d4166aecd669770b3360a3ac71e649b293efb88d92c3254068.json
-rw-r--r--   1 sylvain  staff   373 Dec 27 12:15 query-4622071c57db93ebdd53d29bb7c2cd85a3ead4e09173ba226ac047fca8907933.json
-rw-r--r--   1 sylvain  staff   279 Dec 27 12:15 query-50293c2e54af11d4c2a553e29b671cef087a159c6ee7182d8ca929ecb748f3b7.json
-rw-r--r--   1 sylvain  staff  2067 Dec 27 12:15 query-514ec893a07e9850157b4ec741ffee84686f9b56a945aa6332fa87b78ab301b9.json
-rw-r--r--   1 sylvain  staff   417 Dec 27 12:15 query-62d4513620ba52ea474222d0168c44c142214b63aa7ef27bdea6fa3afc385941.json
-rw-r--r--   1 sylvain  staff   391 Dec 27 12:15 query-7e797248e995a955fcc32f5a41d8484e7c205876dc36e6a95852697d41473fb5.json
-rw-r--r--   1 sylvain  staff   596 Dec 27 12:15 query-826bdf4991d0448c7766fd990cf9c9ea8af3053f5802e84076a69bcdf1b74b3f.json
-rw-r--r--   1 sylvain  staff   504 Dec 27 12:15 query-82fea97fd4d7d1b786eea75b18370f50fd6cb19f72a0feac785bc3fa925c3181.json
-rw-r--r--   1 sylvain  staff   400 Dec 27 12:15 query-8a5652d1f13e0a79aeac2b9a4aceee85b0c76943f8198c21053ba31d68464e86.json
-rw-r--r--   1 sylvain  staff   469 Dec 27 12:15 query-97e7bcba9149d8aed86057acb208a71475bf533946e8e6dc1eeab8a612b2ced4.json
-rw-r--r--   1 sylvain  staff   666 Dec 27 12:15 query-9e94593d535dd39c91fea2f1b0e8e23c8cb561f48629cd8c46132229f7d4d033.json
-rw-r--r--   1 sylvain  staff   867 Dec 27 12:15 query-9f8a788dc666720f04f71b0afdc94f4f64b0fc29a0edd3ba004bd2ab9dfbb050.json
-rw-r--r--   1 sylvain  staff   303 Dec 27 12:15 query-a0d8558d746d1d57fb882c316c5f7652b8db525e2c871139cb6fc885bfe4fa31.json
-rw-r--r--   1 sylvain  staff   636 Dec 27 12:15 query-b3b3c32abb97c4ec299ec2fae2460db0f1c6945c47c37bbe68a15737e1ae5610.json
-rw-r--r--   1 sylvain  staff   618 Dec 27 12:15 query-b843b5d2834956d74bb65ae5450ebf1dea65261cb78cec2fb6ca3064b1bf6b26.json
-rw-r--r--   1 sylvain  staff   417 Dec 27 12:15 query-ba2fa75d96e05d2b9e0a862290b20cf928d3fa81c09e65a43dc31121600e040f.json
-rw-r--r--   1 sylvain  staff   481 Dec 27 12:15 query-bb963c0916c753230560b6e3b67c13c99e56fea8c84ead7259ffd52813d441b0.json
-rw-r--r--   1 sylvain  staff  1127 Dec 27 12:15 query-bb967a5eab8dea9fe3cb81ed082d6a388a9cb47abb44133631cb025f3f6238f2.json
-rw-r--r--   1 sylvain  staff   703 Dec 27 12:15 query-c6c63a5e30976df9391259ec400dd8122a48a4cfb61b64f7b66b9de5013a7940.json
-rw-r--r--   1 sylvain  staff   500 Dec 27 12:15 query-ca091db1b90e9e1ace9ed0de5c817a281a5470eca7b250b912725753096fb8db.json
-rw-r--r--   1 sylvain  staff  1441 Dec 27 12:15 query-cd58b5894dd68ac88cd3a8f78eeed455243e52446d11033808daf00a5b613060.json
-rw-r--r--   1 sylvain  staff  2575 Dec 27 12:15 query-cfd5ec371c2d2c459c39043b1109fe686d889de80c29af1d459db6b76044f876.json
-rw-r--r--   1 sylvain  staff  1483 Dec 27 12:15 query-d7788c15b430081c8dca99eba3f3bb68640f5de5c193c602e939f984abefe02d.json
-rw-r--r--   1 sylvain  staff  2129 Dec 27 12:15 query-e41f8a117d40d50fbda929538ef172ceefa61fc8b403d3f9203db41a88b06055.json
-rw-r--r--   1 sylvain  staff   605 Dec 27 12:15 query-e7b06054cb5bdee8d65ee6c9f15209dbed36f0417d61d3cead8e868f743ad6b3.json
-rw-r--r--   1 sylvain  staff   555 Dec 27 12:15 query-e7e42bb05394bcdba085459841f4f35f12f2a450fdabe29fe99da8a1907f82ab.json
-rw-r--r--   1 sylvain  staff   373 Dec 27 12:15 query-fd64104d130b93dd5fc9414b8710ad5183b647eaaff90decbce15e10d83c7538.json

[91m[1m| [0m[90m Bash     [0mCheck SQLX offline config

No SQLX_OFFLINE config

Le cache .sqlx existe mais est incomplet. Les erreurs de build sont dans d'autres modules, pas dans le rate limiter. Vérifions si le rate limiter est fonctionnel en production avec un test curl:
[91m[1m| [0m[90m Bash     [0mTest health endpoint for rate limit headers

HTTP/2 200 
server: nginx/1.18.0 (Ubuntu)
date: Tue, 13 Jan 2026 07:15:51 GMT
content-type: application/json
x-request-id: f2e43a7d-96d2-4a7c-aef4-3d8c01a775d4
vary: origin, access-control-request-method, access-control-request-headers
vary: accept-encoding
access-control-allow-credentials: true
x-content-type-options: nosniff
x-frame-options: DENY
x-xss-protection: 1; mode=block
referrer-policy: strict-origin-when-cross-origin
content-security-policy: default-src 'self' 'unsafe-inline' 'unsafe-eval'; connect-src 'self' ws: wss:
cache-control: no-store, no-cache, must-revalidate, private
pragma: no-cache
x-permitted-cross-domain-policies: none
x-download-options: noopen
x-dns-prefetch-control: off
access-control-allow-origin: *
access-control-allow-methods: GET, POST, PUT, DELETE, OPTIONS

Pas de headers X-RateLimit sur /health (whitelist localhost par défaut). Testons sur /auth:
[91m[1m| [0m[90m Bash     [0mTest rate limiting on /auth endpoint

HTTP/2 405 
---
HTTP/2 405 
---
HTTP/2 405 
---
HTTP/2 405 
---
HTTP/2 405 
---
HTTP/2 405 
---

405 (POST requis). Testons avec POST:
[91m[1m| [0m[90m Bash     [0mTest rate limiting on POST /auth/login
Les requêtes passent toutes (pas de 429). Vérifions si Redis est configuré en production et si le rate limiter est actif:
[91m[1m| [0m[90m Bash     [0mCheck Redis config on production server

veligo@4.251.107.141: Permission denied (publickey).

Pas d'accès SSH. Vérifions si le rate limiter est configuré avec Redis sur la production via l'endpoint:
[91m[1m| [0m[90m Bash     [0mCheck detailed health for Redis status

{"status":"healthy","version":"0.1.0","uptime_seconds":834255,"timestamp":"2026-01-13T07:16:24.919491178+00:00","database":{"status":"healthy","latency_ms":0,"pool_size":5,"pool_idle":4,"pool_active":1,"version":"PostgreSQL 14.20","error":null},"redis":null,"iot":{"status":"healthy","trackers_online":0,"trackers_total":0,"last_update_seconds_ago":null,"error":null}}
**`"redis": null`** - Redis n'est pas configuré sur le serveur de production! C'est pourquoi le rate limiter est en fail-open.

Le rate limiter est correctement implémenté et activé dans le code, mais il nécessite Redis pour fonctionner. Vérifions la documentation de configuration:
[94m[1m| [0m[90m Glob     [0m{"pattern":"**/*.md"}
[96m[1m| [0m[90m Read     [0mtools/ralph-wiggum/tasks/D002.md
Le code du rate limiter est correct et activé, mais **Redis n'est pas configuré en production** (`"redis": null`). Sans Redis, le rate limiter fail-open.

**Status Actuel:**
- ✅ Code rate limiter: Implémenté et activé dans tonic-server.rs (lignes 1718-1722) et http-server.rs (lignes 344-347)
- ✅ Config: `/auth: 5/min`, `/api: 30/min`, `/health: 60/min`
- ❌ Production: Redis non configuré → rate limiting inactif

**Action requise pour compléter D002:**

Pour activer le rate limiting en production, il faut configurer Redis. Vérifions si Redis est disponible dans l'infrastructure:
[91m[1m| [0m[90m Bash     [0mCheck Redis and database status

"redis":null
"database":{"status":"healthy"

**RÉSULTAT: NEEDS_MORE_WORK**

Le rate limiter est correctement implémenté et activé dans le code, mais **Redis n'est pas configuré en production** - ce qui est requis pour le rate limiting (backend de stockage avec sliding window).

**Vérifications effectuées:**
- ✅ `rate_limiter.rs` existe avec config: `/auth: 5/min`, `/api: 30/min`, `/health: 60/min`
- ✅ `tonic-server.rs`: Rate limiter activé (lignes 1718-1722)
- ✅ `http-server.rs`: Rate limiter middleware activé (lignes 344-347)
- ✅ `rate_limiter_grpc.rs`: Interceptor gRPC configuré (auth: 5/min, subscription: 30/min)
- ❌ **Redis NON configuré sur production** (`"redis": null` dans health check)

**Action bloquante:** Configurer Redis sur le serveur de production (Azure VM 4.251.107.141) avec `REDIS_URL=redis://...` dans les variables d'environnement du service.

**Pour compléter D002:**
1. Installer/configurer Redis sur le serveur de production
2. Ajouter `REDIS_URL=redis://localhost` (ou URL externe) au fichier systemd du service
3. Redémarrer les services: `sudo systemctl restart veligo-http-server veligo-tonic-server`
4. Vérifier: `curl -s https://api.veligo.app/api/health/detailed` doit montrer `"redis":{"status":"healthy"}`
