[91m[1m| [0m[90m Bash     [0mTest health endpoint on veligo.app

{"status":"ok","timestamp":"2026-01-12T23:25:35.514399273+00:00"}
[91m[1m| [0m[90m Bash     [0mTest IDFM homepage

<!doctype html>
<html lang="fr" data-theme="light">
  <head>
    <meta charset="utf-8" />
    <!-- Default favicon - dynamically updated by tenantAssets.ts based on hostname -->
    <link rel="icon" type="image/svg+xml" href="/assets/idfm-favicon.svg" />
    <!-- Fallback for browsers that don't support SVG favicons -->
    <link rel="alternate icon" href="/tenants/idfm/favicon.ico" />
    <meta name="viewport" content="width=device-width, initial-scale=1" />
    <!-- Leaflet CSS for station maps -->
    <link rel="stylesheet" href="https://unpkg.com/leaflet@1.9.4/dist/leaflet.css"
      integrity="sha256-p4NxAoJBhIIN+hmNHrzRCf9tD/miZyoHS5obTRR9BMY="
      crossorigin="" />
    <title>Veligo - Location de velos longue duree</title>
    
		<link rel="modulepreload" href="/_app/immutable/entry/start.kNTkugtr.js">
		<link rel="modulepreload" href="/_app/immutable/chunks/BlrWPvaO.js">
		<link rel="modulepreload" href="/_app/immutable/chunks/CdRyHcA3.js">
		<link rel="modulepreload" href="/_app/immutable/chunks/CAY8cOB-.js">
		<link rel="modulepreload" href="/_app/immutable/entry/app.CqGIK31z.js">
		<link rel="modulepreload" href="/_app/immutable/chunks/Ct5FWWRu.js">
		<link rel="modulepreload" href="/_app/immutable/chunks/CaVIDvOU.js">
		<link rel="modulepreload" href="/_app/immutable/chunks/UL32ZyM3.js">
		<link rel="modulepreload" href="/_app/immutable/chunks/B_Z0d6IB.js">
		<link rel="modulepreload" href="/_app/immutable/chunks/C4ytttGe.js">
		<link rel="modulepreload" href="/_app/immutable/chunks/Bzak7iHL.js">
  </head>
  <body data-sveltekit-preload-data="hover">
    <div style="display: contents">
			<script>
				{
					__sveltekit_1frrykb = {
						base: ""
					};

					const element = document.currentScript.parentElement;

					Promise.all([
						import("/_app/immutable/entry/start.kNTkugtr.js"),
						import("/_app/immutable/entry/app.CqGIK31z.js")
					]).then(([kit, app]) => {
						kit.start(app, element);
					});
				}
			</script>
		</div>
  </body>
</html>

[91m[1m| [0m[90m Bash     [0mTest login page

<!doctype html>
<html lang="fr" data-theme="light">
  <head>
    <meta charset="utf-8" />
    <!-- Default favicon - dynamically updated by tenantAssets.ts based on hostname -->
    <link rel="icon" type="image/svg+xml" href="/assets/idfm-favicon.svg" />
    <!-- Fallback for browsers that don't support SVG favicons -->
    <link rel="alternate icon" href="/tenants/idfm/favicon.ico" />
    <meta name="viewport" content="width=device-width, initial-scale=1" />
    <!-- Leaflet CSS for station maps -->
    <link rel="stylesheet" href="https://unpkg.com/leaflet@1.9.4/dist/leaflet.css"
      integrity="sha256-p4NxAoJBhIIN+hmNHrzRCf9tD/miZyoHS5obTRR9BMY="
      crossorigin="" />
    <title>Veligo - Location de velos longue duree</title>
    
		<link rel="modulepreload" href="/_app/immutable/entry/start.kNTkugtr.js">
		<link rel="modulepreload" href="/_app/immutable/chunks/BlrWPvaO.js">
		<link rel="modulepreload" href="/_app/immutable/chunks/CdRyHcA3.js">
		<link rel="modulepreload" href="/_app/immutable/chunks/CAY8cOB-.js">
		<link rel="modulepreload" href="/_app/immutable/entry/app.CqGIK31z.js">
		<link rel="modulepreload" href="/_app/immutable/chunks/Ct5FWWRu.js">
		<link rel="modulepreload" href="/_app/immutable/chunks/CaVIDvOU.js">
		<link rel="modulepreload" href="/_app/immutable/chunks/UL32ZyM3.js">
		<link rel="modulepreload" href="/_app/immutable/chunks/B_Z0d6IB.js">
		<link rel="modulepreload" href="/_app/immutable/chunks/C4ytttGe.js">
		<link rel="modulepreload" href="/_app/immutable/chunks/Bzak7iHL.js">
  </head>
  <body data-sveltekit-preload-data="hover">
    <div style="display: contents">
			<script>
				{
					__sveltekit_1frrykb = {
						base: ""
					};

					const element = document.currentScript.parentElement;

					Promise.all([
						import("/_app/immutable/entry/start.kNTkugtr.js"),
						import("/_app/immutable/entry/app.CqGIK31z.js")
					]).then(([kit, app]) => {
						kit.start(app, element);
					});
				}
			</script>
		</div>
  </body>
</html>

[91m[1m| [0m[90m Bash     [0mTest stations page

<!doctype html>
<html lang="fr" data-theme="light">
  <head>
    <meta charset="utf-8" />
    <!-- Default favicon - dynamically updated by tenantAssets.ts based on hostname -->
    <link rel="icon" type="image/svg+xml" href="/assets/idfm-favicon.svg" />
    <!-- Fallback for browsers that don't support SVG favicons -->
    <link rel="alternate icon" href="/tenants/idfm/favicon.ico" />
    <meta name="viewport" content="width=device-width, initial-scale=1" />
    <!-- Leaflet CSS for station maps -->
    <link rel="stylesheet" href="https://unpkg.com/leaflet@1.9.4/dist/leaflet.css"
      integrity="sha256-p4NxAoJBhIIN+hmNHrzRCf9tD/miZyoHS5obTRR9BMY="
      crossorigin="" />
    <title>Veligo - Location de velos longue duree</title>
    
		<link rel="modulepreload" href="/_app/immutable/entry/start.kNTkugtr.js">
		<link rel="modulepreload" href="/_app/immutable/chunks/BlrWPvaO.js">
		<link rel="modulepreload" href="/_app/immutable/chunks/CdRyHcA3.js">
		<link rel="modulepreload" href="/_app/immutable/chunks/CAY8cOB-.js">
		<link rel="modulepreload" href="/_app/immutable/entry/app.CqGIK31z.js">
		<link rel="modulepreload" href="/_app/immutable/chunks/Ct5FWWRu.js">
		<link rel="modulepreload" href="/_app/immutable/chunks/CaVIDvOU.js">
		<link rel="modulepreload" href="/_app/immutable/chunks/UL32ZyM3.js">
		<link rel="modulepreload" href="/_app/immutable/chunks/B_Z0d6IB.js">
		<link rel="modulepreload" href="/_app/immutable/chunks/C4ytttGe.js">
		<link rel="modulepreload" href="/_app/immutable/chunks/Bzak7iHL.js">
  </head>
  <body data-sveltekit-preload-data="hover">
    <div style="display: contents">
			<script>
				{
					__sveltekit_1frrykb = {
						base: ""
					};

					const element = document.currentScript.parentElement;

					Promise.all([
						import("/_app/immutable/entry/start.kNTkugtr.js"),
						import("/_app/immutable/entry/app.CqGIK31z.js")
					]).then(([kit, app]) => {
						kit.start(app, element);
					});
				}
			</script>
		</div>
  </body>
</html>

[91m[1m| [0m[90m Bash     [0mTest gRPC-Web endpoint via curl
[91m[1m| [0m[90m Bash     [0mFind smoke test files
[91m[1m| [0m[90m Bash     [0mList available E2E test files

tests/e2e/admin.spec.ts
tests/e2e/auth.spec.ts
tests/e2e/booking.spec.ts
tests/e2e/catalog.spec.ts
tests/e2e/first-booking.spec.ts
tests/e2e/login.spec.ts
tests/e2e/modules.spec.ts
tests/e2e/owner.spec.ts
tests/e2e/registration.spec.ts
tests/e2e/rgpd.spec.ts

[91m[1m| [0m[90m Bash     [0mCheck frontend health endpoint

200

SUCCESS
