[0;34m[16:06:10][0m Starting Wiggum-DEPLOY daemon...
[0;34m[16:06:10][0m Queue: deploy
[0;34m[16:06:10][0m Tasks dir: /Users/sylvain/_LAPOSTE/_VELIGO2/tools/ralph-wiggum/tasks
[0;34m[16:06:10][0m Poll interval: 10s
[0;34m[16:06:10][0m [Wiggum-DEPLOY] Found task: D003
[0;34m[16:06:10][0m [D003] Processing...
[0;34m[16:06:10][0m [D003] Using RLM Light Client (2k tokens vs 40-60k opencode)...
[0;33m[16:13:32] ⚠[0m [D003] Needs more work
[0;33m[16:13:32] ⚠[0m [D003] Retry 1/3
[0;34m[16:13:38][0m [D003] Processing...
[0;34m[16:13:38][0m [D003] Using RLM Light Client (2k tokens vs 40-60k opencode)...
[0;34m[16:22:06][0m [D003] Running adversarial check...
[0;33m[16:22:14] ⚠[0m [D003] REJECTED by adversarial: [0;34m[16:22:07][0m [D003] Adversarial check: SECURITY
[0;34m[16:22:07][0m [D003] Adversarial check: TESTS
[0;34m[16:22:13][0m [D003] Adversarial check: STUBS
[0;34m[16:22:14][0m [D003] Adversarial check: CHAOS
🚨 DEPLOY BLOCKED: 
🔴 STUBS: veligo-platform/backend/src/api/google_oauth.rs:                panic!("COOKIE_SECRET must be valid hex: {}", e);
veligo-platform/backend/src/application/queries/get_bike.rs:            _ => panic!("Expected Found result"),
veligo-platform/backend/src/application/queries/get_bike.rs:            _ => panic!("Expected Found result"),
veligo-platform/backend/src/application/queries/get_incident.rs:            _ => panic!("Expected Found result"),
veligo-platform/backend/src/application/queries/get_incident.rs:            _ => panic!("Expected Found result"),
[0;33m[16:22:14] ⚠[0m [D003] Retry 2/3
[0;34m[16:22:19][0m [D003] Processing...
[0;34m[16:22:19][0m [D003] Using RLM Light Client (2k tokens vs 40-60k opencode)...
