Je dois d'abord vérifier l'état actuel du déploiement avant de créer la notification.
[91m[1m| [0m[90m Bash     [0mCheck recent git commits

94d89b661 docs: Update security status after validation
1ae5fd957 fix(tenant): Complete tenant detection fix across all files
3c0c1e342 fix(tenant): Fix tenant detection to check subdomain first
43add69d7 fix(dark-mode): Unify dark mode to use .dark class selector
821289310 fix(a11y): WCAG AA color contrast compliance for landing pages

[91m[1m| [0m[90m Bash     [0mCheck existing git tags

staging-20260105-131855
staging-20260105-132335
v1.0.0-blue
v1.0.0-prod-20251212-123330
v1.0.1-green

[91m[1m| [0m[90m Bash     [0mCheck if frontend was built

total 24
drwxr-xr-x  11 sylvain  staff   352 Jan  7 09:37 .
drwxr-xr-x  26 sylvain  staff   832 Jan 12 19:15 ..
drwxr-xr-x   9 sylvain  staff   288 Jan  7 09:37 _app
drwxr-xr-x  20 sylvain  staff   640 Jan  5 11:41 assets
drwxr-xr-x  11 sylvain  staff   352 Jan  5 11:41 favicons
-rw-r--r--   1 sylvain  staff  1643 Jan  7 09:37 index.html
-rw-r--r--   1 sylvain  staff   516 Jan  7 09:37 index.html.br
-rw-r--r--   1 sylvain  staff   688 Jan  7 09:37 index.html.gz
drwxr-xr-x   6 sylvain  staff   192 Jan  5 11:41 logos
drwxr-xr-x   5 sylvain  staff   160 Jan  5 11:41 tenants
drwxr-xr-x  14 sylvain  staff   448 Jan  7 09:37 themes

[91m[1m| [0m[90m Bash     [0mCheck if backend was built

zsh:1: no matches found: veligo-backend/target/release/veligo-*

[91m[1m| [0m[90m Bash     [0mCheck deployment status file

No deploy status file found

**NEEDS_MORE_WORK**

Raisons:
1. **Pas de déploiement récent détecté**: Le frontend build date du 7 Jan, mais pas de trace de déploiement production
2. **Backend non compilé**: Pas de build release trouvé dans `target/release/`
3. **Pipeline CI/CD non exécuté**: Selon les règles, le déploiement doit passer par `veligo cicd pipeline` via git commit
4. **Tests non vérifiés**: Impossible de confirmer que les tests ont passé avant déploiement

Pour exécuter D008, le workflow correct est:
1. Exécuter `veligo cicd pipeline` qui va déployer puis déclencher D008 automatiquement
2. OU fournir les artifacts de déploiement validés avec logs de tests

Impossible de notifier un déploiement qui n'a pas eu lieu selon le流程 établi.
