[91m[1m| [0m[90m Bash     [0mCheck last commit

94d89b661 docs: Update security status after validation

[91m[1m| [0m[90m Bash     [0mCheck recent git tags

staging-20260105-132335
staging-20260105-131855
staging-20260105-131739
staging-20260105-130028
staging-20260105-124617

[91m[1m| [0m[90m Bash     [0mCheck project files exist

-rw-r--r--  1 sylvain  staff   527 Dec 25 15:35 veligo-cli/Cargo.toml
-rw-r--r--  1 sylvain  staff  2311 Dec 31 21:52 veligo-platform/frontend/package.json

[91m[1m| [0m[90m Bash     [0mCheck recent commits since yesterday

94d89b661 docs: Update security status after validation

[91m[1m| [0m[90m Bash     [0mCheck production health

{"status":"ok","timestamp":"2026-01-12T23:35:24.909349309+00:00"}
NEEDS_MORE_WORK

**Raison**: Pas de déploiement récent à notifier.

- Dernier commit: `94d89b661` (docs update, pas un déploiement)
- Derniers tags: tous `staging-20260105-*` (8 jours old)
- Health prod: OK mais pas de nouveau déploiement

**Prérequis pour D008**: Un déploiement doit être effectué via `veligo cicd pipeline` avant de créer le tag de release et la notification.

**Prochaine étape**: Exécuter le pipeline de déploiement complet, puis D008 sera applicable automatiquement via le post-commit hook.
