[08:47:09] ==========================================
[08:47:09] SWARM LAUNCHER - 50 workers
[08:47:09] Queue: tdd
[08:47:09] ==========================================
[08:47:10] Pending tasks: 1314
[08:47:10] Launching 50 workers...
[08:47:10]   Worker 1 started (PID: 4158)
[08:47:10]   Worker 2 started (PID: 4249)
[08:47:10]   Worker 3 started (PID: 4456)
[08:47:10]   Worker 4 started (PID: 4776)
[08:47:10]   Worker 5 started (PID: 5153)
[08:47:10]   Worker 6 started (PID: 5547)
[08:47:10]   Worker 7 started (PID: 5980)
[08:47:10]   Worker 8 started (PID: 6454)
[08:47:10]   Worker 9 started (PID: 6940)
[08:47:11]   Worker 10 started (PID: 7399)
[08:47:11]   Worker 11 started (PID: 7868)
[08:47:11]   Worker 12 started (PID: 8389)
[08:47:11]   Worker 13 started (PID: 8848)
[08:47:11]   Worker 14 started (PID: 9337)
[08:47:11]   Worker 15 started (PID: 9852)
[08:47:11]   Worker 16 started (PID: 10399)
[08:47:11]   Worker 17 started (PID: 10969)
[08:47:11]   Worker 18 started (PID: 11559)
[08:47:12]   Worker 19 started (PID: 12092)
[08:47:12]   Worker 20 started (PID: 12665)
[08:47:12]   Worker 21 started (PID: 13253)
[08:47:12]   Worker 22 started (PID: 13832)
[08:47:12]   Worker 23 started (PID: 14449)
[08:47:12]   Worker 24 started (PID: 15007)
[08:47:12]   Worker 25 started (PID: 15559)
[08:47:12]   Worker 26 started (PID: 16005)
[08:47:12]   Worker 27 started (PID: 16487)
[08:47:13]   Worker 28 started (PID: 17040)
[08:47:13]   Worker 29 started (PID: 17581)
[08:47:13]   Worker 30 started (PID: 18113)
[08:47:13]   Worker 31 started (PID: 18589)
[08:47:13]   Worker 32 started (PID: 19155)
[08:47:13]   Worker 33 started (PID: 19659)
[08:47:13]   Worker 34 started (PID: 20229)
[08:47:13]   Worker 35 started (PID: 20854)
[08:47:13]   Worker 36 started (PID: 21216)
[08:47:14]   Worker 37 started (PID: 21796)
[08:47:14]   Worker 38 started (PID: 22378)
[08:47:14]   Worker 39 started (PID: 22938)
[08:47:14]   Worker 40 started (PID: 23429)
[08:47:14]   Worker 41 started (PID: 23992)
[08:47:14]   Worker 42 started (PID: 24581)
[08:47:14]   Worker 43 started (PID: 25168)
[08:47:14]   Worker 44 started (PID: 25748)
[08:47:15]   Worker 45 started (PID: 26368)
[08:47:15]   Worker 46 started (PID: 26967)
[08:47:15]   Worker 47 started (PID: 27523)
[08:47:15]   Worker 48 started (PID: 28116)
[08:47:15]   Worker 49 started (PID: 28656)
[08:47:15]   Worker 50 started (PID: 29058)
[08:47:15] All workers launched. Press Ctrl+C to stop.
[08:47:15] Logs: /Users/sylvain/_LAPOSTE/_VELIGO2/tools/ralph-wiggum/logs/swarm
[08:47:15] Status: /Users/sylvain/_LAPOSTE/_VELIGO2/tools/ralph-wiggum/status
