[08:34:57] ==========================================
[08:34:57] SWARM LAUNCHER - 50 workers
[08:34:57] Queue: tdd
[08:34:57] ==========================================
[08:34:57] Pending tasks: 1423
[08:34:57] Launching 50 workers...
[08:34:57]   Worker 1 started (PID: 44240)
[08:34:57]   Worker 2 started (PID: 44340)
[08:34:57]   Worker 3 started (PID: 44543)
[08:34:57]   Worker 4 started (PID: 44731)
[08:34:58]   Worker 5 started (PID: 44996)
[08:34:58]   Worker 6 started (PID: 45286)
[08:34:58]   Worker 7 started (PID: 45601)
[08:34:58]   Worker 8 started (PID: 45932)
[08:34:58]   Worker 9 started (PID: 46313)
[08:34:58]   Worker 10 started (PID: 46714)
[08:34:58]   Worker 11 started (PID: 47123)
[08:34:58]   Worker 12 started (PID: 47595)
[08:34:58]   Worker 13 started (PID: 48061)
[08:34:59]   Worker 14 started (PID: 48604)
[08:34:59]   Worker 15 started (PID: 49040)
[08:34:59]   Worker 16 started (PID: 49555)
[08:34:59]   Worker 17 started (PID: 50104)
[08:34:59]   Worker 18 started (PID: 50643)
[08:34:59]   Worker 19 started (PID: 51208)
[08:34:59]   Worker 20 started (PID: 51756)
[08:34:59]   Worker 21 started (PID: 52234)
[08:34:59]   Worker 22 started (PID: 52821)
[08:35:00]   Worker 23 started (PID: 53396)
[08:35:00]   Worker 24 started (PID: 53895)
[08:35:00]   Worker 25 started (PID: 54294)
[08:35:00]   Worker 26 started (PID: 54797)
[08:35:00]   Worker 27 started (PID: 55284)
[08:35:00]   Worker 28 started (PID: 55848)
[08:35:00]   Worker 29 started (PID: 56401)
[08:35:00]   Worker 30 started (PID: 56964)
[08:35:01]   Worker 31 started (PID: 57568)
[08:35:01]   Worker 32 started (PID: 58072)
[08:35:01]   Worker 33 started (PID: 58616)
[08:35:01]   Worker 34 started (PID: 58946)
[08:35:01]   Worker 35 started (PID: 59519)
[08:35:01]   Worker 36 started (PID: 60149)
[08:35:01]   Worker 37 started (PID: 60744)
[08:35:01]   Worker 38 started (PID: 61307)
[08:35:01]   Worker 39 started (PID: 61854)
[08:35:02]   Worker 40 started (PID: 62468)
[08:35:02]   Worker 41 started (PID: 63048)
[08:35:02]   Worker 42 started (PID: 63645)
[08:35:02]   Worker 43 started (PID: 64234)
[08:35:02]   Worker 44 started (PID: 64841)
[08:35:02]   Worker 45 started (PID: 65421)
[08:35:02]   Worker 46 started (PID: 65964)
[08:35:02]   Worker 47 started (PID: 66572)
[08:35:03]   Worker 48 started (PID: 67202)
[08:35:03]   Worker 49 started (PID: 67838)
[08:35:03]   Worker 50 started (PID: 68412)
[08:35:03] All workers launched. Press Ctrl+C to stop.
[08:35:03] Logs: /Users/sylvain/_LAPOSTE/_VELIGO2/tools/ralph-wiggum/logs/swarm
[08:35:03] Status: /Users/sylvain/_LAPOSTE/_VELIGO2/tools/ralph-wiggum/status
