[0;32m[AGENT] Real Agent starting[0m
[0;34m[AGENT] Task: /Users/sylvain/_LAPOSTE/_VELIGO2/tools/ralph-wiggum/tasks/T001.md[0m
[0;34m[AGENT] Queue: tdd[0m
[0;34m[AGENT] Backend: local[0m
[0;32m[AGENT] Starting task: T001[0m
[0;34m[AGENT] Iteration 1/10[0m
[0;32m[AGENT] Agent reported SUCCESS, verifying...[0m
[0;34m[AGENT] Running Rust tests...[0m
[0;34m$ cargo test --lib 2>&1 | tail -50[0m
[0;34m[AGENT] Running Frontend tests...[0m
[0;34m$ npm run test 2>&1 | tail -30[0m
[0;34m[AGENT] Running E2E tests...[0m
[0;34m$ npx playwright test --reporter=list 2>&1 | tail -50[0m
[0;34m$ git diff --stat HEAD[0m
[0;32m[AGENT] Committing: feat(T001): Implémenter ou supprimer les 11 tests skippés Prod[0m
[0;34m$ git add -A && git commit -m "feat(T001): Implémenter ou supprimer les 11 tests skippés Prod

Co-Authored-By: Wiggum Agent <wiggum@veligo.app>"[0m
[0;32m[AGENT] Task T001 COMPLETE![0m

============================================================
RESULT: SUCCESS
============================================================
backend (Rust) or frontend (SvelteKit) as appropriate.
   - Ensure they return correct status codes and JSON responses.

5. **Update test assertions**  
   - Make sure each test correctly asserts expected behavior (e.g., status 200, correct JSON structure, headers, etc.).

6. **Run smoke and e2e tests**  
   - Execute `npm run test:smoke` and `npx playwright test tests/e2e/production-health.spec.ts` to verify all tests pass.

7. **Final validation**  
   - Confirm no `test.skip()` remains.
   - Ensure CI/CD pipeline can run without error.

---

Now, I’ll proceed with executing the plan.

```bash
ls -la tests/smoke/production-health.spec.ts
```

<edit file="tests/smoke/production-health.spec.ts" old="test.skip('API version endpoint returns version');"
new="test('API version endpoint returns version', async ({ request }) => {
  const response = await request.get('/api/version');
  expect(response.status()).toBe(200);
  const body = await response.json();
  expect(b

=== Test Results ===
Rust tests: PASS
   --> /Users/sylvain/.cargo/registry/src/index.crates.io-1949cf8c6b5b557f/redis-0.24.0/src/client.rs:143:57
    |
143 |       ) -> RedisResult<crate::aio::MultiplexedConnection> {
    |  _________________________________________________________^
144 | |         self.get_multiplexed_async_connection_inner::<crate::aio::tokio::Tokio>()
145 | |             .await
146 | |     }
    | |_____^
note: required because it's used within this `async` fn body
   --> /Users/sylvain/.cargo/registry/src/index.crates.io-1949cf8c6b5b557f/redis-0.24.0/src/client.rs:126:57
    |
126 |       ) -> RedisResult<crate::aio::MultiplexedConnection> {
    |  _________________________________________________________^
127 | |         match Runtime::locate() {
128 | |             #[cfg(feature = "tokio-comp")]
129 | |             Runtime::Tokio => self.get_multiplexed_tokio_connection().await,
...   |
133 | |     }
    | |_____^
note: required because it's used within this `async` fn body
   --> backend/src/middleware/rate_limiter_grpc.rs:141:59
    |
141 |       ) -> Result<(bool, u32, u64, u32), redis::RedisError> {
    |  ___________________________________________________________^
142 | |         let mut conn = self.redis.get_multiplexed_async_connection().await?;
143 | |
144 | |         let now = SystemTime::now()
...   |
167 | |         Ok((allowed, remaining, reset_at, limit))
168 | |     }
    | |_____^
note: required because it's used within this `async` block
   --> backend/src/middleware/rate_limiter_grpc.rs:236:22
    |
236 |             Box::pin(async move {
    |                      ^^^^^^^^^^
    = note: required for the cast from `Pin<Box<{async block@backend/src/middleware/rate_limiter_grpc.rs:236:22: 236:32}>>` to `Pin<Box<dyn Future<Output = Result<Request<()>, ...>> + Send + Sync>>`
    = note: the full name for the type has been written to '/Users/sylvain/_LAPOSTE/_VELIGO2/veligo-platform/target/debug/deps/veligo_api-c4bcaf03ffe2b692.long-type-716008530856
