[0;34m[15:44:27][0m Starting Wiggum-TDD daemon...
[0;34m[15:44:27][0m Queue: tdd
[0;34m[15:44:27][0m Tasks dir: /Users/sylvain/_LAPOSTE/_VELIGO2/tools/ralph-wiggum/tasks
[0;34m[15:44:27][0m Poll interval: 10s
[0;34m[15:44:27][0m [Wiggum-TDD] Found task: T002
[0;34m[15:44:27][0m [T002] Processing...
[0;34m[15:44:27][0m [T002] Using RLM Light Client (2k tokens vs 40-60k opencode)...
[0;33m[15:44:27] ⚠[0m [T002] Needs more work
[0;33m[15:44:27] ⚠[0m [T002] Retry 1/3
[0;34m[15:44:32][0m [T002] Processing...
[0;34m[15:44:32][0m [T002] Using RLM Light Client (2k tokens vs 40-60k opencode)...
[0;33m[15:44:32] ⚠[0m [T002] Needs more work
[0;33m[15:44:32] ⚠[0m [T002] Retry 2/3
[0;34m[15:44:37][0m [T002] Processing...
[0;34m[15:44:38][0m [T002] Using RLM Light Client (2k tokens vs 40-60k opencode)...
[0;33m[15:44:38] ⚠[0m [T002] Needs more work
[0;33m[15:44:38] ⚠[0m [T002] Retry 3/3
[0;31m[15:44:43] ✗[0m [T002] Failed after 3 retries
[0;34m[15:44:43][0m [Wiggum-TDD] --once mode, exiting
[0;34m[15:44:43][0m [Wiggum-TDD] Daemon stopped
