[0;34m[15:48:07][0m Starting Wiggum-TDD daemon...
[0;34m[15:48:07][0m Queue: tdd
[0;34m[15:48:07][0m Tasks dir: /Users/sylvain/_LAPOSTE/_VELIGO2/tools/ralph-wiggum/tasks
[0;34m[15:48:07][0m Poll interval: 10s
[0;34m[15:48:07][0m [Wiggum-TDD] Found task: T005
[0;34m[15:48:07][0m [T005] Processing...
[0;34m[15:48:07][0m [T005] Using RLM Light Client (2k tokens vs 40-60k opencode)...
[0;33m[15:48:07] ⚠[0m [T005] Needs more work
[0;33m[15:48:07] ⚠[0m [T005] Retry 1/3
[0;34m[15:48:12][0m [T005] Processing...
[0;34m[15:48:12][0m [T005] Using RLM Light Client (2k tokens vs 40-60k opencode)...
[0;33m[15:48:12] ⚠[0m [T005] Needs more work
[0;33m[15:48:12] ⚠[0m [T005] Retry 2/3
[0;34m[15:48:17][0m [T005] Processing...
[0;34m[15:48:17][0m [T005] Using RLM Light Client (2k tokens vs 40-60k opencode)...
[0;33m[15:48:17] ⚠[0m [T005] Needs more work
[0;33m[15:48:17] ⚠[0m [T005] Retry 3/3
[0;31m[15:48:22] ✗[0m [T005] Failed after 3 retries
[0;34m[15:48:22][0m [Wiggum-TDD] --once mode, exiting
[0;34m[15:48:22][0m [Wiggum-TDD] Daemon stopped
