[0;34m[15:48:23][0m Starting Wiggum-TDD daemon...
[0;34m[15:48:23][0m Queue: tdd
[0;34m[15:48:23][0m Tasks dir: /Users/sylvain/_LAPOSTE/_VELIGO2/tools/ralph-wiggum/tasks
[0;34m[15:48:23][0m Poll interval: 10s
[0;34m[15:48:23][0m [Wiggum-TDD] Found task: T009
[0;34m[15:48:23][0m [T009] Processing...
[0;34m[15:48:23][0m [T009] Using RLM Light Client (2k tokens vs 40-60k opencode)...
[0;33m[15:48:23] ⚠[0m [T009] Needs more work
[0;33m[15:48:23] ⚠[0m [T009] Retry 1/3
[0;34m[15:48:28][0m [T009] Processing...
[0;34m[15:48:28][0m [T009] Using RLM Light Client (2k tokens vs 40-60k opencode)...
[0;33m[15:48:28] ⚠[0m [T009] Needs more work
[0;33m[15:48:28] ⚠[0m [T009] Retry 2/3
[0;34m[15:48:33][0m [T009] Processing...
[0;34m[15:48:33][0m [T009] Using RLM Light Client (2k tokens vs 40-60k opencode)...
[0;33m[15:48:34] ⚠[0m [T009] Needs more work
[0;33m[15:48:34] ⚠[0m [T009] Retry 3/3
[0;31m[15:48:39] ✗[0m [T009] Failed after 3 retries
[0;34m[15:48:39][0m [Wiggum-TDD] --once mode, exiting
[0;34m[15:48:39][0m [Wiggum-TDD] Daemon stopped
