
Je commence par analyser les fichiers concernés pour comprendre ce qu'il faut merger et supprimer.
[96m[1m| [0m[90m Read     [0mveligo-platform/backend/src/api/stations.rs
Les fichiers `stations_v2.rs` et `stations_hexagonal.rs` n'existent pas. Vérifions le contenu du répertoire api:
[91m[1m| [0m[90m Bash     [0mList files in api directory

total 2000
drwxr-xr-x  40 sylvain  staff   1280 Jan 12 17:10 .
drwxr-xr-x  20 sylvain  staff    640 Jan  9 08:55 ..
-rw-r--r--   1 sylvain  staff  21770 Jan 12 17:10 admin.rs
-rw-------   1 sylvain  staff  53508 Jan 12 17:10 admin_api.rs
-rw-------   1 sylvain  staff  29209 Jan 12 17:10 aom_reporting.rs
-rw-r--r--   1 sylvain  staff  47144 Jan 12 17:10 auth.rs
-rw-------   1 sylvain  staff  27200 Jan 12 17:10 bike_api.rs
-rw-------   1 sylvain  staff  15251 Jan 12 17:10 booking_api.rs
-rw-------   1 sylvain  staff  18510 Jan 12 17:10 booking_api_tdd.rs
-rw-r--r--   1 sylvain  staff  33879 Jan 12 17:10 booking_grpc_web.rs
-rw-------   1 sylvain  staff  13111 Jan 12 17:10 carbon_api.rs
-rw-------   1 sylvain  staff   7564 Jan 12 17:10 catalog_api.rs
-rw-------   1 sylvain  staff  22189 Jan 12 17:10 document_api.rs
-rw-------   1 sylvain  staff  14208 Dec 26 15:29 franceconnect.rs
-rw-------   1 sylvain  staff  59019 Jan 12 17:10 gdpr_api.rs
-rw-------   1 sylvain  staff  13457 Dec 27 11:51 google_oauth.rs
-rw-------   1 sylvain  staff  21186 Dec 27 13:48 health.rs
-rw-------   1 sylvain  staff  20032 Jan 12 17:10 hooks_api.rs
-rw-------   1 sylvain  staff  26226 Jan 12 17:10 mfa.rs
-rw-------   1 sylvain  staff  13689 Dec 26 18:13 microsoft_oauth.rs
drwxr-xr-x   7 sylvain  staff    224 Dec 31 21:33 mobile
-rw-r--r--   1 sylvain  staff   4070 Jan 12 17:10 mod.rs
-rw-------   1 sylvain  staff  30120 Jan 12 17:10 module_management.rs
-rw-r--r--   1 sylvain  staff   5366 Dec 29 22:19 modules.rs
-rw-r--r--   1 sylvain  staff  10784 Dec 27 11:28 openapi.rs
-rw-r--r--   1 sylvain  staff  10035 Dec 31 13:05 owner.rs
-rw-------   1 sylvain  staff  54678 Jan 12 17:10 owner_api.rs
-rw-r--r--   1 sylvain  staff  59353 Jan 12 17:10 payment_api.rs
-rw-------   1 sylvain  staff  11972 Jan 12 17:10 planner_api.rs
-rw-------   1 sylvain  staff    876 Dec 27 20:27 pricing_api.rs
-rw-------   1 sylvain  staff  15931 Jan 12 17:10 referral_api.rs
-rw-------   1 sylvain  staff  23347 Jan 12 17:10 rewards_api.rs
-rw-------   1 sylvain  staff  19647 Jan 12 17:10 station_grpc_web.rs
-rw-------   1 sylvain  staff  57924 Jan 12 17:10 stations.rs
-rw-r--r--   1 sylvain  staff  46355 Jan 12 17:10 subscription_api.rs
-rw-------   1 sylvain  staff  34593 Jan 12 17:10 subscription_api_e2e.rs
-rw-------   1 sylvain  staff  23775 Jan 12 17:10 tenants.rs
-rw-r--r--   1 sylvain  staff  43619 Jan 12 13:14 test_api.rs
-rw-------   1 sylvain  staff  20095 Jan 12 17:10 ticketing_api.rs
-rw-r--r--   1 sylvain  staff  20071 Dec 30 19:03 validation.rs

[94m[1m| [0m[90m Glob     [0m{"pattern":"**/api/stations*.rs"}
Les fichiers `stations_v2.rs` et `stations_hexagonal.rs` n'existent pas! Il n'y a que:
- `stations.rs` ✅
- `station_grpc_web.rs` ✅

La tâche MUDA est déjà résolue. Vérifions que le code compile:
[91m[1m| [0m[90m Bash     [0mCheck Rust compilation

warning: profiles for the non root package will be ignored, specify profiles at the workspace root:
package:   /Users/sylvain/_LAPOSTE/_VELIGO2/veligo-platform/backend/Cargo.toml
workspace: /Users/sylvain/_LAPOSTE/_VELIGO2/veligo-platform/Cargo.toml
warning: unused import: `Method`
 --> backend/src/api/test_api.rs:8:12
  |
8 |     http::{Method, StatusCode},
  |            ^^^^^^
  |
  = note: `#[warn(unused_imports)]` (part of `#[warn(unused)]`) on by default

warning: unused import: `error`
 --> backend/src/infrastructure/email/queue.rs:9:22
  |
9 | use tracing::{debug, error, info, warn};
  |                      ^^^^^

warning: unused import: `error`
  --> backend/src/infrastructure/email/mod.rs:23:15
   |
23 | use tracing::{error, info, warn};
   |               ^^^^^

warning: unused import: `error`
  --> backend/src/infrastructure/erp/erp_client.rs:12:22
   |
12 | use tracing::{debug, error, info};
   |                      ^^^^^

warning: unused import: `error`
  --> backend/src/infrastructure/multimodal/tcl_client.rs:18:22
   |
18 | use tracing::{debug, error, info, warn};
   |                      ^^^^^

warning: `veligo-api` (lib) generated 5 warnings (run `cargo fix --lib -p veligo-api` to apply 5 suggestions)
    Checking veligo-api v0.1.0 (/Users/sylvain/_LAPOSTE/_VELIGO2/veligo-platform/backend)
warning: unused import: `bike_service_server::BikeServiceServer`
   --> backend/src/bin/tonic-server.rs:110:5
    |
110 |     bike_service_server::BikeServiceServer,
    |     ^^^^^^^^^^^^^^^^^^^^^^^^^^^^^^^^^^^^^^
    |
    = note: `#[warn(unused_imports)]` (part of `#[warn(unused)]`) on by default

warning: field `created_at` is never read
   --> backend/src/bin/tonic-server.rs:138:5
    |
129 | struct DbStation {
    |        --------- field in this struct

Le code compile. Vérifions les tests:
[91m[1m| [0m[90m Bash     [0mRun station tests

error: no library targets found in package `veligo`

[91m[1m| [0m[90m Bash     [0mRun station tests

    |
434 |         let builder = SmsTemplateBuilder::new();
    |             ^^^^^^^ help: if this is intentional, prefix it with an underscore: `_builder`

warning: unused variable: `layer`
   --> backend/src/middleware/cors.rs:236:13
    |
236 |         let layer = builder.build();
    |             ^^^^^ help: if this is intentional, prefix it with an underscore: `_layer`

warning: variable does not need to be mutable
   --> backend/src/middleware/rate_limiter.rs:796:13
    |
796 |         let mut config = RateLimitConfig::default();
    |             ----^^^^^^
    |             |
    |             help: remove this `mut`

warning: unused variable: `prev_start`
   --> backend/src/services/reporting/kpi_service.rs:733:14
    |
733 |         let (prev_start, prev_end) = query.previous_period();
    |              ^^^^^^^^^^ help: if this is intentional, prefix it with an underscore: `_prev_start`

warning: `veligo-api` (lib test) generated 27 warnings (run `cargo fix --lib -p veligo-api --tests` to apply 27 suggestions)
    Finished `test` profile [unoptimized + debuginfo] target(s) in 0.97s
warning: the following packages contain code that will be rejected by a future version of Rust: redis v0.24.0
note: to see what the problems were, use the option `--future-incompat-report`, or run `cargo report future-incompatibilities --id 3`
     Running unittests src/lib.rs (target/debug/deps/veligo_api-c4bcaf03ffe2b692)

running 16 tests
test domain::stations::entities::tests::test_geolocation_distance ... ok
test domain::stations::entities::tests::test_geolocation_validation ... ok
test domain::stations::entities::tests::test_operating_hours ... ok
test api::booking_api_tdd::tests::test_stations_fixture_data ... ok
test domain::stations::entities::tests::test_slot_reservation ... ok
test infrastructure::database::repositories::stations::postgres_station_repository::tests::test_slot_status_parsing ... ok
test infrastructure::database::repositories::stations::postgres_station_repository::tests::test_station_type_parsing ... ok
test application::queries::list_stations::tests::test_query_builder ... ok
test application::queries::list_stations::tests::test_list_stations_empty ... ok
test application::queries::list_stations::tests::test_list_stations_found ... ok
test domain::stations::service::tests::test_reservation_code_generation ... ok
test application::queries::list_stations::tests::test_list_active_stations_helper ... ok
test application::queries::list_stations::tests::test_find_stations_nearby_helper ... ok
test application::queries::list_stations::tests::test_list_stations_with_limit ... ok
test application::queries::list_stations::tests::test_list_stations_tenant_isolation ... ok
test application::queries::list_stations::tests::test_list_stations_filter_by_status ... ok

test result: ok. 16 passed; 0 failed; 0 ignored; 0 measured; 1326 filtered out; finished in 0.02s


**SUCCESS**

La tâche T011 est déjà résolue:

| Critère | Status |
|---------|--------|
| stations_hexagonal.rs supprimé | ✅ N'existe pas |
| stations_v2.rs supprimé | ✅ N'existe pas |
| Compilation OK | ✅ 0 erreurs |
| Tests passent | ✅ 16/16 tests stations OK |

**État actuel:**
- `stations.rs` ✅ (fichier principal)
- `station_grpc_web.rs` ✅ (gRPC-Web)

Il n'y avait pas de fichiers MUDA à supprimer - la consolidation était déjà faite.
