[93m[1m| [0m[90m Todo     [0m6 todos
[96m[1m| [0m[90m Read     [0mveligo-platform/backend/src/api/stations.rs
[96m[1m| [0m[90m Read     [0mveligo-platform/backend/src/api/stations_v2.rs
[96m[1m| [0m[90m Read     [0mveligo-platform/backend/src/api/stations_hexagonal.rs
[96m[1m| [0m[90m Read     [0mveligo-platform/backend/src/api/station_grpc_web.rs
[96m[1m| [0m[90m Read     [0mveligo-platform/backend/src/api/mod.rs
[94m[1m| [0m[90m Grep     [0mstations_hexagonal|stations_v2
[93m[1m| [0m[90m Todo     [0m3 todos
**Analyse terminée:**

- **stations_v2.rs** (270 lignes): Démonstration StationService - fonctionnalités déjà dans stations.rs
- **stations_hexagonal.rs** (870 lignes): Repository Pattern - pattern non adopté dans le projet
- **Conclusion**: Pas de merge nécessaire - ces fichiers sont du MUDA créant de la confusion

Suppression des fichiers:
[91m[1m| [0m[90m Bash     [0mSupprimer fichiers MUDA
[92m[1m| [0m[90m Edit     [0mveligo-platform/backend/src/api/mod.rs
[93m[1m| [0m[90m Todo     [0m1 todos
[91m[1m| [0m[90m Bash     [0mVérifier compilation Rust

warning: profiles for the non root package will be ignored, specify profiles at the workspace root:
package:   /Users/sylvain/_LAPOSTE/_VELIGO2/veligo-platform/backend/Cargo.toml
workspace: /Users/sylvain/_LAPOSTE/_VELIGO2/veligo-platform/Cargo.toml
    Blocking waiting for file lock on build directory
    Checking veligo-api v0.1.0 (/Users/sylvain/_LAPOSTE/_VELIGO2/veligo-platform/backend)
warning: unused import: `Method`
 --> backend/src/api/test_api.rs:8:12
  |
8 |     http::{Method, StatusCode},
  |            ^^^^^^
  |
  = note: `#[warn(unused_imports)]` (part of `#[warn(unused)]`) on by default

warning: unused import: `error`
 --> backend/src/infrastructure/email/queue.rs:9:22
  |
9 | use tracing::{debug, error, info, warn};
  |                      ^^^^^

warning: unused import: `error`
  --> backend/src/infrastructure/email/mod.rs:23:15
   |
23 | use tracing::{error, info, warn};
   |               ^^^^^

warning: unused import: `error`
  --> backend/src/infrastructure/erp/erp_client.rs:12:22
   |
12 | use tracing::{debug, error, info};
   |                      ^^^^^

warning: unused import: `error`
  --> backend/src/infrastructure/multimodal/tcl_client.rs:18:22
   |
18 | use tracing::{debug, error, info, warn};
   |                      ^^^^^

warning: `veligo-api` (lib) generated 5 warnings (run `cargo fix --lib -p veligo-api` to apply 5 suggestions)
error[E0451]: fields `redis` and `config` of struct `RateLimiter` are private
   --> backend/src/bin/http-server.rs:186:35
    |
186 |                     RateLimiter { redis, config }
    |                                   ^^^^^  ^^^^^^ private field
    |                                   |
    |                                   private field

For more information about this error, try `rustc --explain E0451`.
warning: unused import: `bike_service_server::BikeServiceServer`
   --> backend/src/bin/tonic-server.rs:110:5
    |
110 |     bike_service_server::BikeServiceServer,
    |     ^^^^^^^^^^^^^^^^^^^^^^^^^^^^^^^^^^^^^^
    |
    = note: `#[warn(unused_imports)]` (part of `#[warn(unused)]`) on by default

error: could not compile `veligo-api` (bin "http-server") due to 1 previous error
warning: build failed, waiting for other jobs to finish...
warning: field `created_at` is never read
   --> backend/src/bin/tonic-server.rs:138:5
    |
129 | struct DbStation {
    |        --------- field in this struct
...
138 |     created_at: chrono::DateTime<chrono::Utc>,
    |     ^^^^^^^^^^
    |
    = note: `DbStation` has a derived impl for the trait `Debug`, but this is intentionally ignored during dead code analysis
    = note: `#[warn(dead_code)]` (part of `#[warn(unused)]`) on by default

warning: fields `id` and `station_id` are never read
   --> backend/src/bin/tonic-server.rs:144:5
    |
143 | struct DbStationSlot {
    |        ------------- fields in this struct
144 |     id: Uuid,
    |     ^^
145 |     station_id: Uuid,
    |     ^^^^^^^^^^
    |
    = note: `DbStationSlot` has a derived impl for the trait `Debug`, but this is intentionally ignored during dead code analysis

warning: struct `DbBike` is never constructed
   --> backend/src/bin/tonic-server.rs:152:8
    |
152 | struct DbBike {
    |        ^^^^^^

warning: fields `booked_at`, `duration_minutes`, and `updated_at` are never read
  --> backend/src/bin/../grpc/services/booking_service.rs:42:5
   |
36 | struct DbBooking {
   |        --------- fields in this struct
...
42 |     booked_at: chrono::DateTime<chrono::Utc>,
   |     ^^^^^^^^^
...
48 |     duration_minutes: Option<i32>,
   |     ^^^^^^^^^^^^^^^^
49 |     created_at: chrono::DateTime<chrono::Utc>,
50 |     updated_at: chrono::DateTime<chrono::Utc>,

[91m[1m| [0m[90m Bash     [0mVérifier compilation library uniquement

  = note: `#[warn(unused_imports)]` (part of `#[warn(unused)]`) on by default

warning: unused import: `error`
 --> backend/src/infrastructure/email/queue.rs:9:22
  |
9 | use tracing::{debug, error, info, warn};
  |                      ^^^^^

warning: unused import: `error`
  --> backend/src/infrastructure/email/mod.rs:23:15
   |
23 | use tracing::{error, info, warn};
   |               ^^^^^

warning: unused import: `error`
  --> backend/src/infrastructure/erp/erp_client.rs:12:22
   |
12 | use tracing::{debug, error, info};
   |                      ^^^^^

warning: unused import: `error`
  --> backend/src/infrastructure/multimodal/tcl_client.rs:18:22
   |
18 | use tracing::{debug, error, info, warn};
   |                      ^^^^^

warning: `veligo-api` (lib) generated 5 warnings (run `cargo fix --lib -p veligo-api` to apply 5 suggestions)
    Finished `dev` profile [unoptimized + debuginfo] target(s) in 0.81s
warning: the following packages contain code that will be rejected by a future version of Rust: redis v0.24.0
note: to see what the problems were, use the option `--future-incompat-report`, or run `cargo report future-incompatibilities --id 3`

La library se compile avec succès. Exécution des tests:
[91m[1m| [0m[90m Bash     [0mExécuter tests library

error: no library targets found in package `veligo`

[91m[1m| [0m[90m Bash     [0mExécuter tests library depuis backend

error: no library targets found in package `veligo`

[91m[1m| [0m[90m Bash     [0mExécuter tous les tests

warning: profiles for the non root package will be ignored, specify profiles at the workspace root:
package:   /Users/sylvain/_LAPOSTE/_VELIGO2/veligo-platform/backend/Cargo.toml
workspace: /Users/sylvain/_LAPOSTE/_VELIGO2/veligo-platform/Cargo.toml
   Compiling veligo-api v0.1.0 (/Users/sylvain/_LAPOSTE/_VELIGO2/veligo-platform/backend)
   Compiling prost-derive v0.12.6
   Compiling fixedbitset v0.4.2
   Compiling http-range-header v0.3.1
   Compiling veligo-auth-service v0.1.0 (/Users/sylvain/_LAPOSTE/_VELIGO2/veligo-platform/services/veligo-auth-service)
   Compiling veligo-shared v0.1.0 (/Users/sylvain/_LAPOSTE/_VELIGO2/veligo-platform/libs/veligo-shared)
   Compiling tower-http v0.4.4
   Compiling petgraph v0.6.5
   Compiling prost v0.12.6
warning: unused variable: `state`
  --> services/veligo-auth-service/src/handlers.rs:75:11
   |
75 |     State(state): State<Arc<AppState>>,
   |           ^^^^^ help: if this is intentional, prefix it with an underscore: `_state`
   |
   = note: `#[warn(unused_variables)]` (part of `#[warn(unused)]`) on by default

warning: unused variable: `req`
  --> services/veligo-auth-service/src/handlers.rs:76:10
   |
76 |     Json(req): Json<LoginRequest>,
   |          ^^^ help: if this is intentional, prefix it with an underscore: `_req`

warning: unused variable: `state`
   --> services/veligo-auth-service/src/handlers.rs:164:11
    |
164 |     State(state): State<Arc<AppState>>,
    |           ^^^^^ help: if this is intentional, prefix it with an underscore: `_state`

warning: unused variable: `req`
   --> services/veligo-auth-service/src/handlers.rs:165:10
    |
165 |     Json(req): Json<MfaVerifyRequest>,
    |          ^^^ help: if this is intentional, prefix it with an underscore: `_req`

warning: fields `email`, `password`, and `mfa_code` are never read
  --> services/veligo-auth-service/src/handlers.rs:59:5
   |
58 | struct LoginRequest {
   |        ------------ fields in this struct
59 |     email: String,
   |     ^^^^^
60 |     password: String,
   |     ^^^^^^^^
61 |     mfa_code: Option<String>,
   |     ^^^^^^^^
   |
   = note: `#[warn(dead_code)]` (part of `#[warn(unused)]`) on by default

warning: field `code` is never read
   --> services/veligo-auth-service/src/handlers.rs:160:5
    |
159 | struct MfaVerifyRequest {
    |        ---------------- field in this struct
160 |     code: String,
    |     ^^^^

   Compiling prost-types v0.12.6
   Compiling tonic v0.11.0
warning: `veligo-auth-service` (lib test) generated 6 warnings (6 duplicates)
warning: `veligo-auth-service` (lib) generated 6 warnings (run `cargo fix --lib -p veligo-auth-service` to apply 4 suggestions)
   Compiling prost-build v0.12.6
   Compiling tonic-build v0.11.0
   Compiling tonic-web v0.11.0
   Compiling tonic-server v0.1.0 (/Users/sylvain/_LAPOSTE/_VELIGO2/veligo-platform/backend/tonic-server)
warning: unused import: `Method`
 --> backend/src/api/test_api.rs:8:12
  |
8 |     http::{Method, StatusCode},
  |            ^^^^^^
  |
  = note: `#[warn(unused_imports)]` (part of `#[warn(unused)]`) on by default

warning: unused import: `error`
 --> backend/src/infrastructure/email/queue.rs:9:22
  |
9 | use tracing::{debug, error, info, warn};

[91m[1m| [0m[90m Bash     [0mVoir résultats tests

running 1 test
test commands::build_cache::tests::test_build_cache ... ok
test result: ok. 1 passed; 0 failed; 0 ignored; 0 measured; 0 filtered out; finished in 0.05s

Vérification finale - fichiers supprimés:
[91m[1m| [0m[90m Bash     [0mVérifier fichiers stations restants

-rw-------  1 sylvain  staff  57924 Jan 12 17:10 /Users/sylvain/_LAPOSTE/_VELIGO2/veligo-platform/backend/src/api/stations.rs

[91m[1m| [0m[90m Bash     [0mVérifier fichiers station restants

-rw-------  1 sylvain  staff  19647 Jan 12 17:10 /Users/sylvain/_LAPOSTE/_VELIGO2/veligo-platform/backend/src/api/station_grpc_web.rs
-rw-------  1 sylvain  staff  57924 Jan 12 17:10 /Users/sylvain/_LAPOSTE/_VELIGO2/veligo-platform/backend/src/api/stations.rs

[93m[1m| [0m[90m Todo     [0m0 todos
