Je vais analyser les 7 tests skippés pour l'injection de modules frontend. Commençons par lire le fichier de test.
[94m[1m| [0m[90m Glob     [0m{"pattern":"**/module-injection.spec.ts"}
[94m[1m| [0m[90m Grep     [0mTODO.*module
[96m[1m| [0m[90m Read     [0mtenant/frontend-user/tests/module-injection.spec.ts
Je vois les tests. Maintenant analysons l'infrastructure backend pour comprendre ce qui manque pour l'injection de modules.
[96m[1m| [0m[90m Read     [0mveligo-platform/tenant/backend-api/src/handlers/admin_owner.rs
[96m[1m| [0m[90m Read     [0mveligo-platform/tenant/backend-api/src/infrastructure/grpc/services/module_service.rs
Examinons le registry et le module loader pour comprendre l'architecture frontend.
[94m[1m| [0m[90m Grep     [0mmodule.*inject|hook.*registry
[94m[1m| [0m[90m Glob     [0mtenant/frontend-user
[96m[1m| [0m[90m Read     [0mtenant/frontend-user/playwright.config.ts
[94m[1m| [0m[90m Glob     [0mtenant/frontend-user/src
Cherchons le code frontend existant pour les modules et hooks.
[94m[1m| [0m[90m Glob     [0mtenant/frontend-user/src
[96m[1m| [0m[90m Read     [0mtenant/frontend-user/src/lib/hooks/CompleteHookRegistry.ts
[96m[1m| [0m[90m Read     [0mtenant/frontend-user/src/lib/hooks/HookRegistry.ts
Le hook registry existe déjà. Cherchons le ModuleLoader qui est utilisé.
[94m[1m| [0m[90m Glob     [0mtenant/frontend-user/src
[94m[1m| [0m[90m Glob     [0mtenant/frontend-user/src
Le ModuleLoader n'existe pas. Créons-le avec l'infrastructure nécessaire.
[94m[1m| [0m[90m Glob     [0mtenant/frontend-user/src/lib
Excellent! L'infrastructure existe partiellement. Voyons le ModuleLoader et GlobalExports.
[96m[1m| [0m[90m Read     [0mtenant/frontend-user/src/lib/modules/ModuleLoader.ts
[96m[1m| [0m[90m Read     [0mtenant/frontend-user/src/lib/modules/GlobalExports.ts
Le ModuleLoader et GlobalExports existent. Vérifions où `initializeGlobalApis` est appelé.
[94m[1m| [0m[90m Grep     [0minitializeGlobalApis
[94m[1m| [0m[90m Glob     [0mtenant/frontend-user/src/routes
Vérifions la structure des routes admin et killswitch.
[94m[1m| [0m[90m Glob     [0mtenant/frontend-user/src/routes/(app)/admin
[96m[1m| [0m[90m Read     [0mtenant/frontend-user/src/routes/(app)/admin/+layout.svelte
[96m[1m| [0m[90m Read     [0mtenant/frontend-user/src/routes/(app)/admin/modules/+page.svelte
Le problème est clair: `initializeGlobalApis` n'est jamais appelé. Regardons le layout racine.
[94m[1m| [0m[90m Glob     [0mtenant/frontend-user/src/routes
[96m[1m| [0m[90m Read     [0mtenant/frontend-user/src/routes/+layout.svelte
L'infrastructure existe. Le problème principal est l'absence de la page killswitch. Créons-la pour permettre aux tests de fonctionner.
[93m[1m| [0m[90m Todo     [0m3 todos
[92m[1m| [0m[90m Write    [0mtenant/frontend-user/src/routes/(app)/admin/modules/killswitch/+page.svelte
[92m[1m| [0m[90m Edit     [0mtenant/frontend-user/src/routes/(app)/admin/modules/killswitch/+page.svelte
[96m[1m| [0m[90m Read     [0mtenant/frontend-user/src/routes/(app)/admin/modules/killswitch/+page.svelte
[92m[1m| [0m[90m Edit     [0mtenant/frontend-user/src/routes/(app)/admin/modules/killswitch/+page.svelte
Maintenant, ajoutons l'entrée killswitch dans la navigation admin.
[92m[1m| [0m[90m Edit     [0mtenant/frontend-user/src/routes/(app)/admin/+layout.svelte
[93m[1m| [0m[90m Todo     [0m2 todos
Cherchons les routes API backend pour les modules.
[94m[1m| [0m[90m Glob     [0mveligo-platform/tenant/backend-api/src
[94m[1m| [0m[90m Grep     [0mkilled|kill.*module
[94m[1m| [0m[90m Glob     [0mveligo-platform/tenant/backend-api/src/infrastructure/http
[96m[1m| [0m[90m Read     [0mveligo-platform/tenant/backend-api/src/infrastructure/http/module_routes.rs
[94m[1m| [0m[90m Grep     [0mpub struct ModuleRegistry
[94m[1m| [0m[90m Glob     [0mveligo-platform/tenant/backend-api
[96m[1m| [0m[90m Read     [0mveligo-platform/tenant/backend-api/src/infrastructure/plugins/registry.rs
[94m[1m| [0m[90m Grep     [0mstruct ModuleRegistry
[94m[1m| [0m[90m Grep     [0mModuleRegistry
[94m[1m| [0m[90m Glob     [0mveligo-platform/tenant/backend-api/src/infrastructure
[96m[1m| [0m[90m Read     [0mveligo-platform/tenant/backend-api/src/infrastructure/module_loader.rs
Je vais créer un fichier pour l'infrastructure killswitch backend avec les endpoints nécessaires.
[92m[1m| [0m[90m Write    [0mveligo-platform/tenant/backend-api/src/infrastructure/killswitch.rs
Maintenant, ajoutons ce module au infrastructure mod.rs.
[96m[1m| [0m[90m Read     [0mveligo-platform/tenant/backend-api/src/infrastructure/mod.rs
[92m[1m| [0m[90m Edit     [0mveligo-platform/tenant/backend-api/src/infrastructure/mod.rs
Cherchons le fichier principal pour intégrer les routes killswitch.
[94m[1m| [0m[90m Glob     [0mveligo-platform/tenant/backend-api/src
[96m[1m| [0m[90m Read     [0mveligo-platform/tenant/backend-api/src/lib.rs
[96m[1m| [0m[90m Read     [0mveligo-platform/tenant/backend-api/src/bin/tonic-server.rs
Ce backend est gRPC-only. Les routes HTTP sont dans le backend principal. Regardons le backend Veligo.
[94m[1m| [0m[90m Glob     [0mveligo-platform/backend/src
[96m[1m| [0m[90m Read     [0mveligo-platform/backend/src/infrastructure/http/mod.rs
Ajoutons les routes killswitch au backend principal.
