[96m[1m| [0m[90m Read     [0mveligo-platform/frontend/src/lib/components/maps/BikeMap.svelte
[96m[1m| [0m[90m Read     [0mveligo-platform/frontend/src/lib/components/tracking/BikeMap.svelte
[94m[1m| [0m[90m Glob     [0m{"pattern":"**/BikeMapGeneric.svelte"}
[94m[1m| [0m[90m Glob     [0m{"pattern":"**/components/maps/**"}
[96m[1m| [0m[90m Read     [0mveligo-platform/frontend/src/lib/components/maps/BikeMapGeneric.svelte
[94m[1m| [0m[90m Grep     [0mfrom.*tracking/BikeMap
[94m[1m| [0m[90m Grep     [0mfrom.*maps/BikeMap
[94m[1m| [0m[90m Grep     [0mtracking/BikeMap
[94m[1m| [0m[90m Grep     [0mmaps/BikeMap
[96m[1m| [0m[90m Read     [0mveligo-platform/frontend/src/lib/components/maps/index.ts
Je vois maintenant la situation clairement:
- `BikeMapGeneric.svelte` (818 LOC) - Le composant générique existant
- `maps/BikeMap.svelte` (346 LOC) - Wrapper léger utilisant déjà `BikeMapGeneric`
- `tracking/BikeMap.svelte` (973 LOC) - **Duplication complète** de la logique de `BikeMapGeneric`

**Plan de consolidation:**
1. Ajouter des slots à `BikeMapGeneric` pour contenu personnalisé
2. Refactoriser `tracking/BikeMap.svelte` pour utiliser `BikeMapGeneric`
3. Supprimer ~600+ LOC de duplication
[93m[1m| [0m[90m Todo     [0m4 todos
[92m[1m| [0m[90m Edit     [0mveligo-platform/frontend/src/lib/components/maps/BikeMapGeneric.svelte
[96m[1m| [0m[90m Read     [0mveligo-platform/frontend/src/lib/components/maps/BikeMapGeneric.svelte
Maintenant ajoutons les styles pour les nouveaux slots:
[96m[1m| [0m[90m Read     [0mveligo-platform/frontend/src/lib/components/maps/BikeMapGeneric.svelte
[96m[1m| [0m[90m Read     [0mveligo-platform/frontend/src/lib/components/maps/BikeMapGeneric.svelte
[92m[1m| [0m[90m Edit     [0mveligo-platform/frontend/src/lib/components/maps/BikeMapGeneric.svelte
[96m[1m| [0m[90m Read     [0mveligo-platform/frontend/src/lib/components/maps/BikeMapGeneric.svelte
[93m[1m| [0m[90m Todo     [0m3 todos
[92m[1m| [0m[90m Write    [0mveligo-platform/frontend/src/lib/components/tracking/BikeMap.svelte
Les erreurs de diagnostic sont des problèmes préexistants (routes conflictuelles, modules manquants) non liés à mes modifications. Vérifions le fichier:
[91m[1m| [0m[90m Bash     [0mCount lines in refactored tracking/BikeMap.svelte

     747 /Users/sylvain/_LAPOSTE/_VELIGO2/veligo-platform/frontend/src/lib/components/tracking/BikeMap.svelte

[91m[1m| [0m[90m Bash     [0mRun type checking on frontend

npm error Missing script: "check"
npm error
npm error To see a list of scripts, run:
npm error   npm run
npm error A complete log of this run can be found in: /Users/sylvain/.npm/_logs/2026-01-12T17_04_29_637Z-debug-0.log

[91m[1m| [0m[90m Bash     [0mList available npm scripts

Lifecycle scripts included in veligo-frontend@0.0.1:
  start
    node build/index.js
  test
    playwright test
available via `npm run-script`:
  dev
    vite dev --port 5173
  build
    vite build
  preview
    vite preview
  test:e2e
    playwright test --project=e2e
  test:auth
    playwright test --project=auth
  test:a11y
    playwright test --project=accessibility
  test:mobile
    playwright test --project=mobile-chrome --project=mobile-safari
  test:ci
    playwright test --project=ci-quick
  test:ui
    playwright test --ui
  test:debug
    playwright test --debug
  test:report
    playwright show-report
  test:journeys
    playwright test --project=journeys
