Je vais résoudre les 4 tests skippés de l'API Tracking. Commençons par lire le fichier test.
[96m[1m| [0m[90m Read     [0mveligo-platform/tests/e2e/api/tracking.api.spec.ts
[94m[1m| [0m[90m Glob     [0m{"pattern":"**/tracking*.spec.ts"}
Les tests ne sont pas skippés avec `.skip()` mais ils peuvent échouer. Vérifions si l'endpoint tracking existe dans le backend.
[94m[1m| [0m[90m Grep     [0mtracking
[94m[1m| [0m[90m Glob     [0mveligo-platform
L'API tracking existe. Regardons les routes disponibles:
[96m[1m| [0m[90m Read     [0mveligo-platform/backend/src/infrastructure/tracking/routes.rs
L'endpoint `/api/tracking/bike/:bike_id` existe avec `get_bike_location_e2e`. Le problème semble être le comportement quand il n'y a pas de device. Vérifions le repository:
[96m[1m| [0m[90m Read     [0mveligo-platform/backend/src/infrastructure/tracking/repository.rs
Le problème identifié:
- `get_bike_location_e2e` retourne 200 avec `{latitude: 0.0, longitude: 0.0}` même quand il n'y a pas de device
- TRACKING.05 attend 404 pour un bike ID invalide

Vérifions le seeding dans test_api.rs:
[96m[1m| [0m[90m Read     [0mveligo-platform/backend/src/api/test_api.rs
Vérifions les fixtures bikes:
[96m[1m| [0m[90m Read     [0mveligo-platform/tests/e2e/fixtures/bikes.json
Maintenant je comprends le problème. Le test TRACKING.05 attend 404 pour un bike ID invalide ("invalid-id"), mais `get_bike_location_e2e` retourne 200 avec des valeurs 0.0 quand il n'y a pas de device.

Je dois modifier `get_bike_location_e2e` pour retourner 404 quand il n'y a pas de device ou pas de position:
Le code retourne déjà 404. Exécutons les tests pour voir l'état réel:
[91m[1m| [0m[90m Bash     [0mRun tracking tests to see actual state



<bash_metadata>
bash tool terminated command after exceeding timeout 120000 ms
</bash_metadata>
Essayons une approche plus simple - vérifions d'abord si le backend compile:
[91m[1mError: [0mError: ENOSPC: no space left on device, write '/Users/sylvain/.local/share/opencode/storage/part/msg_bb433f09c001G8BKDJy5SFyAOI/prt_bb43404ce001Mfm6E5QMhZHptt.json'
