Je vais résoudre les 3 tests skippés Chaos Resilience. Commençons par examiner les fichiers.
[94m[1m| [0m[90m Glob     [0m{"pattern":"**/chaos/scenarios.rs"}
[94m[1m| [0m[90m Glob     [0m{"pattern":"**/chaos-resilience.spec.ts"}
[96m[1m| [0m[90m Read     [0mtenant/frontend-user/tests/chaos-resilience.spec.ts
[96m[1m| [0m[90m Read     [0mveligo-platform/backend/src/chaos/scenarios.rs
[96m[1m| [0m[90m Read     [0mtests/e2e/chaos/chaos-resilience.spec.ts
[91m[1m| [0m[90m Bash     [0mCheck for skipped tests and CHAOS_ENABLED

90:      test.skip();
126:      test.skip();
177:      test.skip();

[96m[1m| [0m[90m Read     [0mtenant/frontend-user/tests/chaos-resilience.spec.ts
[94m[1m| [0m[90m Glob     [0m{"pattern":"**/backend/src/**/mod.rs"}
[91m[1m| [0m[90m Bash     [0mList backend source structure

total 16
drwxr-xr-x  20 sylvain  staff   640 Jan  9 08:55 .
drwxr-xr-x  24 sylvain  staff   768 Jan  9 12:17 ..
drwxr-xr-x  40 sylvain  staff  1280 Jan 12 17:10 api
drwxr-xr-x   6 sylvain  staff   192 Dec 11 18:34 application
drwxr-xr-x   5 sylvain  staff   160 Jan  9 16:41 bin
drwxr-xr-x   5 sylvain  staff   160 Dec 28 02:29 chaos
drwxr-xr-x  19 sylvain  staff   608 Jan  9 08:09 domain
drwxr-xr-x   3 sylvain  staff    96 Dec 29 21:44 error
drwxr-xr-x  10 sylvain  staff   320 Dec 13 20:31 generated
drwxr-xr-x   5 sylvain  staff   160 Dec 29 13:13 grpc
-rw-r--r--   1 sylvain  staff  3343 Dec 27 11:25 grpc_server.rs
drwxr-xr-x   6 sylvain  staff   192 Dec 27 13:50 handlers
drwxr-xr-x  29 sylvain  staff   928 Jan  9 06:55 infrastructure
drwxr-xr-x   4 sylvain  staff   128 Jan  9 08:52 integration
drwxr-xr-x   9 sylvain  staff   288 Dec 31 21:34 jobs
-rw-r--r--   1 sylvain  staff   478 Dec 31 20:45 lib.rs
drwxr-xr-x  10 sylvain  staff   320 Jan 12 13:34 middleware
drwxr-xr-x  49 sylvain  staff  1568 Jan  9 15:41 modules
drwxr-xr-x  23 sylvain  staff   736 Dec 29 22:18 services
drwxr-xr-x   3 sylvain  staff    96 Jan  9 08:55 tests

[91m[1m| [0m[90m Bash     [0mList chaos module files

total 72
drwxr-xr-x   5 sylvain  staff    160 Dec 28 02:29 .
drwxr-xr-x  20 sylvain  staff    640 Jan  9 08:55 ..
-rw-r--r--   1 sylvain  staff   9478 Dec 26 15:29 circuit_breaker.rs
-rw-r--r--   1 sylvain  staff    350 Dec 26 15:29 mod.rs
-rw-r--r--   1 sylvain  staff  19018 Dec 28 02:29 scenarios.rs

[96m[1m| [0m[90m Read     [0mveligo-platform/backend/src/chaos/mod.rs
[96m[1m| [0m[90m Read     [0mveligo-platform/backend/src/infrastructure/http/mod.rs
[96m[1m| [0m[90m Read     [0mveligo-platform/backend/src/infrastructure/http/module_routes.rs
[96m[1m| [0m[90m Read     [0mveligo-platform/backend/src/handlers/mod.rs
[94m[1m| [0m[90m Grep     [0mRouter::new\(\)|axum::Router
[96m[1m| [0m[90m Read     [0mveligo-platform/backend/src/bin/http-server.rs
Maintenant je vais créer l'implémentation. D'abord, je crée le fichier de routes chaos:
[92m[1m| [0m[90m Write    [0mveligo-platform/backend/src/infrastructure/http/chaos_routes.rs
[92m[1m| [0m[90m Edit     [0mveligo-platform/backend/src/infrastructure/http/mod.rs
[92m[1m| [0m[90m Edit     [0mveligo-platform/backend/src/infrastructure/http/mod.rs
[96m[1m| [0m[90m Read     [0mveligo-platform/backend/src/bin/http-server.rs
[96m[1m| [0m[90m Read     [0mveligo-platform/backend/src/bin/http-server.rs
[94m[1m| [0m[90m Grep     [0mChaosState|chaos_routes
[92m[1m| [0m[90m Edit     [0mveligo-platform/backend/src/bin/http-server.rs
[94m[1m| [0m[90m Grep     [0mStationState::new
[96m[1m| [0m[90m Read     [0mveligo-platform/backend/src/bin/http-server.rs
[92m[1m| [0m[90m Edit     [0mveligo-platform/backend/src/bin/http-server.rs
[96m[1m| [0m[90m Read     [0mveligo-platform/backend/src/bin/http-server.rs
[92m[1m| [0m[90m Edit     [0mveligo-platform/backend/src/bin/http-server.rs
[94m[1m| [0m[90m Grep     [0muse tokio::sync
[96m[1m| [0m[90m Read     [0mveligo-platform/backend/src/bin/http-server.rs
[92m[1m| [0m[90m Edit     [0mveligo-platform/backend/src/bin/http-server.rs
[91m[1m| [0m[90m Bash     [0mCheck Rust code compilation

warning: profiles for the non root package will be ignored, specify profiles at the workspace root:
package:   /Users/sylvain/_LAPOSTE/_VELIGO2/veligo-platform/backend/Cargo.toml
workspace: /Users/sylvain/_LAPOSTE/_VELIGO2/veligo-platform/Cargo.toml
    Checking veligo-api v0.1.0 (/Users/sylvain/_LAPOSTE/_VELIGO2/veligo-platform/backend)
error[E0432]: unresolved import `tenant_theme_routes::tenant_config_routes`
  --> backend/src/infrastructure/http/mod.rs:32:9
   |
32 | pub use tenant_theme_routes::tenant_config_routes;
   |         ^^^^^^^^^^^^^^^^^^^^^--------------------
   |         |                    |
   |         |                    help: a similar name exists in the module: `tenant_theme_routes`
   |         no `tenant_config_routes` in `infrastructure::http::tenant_theme_routes`

warning: unused import: `Method`
 --> backend/src/api/test_api.rs:8:12
  |
8 |     http::{Method, StatusCode},
  |            ^^^^^^
  |
  = note: `#[warn(unused_imports)]` (part of `#[warn(unused)]`) on by default

warning: unused import: `error`
 --> backend/src/infrastructure/email/queue.rs:9:22
  |
9 | use tracing::{debug, error, info, warn};
  |                      ^^^^^

warning: unused import: `error`
  --> backend/src/infrastructure/email/mod.rs:23:15
   |
23 | use tracing::{error, info, warn};
   |               ^^^^^

warning: unused import: `error`
  --> backend/src/infrastructure/erp/erp_client.rs:12:22
   |
12 | use tracing::{debug, error, info};
   |                      ^^^^^

warning: unused import: `Extension`
 --> backend/src/infrastructure/http/chaos_routes.rs:5:15
  |
5 |     extract::{Extension, State},
  |               ^^^^^^^^^

warning: unused import: `std::time::Duration`
  --> backend/src/infrastructure/http/chaos_routes.rs:12:5
   |
12 | use std::time::Duration;
   |     ^^^^^^^^^^^^^^^^^^^

warning: unused import: `error`
  --> backend/src/infrastructure/multimodal/tcl_client.rs:18:22
   |
18 | use tracing::{debug, error, info, warn};
   |                      ^^^^^

error[E0369]: cannot multiply `tokio::sync::MutexGuard<'_, f64>` by `{float}`
   --> backend/src/infrastructure/http/chaos_routes.rs:118:45
    |
118 |             state.failure_rate.lock().await * 100.0,
    |             ------------------------------- ^ ----- {float}
    |             |
    |             tokio::sync::MutexGuard<'_, f64>
    |
note: the foreign item type `tokio::sync::MutexGuard<'_, f64>` doesn't implement `Mul<{float}>`
   --> /Users/sylvain/.cargo/registry/src/index.crates.io-1949cf8c6b5b557f/tokio-1.48.0/src/sync/mutex.rs:151:1
    |
151 | pub struct MutexGuard<'a, T: ?Sized> {
    | ^^^^^^^^^^^^^^^^^^^^^^^^^^^^^^^^^^^^ not implement `Mul<{float}>`

Some errors have detailed explanations: E0369, E0432.
For more information about an error, try `rustc --explain E0369`.
warning: `veligo-api` (lib) generated 7 warnings
error: could not compile `veligo-api` (lib) due to 2 previous errors; 7 warnings emitted

[96m[1m| [0m[90m Read     [0mveligo-platform/backend/src/infrastructure/http/chaos_routes.rs
[92m[1m| [0m[90m Edit     [0mveligo-platform/backend/src/infrastructure/http/chaos_routes.rs
[92m[1m| [0m[90m Edit     [0mveligo-platform/backend/src/infrastructure/http/chaos_routes.rs
[91m[1m| [0m[90m Bash     [0mCheck Rust code compilation

warning: profiles for the non root package will be ignored, specify profiles at the workspace root:
package:   /Users/sylvain/_LAPOSTE/_VELIGO2/veligo-platform/backend/Cargo.toml
workspace: /Users/sylvain/_LAPOSTE/_VELIGO2/veligo-platform/Cargo.toml
    Checking veligo-api v0.1.0 (/Users/sylvain/_LAPOSTE/_VELIGO2/veligo-platform/backend)
error[E0252]: the name `Path` is defined multiple times
   --> backend/src/infrastructure/http/chaos_routes.rs:216:5
    |
  5 |     extract::{Path, State},
    |               ---- previous import of the type `Path` here
...
216 |     extract::Path,
    |     ^^^^^^^^^^^^^-
    |     |
    |     `Path` reimported here
    |     help: remove unnecessary import
    |
    = note: `Path` must be defined only once in the type namespace of this module

error[E0252]: the name `delete` is defined multiple times
   --> backend/src/infrastructure/http/chaos_routes.rs:217:15
    |
  8 |     routing::{delete, get, post},
    |               ------ previous import of the value `delete` here
...
217 |     routing::{delete, get, post},
    |               ^^^^^^--
    |               |
    |               `delete` reimported here
    |               help: remove unnecessary import
    |
    = note: `delete` must be defined only once in the value namespace of this module

error[E0252]: the name `get` is defined multiple times
   --> backend/src/infrastructure/http/chaos_routes.rs:217:23
    |
  8 |     routing::{delete, get, post},
    |                       --- previous import of the value `get` here
...
217 |     routing::{delete, get, post},
    |                       ^^^--
    |                       |
    |                       `get` reimported here
    |                       help: remove unnecessary import
    |
    = note: `get` must be defined only once in the value namespace of this module

error[E0252]: the name `post` is defined multiple times
   --> backend/src/infrastructure/http/chaos_routes.rs:217:28
    |
  8 |     routing::{delete, get, post},
    |                            ---- previous import of the value `post` here
...
217 |     routing::{delete, get, post},
    |                            ^^^^ `post` reimported here
    |
    = note: `post` must be defined only once in the value namespace of this module

error[E0432]: unresolved import `tenant_theme_routes::tenant_config_routes`
  --> backend/src/infrastructure/http/mod.rs:32:9
   |
32 | pub use tenant_theme_routes::tenant_config_routes;
   |         ^^^^^^^^^^^^^^^^^^^^^--------------------
   |         |                    |
   |         |                    help: a similar name exists in the module: `tenant_theme_routes`
   |         no `tenant_config_routes` in `infrastructure::http::tenant_theme_routes`

error: cannot find derive macro `Serialize` in this scope
  --> backend/src/infrastructure/http/chaos_routes.rs:23:24
   |
23 | #[derive(Debug, Clone, Serialize, Deserialize)]
   |                        ^^^^^^^^^
   |
help: consider importing this derive macro
   |
 4 + use serde::Serialize;
   |

error: cannot find derive macro `Deserialize` in this scope
  --> backend/src/infrastructure/http/chaos_routes.rs:23:35
   |
23 | #[derive(Debug, Clone, Serialize, Deserialize)]
   |                                   ^^^^^^^^^^^
   |
help: consider importing this derive macro
   |
 4 + use serde::Deserialize;
   |

error: cannot find derive macro `Serialize` in this scope
  --> backend/src/infrastructure/http/chaos_routes.rs:34:24
   |
34 | #[derive(Debug, Clone, Serialize, Deserialize)]
   |                        ^^^^^^^^^
   |
help: consider importing this derive macro
   |
 4 + use serde::Serialize;
   |

error: cannot find derive macro `Deserialize` in this scope

[96m[1m| [0m[90m Read     [0mveligo-platform/backend/src/infrastructure/http/chaos_routes.rs
[92m[1m| [0m[90m Edit     [0mveligo-platform/backend/src/infrastructure/http/chaos_routes.rs
[92m[1m| [0m[90m Edit     [0mveligo-platform/backend/src/infrastructure/http/chaos_routes.rs
