Je commence par examiner le fichier à décomposer et sa structure.
[94m[1m| [0m[90m Glob     [0m{"pattern":"**/reporting_analytics_module.rs"}
[91m[1m| [0m[90m Bash     [0mCompter les lignes du fichier

wc: /Users/sylvain/_LAPOSTE/_VELIGO2/veligo-platform/backend/src/modules/reporting_analytics_module.rs: open: No such file or directory

[91m[1m| [0m[90m Bash     [0mLister les modules existants

total 2200
drwxr-xr-x  49 sylvain  staff   1568 Jan 12 23:57 .
drwxr-xr-x  20 sylvain  staff    640 Jan  9 08:55 ..
-rw-r--r--   1 sylvain  staff  20744 Dec 31 21:24 accessibility_module.rs
drwxr-xr-x   3 sylvain  staff     96 Jan  6 22:10 auth
drwxr-xr-x   3 sylvain  staff     96 Jan  7 02:22 bike
-rw-r--r--   1 sylvain  staff  36568 Dec 31 22:12 bike_maintenance_module.rs
-rw-r--r--   1 sylvain  staff  20289 Dec 31 22:12 bike_tracking_module.rs
-rw-r--r--   1 sylvain  staff   5350 Jan 13 00:39 billing_module.rs
drwxr-xr-x   3 sylvain  staff     96 Jan  7 00:51 booking
-rw-r--r--   1 sylvain  staff  16739 Dec 31 21:32 carbon_tracking_module.rs
-rw-r--r--   1 sylvain  staff  22167 Jan 12 18:51 contract_management_module.rs
-rw-r--r--   1 sylvain  staff   2417 Jan 13 00:39 crm_adapter.rs
-rw-r--r--   1 sylvain  staff  34551 Dec 31 21:23 crm_communication_module.rs
-rw-r--r--   1 sylvain  staff  36268 Dec 31 22:12 delivery_tracking_module.rs
-rw-r--r--   1 sylvain  staff  27917 Dec 31 21:49 document_management_module.rs
-rw-r--r--   1 sylvain  staff  36027 Dec 31 20:50 experience_sharing_module.rs
-rw-r--r--   1 sylvain  staff   4239 Jan 13 00:39 fleet_adapter.rs
-rw-r--r--   1 sylvain  staff  26316 Dec 31 22:12 fleet_management_module.rs
-rw-r--r--   1 sylvain  staff  76698 Dec 31 21:36 fraud_detection_module.rs
-rw-r--r--   1 sylvain  staff  28917 Dec 31 20:49 gamification_module.rs
-rw-------   1 sylvain  staff  39421 Dec 31 22:12 gdpr_compliance_module.rs
-rw-r--r--   1 sylvain  staff   5574 Jan 13 00:39 incident_adapter.rs
-rw-r--r--   1 sylvain  staff  21180 Dec 31 22:12 incident_management_module.rs
-rw-r--r--   1 sylvain  staff  31194 Jan 12 18:52 insurance_module.rs
-rw-r--r--   1 sylvain  staff  25648 Dec 31 22:12 inventory_stock_module.rs
-rw-r--r--   1 sylvain  staff  20828 Dec 31 21:21 kyc_verification_module.rs
-rw-r--r--   1 sylvain  staff   6269 Jan 13 00:39 loader.rs
-rw-r--r--   1 sylvain  staff   4975 Jan 13 00:39 maintenance_adapter.rs
-rw-r--r--   1 sylvain  staff  30119 Dec 31 22:12 marketplace_module.rs
-rw-r--r--   1 sylvain  staff  71560 Dec 31 21:44 migration_service_module.rs
-rw-r--r--   1 sylvain  staff  30114 Dec 31 21:30 mobile_app_module.rs
-rw-r--r--   1 sylvain  staff    866 Jan 13 00:39 mod.rs
-rw-r--r--   1 sylvain  staff  34328 Dec 26 08:13 multimodal_module.rs
-rw-r--r--   1 sylvain  staff  29219 Dec 31 22:12 opt_in_management_module.rs
-rw-r--r--   1 sylvain  staff  51480 Dec 31 21:33 payment_module.rs
-rw-r--r--   1 sylvain  staff   2450 Jan 13 00:39 pricing_adapter.rs
-rw-r--r--   1 sylvain  staff  44149 Dec 31 22:12 pricing_promotions_module.rs
-rw-r--r--   1 sylvain  staff  35688 Jan 12 18:52 purchase_module.rs
-rw-r--r--   1 sylvain  staff   4077 Jan 13 00:39 registry.rs
-rw-r--r--   1 sylvain  staff  35049 Dec 31 22:12 renewal_reminder_module.rs
drwxr-xr-x   6 sylvain  staff    192 Jan 13 00:00 reporting
-rw-r--r--   1 sylvain  staff   2451 Jan 13 00:39 reporting_adapter.rs
-rw-r--r--   1 sylvain  staff   4913 Jan 13 00:39 station_adapter.rs
-rw-r--r--   1 sylvain  staff  11583 Jan 13 00:39 station_management_module.rs
-rw-r--r--   1 sylvain  staff   8106 Jan 13 00:39 subscription_module.rs
-rw-r--r--   1 sylvain  staff   2470 Jan 13 00:39 tracking_adapter.rs
-rw-r--r--   1 sylvain  staff  32762 Jan 13 00:39 tracking_module.rs
-rw-r--r--   1 sylvain  staff  22982 Dec 31 22:12 user_management_module.rs
-rw-r--r--   1 sylvain  staff  35061 Jan 13 00:39 waiting_list_module.rs

[91m[1m| [0m[90m Bash     [0mChercher fichiers reporting/analytics

/Users/sylvain/_LAPOSTE/_VELIGO2/veligo-platform/backend/migrations/100_kpi_reporting_indexes.sql
/Users/sylvain/_LAPOSTE/_VELIGO2/veligo-platform/backend/migrations/025_aom_reporting.sql
/Users/sylvain/_LAPOSTE/_VELIGO2/veligo-platform/backend/src/grpc/services/reporting.rs
/Users/sylvain/_LAPOSTE/_VELIGO2/veligo-platform/backend/src/api/aom_reporting.rs
/Users/sylvain/_LAPOSTE/_VELIGO2/veligo-platform/backend/src/modules/reporting
/Users/sylvain/_LAPOSTE/_VELIGO2/veligo-platform/backend/src/modules/reporting_adapter.rs
/Users/sylvain/_LAPOSTE/_VELIGO2/veligo-platform/backend/src/domain/aom_reporting
/Users/sylvain/_LAPOSTE/_VELIGO2/veligo-platform/backend/src/handlers/admin/analytics.rs.bak2
/Users/sylvain/_LAPOSTE/_VELIGO2/veligo-platform/backend/src/handlers/admin/analytics.rs
/Users/sylvain/_LAPOSTE/_VELIGO2/veligo-platform/backend/src/services/reporting
/Users/sylvain/_LAPOSTE/_VELIGO2/veligo-platform/backend/src/services/reporting/analytics_engine.rs

[91m[1m| [0m[90m Bash     [0mLister le contenu du répertoire reporting

total 96
drwxr-xr-x   6 sylvain  staff    192 Jan 13 00:00 .
drwxr-xr-x  49 sylvain  staff   1568 Jan 12 23:57 ..
-rw-r--r--   1 sylvain  staff  13314 Jan 12 23:59 export.rs
-rw-r--r--   1 sylvain  staff  13742 Jan 12 23:58 handlers.rs
-rw-r--r--   1 sylvain  staff   6990 Jan 13 00:01 mod.rs
-rw-r--r--   1 sylvain  staff   7369 Jan 13 00:00 scheduler.rs

[91m[1m| [0m[90m Bash     [0mCompter les lignes des fichiers de reporting

     484 /Users/sylvain/_LAPOSTE/_VELIGO2/veligo-platform/backend/src/services/reporting/analytics_engine.rs
     806 /Users/sylvain/_LAPOSTE/_VELIGO2/veligo-platform/backend/src/api/aom_reporting.rs
     447 /Users/sylvain/_LAPOSTE/_VELIGO2/veligo-platform/backend/src/grpc/services/reporting.rs
    1737 total

[96m[1m| [0m[90m Read     [0mveligo-platform/backend/src/modules/reporting/export.rs
[96m[1m| [0m[90m Read     [0mveligo-platform/backend/src/modules/reporting/handlers.rs
[91m[1m| [0m[90m Bash     [0mChercher référence à reporting_analytics

/Users/sylvain/_LAPOSTE/_VELIGO2/veligo-platform/backend/src/modules/reporting_adapter.rs

[91m[1m| [0m[90m Bash     [0mTrouver les plus gros fichiers .rs

   20562 /Users/sylvain/_LAPOSTE/_VELIGO2/veligo-platform/backend/target/debug/build/typenum-b65632cbebfdc99d/out/tests.rs
    2190 /Users/sylvain/_LAPOSTE/_VELIGO2/veligo-platform/backend/src/modules/fraud_detection_module.rs
    2134 /Users/sylvain/_LAPOSTE/_VELIGO2/veligo-platform/backend/tonic-server/src/generated/veligo.v1.rs
    2104 /Users/sylvain/_LAPOSTE/_VELIGO2/veligo-platform/backend/src/modules/migration_service_module.rs
    2034 /Users/sylvain/_LAPOSTE/_VELIGO2/veligo-platform/backend/src/infrastructure/actions/erp_sync_action.rs
    1909 /Users/sylvain/_LAPOSTE/_VELIGO2/veligo-platform/backend/src/api/admin_api.rs
    1868 /Users/sylvain/_LAPOSTE/_VELIGO2/veligo-platform/backend/src/api/gdpr_api.rs
    1851 /Users/sylvain/_LAPOSTE/_VELIGO2/veligo-platform/backend/src/api/owner_api.rs
    1760 /Users/sylvain/_LAPOSTE/_VELIGO2/veligo-platform/backend/src/api/payment_api.rs
    1746 /Users/sylvain/_LAPOSTE/_VELIGO2/veligo-platform/backend/src/bin/tonic-server.rs
    1702 /Users/sylvain/_LAPOSTE/_VELIGO2/veligo-platform/backend/src/infrastructure/http/station_routes.rs
    1684 /Users/sylvain/_LAPOSTE/_VELIGO2/veligo-platform/backend/src/api/stations.rs
    1512 /Users/sylvain/_LAPOSTE/_VELIGO2/veligo-platform/backend/tonic-server/src/generated/veligo.bike.v1.rs
    1485 /Users/sylvain/_LAPOSTE/_VELIGO2/veligo-platform/backend/src/infrastructure/adapters/payment/stripe_adapter.rs
    1480 /Users/sylvain/_LAPOSTE/_VELIGO2/veligo-platform/backend/src/modules/payment_module.rs
    1454 /Users/sylvain/_LAPOSTE/_VELIGO2/veligo-platform/backend/target/debug/build/veligo-api-f99a77479069efd4/out/veligo.auth.v1.rs
    1454 /Users/sylvain/_LAPOSTE/_VELIGO2/veligo-platform/backend/target/debug/build/veligo-api-c64489d705755211/out/veligo.auth.v1.rs
    1454 /Users/sylvain/_LAPOSTE/_VELIGO2/veligo-platform/backend/target/debug/build/veligo-api-7e0ff8cb2dbc3df9/out/veligo.auth.v1.rs
    1454 /Users/sylvain/_LAPOSTE/_VELIGO2/veligo-platform/backend/target/debug/build/veligo-api-434d8c7785b52678/out/veligo.auth.v1.rs
    1433 /Users/sylvain/_LAPOSTE/_VELIGO2/veligo-platform/backend/src/modules/pricing_promotions_module.rs

[96m[1m| [0m[90m Read     [0mveligo-platform/backend/src/modules/reporting_adapter.rs
[96m[1m| [0m[90m Read     [0mveligo-platform/backend/src/modules/reporting/mod.rs
[96m[1m| [0m[90m Read     [0mveligo-platform/backend/src/modules/reporting/scheduler.rs
[91m[1m| [0m[90m Bash     [0mTrouver fichiers avec analytics ou reporting

/Users/sylvain/_LAPOSTE/_VELIGO2/veligo-platform/backend/src/bin/http-server.rs
/Users/sylvain/_LAPOSTE/_VELIGO2/veligo-platform/backend/src/grpc/services/rgpd.rs
/Users/sylvain/_LAPOSTE/_VELIGO2/veligo-platform/backend/src/grpc/services/reporting.rs
/Users/sylvain/_LAPOSTE/_VELIGO2/veligo-platform/backend/src/api/aom_reporting.rs
/Users/sylvain/_LAPOSTE/_VELIGO2/veligo-platform/backend/src/api/gdpr_api.rs
/Users/sylvain/_LAPOSTE/_VELIGO2/veligo-platform/backend/src/api/mod.rs
/Users/sylvain/_LAPOSTE/_VELIGO2/veligo-platform/backend/src/api/module_management.rs
/Users/sylvain/_LAPOSTE/_VELIGO2/veligo-platform/backend/src/infrastructure/database/repositories/tenant_config/json_file_repository.rs
/Users/sylvain/_LAPOSTE/_VELIGO2/veligo-platform/backend/src/infrastructure/database/repositories/rgpd/postgres_consent_repository.rs
/Users/sylvain/_LAPOSTE/_VELIGO2/veligo-platform/backend/src/infrastructure/http/rgpd_consent_routes.rs
/Users/sylvain/_LAPOSTE/_VELIGO2/veligo-platform/backend/src/infrastructure/http/admin_rgpd_routes.rs
/Users/sylvain/_LAPOSTE/_VELIGO2/veligo-platform/backend/src/modules/reporting/handlers.rs
/Users/sylvain/_LAPOSTE/_VELIGO2/veligo-platform/backend/src/modules/reporting/export.rs
/Users/sylvain/_LAPOSTE/_VELIGO2/veligo-platform/backend/src/modules/reporting/scheduler.rs
/Users/sylvain/_LAPOSTE/_VELIGO2/veligo-platform/backend/src/modules/incident_adapter.rs
/Users/sylvain/_LAPOSTE/_VELIGO2/veligo-platform/backend/src/modules/mod.rs
/Users/sylvain/_LAPOSTE/_VELIGO2/veligo-platform/backend/src/modules/reporting_adapter.rs
/Users/sylvain/_LAPOSTE/_VELIGO2/veligo-platform/backend/src/modules/bike_maintenance_module.rs
/Users/sylvain/_LAPOSTE/_VELIGO2/veligo-platform/backend/src/modules/opt_in_management_module.rs
/Users/sylvain/_LAPOSTE/_VELIGO2/veligo-platform/backend/src/domain/tenant/mod.rs

[96m[1m| [0m[90m Read     [0mveligo-platform/backend/src/api/aom_reporting.rs
[91m[1m| [0m[90m Bash     [0mLister fichiers domain aom_reporting

total 104
drwxr-xr-x   7 sylvain  staff    224 Jan 13 00:37 .
drwxr-xr-x  19 sylvain  staff    608 Jan  9 08:09 ..
drwxr-xr-x   9 sylvain  staff    288 Jan 13 00:37 kpi_calculator
-rw-------   1 sylvain  staff    444 Jan 13 00:36 mod.rs
-rw-------   1 sylvain  staff  22685 Dec 26 22:49 report_generator.rs
-rw-------   1 sylvain  staff  11879 Dec 26 15:29 repository.rs
-rw-------   1 sylvain  staff  11226 Dec 27 11:23 types.rs

[91m[1m| [0m[90m Bash     [0mCompter lignes fichiers aom_reporting

      13 /Users/sylvain/_LAPOSTE/_VELIGO2/veligo-platform/backend/src/domain/aom_reporting/mod.rs
     633 /Users/sylvain/_LAPOSTE/_VELIGO2/veligo-platform/backend/src/domain/aom_reporting/report_generator.rs
     334 /Users/sylvain/_LAPOSTE/_VELIGO2/veligo-platform/backend/src/domain/aom_reporting/repository.rs
     415 /Users/sylvain/_LAPOSTE/_VELIGO2/veligo-platform/backend/src/domain/aom_reporting/types.rs
    1395 total

[91m[1m| [0m[90m Bash     [0mLister fichiers kpi_calculator

total 152
drwxr-xr-x  9 sylvain  staff    288 Jan 13 00:37 .
drwxr-xr-x  7 sylvain  staff    224 Jan 13 00:37 ..
-rw-r--r--  1 sylvain  staff   6090 Jan 13 00:12 finance_kpis.rs
-rw-r--r--  1 sylvain  staff  10847 Jan 13 00:11 fleet_kpis.rs
-rw-r--r--  1 sylvain  staff    398 Jan 13 00:37 mod.rs
-rw-------  1 sylvain  staff  17946 Jan 13 00:36 orchestrator.rs
-rw-r--r--  1 sylvain  staff   9562 Jan 13 00:12 service_kpis.rs
-rw-r--r--  1 sylvain  staff   9074 Jan 13 00:13 usage_kpis.rs
-rw-r--r--  1 sylvain  staff   5466 Jan 13 00:10 user_kpis.rs

[91m[1m| [0m[90m Bash     [0mCompter lignes kpi_calculator

     193 /Users/sylvain/_LAPOSTE/_VELIGO2/veligo-platform/backend/src/domain/aom_reporting/kpi_calculator/finance_kpis.rs
     353 /Users/sylvain/_LAPOSTE/_VELIGO2/veligo-platform/backend/src/domain/aom_reporting/kpi_calculator/fleet_kpis.rs
      14 /Users/sylvain/_LAPOSTE/_VELIGO2/veligo-platform/backend/src/domain/aom_reporting/kpi_calculator/mod.rs
     526 /Users/sylvain/_LAPOSTE/_VELIGO2/veligo-platform/backend/src/domain/aom_reporting/kpi_calculator/orchestrator.rs
     289 /Users/sylvain/_LAPOSTE/_VELIGO2/veligo-platform/backend/src/domain/aom_reporting/kpi_calculator/service_kpis.rs
     272 /Users/sylvain/_LAPOSTE/_VELIGO2/veligo-platform/backend/src/domain/aom_reporting/kpi_calculator/usage_kpis.rs
     176 /Users/sylvain/_LAPOSTE/_VELIGO2/veligo-platform/backend/src/domain/aom_reporting/kpi_calculator/user_kpis.rs
    1823 total

[91m[1m| [0m[90m Bash     [0mTrouver tous les fichiers avec reporting

/Users/sylvain/_LAPOSTE/_VELIGO2/Documentation/Documentation/02 - Réponse AO Nantes/4. Rédaction/9. Suivi et reporting/Lisa-OK--9. Suivi et reporting.docx
/Users/sylvain/_LAPOSTE/_VELIGO2/Documentation/Documentation/02 - Réponse AO Nantes/4. Rédaction/9. Suivi et reporting/Lisa-9. Suivi et reporting.pdf
/Users/sylvain/_LAPOSTE/_VELIGO2/veligo-platform/tenant/backend-api/src/modules/reporting_analytics_module.rs
/Users/sylvain/_LAPOSTE/_VELIGO2/veligo-platform/tenant/backend-api/src/modules/reporting_adapter.rs
/Users/sylvain/_LAPOSTE/_VELIGO2/veligo-platform/owner/backend/src/modules/reporting_analytics_module.rs
/Users/sylvain/_LAPOSTE/_VELIGO2/veligo-platform/owner/backend/src/modules/reporting_adapter.rs
/Users/sylvain/_LAPOSTE/_VELIGO2/veligo-platform/tests/e2e/reporting/full-reporting.spec.ts
/Users/sylvain/_LAPOSTE/_VELIGO2/veligo-platform/tests/e2e/journeys/24-incident-reporting.spec.ts
/Users/sylvain/_LAPOSTE/_VELIGO2/veligo-platform/backend/migrations/100_kpi_reporting_indexes.sql
/Users/sylvain/_LAPOSTE/_VELIGO2/veligo-platform/backend/migrations/025_aom_reporting.sql
/Users/sylvain/_LAPOSTE/_VELIGO2/veligo-platform/backend/src/grpc/services/reporting.rs
/Users/sylvain/_LAPOSTE/_VELIGO2/veligo-platform/backend/src/api/aom_reporting.rs
/Users/sylvain/_LAPOSTE/_VELIGO2/veligo-platform/backend/src/modules/reporting_adapter.rs
/Users/sylvain/_LAPOSTE/_VELIGO2/tests/e2e/journeys/03-incident-reporting.spec.ts
/Users/sylvain/_LAPOSTE/_VELIGO2/tests/e2e/journeys/tenant-admin-reporting.spec.ts.bak
/Users/sylvain/_LAPOSTE/_VELIGO2/tests/e2e/journeys/tenant-admin-reporting.spec.ts
/Users/sylvain/_LAPOSTE/_VELIGO2/MOBIA - Véligo - Documentation/02 - Réponse AO Nantes/4. Rédaction/9. Suivi et reporting/Lisa-OK--9. Suivi et reporting.docx
/Users/sylvain/_LAPOSTE/_VELIGO2/MOBIA - Véligo - Documentation/02 - Réponse AO Nantes/4. Rédaction/9. Suivi et reporting/Lisa-9. Suivi et reporting.pdf
/Users/sylvain/_LAPOSTE/_VELIGO2/logs/swarm-sequential-20251213-112330/reporting-analytics.log
/Users/sylvain/_LAPOSTE/_VELIGO2/logs/swarm-20251212-104405/reporting-analytics.log
/Users/sylvain/_LAPOSTE/_VELIGO2/logs/swarm-green/20251212-135153/reporting-analytics.log
/Users/sylvain/_LAPOSTE/_VELIGO2/logs/swarm-20251212-154351/reporting-analytics.log
/Users/sylvain/_LAPOSTE/_VELIGO2/logs/swarm-20251212-155833/reporting-analytics.log
/Users/sylvain/_LAPOSTE/_VELIGO2/logs/swarm-20251212-160030/reporting-analytics.log
/Users/sylvain/_LAPOSTE/_VELIGO2/logs/swarm-20251212-155151/reporting-analytics.log
/Users/sylvain/_LAPOSTE/_VELIGO2/logs/swarm-integrate-20251213-181945/reporting-analytics.log
/Users/sylvain/_LAPOSTE/_VELIGO2/logs/swarm-final-6-20251213-123337/reporting-analytics.log
/Users/sylvain/_LAPOSTE/_VELIGO2/logs/swarm-20251212-143112/reporting-analytics.log
/Users/sylvain/_LAPOSTE/_VELIGO2/mobile/veligo-app/node_modules/metro/src/lib/reporting.js.flow
/Users/sylvain/_LAPOSTE/_VELIGO2/mobile/veligo-app/node_modules/metro/src/lib/reporting.js

[91m[1m| [0m[90m Bash     [0mCompter lignes des fichiers reporting_analytics_module

     113 /Users/sylvain/_LAPOSTE/_VELIGO2/veligo-platform/tenant/backend-api/src/modules/reporting_analytics_module.rs
     109 /Users/sylvain/_LAPOSTE/_VELIGO2/veligo-platform/owner/backend/src/modules/reporting_analytics_module.rs
     222 total

[96m[1m| [0m[90m Read     [0mveligo-platform/backend/src/services/reporting/analytics_engine.rs
[93m[1m| [0m[90m Todo     [0m6 todos
[91m[1m| [0m[90m Bash     [0mLister services/reporting

total 392
drwxr-xr-x  10 sylvain  staff    320 Jan 12 18:46 .
drwxr-xr-x  23 sylvain  staff    736 Dec 29 22:18 ..
-rw-r--r--   1 sylvain  staff  16978 Jan 12 18:44 analytics_engine.rs
-rw-r--r--   1 sylvain  staff  25073 Jan 12 18:46 export_service.rs
-rw-------   1 sylvain  staff  24457 Dec 28 02:06 kpi_service.rs
-rw-------   1 sylvain  staff   2019 Dec 27 20:32 mod.rs
-rw-------   1 sylvain  staff  10450 Dec 27 12:39 models.rs
-rw-r--r--   1 sylvain  staff  43810 Dec 30 18:38 report_generator.rs
-rw-------   1 sylvain  staff  34538 Jan 13 01:28 report_routes.rs
-rw-------   1 sylvain  staff  26213 Dec 28 02:17 report_templates.rs

[96m[1m| [0m[90m Read     [0mveligo-platform/backend/src/services/reporting/mod.rs
[91m[1m| [0m[90m Bash     [0mCompter lignes exactes des fichiers services/reporting

     484 /Users/sylvain/_LAPOSTE/_VELIGO2/veligo-platform/backend/src/services/reporting/analytics_engine.rs
     763 /Users/sylvain/_LAPOSTE/_VELIGO2/veligo-platform/backend/src/services/reporting/export_service.rs
     736 /Users/sylvain/_LAPOSTE/_VELIGO2/veligo-platform/backend/src/services/reporting/kpi_service.rs
      57 /Users/sylvain/_LAPOSTE/_VELIGO2/veligo-platform/backend/src/services/reporting/mod.rs
     343 /Users/sylvain/_LAPOSTE/_VELIGO2/veligo-platform/backend/src/services/reporting/models.rs
    1388 /Users/sylvain/_LAPOSTE/_VELIGO2/veligo-platform/backend/src/services/reporting/report_generator.rs
    1014 /Users/sylvain/_LAPOSTE/_VELIGO2/veligo-platform/backend/src/services/reporting/report_routes.rs
     788 /Users/sylvain/_LAPOSTE/_VELIGO2/veligo-platform/backend/src/services/reporting/report_templates.rs
    5573 total

[96m[1m| [0m[90m Read     [0mveligo-platform/backend/src/services/reporting/export_service.rs
[96m[1m| [0m[90m Read     [0mveligo-platform/backend/src/services/reporting/report_routes.rs
[91m[1m| [0m[90m Bash     [0mTrouver les plus gros fichiers .rs du projet

    2190 /Users/sylvain/_LAPOSTE/_VELIGO2/veligo-platform/backend/src/modules/fraud_detection_module.rs
    2104 /Users/sylvain/_LAPOSTE/_VELIGO2/veligo-platform/backend/src/modules/migration_service_module.rs
    2034 /Users/sylvain/_LAPOSTE/_VELIGO2/veligo-platform/backend/src/infrastructure/actions/erp_sync_action.rs
    1909 /Users/sylvain/_LAPOSTE/_VELIGO2/veligo-platform/backend/src/api/admin_api.rs
    1868 /Users/sylvain/_LAPOSTE/_VELIGO2/veligo-platform/backend/src/api/gdpr_api.rs
    1851 /Users/sylvain/_LAPOSTE/_VELIGO2/veligo-platform/backend/src/api/owner_api.rs
    1760 /Users/sylvain/_LAPOSTE/_VELIGO2/veligo-platform/backend/src/api/payment_api.rs
    1746 /Users/sylvain/_LAPOSTE/_VELIGO2/veligo-platform/backend/src/bin/tonic-server.rs
    1702 /Users/sylvain/_LAPOSTE/_VELIGO2/veligo-platform/backend/src/infrastructure/http/station_routes.rs
    1684 /Users/sylvain/_LAPOSTE/_VELIGO2/veligo-platform/backend/src/api/stations.rs
    1485 /Users/sylvain/_LAPOSTE/_VELIGO2/veligo-platform/backend/src/infrastructure/adapters/payment/stripe_adapter.rs
    1480 /Users/sylvain/_LAPOSTE/_VELIGO2/veligo-platform/backend/src/modules/payment_module.rs
    1433 /Users/sylvain/_LAPOSTE/_VELIGO2/veligo-platform/backend/src/modules/pricing_promotions_module.rs
    1416 /Users/sylvain/_LAPOSTE/_VELIGO2/veligo-platform/backend/src/api/auth.rs
    1401 /Users/sylvain/_LAPOSTE/_VELIGO2/veligo-platform/backend/src/api/subscription_api.rs
    1388 /Users/sylvain/_LAPOSTE/_VELIGO2/veligo-platform/backend/src/services/search/search_service.rs
    1388 /Users/sylvain/_LAPOSTE/_VELIGO2/veligo-platform/backend/src/services/reporting/report_generator.rs
    1362 /Users/sylvain/_LAPOSTE/_VELIGO2/veligo-platform/backend/src/infrastructure/erp/erp_client.rs
    1352 /Users/sylvain/_LAPOSTE/_VELIGO2/veligo-platform/backend/src/infrastructure/http/webhooks/abeeway.rs
    1323 /Users/sylvain/_LAPOSTE/_VELIGO2/veligo-platform/backend/src/api/test_api.rs
    1272 /Users/sylvain/_LAPOSTE/_VELIGO2/veligo-platform/backend/src/services/planner/trip_planner.rs
    1232 /Users/sylvain/_LAPOSTE/_VELIGO2/veligo-platform/backend/src/grpc/services/booking_service.rs
    1220 /Users/sylvain/_LAPOSTE/_VELIGO2/veligo-platform/backend/src/modules/experience_sharing_module.rs
    1183 /Users/sylvain/_LAPOSTE/_VELIGO2/veligo-platform/backend/src/grpc/services/bike.rs
    1155 /Users/sylvain/_LAPOSTE/_VELIGO2/veligo-platform/backend/src/modules/bike_maintenance_module.rs
    1094 /Users/sylvain/_LAPOSTE/_VELIGO2/veligo-platform/backend/src/modules/gdpr_compliance_module.rs
    1083 /Users/sylvain/_LAPOSTE/_VELIGO2/veligo-platform/backend/src/modules/crm_communication_module.rs
    1072 /Users/sylvain/_LAPOSTE/_VELIGO2/veligo-platform/backend/src/modules/purchase_module.rs
    1063 /Users/sylvain/_LAPOSTE/_VELIGO2/veligo-platform/backend/src/api/mobile/bike_scan.rs
    1060 /Users/sylvain/_LAPOSTE/_VELIGO2/veligo-platform/backend/src/api/subscription_api_e2e.rs

[91m[1m| [0m[90m Bash     [0mVérifier si le code compile

warning: profiles for the non root package will be ignored, specify profiles at the workspace root:
package:   /Users/sylvain/_LAPOSTE/_VELIGO2/veligo-platform/backend/Cargo.toml
workspace: /Users/sylvain/_LAPOSTE/_VELIGO2/veligo-platform/Cargo.toml
    Checking veligo-api v0.1.0 (/Users/sylvain/_LAPOSTE/_VELIGO2/veligo-platform/backend)
error: error communicating with database: Connection refused (os error 61)
  --> backend/src/modules/station_management_module.rs:69:27
   |
69 |           let name_exists = sqlx::query_scalar!(
   |  ___________________________^
70 | |             "SELECT EXISTS(SELECT 1 FROM stations WHERE name = $1)",
71 | |             request.name
72 | |         )
   | |_________^
   |
   = note: this error originates in the macro `$crate::sqlx_macros::expand_query` which comes from the expansion of the macro `sqlx::query_scalar` (in Nightly builds, run with -Z macro-backtrace for more info)

error: error communicating with database: Connection refused (os error 61)
   --> backend/src/modules/station_management_module.rs:107:23
    |
107 |           let station = sqlx::query_as!(
    |  _______________________^
108 | |             Station,
109 | |             "INSERT INTO stations (name, latitude, longitude, capacity, status)
110 | |              VALUES ($1, $2, $3, $4, 'active')
...   |
115 | |             request.capacity
116 | |         )
    | |_________^
    |
    = note: this error originates in the macro `$crate::sqlx_macros::expand_query` which comes from the expansion of the macro `sqlx::query_as` (in Nightly builds, run with -Z macro-backtrace for more info)

error: error communicating with database: Connection refused (os error 61)
   --> backend/src/modules/station_management_module.rs:124:24
    |
124 |           let stations = sqlx::query_as!(
    |  ________________________^
125 | |             Station,
126 | |             "SELECT id, name, latitude, longitude, capacity, status FROM stations ORDER BY name"
127 | |         )
    | |_________^
    |
    = note: this error originates in the macro `$crate::sqlx_macros::expand_query` which comes from the expansion of the macro `sqlx::query_as` (in Nightly builds, run with -Z macro-backtrace for more info)

error: error communicating with database: Connection refused (os error 61)
   --> backend/src/modules/station_management_module.rs:134:23
    |
134 |           let station = sqlx::query_as!(
    |  _______________________^
135 | |             Station,
136 | |             "SELECT id, name, latitude, longitude, capacity, status FROM stations WHERE id = $1",

[91m[1m| [0m[90m Bash     [0mVérifier compilation avec mode offline

warning: profiles for the non root package will be ignored, specify profiles at the workspace root:
package:   /Users/sylvain/_LAPOSTE/_VELIGO2/veligo-platform/backend/Cargo.toml
workspace: /Users/sylvain/_LAPOSTE/_VELIGO2/veligo-platform/Cargo.toml
error: the package 'veligo-api' does not contain this feature: sqlx_offline

[91m[1m| [0m[90m Bash     [0mVoir configuration Cargo.toml

# Trace: 2025-12-29 - Veligo Backend (Workspace Member)
# Reference: BACKBONE-ARCHITECTURE-RUST.md - Performance: 220K req/s, 15MB RAM

[package]
name = "veligo-api"
version.workspace = true
edition.workspace = true
authors.workspace = true

[features]
default = []
test-utils = []

[dependencies]
# Workspace crates
veligo-shared = { workspace = true }

# Web framework
axum = { workspace = true }
axum-extra = { version = "0.9", features = ["cookie-private", "typed-header"] }
tower = { workspace = true }
tower-http = { workspace = true }

# Async runtime
tokio = { workspace = true }
tokio-stream = "0.1"
async-trait = { workspace = true }
futures = { workspace = true }

# Database
sqlx = { workspace = true }
bigdecimal = { workspace = true }
rust_decimal = { workspace = true }

# Cache
redis = { workspace = true }

# Serialization
serde = { workspace = true }
serde_json = { workspace = true }

# Validation
validator = { workspace = true }
regex = { workspace = true }
once_cell = { workspace = true }

# UUID & DateTime
uuid = { workspace = true }
chrono = { workspace = true }
time = { workspace = true }

# Error handling
thiserror = { workspace = true }
anyhow = { workspace = true }

md5 = "0.7"

# Plugin loading
libloading = "0.8"

# Logging & Tracing
tracing = { workspace = true }
tracing-subscriber = { workspace = true }
opentelemetry = "0.20"
opentelemetry-jaeger = { version = "0.19", features = ["rt-tokio"] }
opentelemetry-otlp = { version = "0.13", features = ["tonic"] }
tracing-opentelemetry = "0.21"

# Metrics
prometheus = "0.13"
axum-prometheus = "0.6"

# OpenAPI Documentation
utoipa = { version = "4", features = ["axum_extras", "uuid", "chrono"] }
utoipa-swagger-ui = { version = "6", features = ["axum"] }

# Security
argon2 = { workspace = true }
bcrypt = "0.15"
jsonwebtoken = { workspace = true }

[91m[1m| [0m[90m Bash     [0mVérifier tests dans services/reporting

/Users/sylvain/_LAPOSTE/_VELIGO2/veligo-platform/backend/src/services/reporting/kpi_service.rs:mod tests {
/Users/sylvain/_LAPOSTE/_VELIGO2/veligo-platform/backend/src/services/reporting/analytics_engine.rs:mod tests {
/Users/sylvain/_LAPOSTE/_VELIGO2/veligo-platform/backend/src/services/reporting/report_templates.rs:mod tests {
/Users/sylvain/_LAPOSTE/_VELIGO2/veligo-platform/backend/src/services/reporting/report_generator.rs:mod tests {
/Users/sylvain/_LAPOSTE/_VELIGO2/veligo-platform/backend/src/services/reporting/export_service.rs:mod tests {

[91m[1m| [0m[90m Bash     [0mTrouver fichiers de test

/Users/sylvain/_LAPOSTE/_VELIGO2/veligo-platform/backend/target/debug/build/typenum-b65632cbebfdc99d/out/tests.rs
/Users/sylvain/_LAPOSTE/_VELIGO2/veligo-platform/backend/tests/unit/workflow_tests_part3.rs
/Users/sylvain/_LAPOSTE/_VELIGO2/veligo-platform/backend/tests/unit/workflow_tests_part2.rs
/Users/sylvain/_LAPOSTE/_VELIGO2/veligo-platform/backend/tests/unit/auth_tests.rs
/Users/sylvain/_LAPOSTE/_VELIGO2/veligo-platform/backend/tests/unit/workflow_tests_part1.rs
/Users/sylvain/_LAPOSTE/_VELIGO2/veligo-platform/backend/tests/unit/workflow_tests_part4.rs
/Users/sylvain/_LAPOSTE/_VELIGO2/veligo-platform/backend/tests/e2e_tests.rs
/Users/sylvain/_LAPOSTE/_VELIGO2/veligo-platform/backend/tests/plugin_integration_test.rs
/Users/sylvain/_LAPOSTE/_VELIGO2/veligo-platform/backend/tests/integration/test_gdpr.rs
/Users/sylvain/_LAPOSTE/_VELIGO2/veligo-platform/backend/tests/integration/gdpr_tests.rs

[91m[1m| [0m[90m Bash     [0mVérifier formatage Rust

error[E0670]: `async fn` is not permitted in Rust 2015
   --> /Users/sylvain/_LAPOSTE/_VELIGO2/veligo-platform/backend/src/services/reporting/report_routes.rs:128:5
    |
128 | pub async fn list_reports() -> Json<Vec<ReportListItem>> {
    |     ^^^^^ to use `async fn`, switch to Rust 2018 or later
    |
    = help: pass `--edition 2024` to `rustc`
    = note: for more on editions, read https://doc.rust-lang.org/edition-guide

error[E0670]: `async fn` is not permitted in Rust 2015
   --> /Users/sylvain/_LAPOSTE/_VELIGO2/veligo-platform/backend/src/services/reporting/report_routes.rs:198:5
    |
198 | pub async fn generate_report(
    |     ^^^^^ to use `async fn`, switch to Rust 2018 or later
    |
    = help: pass `--edition 2024` to `rustc`
    = note: for more on editions, read https://doc.rust-lang.org/edition-guide

error[E0670]: `async fn` is not permitted in Rust 2015
   --> /Users/sylvain/_LAPOSTE/_VELIGO2/veligo-platform/backend/src/services/reporting/report_routes.rs:358:5


Le fichier `reporting_analytics_module.rs` de 4038 LOC mentionné dans la tâche **n'existe pas**. 

Après analyse approfondie du codebase:

**Fichiers de reporting existants:**
- `services/reporting/report_generator.rs` - 1388 lignes
- `services/reporting/report_routes.rs` - 1014 lignes
- `services/reporting/report_templates.rs` - 788 lignes
- `services/reporting/export_service.rs` - 763 lignes
- `services/reporting/kpi_service.rs` - 736 lignes
- `modules/reporting/export.rs` - 344 lignes
- `modules/reporting/handlers.rs` - 253 lignes
- `modules/reporting/mod.rs` - 266 lignes

**Total: ~5752 lignes** de code de reporting dispersé dans plusieurs emplacements.

Les fichiers `report_generator.rs` (1388) et `report_routes.rs` (1014) dépassent les seuils de 1200 LOC.

**Constraint:** Impossible de compiler/vérifier sans base de données PostgreSQL (macros sqlx).

** NEEDS_MORE_WORK** - La tâche référence un fichier inexistant. Merci de clarifier:
1. Créer le fichier `reporting_analytics_module.rs` à partir des fichiers existants?
2. Décomposer directement `services/reporting/` en `modules/reporting/`?
3. Lien vers le fichier source si différent?
