[0;34m[08:36:07][0m Starting Wiggum-TDD daemon...
[0;34m[08:36:07][0m Queue: tdd
[0;34m[08:36:07][0m Tasks dir: /Users/sylvain/_LAPOSTE/_VELIGO2/tools/ralph-wiggum/tasks
[0;34m[08:36:07][0m Poll interval: 10s
[0;34m[08:36:07][0m [Wiggum-TDD] Found task: T147
[0;34m[08:36:07][0m [T147] Processing with REAL agent...
[0;34m[08:36:07][0m [T147] Using Real Agent (actual execution, not simulation)...
[0;33m[08:36:07] ⚠[0m [T147] Agent returned FAILED or needs more work
[0;33m[08:36:07] ⚠[0m [T147] Exit code: 1
[0;33m[08:36:07] ⚠[0m [T147] Check log: /Users/sylvain/_LAPOSTE/_VELIGO2/tools/ralph-wiggum/logs/T147_20260114_083607.log
[0;33m[08:36:08] ⚠[0m [T147] Retry 1/3
[0;34m[08:36:13][0m [T147] Processing with REAL agent...
[0;34m[08:36:13][0m [T147] Using Real Agent (actual execution, not simulation)...
[0;33m[08:36:13] ⚠[0m [T147] Agent returned FAILED or needs more work
[0;33m[08:36:13] ⚠[0m [T147] Exit code: 1
[0;33m[08:36:13] ⚠[0m [T147] Check log: /Users/sylvain/_LAPOSTE/_VELIGO2/tools/ralph-wiggum/logs/T147_20260114_083613.log
[0;33m[08:36:13] ⚠[0m [T147] Retry 2/3
[0;34m[08:36:18][0m [T147] Processing with REAL agent...
[0;34m[08:36:18][0m [T147] Using Real Agent (actual execution, not simulation)...
[0;33m[08:36:18] ⚠[0m [T147] Agent returned FAILED or needs more work
[0;33m[08:36:18] ⚠[0m [T147] Exit code: 1
[0;33m[08:36:18] ⚠[0m [T147] Check log: /Users/sylvain/_LAPOSTE/_VELIGO2/tools/ralph-wiggum/logs/T147_20260114_083618.log
[0;33m[08:36:18] ⚠[0m [T147] Retry 3/3
[0;31m[08:36:23] ✗[0m [T147] Failed after 3 retries
[0;34m[08:36:23][0m [Wiggum-TDD] --once mode, exiting
[0;34m[08:36:23][0m [Wiggum-TDD] Daemon stopped
