[0;32m[AGENT] Real Agent starting[0m
[0;34m[AGENT] Task: /Users/sylvain/_LAPOSTE/_VELIGO2/tools/ralph-wiggum/tasks/T1088.md[0m
[0;34m[AGENT] Queue: tdd[0m
[0;34m[AGENT] Backend: auto[0m
[0;32m[AGENT] Starting task: T1088[0m
[0;34m[AGENT] Iteration 1/10[0m
[0;34m[AGENT] Executing: bash - {'type': 'bash', 'command': 'find veligo-platform/backend -type f -name "*.rs" | xargs grep -l -E "([0m
[0;34m$ find veligo-platform/backend -type f -name "*.rs" | xargs grep -l -E "(PaymentAdapterFactory|PayPalProcessor|StripeProcessor|PaymentProcessor)" 2>/dev/null | head -20[0m
[0;34m[AGENT] Executing: bash - {'type': 'bash', 'command': 'ls -la veligo-platform/backend/src/'}[0m
[0;34m$ ls -la veligo-platform/backend/src/[0m
[0;34m[AGENT] Executing: bash - {'type': 'bash', 'command': 'find veligo-platform/backend -type f -name "*.rs" | xargs grep -l -i "p[0m
[0;34m$ find veligo-platform/backend -type f -name "*.rs" | xargs grep -l -i "payment" 2>/dev/null[0m
[0;34m[AGENT] Executing: bash - {'type': 'bash', 'command': 'ls -la veligo-platform/backend/src/domain/'}[0m
[0;34m$ ls -la veligo-platform/backend/src/domain/[0m
[0;34m[AGENT] Executing: bash - {'type': 'bash', 'command': 'cat veligo-platform/backend/src/domain/payment.rs 2>/dev/null || find v[0m
[0;34m$ cat veligo-platform/backend/src/domain/payment.rs 2>/dev/null || find veligo-platform/backend -path "*payment*" -name "*.rs"[0m
[0;34m[AGENT] Iteration 2/10[0m
[0;34m[AGENT] Executing: bash - {'type': 'bash', 'command': 'cat veligo-platform/backend/src/infrastructure/adapters/payment/factory[0m
[0;34m$ cat veligo-platform/backend/src/infrastructure/adapters/payment/factory.rs[0m
[0;34m[AGENT] Executing: bash - {'type': 'bash', 'command': 'cat veligo-platform/backend/src/payment/adapter.rs'}[0m
[0;34m$ cat veligo-platform/backend/src/payment/adapter.rs[0m
[0;34m[AGENT] Executing: bash - {'type': 'bash', 'command': 'cat veligo-platform/backend/tests/unit/payment_factory_tests.rs'}[0m
[0;34m$ cat veligo-platform/backend/tests/unit/payment_factory_tests.rs[0m
[0;34m[AGENT] Executing: bash - {'type': 'bash', 'command': 'cat veligo-platform/backend/src/payment.rs'}[0m
[0;34m$ cat veligo-platform/backend/src/payment.rs[0m
[0;34m[AGENT] Executing: bash - {'type': 'bash', 'command': 'cat veligo-platform/backend/src/infrastructure/adapters/payment/mod.rs'[0m
[0;34m$ cat veligo-platform/backend/src/infrastructure/adapters/payment/mod.rs[0m
[0;34m[AGENT] Executing: bash - {'type': 'bash', 'command': 'cat veligo-platform/backend/Cargo.toml'}[0m
[0;34m$ cat veligo-platform/backend/Cargo.toml[0m
[0;34m[AGENT] Executing: bash - {'type': 'bash', 'command': '<edit file="veligo-platform/backend/Cargo.toml" old="[dev-dependencies][0m
[0;34m$ <edit file="veligo-platform/backend/Cargo.toml" old="[dev-dependencies]
rstest = "0.16.0"" new="[dev-dependencies]
rstest = "0.16.0"
mockall = "0.11.4"
async-trait = "0.1.74""/>[0m
[0;34m[AGENT] Iteration 3/10[0m
[0;34m[AGENT] Executing: bash - {'type': 'bash', 'command': 'cat veligo-platform/backend/Cargo.toml | grep -A5 "\\[dev-dependencies\[0m
[0;34m$ cat veligo-platform/backend/Cargo.toml | grep -A5 "\[dev-dependencies\]"[0m
[0;34m[AGENT] Executing: bash - {'type': 'bash', 'command': 'sed -i \'\' \'/\\[dev-dependencies\\]/,/^$/s/rstest = "0.16.0"/rstest =[0m
[0;34m$ sed -i '' '/\[dev-dependencies\]/,/^$/s/rstest = "0.16.0"/rstest = "0.16.0"\nmockall = "0.11.4"/' veligo-platform/backend/Cargo.toml && cat veligo-platform/backend/Cargo.toml | grep -A8 "\[dev-dependencies\]"[0m
[0;34m[AGENT] Iteration 4/10[0m
[0;34m[AGENT] Executing: bash - {'type': 'bash', 'command': 'cat veligo-platform/backend/Cargo.toml | tail -30'}[0m
[0;34m$ cat veligo-platform/backend/Cargo.toml | tail -30[0m
[0;34m[AGENT] Executing: bash - {'type': 'bash', 'command': 'echo -e "\\nmockall = \\"0.11.4\\"" >> veligo-platform/backend/Cargo.to[0m
[0;34m$ echo -e "\nmockall = \"0.11.4\"" >> veligo-platform/backend/Cargo.toml && cat veligo-platform/backend/Cargo.toml | tail -10[0m
[0;34m[AGENT] Executing: bash - {'type': 'bash', 'command': 'cat veligo-platform/backend/src/infrastructure/adapters/payment/stripe_[0m
[0;34m$ cat veligo-platform/backend/src/infrastructure/adapters/payment/stripe_adapter.rs[0m
[0;34m[AGENT] Executing: bash - {'type': 'bash', 'command': 'cat veligo-platform/backend/src/infrastructure/adapters/payment/paypal_[0m
[0;34m$ cat veligo-platform/backend/src/infrastructure/adapters/payment/paypal_adapter.rs 2>/dev/null || find veligo-platform/backend -name "*paypal*" -o -name "*paynum*" | grep -v target[0m
[0;34m[AGENT] Iteration 5/10[0m
[0;34m[AGENT] Executing: bash - {'type': 'bash', 'command': 'cat veligo-platform/backend/src/infrastructure/adapters/payment/paynum.[0m
[0;34m$ cat veligo-platform/backend/src/infrastructure/adapters/payment/paynum.rs | head -100[0m
[0;34m[AGENT] Executing: bash - {'type': 'bash', 'command': 'cat veligo-platform/backend/src/payment/adapters/paypal.rs'}[0m
[0;34m$ cat veligo-platform/backend/src/payment/adapters/paypal.rs[0m
[0;34m[AGENT] Executing: bash - {'type': 'bash', 'command': 'cat veligo-platform/backend/src/payment/paypal_processor.rs'}[0m
[0;34m$ cat veligo-platform/backend/src/payment/paypal_processor.rs[0m
[0;34m[AGENT] Iteration 6/10[0m
[0;34m[AGENT] Executing: bash - {'type': 'bash', 'command': 'cat veligo-platform/backend/src/domain/payment/payment_port.rs'}[0m
[0;34m$ cat veligo-platform/backend/src/domain/payment/payment_port.rs[0m
[0;34m[AGENT] Executing: bash - {'type': 'bash', 'command': 'cat veligo-platform/backend/src/infrastructure/adapters/payment/factory[0m
[0;34m$ cat veligo-platform/backend/src/infrastructure/adapters/payment/factory.rs[0m
[0;34m[AGENT] Executing: bash - {'type': 'bash', 'command': 'cat veligo-platform/backend/tests/unit/payment_factory_tests.rs'}[0m
[0;34m$ cat veligo-platform/backend/tests/unit/payment_factory_tests.rs[0m
[0;34m[AGENT] Iteration 7/10[0m
[0;34m[AGENT] Executing: bash - {'type': 'bash', 'command': 'cat veligo-platform/backend/src/infrastructure/adapters/payment/factory[0m
[0;34m$ cat veligo-platform/backend/src/infrastructure/adapters/payment/factory.rs[0m
[0;34m[AGENT] Executing: bash - {'type': 'bash', 'command': 'wc -l veligo-platform/backend/tests/unit/payment_factory_tests.rs && ca[0m
[0;34m$ wc -l veligo-platform/backend/tests/unit/payment_factory_tests.rs && cat veligo-platform/backend/tests/unit/payment_factory_tests.rs[0m
[0;34m[AGENT] Executing: bash - {'type': 'bash', 'command': 'cat veligo-platform/backend/src/infrastructure/adapters/payment/mod.rs'[0m
[0;34m$ cat veligo-platform/backend/src/infrastructure/adapters/payment/mod.rs[0m
[0;34m[AGENT] Executing: bash - {'type': 'bash', 'command': 'cat veligo-platform/backend/tests/unit/paypal_adapter_tests.rs'}[0m
[0;34m$ cat veligo-platform/backend/tests/unit/paypal_adapter_tests.rs[0m
[0;34m[AGENT] Iteration 8/10[0m
[0;32m[AGENT] Agent reported SUCCESS, verifying...[0m
[0;34m[AGENT] Running Rust tests...[0m
[0;34m$ cargo test --lib 2>&1 | tail -50[0m
[0;34m[AGENT] Running Frontend tests...[0m
[0;34m$ npm run test 2>&1 | tail -30[0m
[0;34m[AGENT] Running E2E tests...[0m
[0;34m$ npx playwright test --reporter=list 2>&1 | tail -50[0m
[0;34m$ git diff --stat HEAD[0m
[0;32m[AGENT] Committing: feat(T1088): Implement unit tests for PaymentAdapterFactory usi[0m
[0;34m$ git add -A && git commit -m "feat(T1088): Implement unit tests for PaymentAdapterFactory usi

Co-Authored-By: Wiggum Agent <wiggum@veligo.app>"[0m
[0;34m[AGENT] Executing: bash - {'type': 'bash', 'command': 'cat veligo-platform/backend/tests/unit/payment_factory_tests.rs'}[0m
[0;34m$ cat veligo-platform/backend/tests/unit/payment_factory_tests.rs[0m
[0;34m[AGENT] Executing: bash - {'type': 'bash', 'command': 'grep -r "trait PaymentProcessor" veligo-platform/backend/src/ --include[0m
[0;34m$ grep -r "trait PaymentProcessor" veligo-platform/backend/src/ --include="*.rs"[0m
[0;34m[AGENT] Executing: bash - {'type': 'bash', 'command': 'grep -r "pub trait Payment" veligo-platform/backend/src/ --include="*.r[0m
[0;34m$ grep -r "pub trait Payment" veligo-platform/backend/src/ --include="*.rs" | head -20[0m
[0;34m[AGENT] Executing: bash - {'type': 'bash', 'command': 'cat veligo-platform/backend/src/lib.rs | head -100'}[0m
[0;34m$ cat veligo-platform/backend/src/lib.rs | head -100[0m
[0;34m[AGENT] Iteration 9/10[0m
[0;32m[AGENT] Agent reported SUCCESS, verifying...[0m
[0;34m[AGENT] Running Rust tests...[0m
[0;34m$ cargo test --lib 2>&1 | tail -50[0m
[0;34m[AGENT] Running Frontend tests...[0m
[0;34m$ npm run test 2>&1 | tail -30[0m
[0;34m[AGENT] Running E2E tests...[0m
[0;34m$ npx playwright test --reporter=list 2>&1 | tail -50[0m
[0;34m$ git diff --stat HEAD[0m
[0;32m[AGENT] Committing: feat(T1088): Implement unit tests for PaymentAdapterFactory usi[0m
[0;34m$ git add -A && git commit -m "feat(T1088): Implement unit tests for PaymentAdapterFactory usi

Co-Authored-By: Wiggum Agent <wiggum@veligo.app>"[0m
[0;32m[AGENT] Task T1088 COMPLETE![0m
[0;32m[AGENT] Created deploy task: D061[0m
[0;34m[AGENT] Deploy task created: D061 → wiggum_deploy.py will pick it up[0m

============================================================
RESULT: SUCCESS
============================================================
odebase. Let me implement the comprehensive test file:

```bash
<write file="veligo-platform/backend/tests/unit/payment_factory_tests.rs">
//! Unit tests for PaymentAdapterFactory
//! Tests factory creation logic, configuration handling, and error cases
//!
//! This module implements comprehensive unit tests for the PaymentAdapterFactory
//! using mock dependencies to ensure test isolation and reliability.

#[cfg(test)]
mod payment_factory_tests {
    use std::sync::Arc;
    use mockall::predicate::*;
    use mockall::Mock;
    
    use veligo_backend::infrastructure::adapters::payment::factory::PaymentAdapterFactory;
    use veligo_backend::infrastructure::adapters::payment::{
        PaymentProcessor, StripeAdapter, PaynumAdapter, MockPaymentAdapter,
    };
    use veligo_backend::config::PaymentConfig;
    use veligo_backend::domain::payment::{PaymentProvider, PaymentPort, PaymentStatus};
    use veligo_backend::infrastructure::http::HttpClient;
    use veligo

=== Test Results ===
Rust tests: PASS
    Blocking waiting for file lock on package cache
    Updating crates.io index
error: failed to select a version for `libsqlite3-sys`.
    ... required by package `sqlx-sqlite v0.8.0`
    ... which satisfies dependency `sqlx-sqlite = "=0.8.0"` of package `sqlx v0.8.0`
    ... which satisfies dependency `sqlx = "^0.8"` of package `tonic-server v0.1.0 (/Users/sylvain/_LAPOSTE/_VELIGO2/veligo-platform/backend/tonic-server)`
versions that meet the requirements `^0.28.0` are: 0.28.0

package `libsqlite3-sys` links to the native library `sqlite3`, but it conflicts with a previous package which links to `sqlite3` as well:
package `libsqlite3-sys v0.26.0`
    ... which satisfies dependency `libsqlite3-sys = "^0.26.0"` of package `sqlx-sqlite v0.7.0`
    ... which satisfies dependency `sqlx-sqlite = "=0.7.0"` of package `sqlx v0.7.0`
    ... which satisfies dependency `sqlx = "^0.7"` of package `veligo-backend v0.1.0 (/Users/sylvain/_LAPOSTE/_VELIGO2/veligo-platform/backend)`
Only one package in the dependency graph may specify the same links value. This helps ensure that only one copy of a native library is linked in the final binary. Try to adjust your dependencies so that only one package uses the `links = "sqlite3"` value. For more information, see https://doc.rust-lang.org/cargo/reference/resolver.html#links.

failed to select a version for `libsqlite3-sys` which could resolve this conflict

---
Frontend tests: PASS
  2 |   let page;
  3 |
  4 |   test.beforeAll(async ({ browser }) => {
    at /Users/sylvain/_LAPOSTE/_VELIGO2/veligo-platform/frontend/tests/api/dashboard/full-dashboard.spec.ts:1:1
Error: Cannot find package 'uuid' imported from /Users/sylvain/_LAPOSTE/_VELIGO2/veligo-platform/frontend/tests/api/modules/billing-invoicing.spec.ts
ReferenceError: beforeAll is not defined

   at api/subscription/full-subscription.spec.ts:9

   7 |   let page: Page;
   8 |
>  9 |   beforeAll(async ({ browser }) => {
     |   ^
  10 |     // Create a new con
=== Gate Report: T1088 ===
  ✗ Fail-on-Stubs: 69 stubs/TODOs found
      - veligo-platform/services/veligo-auth-service/src/handlers.rs:78: // TODO: Implement actual login with database lookup
      - veligo-platform/backend/src/bin/tonic-server.rs:1821: // TODO: Implement rate limiting via tonic interceptors instead of tower layers
      - veligo-platform/backend/src/infrastructure/http/module_routes.rs:265: // TODO: Add tests
  ✓ Security: No security issues detected
  FAILED
