[0;34m[18:40:29][0m Starting Wiggum-TDD daemon...
[0;34m[18:40:29][0m Queue: tdd
[0;34m[18:40:29][0m Tasks dir: /Users/sylvain/_LAPOSTE/_VELIGO2/tools/ralph-wiggum/tasks
[0;34m[18:40:29][0m Poll interval: 10s
[0;34m[18:40:29][0m [Wiggum-TDD] Found task: T108
[0;34m[18:40:29][0m [T108] Processing with REAL agent...
[0;34m[18:40:29][0m [T108] Using Real Agent (actual execution, not simulation)...
[0;33m[18:41:00] ⚠[0m [T108] Agent returned FAILED or needs more work
[0;33m[18:41:00] ⚠[0m [T108] Exit code: 1
[0;33m[18:41:00] ⚠[0m [T108] Check log: /Users/sylvain/_LAPOSTE/_VELIGO2/tools/ralph-wiggum/logs/T108_20260113_184029.log
[0;33m[18:41:00] ⚠[0m [T108] Retry 1/3
[0;34m[18:41:05][0m [T108] Processing with REAL agent...
[0;34m[18:41:05][0m [T108] Using Real Agent (actual execution, not simulation)...
[0;33m[18:41:55] ⚠[0m [T108] Agent returned FAILED or needs more work
[0;33m[18:41:55] ⚠[0m [T108] Exit code: 1
[0;33m[18:41:55] ⚠[0m [T108] Check log: /Users/sylvain/_LAPOSTE/_VELIGO2/tools/ralph-wiggum/logs/T108_20260113_184105.log
[0;33m[18:41:55] ⚠[0m [T108] Retry 2/3
[0;34m[18:42:00][0m [T108] Processing with REAL agent...
[0;34m[18:42:00][0m [T108] Using Real Agent (actual execution, not simulation)...
[0;33m[18:42:29] ⚠[0m [T108] Agent returned FAILED or needs more work
[0;33m[18:42:29] ⚠[0m [T108] Exit code: 1
[0;33m[18:42:29] ⚠[0m [T108] Check log: /Users/sylvain/_LAPOSTE/_VELIGO2/tools/ralph-wiggum/logs/T108_20260113_184200.log
[0;33m[18:42:29] ⚠[0m [T108] Retry 3/3
[0;31m[18:42:34] ✗[0m [T108] Failed after 3 retries
[0;34m[18:42:34][0m [Wiggum-TDD] --once mode, exiting
[0;34m[18:42:34][0m [Wiggum-TDD] Daemon stopped
