[0;34m[18:39:15][0m Starting Wiggum-TDD daemon...
[0;34m[18:39:15][0m Queue: tdd
[0;34m[18:39:15][0m Tasks dir: /Users/sylvain/_LAPOSTE/_VELIGO2/tools/ralph-wiggum/tasks
[0;34m[18:39:15][0m Poll interval: 10s
[0;34m[18:39:15][0m [Wiggum-TDD] Found task: T108
[0;34m[18:39:15][0m [T108] Processing with REAL agent...
[0;34m[18:39:15][0m [T108] Using Real Agent (actual execution, not simulation)...
[0;33m[18:39:37] ⚠[0m [T108] Agent returned FAILED or needs more work
[0;33m[18:39:37] ⚠[0m [T108] Exit code: 1
[0;33m[18:39:37] ⚠[0m [T108] Check log: /Users/sylvain/_LAPOSTE/_VELIGO2/tools/ralph-wiggum/logs/T108_20260113_183915.log
[0;33m[18:39:37] ⚠[0m [T108] Retry 1/3
[0;34m[18:39:42][0m [T108] Processing with REAL agent...
[0;34m[18:39:42][0m [T108] Using Real Agent (actual execution, not simulation)...
[0;33m[18:40:25] ⚠[0m [T108] Agent returned FAILED or needs more work
[0;33m[18:40:25] ⚠[0m [T108] Exit code: 1
[0;33m[18:40:25] ⚠[0m [T108] Check log: /Users/sylvain/_LAPOSTE/_VELIGO2/tools/ralph-wiggum/logs/T108_20260113_183942.log
[0;33m[18:40:25] ⚠[0m [T108] Retry 2/3
[0;34m[18:40:30][0m [T108] Processing with REAL agent...
[0;34m[18:40:30][0m [T108] Using Real Agent (actual execution, not simulation)...
[0;33m[18:40:59] ⚠[0m [T108] Agent returned FAILED or needs more work
[0;33m[18:40:59] ⚠[0m [T108] Exit code: 1
[0;33m[18:40:59] ⚠[0m [T108] Check log: /Users/sylvain/_LAPOSTE/_VELIGO2/tools/ralph-wiggum/logs/T108_20260113_184030.log
[0;33m[18:40:59] ⚠[0m [T108] Retry 3/3
[0;31m[18:41:04] ✗[0m [T108] Failed after 3 retries
[0;34m[18:41:04][0m [Wiggum-TDD] --once mode, exiting
[0;34m[18:41:04][0m [Wiggum-TDD] Daemon stopped
