[0;34m[18:38:03][0m Starting Wiggum-TDD daemon...
[0;34m[18:38:03][0m Queue: tdd
[0;34m[18:38:03][0m Tasks dir: /Users/sylvain/_LAPOSTE/_VELIGO2/tools/ralph-wiggum/tasks
[0;34m[18:38:03][0m Poll interval: 10s
[0;34m[18:38:03][0m [Wiggum-TDD] Found task: T106
[0;34m[18:38:03][0m [T106] Processing with REAL agent...
[0;34m[18:38:03][0m [T106] Using Real Agent (actual execution, not simulation)...
[0;33m[18:38:33] ⚠[0m [T106] Agent returned FAILED or needs more work
[0;33m[18:38:33] ⚠[0m [T106] Exit code: 1
[0;33m[18:38:33] ⚠[0m [T106] Check log: /Users/sylvain/_LAPOSTE/_VELIGO2/tools/ralph-wiggum/logs/T106_20260113_183803.log
[0;33m[18:38:33] ⚠[0m [T106] Retry 1/3
[0;34m[18:38:38][0m [T106] Processing with REAL agent...
[0;34m[18:38:38][0m [T106] Using Real Agent (actual execution, not simulation)...
[0;33m[18:39:07] ⚠[0m [T106] Agent returned FAILED or needs more work
[0;33m[18:39:07] ⚠[0m [T106] Exit code: 1
[0;33m[18:39:07] ⚠[0m [T106] Check log: /Users/sylvain/_LAPOSTE/_VELIGO2/tools/ralph-wiggum/logs/T106_20260113_183838.log
[0;33m[18:39:07] ⚠[0m [T106] Retry 2/3
[0;34m[18:39:12][0m [T106] Processing with REAL agent...
[0;34m[18:39:12][0m [T106] Using Real Agent (actual execution, not simulation)...
[0;33m[18:40:55] ⚠[0m [T106] Agent returned FAILED or needs more work
[0;33m[18:40:55] ⚠[0m [T106] Exit code: 1
[0;33m[18:40:55] ⚠[0m [T106] Check log: /Users/sylvain/_LAPOSTE/_VELIGO2/tools/ralph-wiggum/logs/T106_20260113_183912.log
[0;33m[18:40:55] ⚠[0m [T106] Retry 3/3
[0;31m[18:41:00] ✗[0m [T106] Failed after 3 retries
[0;34m[18:41:00][0m [Wiggum-TDD] --once mode, exiting
[0;34m[18:41:00][0m [Wiggum-TDD] Daemon stopped
