[0;34m[18:36:22][0m Starting Wiggum-TDD daemon...
[0;34m[18:36:22][0m Queue: tdd
[0;34m[18:36:22][0m Tasks dir: /Users/sylvain/_LAPOSTE/_VELIGO2/tools/ralph-wiggum/tasks
[0;34m[18:36:22][0m Poll interval: 10s
[0;34m[18:36:22][0m [Wiggum-TDD] Found task: T102
[0;34m[18:36:22][0m [T102] Processing with REAL agent...
[0;34m[18:36:22][0m [T102] Using Real Agent (actual execution, not simulation)...
[0;33m[18:36:44] ⚠[0m [T102] Agent returned FAILED or needs more work
[0;33m[18:36:44] ⚠[0m [T102] Exit code: 1
[0;33m[18:36:44] ⚠[0m [T102] Check log: /Users/sylvain/_LAPOSTE/_VELIGO2/tools/ralph-wiggum/logs/T102_20260113_183622.log
[0;33m[18:36:44] ⚠[0m [T102] Retry 1/3
[0;34m[18:36:49][0m [T102] Processing with REAL agent...
[0;34m[18:36:49][0m [T102] Using Real Agent (actual execution, not simulation)...
[0;33m[18:37:21] ⚠[0m [T102] Agent returned FAILED or needs more work
[0;33m[18:37:21] ⚠[0m [T102] Exit code: 1
[0;33m[18:37:21] ⚠[0m [T102] Check log: /Users/sylvain/_LAPOSTE/_VELIGO2/tools/ralph-wiggum/logs/T102_20260113_183649.log
[0;33m[18:37:21] ⚠[0m [T102] Retry 2/3
[0;34m[18:37:26][0m [T102] Processing with REAL agent...
[0;34m[18:37:26][0m [T102] Using Real Agent (actual execution, not simulation)...
[0;33m[18:37:56] ⚠[0m [T102] Agent returned FAILED or needs more work
[0;33m[18:37:56] ⚠[0m [T102] Exit code: 1
[0;33m[18:37:56] ⚠[0m [T102] Check log: /Users/sylvain/_LAPOSTE/_VELIGO2/tools/ralph-wiggum/logs/T102_20260113_183726.log
[0;33m[18:37:56] ⚠[0m [T102] Retry 3/3
[0;31m[18:38:01] ✗[0m [T102] Failed after 3 retries
[0;34m[18:38:02][0m [Wiggum-TDD] --once mode, exiting
[0;34m[18:38:02][0m [Wiggum-TDD] Daemon stopped
