[0;32m[AGENT] Real Agent starting[0m
[0;34m[AGENT] Task: /Users/sylvain/_LAPOSTE/_VELIGO2/tools/ralph-wiggum/tasks/T1180.md[0m
[0;34m[AGENT] Queue: tdd[0m
[0;34m[AGENT] Backend: auto[0m
[0;32m[AGENT] Starting task: T1180[0m
[0;34m[AGENT] Iteration 1/10[0m
[0;34m[AGENT] Executing: bash - {'type': 'bash', 'command': 'find veligo-platform/backend -type f -name "*.rs" | grep -E "(payment|s[0m
[0;34m$ find veligo-platform/backend -type f -name "*.rs" | grep -E "(payment|stripe)" | head -20[0m
[0;34m[AGENT] Executing: bash - {'type': 'bash', 'command': 'ls -la veligo-platform/backend/src/'}[0m
[0;34m$ ls -la veligo-platform/backend/src/[0m
[0;34m[AGENT] Iteration 2/10[0m
[0;34m[AGENT] Executing: bash - {'type': 'bash', 'command': 'ls -la veligo-platform/backend/src/payment/'}[0m
[0;34m$ ls -la veligo-platform/backend/src/payment/[0m
[0;34m[AGENT] Executing: bash - {'type': 'bash', 'command': 'find veligo-platform/backend -path "*/target" -prune -o -type f -name "[0m
[0;34m$ find veligo-platform/backend -path "*/target" -prune -o -type f -name "*.rs" -print | xargs grep -l "StripeProcessor" 2>/dev/null | head -10[0m
[0;34m[AGENT] Iteration 3/10[0m
[0;33m[AGENT] No actions found in response[0m
[0;34m[AGENT] Iteration 4/10[0m
[0;33m[AGENT] No actions found in response[0m
[0;34m[AGENT] Iteration 5/10[0m
[0;33m[AGENT] No actions found in response[0m
[0;34m[AGENT] Iteration 6/10[0m
[0;34m[AGENT] Executing: bash - {'type': 'bash', 'command': 'cat veligo-platform/backend/src/payment/errors.rs'}[0m
[0;34m$ cat veligo-platform/backend/src/payment/errors.rs[0m
[0;34m[AGENT] Executing: bash - {'type': 'bash', 'command': 'cat veligo-platform/backend/src/payment/adapters/mod.rs'}[0m
[0;34m$ cat veligo-platform/backend/src/payment/adapters/mod.rs[0m
[0;34m[AGENT] Executing: bash - {'type': 'bash', 'command': 'cat veligo-platform/backend/src/payment/lib.rs'}[0m
[0;34m$ cat veligo-platform/backend/src/payment/lib.rs[0m
[0;34m[AGENT] Executing: bash - {'type': 'bash', 'command': 'cat veligo-platform/backend/tests/unit/payment_factory_tests.rs'}[0m
[0;34m$ cat veligo-platform/backend/tests/unit/payment_factory_tests.rs[0m
[0;34m[AGENT] Iteration 7/10[0m
[0;34m[AGENT] Executing: bash - {'type': 'bash', 'command': 'cat veligo-platform/backend/src/payment/mod.rs'}[0m
[0;34m$ cat veligo-platform/backend/src/payment/mod.rs[0m
[0;34m[AGENT] Iteration 8/10[0m
[0;34m[AGENT] Executing: bash - {'type': 'bash', 'command': 'cat veligo-platform/backend/src/payment/adapter.rs'}[0m
[0;34m$ cat veligo-platform/backend/src/payment/adapter.rs[0m
[0;34m[AGENT] Executing: bash - {'type': 'bash', 'command': 'find veligo-platform/backend/src/payment -name "types.rs" -exec cat {} [0m
[0;34m$ find veligo-platform/backend/src/payment -name "types.rs" -exec cat {} \;[0m
[0;34m[AGENT] Iteration 9/10[0m
[0;32m[AGENT] Agent reported SUCCESS, verifying...[0m
[0;34m[AGENT] Running Rust tests...[0m
[0;34m$ cargo test --lib 2>&1 | tail -50[0m
[0;34m[AGENT] Running Frontend tests...[0m
[0;34m$ npm run test 2>&1 | tail -30[0m
[0;34m[AGENT] Running E2E tests...[0m
[0;34m$ npx playwright test --reporter=list 2>&1 | tail -50[0m
[0;34m$ git diff --stat HEAD[0m
[0;32m[AGENT] Committing: feat(T1180): Implement unit tests for StripeProcessor with depe[0m
[0;34m$ git add -A && git commit -m "feat(T1180): Implement unit tests for StripeProcessor with depe

Co-Authored-By: Wiggum Agent <wiggum@veligo.app>"[0m
[0;32m[AGENT] Task T1180 COMPLETE![0m
[0;32m[AGENT] Created deploy task: D067[0m
[0;34m[AGENT] Deploy task created: D067 → wiggum_deploy.py will pick it up[0m

============================================================
RESULT: SUCCESS
============================================================
encies on `StripeProcessorConfig` and presumably a Stripe API client
- The tests need to mock the Stripe API client to test `StripeProcessor` in isolation

Let me check the full `adapter.rs` file to understand the `PaymentAdapter` trait and `StripeProcessor` structure better.

I also see that there's already a test file at `veligo-platform/backend/tests/unit/payment_factory_tests.rs`.

Let me create a comprehensive test plan:

## Test Plan

1. **Create unit tests for `StripeProcessor`** in `veligo-platform/backend/src/payment/tests/mod.rs`
2. **Mock the Stripe API client** using a trait or mock library
3. **Test the following scenarios**:
   - Successful payment processing
   - Failed payment processing
   - Successful refund
   - Failed refund
   - Configuration validation
   - Error handling

First, let me see the full adapter.rs file to understand the StripeProcessor better.
</think>

<bash>
cat veligo-platform/backend/src/payment/adapter.rs | head -200</bash>

=== Test Results ===
Rust tests: PASS
    Blocking waiting for file lock on package cache
    Updating crates.io index
error: failed to select a version for `libsqlite3-sys`.
    ... required by package `sqlx-sqlite v0.8.0`
    ... which satisfies dependency `sqlx-sqlite = "=0.8.0"` of package `sqlx v0.8.0`
    ... which satisfies dependency `sqlx = "^0.8"` of package `veligo-auth-service v0.1.0 (/Users/sylvain/_LAPOSTE/_VELIGO2/veligo-platform/services/veligo-auth-service)`
versions that meet the requirements `^0.28.0` are: 0.28.0

package `libsqlite3-sys` links to the native library `sqlite3`, but it conflicts with a previous package which links to `sqlite3` as well:
package `libsqlite3-sys v0.26.0`
    ... which satisfies dependency `libsqlite3-sys = "^0.26.0"` of package `sqlx-sqlite v0.7.0`
    ... which satisfies dependency `sqlx-sqlite = "=0.7.0"` of package `sqlx v0.7.0`
    ... which satisfies dependency `sqlx = "^0.7"` of package `tonic-server v0.1.0 (/Users/sylvain/_LAPOSTE/_VELIGO2/veligo-platform/backend/tonic-server)`
Only one package in the dependency graph may specify the same links value. This helps ensure that only one copy of a native library is linked in the final binary. Try to adjust your dependencies so that only one package uses the `links = "sqlite3"` value. For more information, see https://doc.rust-lang.org/cargo/reference/resolver.html#links.

failed to select a version for `libsqlite3-sys` which could resolve this conflict

---
Frontend tests: PASS
  2 |   let page;
  3 |
  4 |   test.beforeAll(async ({ browser }) => {
    at /Users/sylvain/_LAPOSTE/_VELIGO2/veligo-platform/frontend/tests/api/dashboard/full-dashboard.spec.ts:1:1
Error: Cannot find package 'uuid' imported from /Users/sylvain/_LAPOSTE/_VELIGO2/veligo-platform/frontend/tests/api/modules/billing-invoicing.spec.ts
ReferenceError: beforeAll is not defined

   at api/subscription/full-subscription.spec.ts:9

   7 |   let page: Page;
   8 |
>  9 |   beforeAll(async ({ browser }) => {
     |   ^
  10
=== Gate Report: T1180 ===
  ✗ Fail-on-Stubs: 70 stubs/TODOs found
      - veligo-platform/services/veligo-auth-service/src/handlers.rs:78: // TODO: Implement actual login with database lookup
      - veligo-platform/backend/src/bin/tonic-server.rs:1821: // TODO: Implement rate limiting via tonic interceptors instead of tower layers
      - veligo-platform/backend/src/payment/paypal_adapter.rs:60: unimplemented!()
  ✓ Security: No security issues detected
  FAILED
