[0;34m[18:53:23][0m Starting Wiggum-TDD daemon...
[0;34m[18:53:23][0m Queue: tdd
[0;34m[18:53:23][0m Tasks dir: /Users/sylvain/_LAPOSTE/_VELIGO2/tools/ralph-wiggum/tasks
[0;34m[18:53:23][0m Poll interval: 10s
[0;34m[18:53:23][0m [Wiggum-TDD] Found task: T136
[0;34m[18:53:23][0m [T136] Processing with REAL agent...
[0;34m[18:53:23][0m [T136] Using Real Agent (actual execution, not simulation)...
[0;33m[18:54:21] ⚠[0m [T136] Agent returned FAILED or needs more work
[0;33m[18:54:21] ⚠[0m [T136] Exit code: 1
[0;33m[18:54:21] ⚠[0m [T136] Check log: /Users/sylvain/_LAPOSTE/_VELIGO2/tools/ralph-wiggum/logs/T136_20260113_185323.log
[0;33m[18:54:21] ⚠[0m [T136] Retry 1/3
[0;34m[18:54:26][0m [T136] Processing with REAL agent...
[0;34m[18:54:26][0m [T136] Using Real Agent (actual execution, not simulation)...
[0;33m[18:55:14] ⚠[0m [T136] Agent returned FAILED or needs more work
[0;33m[18:55:14] ⚠[0m [T136] Exit code: 1
[0;33m[18:55:14] ⚠[0m [T136] Check log: /Users/sylvain/_LAPOSTE/_VELIGO2/tools/ralph-wiggum/logs/T136_20260113_185426.log
[0;33m[18:55:14] ⚠[0m [T136] Retry 2/3
[0;34m[18:55:19][0m [T136] Processing with REAL agent...
[0;34m[18:55:19][0m [T136] Using Real Agent (actual execution, not simulation)...
[0;33m[18:55:55] ⚠[0m [T136] Agent returned FAILED or needs more work
[0;33m[18:55:55] ⚠[0m [T136] Exit code: 1
[0;33m[18:55:55] ⚠[0m [T136] Check log: /Users/sylvain/_LAPOSTE/_VELIGO2/tools/ralph-wiggum/logs/T136_20260113_185519.log
[0;33m[18:55:55] ⚠[0m [T136] Retry 3/3
[0;31m[18:56:00] ✗[0m [T136] Failed after 3 retries
[0;34m[18:56:00][0m [Wiggum-TDD] --once mode, exiting
[0;34m[18:56:00][0m [Wiggum-TDD] Daemon stopped
