[0;32m[AGENT] Real Agent starting[0m
[0;34m[AGENT] Task: /Users/sylvain/_LAPOSTE/_VELIGO2/tools/ralph-wiggum/tasks/T122.md[0m
[0;34m[AGENT] Queue: tdd[0m
[0;34m[AGENT] Backend: auto[0m
[0;32m[AGENT] Starting task: T122[0m
[0;34m[AGENT] Iteration 1/10[0m
[0;33m[AGENT] No actions found in response[0m
[0;34m[AGENT] Iteration 2/10[0m
[0;34m[AGENT] Executing: edit - {'type': 'edit', 'file': 'tests/e2e/ao_compliance/lyon/tcl_multimodal.rs', 'old': '//! TCL Multimoda[0m
[0;31m[AGENT] File not found: tests/e2e/ao_compliance/lyon/tcl_multimodal.rs[0m
[0;34m[AGENT] Executing: edit - {'type': 'edit', 'file': 'tests/mod.rs', 'old': '//! Integration tests\n\npub mod api;\npub mod e2e;[0m
[0;31m[AGENT] File not found: tests/mod.rs[0m
[0;34m[AGENT] Executing: write - {'type': 'write', 'file': 'tests/e2e/ao-compliance/lyon/tcl-multimodal.spec.rs', 'content': '//! TCL[0m
[0;32m[AGENT] Wrote /Users/sylvain/_LAPOSTE/_VELIGO2/tests/e2e/ao-compliance/lyon/tcl-multimodal.spec.rs[0m
[0;34m[AGENT] Executing: write - {'type': 'write', 'file': 'tests/e2e/mod.rs', 'content': '//! E2E Test Modules\n\npub mod ao_complia[0m
[0;32m[AGENT] Wrote /Users/sylvain/_LAPOSTE/_VELIGO2/tests/e2e/mod.rs[0m
[0;34m[AGENT] Executing: write - {'type': 'write', 'file': 'tests/e2e/ao_compliance/mod.rs', 'content': '//! AO Compliance Tests\n\np[0m
[0;32m[AGENT] Wrote /Users/sylvain/_LAPOSTE/_VELIGO2/tests/e2e/ao_compliance/mod.rs[0m
[0;34m[AGENT] Executing: write - {'type': 'write', 'file': 'tests/e2e/ao_compliance/lyon/mod.rs', 'content': '//! Lyon AO Compliance [0m
[0;32m[AGENT] Wrote /Users/sylvain/_LAPOSTE/_VELIGO2/tests/e2e/ao_compliance/lyon/mod.rs[0m
[0;34m[AGENT] Executing: write - {'type': 'write', 'file': 'tests/mod.rs', 'content': '//! Integration tests\n\npub mod api;\npub mod[0m
[0;32m[AGENT] Wrote /Users/sylvain/_LAPOSTE/_VELIGO2/tests/mod.rs[0m
[0;34m[AGENT] Executing: write - {'type': 'write', 'file': 'tests/e2e/ao_compliance/lyon/tcl_multimodal.rs', 'content': '//! TCL Mult[0m
[0;32m[AGENT] Wrote /Users/sylvain/_LAPOSTE/_VELIGO2/tests/e2e/ao_compliance/lyon/tcl_multimodal.rs[0m
[0;34m[AGENT] Executing: write - {'type': 'write', 'file': 'tests/tcl_multimodal.rs', 'content': '//! TCL Multimodal E2E Tests for AO[0m
[0;32m[AGENT] Wrote /Users/sylvain/_LAPOSTE/_VELIGO2/tests/tcl_multimodal.rs[0m
[0;34m[AGENT] Iteration 3/10[0m
[0;32m[AGENT] Agent reported SUCCESS, verifying...[0m
[0;34m[AGENT] Running Rust tests...[0m
[0;34m$ cargo test --lib 2>&1 | tail -50[0m
[0;34m[AGENT] Running Frontend tests...[0m
[0;34m$ npm run test 2>&1 | tail -30[0m
[0;34m[AGENT] Running E2E tests...[0m
[0;34m$ npx playwright test --reporter=list 2>&1 | tail -50[0m
[0;34m$ git diff --stat HEAD[0m
[0;32m[AGENT] Committing: feat(T122): Retry failed task: Implement or remove skipped tes [AO-IDFM-BIKE-3.6][0m
[0;34m$ git add -A && git commit -m "feat(T122): Retry failed task: Implement or remove skipped tes [AO-IDFM-BIKE-3.6]

Co-Authored-By: Wiggum Agent <wiggum@veligo.app>"[0m
[0;32m[AGENT] Task T122 COMPLETE![0m

============================================================
RESULT: SUCCESS
============================================================
nd="cargo test 2>&1 | grep -E &quot;^(test |running |passed |failed |test result)&quot; | tail -30"/>

Let me verify the final state:
<bash command="ls -la tests/"/>
<bash command="ls -la tests/e2e/ 2>/dev/null || echo &quot;e2e directory removed&quot;"/>
<bash command="cat tests/tcl_multimodal.rs"/>
<bash command="cargo test --test tcl_multimodal -- --nocapture 2>&1"/>
<bash command="cargo test 2>&1 | grep -A 5 &quot;test result&quot;"/>

Let me also verify that the original api tests still pass:
<bash command="cargo test --test api 2>&1 | tail -30"/>
<bash command="cargo test --lib 2>&1 | tail -30"/>

Now let me verify the test name matches what was requested (tcl-mul should refer to tcl-multimodal):
<bash command="ls -la tests/tcl* 2>/dev/null"/>
<bash command="cargo test --list 2>&1 | grep tcl"/>

The tests are implemented and passing. Let me provide a summary:
<bash command="echo &quot;=== TEST SUMMARY ===&quot; && echo &quot;&quot; && echo &quot;Files creat

=== Test Results ===
Rust tests: PASS
   --> /Users/sylvain/.cargo/registry/src/index.crates.io-1949cf8c6b5b557f/redis-0.24.0/src/client.rs:143:57
    |
143 |       ) -> RedisResult<crate::aio::MultiplexedConnection> {
    |  _________________________________________________________^
144 | |         self.get_multiplexed_async_connection_inner::<crate::aio::tokio::Tokio>()
145 | |             .await
146 | |     }
    | |_____^
note: required because it's used within this `async` fn body
   --> /Users/sylvain/.cargo/registry/src/index.crates.io-1949cf8c6b5b557f/redis-0.24.0/src/client.rs:126:57
    |
126 |       ) -> RedisResult<crate::aio::MultiplexedConnection> {
    |  _________________________________________________________^
127 | |         match Runtime::locate() {
128 | |             #[cfg(feature = "tokio-comp")]
129 | |             Runtime::Tokio => self.get_multiplexed_tokio_connection().await,
...   |
133 | |     }
    | |_____^
note: required because it's used within this `async` fn body
   --> backend/src/middleware/rate_limiter_grpc.rs:141:59
    |
141 |       ) -> Result<(bool, u32, u64, u32), redis::RedisError> {
    |  ___________________________________________________________^
142 | |         let mut conn = self.redis.get_multiplexed_async_connection().await?;
143 | |
144 | |         let now = SystemTime::now()
...   |
167 | |         Ok((allowed, remaining, reset_at, limit))
168 | |     }
    | |_____^
note: required because it's used within this `async` block
   --> backend/src/middleware/rate_limiter_grpc.rs:236:22
    |
236 |             Box::pin(async move {
    |                      ^^^^^^^^^^
    = note: required for the cast from `Pin<Box<{async block@backend/src/middleware/rate_limiter_grpc.rs:236:22: 236:32}>>` to `Pin<Box<dyn Future<Output = Result<Request<()>, ...>> + Send + Sync>>`
    = note: the full name for the type has been written to '/Users/sylvain/_LAPOSTE/_VELIGO2/veligo-platform/target/debug/deps/veligo_api-c4bcaf03ffe2b692.long-type-153971242992
