[0;34m[08:26:58][0m Starting Wiggum-TDD daemon...
[0;34m[08:26:58][0m Queue: tdd
[0;34m[08:26:58][0m Tasks dir: /Users/sylvain/_LAPOSTE/_VELIGO2/tools/ralph-wiggum/tasks
[0;34m[08:26:58][0m Poll interval: 10s
[0;34m[08:26:58][0m [Wiggum-TDD] Found task: T120
[0;34m[08:26:58][0m [T120] Processing with REAL agent...
[0;34m[08:26:58][0m [T120] Using Real Agent (actual execution, not simulation)...
[0;33m[08:27:25] ⚠[0m [T120] Agent returned FAILED or needs more work
[0;33m[08:27:25] ⚠[0m [T120] Exit code: 1
[0;33m[08:27:25] ⚠[0m [T120] Check log: /Users/sylvain/_LAPOSTE/_VELIGO2/tools/ralph-wiggum/logs/T120_20260114_082658.log
[0;33m[08:27:26] ⚠[0m [T120] Retry 1/3
[0;34m[08:27:31][0m [T120] Processing with REAL agent...
[0;34m[08:27:31][0m [T120] Using Real Agent (actual execution, not simulation)...
[0;33m[08:29:15] ⚠[0m [T120] Agent returned FAILED or needs more work
[0;33m[08:29:15] ⚠[0m [T120] Exit code: 1
[0;33m[08:29:15] ⚠[0m [T120] Check log: /Users/sylvain/_LAPOSTE/_VELIGO2/tools/ralph-wiggum/logs/T120_20260114_082731.log
[0;33m[08:29:15] ⚠[0m [T120] Retry 2/3
[0;34m[08:29:20][0m [T120] Processing with REAL agent...
[0;34m[08:29:20][0m [T120] Using Real Agent (actual execution, not simulation)...
[0;33m[08:29:49] ⚠[0m [T120] Agent returned FAILED or needs more work
[0;33m[08:29:49] ⚠[0m [T120] Exit code: 1
[0;33m[08:29:49] ⚠[0m [T120] Check log: /Users/sylvain/_LAPOSTE/_VELIGO2/tools/ralph-wiggum/logs/T120_20260114_082920.log
[0;33m[08:29:49] ⚠[0m [T120] Retry 3/3
[0;31m[08:29:54] ✗[0m [T120] Failed after 3 retries
[0;34m[08:29:54][0m [Wiggum-TDD] --once mode, exiting
[0;34m[08:29:54][0m [Wiggum-TDD] Daemon stopped
