[0;34m[18:56:02][0m Starting Wiggum-TDD daemon...
[0;34m[18:56:02][0m Queue: tdd
[0;34m[18:56:02][0m Tasks dir: /Users/sylvain/_LAPOSTE/_VELIGO2/tools/ralph-wiggum/tasks
[0;34m[18:56:02][0m Poll interval: 10s
[0;34m[18:56:02][0m [Wiggum-TDD] Found task: T139
[0;34m[18:56:02][0m [T139] Processing with REAL agent...
[0;34m[18:56:02][0m [T139] Using Real Agent (actual execution, not simulation)...
[0;33m[18:57:02] ⚠[0m [T139] Agent returned FAILED or needs more work
[0;33m[18:57:02] ⚠[0m [T139] Exit code: 1
[0;33m[18:57:02] ⚠[0m [T139] Check log: /Users/sylvain/_LAPOSTE/_VELIGO2/tools/ralph-wiggum/logs/T139_20260113_185602.log
[0;33m[18:57:02] ⚠[0m [T139] Retry 1/3
[0;34m[18:57:07][0m [T139] Processing with REAL agent...
[0;34m[18:57:07][0m [T139] Using Real Agent (actual execution, not simulation)...
[0;33m[19:03:45] ⚠[0m [T139] Agent returned FAILED or needs more work
[0;33m[19:03:45] ⚠[0m [T139] Exit code: 1
[0;33m[19:03:45] ⚠[0m [T139] Check log: /Users/sylvain/_LAPOSTE/_VELIGO2/tools/ralph-wiggum/logs/T139_20260113_185707.log
[0;33m[19:03:45] ⚠[0m [T139] Retry 2/3
[0;34m[19:03:50][0m [T139] Processing with REAL agent...
[0;34m[19:03:50][0m [T139] Using Real Agent (actual execution, not simulation)...
[0;33m[19:04:22] ⚠[0m [T139] Agent returned FAILED or needs more work
[0;33m[19:04:22] ⚠[0m [T139] Exit code: 1
[0;33m[19:04:22] ⚠[0m [T139] Check log: /Users/sylvain/_LAPOSTE/_VELIGO2/tools/ralph-wiggum/logs/T139_20260113_190350.log
[0;33m[19:04:22] ⚠[0m [T139] Retry 3/3
[0;31m[19:04:27] ✗[0m [T139] Failed after 3 retries
[0;34m[19:04:27][0m [Wiggum-TDD] --once mode, exiting
[0;34m[19:04:27][0m [Wiggum-TDD] Daemon stopped
