[0;34m[08:26:44][0m Starting Wiggum-TDD daemon...
[0;34m[08:26:44][0m Queue: tdd
[0;34m[08:26:44][0m Tasks dir: /Users/sylvain/_LAPOSTE/_VELIGO2/tools/ralph-wiggum/tasks
[0;34m[08:26:44][0m Poll interval: 10s
[0;34m[08:26:45][0m [Wiggum-TDD] Found task: T108
[0;34m[08:26:45][0m [T108] Processing with REAL agent...
[0;34m[08:26:45][0m [T108] Using Real Agent (actual execution, not simulation)...
[0;33m[08:27:08] ⚠[0m [T108] Agent returned FAILED or needs more work
[0;33m[08:27:08] ⚠[0m [T108] Exit code: 1
[0;33m[08:27:08] ⚠[0m [T108] Check log: /Users/sylvain/_LAPOSTE/_VELIGO2/tools/ralph-wiggum/logs/T108_20260114_082645.log
[0;33m[08:27:09] ⚠[0m [T108] Retry 1/3
[0;34m[08:27:14][0m [T108] Processing with REAL agent...
[0;34m[08:27:14][0m [T108] Using Real Agent (actual execution, not simulation)...
[0;33m[08:27:48] ⚠[0m [T108] Agent returned FAILED or needs more work
[0;33m[08:27:48] ⚠[0m [T108] Exit code: 1
[0;33m[08:27:48] ⚠[0m [T108] Check log: /Users/sylvain/_LAPOSTE/_VELIGO2/tools/ralph-wiggum/logs/T108_20260114_082714.log
[0;33m[08:27:48] ⚠[0m [T108] Retry 2/3
[0;34m[08:27:53][0m [T108] Processing with REAL agent...
[0;34m[08:27:54][0m [T108] Using Real Agent (actual execution, not simulation)...
[0;33m[08:28:20] ⚠[0m [T108] Agent returned FAILED or needs more work
[0;33m[08:28:20] ⚠[0m [T108] Exit code: 1
[0;33m[08:28:20] ⚠[0m [T108] Check log: /Users/sylvain/_LAPOSTE/_VELIGO2/tools/ralph-wiggum/logs/T108_20260114_082753.log
[0;33m[08:28:21] ⚠[0m [T108] Retry 3/3
[0;31m[08:28:26] ✗[0m [T108] Failed after 3 retries
[0;34m[08:28:26][0m [Wiggum-TDD] --once mode, exiting
[0;34m[08:28:26][0m [Wiggum-TDD] Daemon stopped
