[0;34m[18:52:47][0m Starting Wiggum-TDD daemon...
[0;34m[18:52:47][0m Queue: tdd
[0;34m[18:52:47][0m Tasks dir: /Users/sylvain/_LAPOSTE/_VELIGO2/tools/ralph-wiggum/tasks
[0;34m[18:52:47][0m Poll interval: 10s
[0;34m[18:52:47][0m [Wiggum-TDD] Found task: T125
[0;34m[18:52:47][0m [T125] Processing with REAL agent...
[0;34m[18:52:47][0m [T125] Using Real Agent (actual execution, not simulation)...
[0;33m[18:53:14] ⚠[0m [T125] Agent returned FAILED or needs more work
[0;33m[18:53:14] ⚠[0m [T125] Exit code: 1
[0;33m[18:53:14] ⚠[0m [T125] Check log: /Users/sylvain/_LAPOSTE/_VELIGO2/tools/ralph-wiggum/logs/T125_20260113_185247.log
[0;33m[18:53:14] ⚠[0m [T125] Retry 1/3
[0;34m[18:53:19][0m [T125] Processing with REAL agent...
[0;34m[18:53:19][0m [T125] Using Real Agent (actual execution, not simulation)...
[0;33m[18:55:12] ⚠[0m [T125] Agent returned FAILED or needs more work
[0;33m[18:55:12] ⚠[0m [T125] Exit code: 1
[0;33m[18:55:12] ⚠[0m [T125] Check log: /Users/sylvain/_LAPOSTE/_VELIGO2/tools/ralph-wiggum/logs/T125_20260113_185319.log
[0;33m[18:55:12] ⚠[0m [T125] Retry 2/3
[0;34m[18:55:17][0m [T125] Processing with REAL agent...
[0;34m[18:55:17][0m [T125] Using Real Agent (actual execution, not simulation)...
[0;33m[18:59:35] ⚠[0m [T125] Agent returned FAILED or needs more work
[0;33m[18:59:35] ⚠[0m [T125] Exit code: 1
[0;33m[18:59:35] ⚠[0m [T125] Check log: /Users/sylvain/_LAPOSTE/_VELIGO2/tools/ralph-wiggum/logs/T125_20260113_185517.log
[0;33m[18:59:35] ⚠[0m [T125] Retry 3/3
[0;31m[18:59:40] ✗[0m [T125] Failed after 3 retries
[0;34m[18:59:40][0m [Wiggum-TDD] --once mode, exiting
[0;34m[18:59:40][0m [Wiggum-TDD] Daemon stopped
