[0;34m[18:51:07][0m Starting Wiggum-TDD daemon...
[0;34m[18:51:07][0m Queue: tdd
[0;34m[18:51:07][0m Tasks dir: /Users/sylvain/_LAPOSTE/_VELIGO2/tools/ralph-wiggum/tasks
[0;34m[18:51:07][0m Poll interval: 10s
[0;34m[18:51:07][0m [Wiggum-TDD] Found task: T124
[0;34m[18:51:07][0m [T124] Processing with REAL agent...
[0;34m[18:51:07][0m [T124] Using Real Agent (actual execution, not simulation)...
[0;33m[18:51:31] ⚠[0m [T124] Agent returned FAILED or needs more work
[0;33m[18:51:31] ⚠[0m [T124] Exit code: 1
[0;33m[18:51:32] ⚠[0m [T124] Check log: /Users/sylvain/_LAPOSTE/_VELIGO2/tools/ralph-wiggum/logs/T124_20260113_185107.log
[0;33m[18:51:32] ⚠[0m [T124] Retry 1/3
[0;34m[18:51:37][0m [T124] Processing with REAL agent...
[0;34m[18:51:37][0m [T124] Using Real Agent (actual execution, not simulation)...
[0;33m[18:52:03] ⚠[0m [T124] Agent returned FAILED or needs more work
[0;33m[18:52:03] ⚠[0m [T124] Exit code: 1
[0;33m[18:52:03] ⚠[0m [T124] Check log: /Users/sylvain/_LAPOSTE/_VELIGO2/tools/ralph-wiggum/logs/T124_20260113_185137.log
[0;33m[18:52:03] ⚠[0m [T124] Retry 2/3
[0;34m[18:52:08][0m [T124] Processing with REAL agent...
[0;34m[18:52:08][0m [T124] Using Real Agent (actual execution, not simulation)...
[0;33m[18:52:31] ⚠[0m [T124] Agent returned FAILED or needs more work
[0;33m[18:52:31] ⚠[0m [T124] Exit code: 1
[0;33m[18:52:31] ⚠[0m [T124] Check log: /Users/sylvain/_LAPOSTE/_VELIGO2/tools/ralph-wiggum/logs/T124_20260113_185208.log
[0;33m[18:52:31] ⚠[0m [T124] Retry 3/3
[0;31m[18:52:36] ✗[0m [T124] Failed after 3 retries
[0;34m[18:52:36][0m [Wiggum-TDD] --once mode, exiting
[0;34m[18:52:36][0m [Wiggum-TDD] Daemon stopped
