[0;34m[18:51:00][0m Starting Wiggum-TDD daemon...
[0;34m[18:51:00][0m Queue: tdd
[0;34m[18:51:00][0m Tasks dir: /Users/sylvain/_LAPOSTE/_VELIGO2/tools/ralph-wiggum/tasks
[0;34m[18:51:00][0m Poll interval: 10s
[0;34m[18:51:00][0m [Wiggum-TDD] Found task: T120
[0;34m[18:51:00][0m [T120] Processing with REAL agent...
[0;34m[18:51:00][0m [T120] Using Real Agent (actual execution, not simulation)...
[0;33m[18:52:06] ⚠[0m [T120] Agent returned FAILED or needs more work
[0;33m[18:52:06] ⚠[0m [T120] Exit code: 1
[0;33m[18:52:06] ⚠[0m [T120] Check log: /Users/sylvain/_LAPOSTE/_VELIGO2/tools/ralph-wiggum/logs/T120_20260113_185100.log
[0;33m[18:52:06] ⚠[0m [T120] Retry 1/3
[0;34m[18:52:11][0m [T120] Processing with REAL agent...
[0;34m[18:52:11][0m [T120] Using Real Agent (actual execution, not simulation)...
[0;33m[18:53:30] ⚠[0m [T120] Agent returned FAILED or needs more work
[0;33m[18:53:30] ⚠[0m [T120] Exit code: 1
[0;33m[18:53:30] ⚠[0m [T120] Check log: /Users/sylvain/_LAPOSTE/_VELIGO2/tools/ralph-wiggum/logs/T120_20260113_185211.log
[0;33m[18:53:30] ⚠[0m [T120] Retry 2/3
[0;34m[18:53:35][0m [T120] Processing with REAL agent...
[0;34m[18:53:35][0m [T120] Using Real Agent (actual execution, not simulation)...
[0;33m[18:54:13] ⚠[0m [T120] Agent returned FAILED or needs more work
[0;33m[18:54:13] ⚠[0m [T120] Exit code: 1
[0;33m[18:54:13] ⚠[0m [T120] Check log: /Users/sylvain/_LAPOSTE/_VELIGO2/tools/ralph-wiggum/logs/T120_20260113_185335.log
[0;33m[18:54:13] ⚠[0m [T120] Retry 3/3
[0;31m[18:54:18] ✗[0m [T120] Failed after 3 retries
[0;34m[18:54:19][0m [Wiggum-TDD] --once mode, exiting
[0;34m[18:54:19][0m [Wiggum-TDD] Daemon stopped
