[0;34m[18:49:16][0m Starting Wiggum-TDD daemon...
[0;34m[18:49:16][0m Queue: tdd
[0;34m[18:49:16][0m Tasks dir: /Users/sylvain/_LAPOSTE/_VELIGO2/tools/ralph-wiggum/tasks
[0;34m[18:49:16][0m Poll interval: 10s
[0;34m[18:49:16][0m [Wiggum-TDD] Found task: T121
[0;34m[18:49:16][0m [T121] Processing with REAL agent...
[0;34m[18:49:16][0m [T121] Using Real Agent (actual execution, not simulation)...
[0;33m[18:49:42] ⚠[0m [T121] Agent returned FAILED or needs more work
[0;33m[18:49:42] ⚠[0m [T121] Exit code: 1
[0;33m[18:49:42] ⚠[0m [T121] Check log: /Users/sylvain/_LAPOSTE/_VELIGO2/tools/ralph-wiggum/logs/T121_20260113_184916.log
[0;33m[18:49:42] ⚠[0m [T121] Retry 1/3
[0;34m[18:49:47][0m [T121] Processing with REAL agent...
[0;34m[18:49:47][0m [T121] Using Real Agent (actual execution, not simulation)...
[0;33m[18:50:19] ⚠[0m [T121] Agent returned FAILED or needs more work
[0;33m[18:50:19] ⚠[0m [T121] Exit code: 1
[0;33m[18:50:19] ⚠[0m [T121] Check log: /Users/sylvain/_LAPOSTE/_VELIGO2/tools/ralph-wiggum/logs/T121_20260113_184947.log
[0;33m[18:50:19] ⚠[0m [T121] Retry 2/3
[0;34m[18:50:24][0m [T121] Processing with REAL agent...
[0;34m[18:50:24][0m [T121] Using Real Agent (actual execution, not simulation)...
[0;33m[18:50:53] ⚠[0m [T121] Agent returned FAILED or needs more work
[0;33m[18:50:53] ⚠[0m [T121] Exit code: 1
[0;33m[18:50:53] ⚠[0m [T121] Check log: /Users/sylvain/_LAPOSTE/_VELIGO2/tools/ralph-wiggum/logs/T121_20260113_185024.log
[0;33m[18:50:53] ⚠[0m [T121] Retry 3/3
[0;31m[18:50:58] ✗[0m [T121] Failed after 3 retries
[0;34m[18:50:58][0m [Wiggum-TDD] --once mode, exiting
[0;34m[18:50:58][0m [Wiggum-TDD] Daemon stopped
