[0;34m[19:01:14][0m Starting Wiggum-TDD daemon...
[0;34m[19:01:14][0m Queue: tdd
[0;34m[19:01:14][0m Tasks dir: /Users/sylvain/_LAPOSTE/_VELIGO2/tools/ralph-wiggum/tasks
[0;34m[19:01:14][0m Poll interval: 10s
[0;34m[19:01:14][0m [Wiggum-TDD] Found task: T149
[0;34m[19:01:14][0m [T149] Processing with REAL agent...
[0;34m[19:01:14][0m [T149] Using Real Agent (actual execution, not simulation)...
[0;33m[19:01:37] ⚠[0m [T149] Agent returned FAILED or needs more work
[0;33m[19:01:37] ⚠[0m [T149] Exit code: 1
[0;33m[19:01:37] ⚠[0m [T149] Check log: /Users/sylvain/_LAPOSTE/_VELIGO2/tools/ralph-wiggum/logs/T149_20260113_190114.log
[0;33m[19:01:37] ⚠[0m [T149] Retry 1/3
[0;34m[19:01:42][0m [T149] Processing with REAL agent...
[0;34m[19:01:42][0m [T149] Using Real Agent (actual execution, not simulation)...
[0;33m[19:02:14] ⚠[0m [T149] Agent returned FAILED or needs more work
[0;33m[19:02:14] ⚠[0m [T149] Exit code: 1
[0;33m[19:02:14] ⚠[0m [T149] Check log: /Users/sylvain/_LAPOSTE/_VELIGO2/tools/ralph-wiggum/logs/T149_20260113_190142.log
[0;33m[19:02:14] ⚠[0m [T149] Retry 2/3
[0;34m[19:02:19][0m [T149] Processing with REAL agent...
[0;34m[19:02:19][0m [T149] Using Real Agent (actual execution, not simulation)...
[0;33m[19:03:23] ⚠[0m [T149] Agent returned FAILED or needs more work
[0;33m[19:03:23] ⚠[0m [T149] Exit code: 1
[0;33m[19:03:23] ⚠[0m [T149] Check log: /Users/sylvain/_LAPOSTE/_VELIGO2/tools/ralph-wiggum/logs/T149_20260113_190219.log
[0;33m[19:03:23] ⚠[0m [T149] Retry 3/3
[0;31m[19:03:29] ✗[0m [T149] Failed after 3 retries
[0;34m[19:03:29][0m [Wiggum-TDD] --once mode, exiting
[0;34m[19:03:29][0m [Wiggum-TDD] Daemon stopped
