[0;34m[19:00:20][0m Starting Wiggum-TDD daemon...
[0;34m[19:00:20][0m Queue: tdd
[0;34m[19:00:20][0m Tasks dir: /Users/sylvain/_LAPOSTE/_VELIGO2/tools/ralph-wiggum/tasks
[0;34m[19:00:20][0m Poll interval: 10s
[0;34m[19:00:20][0m [Wiggum-TDD] Found task: T148
[0;34m[19:00:20][0m [T148] Processing with REAL agent...
[0;34m[19:00:20][0m [T148] Using Real Agent (actual execution, not simulation)...
[0;33m[19:00:51] ⚠[0m [T148] Agent returned FAILED or needs more work
[0;33m[19:00:51] ⚠[0m [T148] Exit code: 1
[0;33m[19:00:51] ⚠[0m [T148] Check log: /Users/sylvain/_LAPOSTE/_VELIGO2/tools/ralph-wiggum/logs/T148_20260113_190020.log
[0;33m[19:00:51] ⚠[0m [T148] Retry 1/3
[0;34m[19:00:56][0m [T148] Processing with REAL agent...
[0;34m[19:00:56][0m [T148] Using Real Agent (actual execution, not simulation)...
[0;33m[19:01:26] ⚠[0m [T148] Agent returned FAILED or needs more work
[0;33m[19:01:26] ⚠[0m [T148] Exit code: 1
[0;33m[19:01:26] ⚠[0m [T148] Check log: /Users/sylvain/_LAPOSTE/_VELIGO2/tools/ralph-wiggum/logs/T148_20260113_190056.log
[0;33m[19:01:26] ⚠[0m [T148] Retry 2/3
[0;34m[19:01:31][0m [T148] Processing with REAL agent...
[0;34m[19:01:31][0m [T148] Using Real Agent (actual execution, not simulation)...
[0;33m[19:02:14] ⚠[0m [T148] Agent returned FAILED or needs more work
[0;33m[19:02:14] ⚠[0m [T148] Exit code: 1
[0;33m[19:02:14] ⚠[0m [T148] Check log: /Users/sylvain/_LAPOSTE/_VELIGO2/tools/ralph-wiggum/logs/T148_20260113_190131.log
[0;33m[19:02:14] ⚠[0m [T148] Retry 3/3
[0;31m[19:02:19] ✗[0m [T148] Failed after 3 retries
[0;34m[19:02:19][0m [Wiggum-TDD] --once mode, exiting
[0;34m[19:02:19][0m [Wiggum-TDD] Daemon stopped
