[0;34m[18:59:42][0m Starting Wiggum-TDD daemon...
[0;34m[18:59:42][0m Queue: tdd
[0;34m[18:59:42][0m Tasks dir: /Users/sylvain/_LAPOSTE/_VELIGO2/tools/ralph-wiggum/tasks
[0;34m[18:59:42][0m Poll interval: 10s
[0;34m[18:59:42][0m [Wiggum-TDD] Found task: T147
[0;34m[18:59:42][0m [T147] Processing with REAL agent...
[0;34m[18:59:42][0m [T147] Using Real Agent (actual execution, not simulation)...
[0;33m[19:00:11] ⚠[0m [T147] Agent returned FAILED or needs more work
[0;33m[19:00:11] ⚠[0m [T147] Exit code: 1
[0;33m[19:00:11] ⚠[0m [T147] Check log: /Users/sylvain/_LAPOSTE/_VELIGO2/tools/ralph-wiggum/logs/T147_20260113_185942.log
[0;33m[19:00:11] ⚠[0m [T147] Retry 1/3
[0;34m[19:00:16][0m [T147] Processing with REAL agent...
[0;34m[19:00:16][0m [T147] Using Real Agent (actual execution, not simulation)...
[0;33m[19:00:40] ⚠[0m [T147] Agent returned FAILED or needs more work
[0;33m[19:00:40] ⚠[0m [T147] Exit code: 1
[0;33m[19:00:40] ⚠[0m [T147] Check log: /Users/sylvain/_LAPOSTE/_VELIGO2/tools/ralph-wiggum/logs/T147_20260113_190016.log
[0;33m[19:00:40] ⚠[0m [T147] Retry 2/3
[0;34m[19:00:45][0m [T147] Processing with REAL agent...
[0;34m[19:00:45][0m [T147] Using Real Agent (actual execution, not simulation)...
[0;33m[19:01:07] ⚠[0m [T147] Agent returned FAILED or needs more work
[0;33m[19:01:07] ⚠[0m [T147] Exit code: 1
[0;33m[19:01:07] ⚠[0m [T147] Check log: /Users/sylvain/_LAPOSTE/_VELIGO2/tools/ralph-wiggum/logs/T147_20260113_190045.log
[0;33m[19:01:07] ⚠[0m [T147] Retry 3/3
[0;31m[19:01:12] ✗[0m [T147] Failed after 3 retries
[0;34m[19:01:12][0m [Wiggum-TDD] --once mode, exiting
[0;34m[19:01:12][0m [Wiggum-TDD] Daemon stopped
