[0;34m[18:58:18][0m Starting Wiggum-TDD daemon...
[0;34m[18:58:18][0m Queue: tdd
[0;34m[18:58:18][0m Tasks dir: /Users/sylvain/_LAPOSTE/_VELIGO2/tools/ralph-wiggum/tasks
[0;34m[18:58:18][0m Poll interval: 10s
[0;34m[18:58:18][0m [Wiggum-TDD] Found task: T141
[0;34m[18:58:18][0m [T141] Processing with REAL agent...
[0;34m[18:58:18][0m [T141] Using Real Agent (actual execution, not simulation)...
[0;33m[18:58:53] ⚠[0m [T141] Agent returned FAILED or needs more work
[0;33m[18:58:53] ⚠[0m [T141] Exit code: 1
[0;33m[18:58:53] ⚠[0m [T141] Check log: /Users/sylvain/_LAPOSTE/_VELIGO2/tools/ralph-wiggum/logs/T141_20260113_185818.log
[0;33m[18:58:53] ⚠[0m [T141] Retry 1/3
[0;34m[18:58:58][0m [T141] Processing with REAL agent...
[0;34m[18:58:58][0m [T141] Using Real Agent (actual execution, not simulation)...
[0;33m[19:00:59] ⚠[0m [T141] Agent returned FAILED or needs more work
[0;33m[19:00:59] ⚠[0m [T141] Exit code: 1
[0;33m[19:00:59] ⚠[0m [T141] Check log: /Users/sylvain/_LAPOSTE/_VELIGO2/tools/ralph-wiggum/logs/T141_20260113_185858.log
[0;33m[19:00:59] ⚠[0m [T141] Retry 2/3
[0;34m[19:01:04][0m [T141] Processing with REAL agent...
[0;34m[19:01:04][0m [T141] Using Real Agent (actual execution, not simulation)...
[0;33m[19:01:28] ⚠[0m [T141] Agent returned FAILED or needs more work
[0;33m[19:01:28] ⚠[0m [T141] Exit code: 1
[0;33m[19:01:28] ⚠[0m [T141] Check log: /Users/sylvain/_LAPOSTE/_VELIGO2/tools/ralph-wiggum/logs/T141_20260113_190104.log
[0;33m[19:01:28] ⚠[0m [T141] Retry 3/3
[0;31m[19:01:33] ✗[0m [T141] Failed after 3 retries
[0;34m[19:01:33][0m [Wiggum-TDD] --once mode, exiting
[0;34m[19:01:33][0m [Wiggum-TDD] Daemon stopped
