[0;34m[18:56:27][0m Starting Wiggum-TDD daemon...
[0;34m[18:56:27][0m Queue: tdd
[0;34m[18:56:27][0m Tasks dir: /Users/sylvain/_LAPOSTE/_VELIGO2/tools/ralph-wiggum/tasks
[0;34m[18:56:27][0m Poll interval: 10s
[0;34m[18:56:27][0m [Wiggum-TDD] Found task: T140
[0;34m[18:56:27][0m [T140] Processing with REAL agent...
[0;34m[18:56:27][0m [T140] Using Real Agent (actual execution, not simulation)...
[0;33m[18:57:05] ⚠[0m [T140] Agent returned FAILED or needs more work
[0;33m[18:57:05] ⚠[0m [T140] Exit code: 1
[0;33m[18:57:05] ⚠[0m [T140] Check log: /Users/sylvain/_LAPOSTE/_VELIGO2/tools/ralph-wiggum/logs/T140_20260113_185627.log
[0;33m[18:57:05] ⚠[0m [T140] Retry 1/3
[0;34m[18:57:10][0m [T140] Processing with REAL agent...
[0;34m[18:57:10][0m [T140] Using Real Agent (actual execution, not simulation)...
[0;33m[18:59:43] ⚠[0m [T140] Agent returned FAILED or needs more work
[0;33m[18:59:43] ⚠[0m [T140] Exit code: 1
[0;33m[18:59:43] ⚠[0m [T140] Check log: /Users/sylvain/_LAPOSTE/_VELIGO2/tools/ralph-wiggum/logs/T140_20260113_185710.log
[0;33m[18:59:43] ⚠[0m [T140] Retry 2/3
[0;34m[18:59:48][0m [T140] Processing with REAL agent...
[0;34m[18:59:48][0m [T140] Using Real Agent (actual execution, not simulation)...
[0;33m[19:00:13] ⚠[0m [T140] Agent returned FAILED or needs more work
[0;33m[19:00:13] ⚠[0m [T140] Exit code: 1
[0;33m[19:00:13] ⚠[0m [T140] Check log: /Users/sylvain/_LAPOSTE/_VELIGO2/tools/ralph-wiggum/logs/T140_20260113_185948.log
[0;33m[19:00:13] ⚠[0m [T140] Retry 3/3
[0;31m[19:00:18] ✗[0m [T140] Failed after 3 retries
[0;34m[19:00:18][0m [Wiggum-TDD] --once mode, exiting
[0;34m[19:00:18][0m [Wiggum-TDD] Daemon stopped
