[0;34m[18:54:04][0m Starting Wiggum-TDD daemon...
[0;34m[18:54:04][0m Queue: tdd
[0;34m[18:54:04][0m Tasks dir: /Users/sylvain/_LAPOSTE/_VELIGO2/tools/ralph-wiggum/tasks
[0;34m[18:54:04][0m Poll interval: 10s
[0;34m[18:54:05][0m [Wiggum-TDD] Found task: T137
[0;34m[18:54:05][0m [T137] Processing with REAL agent...
[0;34m[18:54:05][0m [T137] Using Real Agent (actual execution, not simulation)...
[0;33m[18:54:50] ⚠[0m [T137] Agent returned FAILED or needs more work
[0;33m[18:54:50] ⚠[0m [T137] Exit code: 1
[0;33m[18:54:50] ⚠[0m [T137] Check log: /Users/sylvain/_LAPOSTE/_VELIGO2/tools/ralph-wiggum/logs/T137_20260113_185405.log
[0;33m[18:54:50] ⚠[0m [T137] Retry 1/3
[0;34m[18:54:55][0m [T137] Processing with REAL agent...
[0;34m[18:54:55][0m [T137] Using Real Agent (actual execution, not simulation)...
[0;33m[18:56:57] ⚠[0m [T137] Agent returned FAILED or needs more work
[0;33m[18:56:57] ⚠[0m [T137] Exit code: 1
[0;33m[18:56:57] ⚠[0m [T137] Check log: /Users/sylvain/_LAPOSTE/_VELIGO2/tools/ralph-wiggum/logs/T137_20260113_185455.log
[0;33m[18:56:57] ⚠[0m [T137] Retry 2/3
[0;34m[18:57:02][0m [T137] Processing with REAL agent...
[0;34m[18:57:02][0m [T137] Using Real Agent (actual execution, not simulation)...
[0;33m[18:58:11] ⚠[0m [T137] Agent returned FAILED or needs more work
[0;33m[18:58:11] ⚠[0m [T137] Exit code: 1
[0;33m[18:58:11] ⚠[0m [T137] Check log: /Users/sylvain/_LAPOSTE/_VELIGO2/tools/ralph-wiggum/logs/T137_20260113_185702.log
[0;33m[18:58:11] ⚠[0m [T137] Retry 3/3
[0;31m[18:58:16] ✗[0m [T137] Failed after 3 retries
[0;34m[18:58:16][0m [Wiggum-TDD] --once mode, exiting
[0;34m[18:58:16][0m [Wiggum-TDD] Daemon stopped
