[0;34m[08:36:10][0m Starting Wiggum-TDD daemon...
[0;34m[08:36:10][0m Queue: tdd
[0;34m[08:36:10][0m Tasks dir: /Users/sylvain/_LAPOSTE/_VELIGO2/tools/ralph-wiggum/tasks
[0;34m[08:36:10][0m Poll interval: 10s
[0;34m[08:36:10][0m [Wiggum-TDD] Found task: T102
[0;34m[08:36:10][0m [T102] Processing with REAL agent...
[0;34m[08:36:11][0m [T102] Using Real Agent (actual execution, not simulation)...
[0;33m[08:36:11] ⚠[0m [T102] Agent returned FAILED or needs more work
[0;33m[08:36:11] ⚠[0m [T102] Exit code: 1
[0;33m[08:36:11] ⚠[0m [T102] Check log: /Users/sylvain/_LAPOSTE/_VELIGO2/tools/ralph-wiggum/logs/T102_20260114_083611.log
[0;33m[08:36:11] ⚠[0m [T102] Retry 1/3
[0;34m[08:36:16][0m [T102] Processing with REAL agent...
[0;34m[08:36:16][0m [T102] Using Real Agent (actual execution, not simulation)...
[0;33m[08:36:16] ⚠[0m [T102] Agent returned FAILED or needs more work
[0;33m[08:36:16] ⚠[0m [T102] Exit code: 1
[0;33m[08:36:16] ⚠[0m [T102] Check log: /Users/sylvain/_LAPOSTE/_VELIGO2/tools/ralph-wiggum/logs/T102_20260114_083616.log
[0;33m[08:36:16] ⚠[0m [T102] Retry 2/3
[0;34m[08:36:21][0m [T102] Processing with REAL agent...
[0;34m[08:36:21][0m [T102] Using Real Agent (actual execution, not simulation)...
[0;33m[08:36:21] ⚠[0m [T102] Agent returned FAILED or needs more work
[0;33m[08:36:21] ⚠[0m [T102] Exit code: 1
[0;33m[08:36:21] ⚠[0m [T102] Check log: /Users/sylvain/_LAPOSTE/_VELIGO2/tools/ralph-wiggum/logs/T102_20260114_083621.log
[0;33m[08:36:21] ⚠[0m [T102] Retry 3/3
[0;31m[08:36:26] ✗[0m [T102] Failed after 3 retries
[0;34m[08:36:26][0m [Wiggum-TDD] --once mode, exiting
[0;34m[08:36:26][0m [Wiggum-TDD] Daemon stopped
