[0;34m[19:02:17][0m Starting Wiggum-TDD daemon...
[0;34m[19:02:17][0m Queue: tdd
[0;34m[19:02:17][0m Tasks dir: /Users/sylvain/_LAPOSTE/_VELIGO2/tools/ralph-wiggum/tasks
[0;34m[19:02:17][0m Poll interval: 10s
[0;34m[19:02:17][0m [Wiggum-TDD] Found task: T148
[0;34m[19:02:17][0m [T148] Processing with REAL agent...
[0;34m[19:02:17][0m [T148] Using Real Agent (actual execution, not simulation)...
[0;33m[19:03:02] ⚠[0m [T148] Agent returned FAILED or needs more work
[0;33m[19:03:03] ⚠[0m [T148] Exit code: 1
[0;33m[19:03:03] ⚠[0m [T148] Check log: /Users/sylvain/_LAPOSTE/_VELIGO2/tools/ralph-wiggum/logs/T148_20260113_190217.log
[0;33m[19:03:03] ⚠[0m [T148] Retry 1/3
[0;34m[19:03:08][0m [T148] Processing with REAL agent...
[0;34m[19:03:09][0m [T148] Using Real Agent (actual execution, not simulation)...
[0;33m[19:03:58] ⚠[0m [T148] Agent returned FAILED or needs more work
[0;33m[19:03:58] ⚠[0m [T148] Exit code: 1
[0;33m[19:03:58] ⚠[0m [T148] Check log: /Users/sylvain/_LAPOSTE/_VELIGO2/tools/ralph-wiggum/logs/T148_20260113_190309.log
[0;33m[19:03:58] ⚠[0m [T148] Retry 2/3
[0;34m[19:04:03][0m [T148] Processing with REAL agent...
[0;34m[19:04:03][0m [T148] Using Real Agent (actual execution, not simulation)...
[0;33m[19:05:00] ⚠[0m [T148] Agent returned FAILED or needs more work
[0;33m[19:05:00] ⚠[0m [T148] Exit code: 1
[0;33m[19:05:00] ⚠[0m [T148] Check log: /Users/sylvain/_LAPOSTE/_VELIGO2/tools/ralph-wiggum/logs/T148_20260113_190403.log
[0;33m[19:05:00] ⚠[0m [T148] Retry 3/3
[0;31m[19:05:05] ✗[0m [T148] Failed after 3 retries
[0;34m[19:05:05][0m [Wiggum-TDD] --once mode, exiting
[0;34m[19:05:05][0m [Wiggum-TDD] Daemon stopped
