[0;34m[08:33:46][0m Starting Wiggum-TDD daemon...
[0;34m[08:33:46][0m Queue: tdd
[0;34m[08:33:46][0m Tasks dir: /Users/sylvain/_LAPOSTE/_VELIGO2/tools/ralph-wiggum/tasks
[0;34m[08:33:46][0m Poll interval: 10s
[0;34m[08:33:46][0m [Wiggum-TDD] Found task: T101
[0;34m[08:33:46][0m [T101] Processing with REAL agent...
[0;34m[08:33:46][0m [T101] Using Real Agent (actual execution, not simulation)...
[0;33m[08:33:47] ⚠[0m [T101] Agent returned FAILED or needs more work
[0;33m[08:33:47] ⚠[0m [T101] Exit code: 1
[0;33m[08:33:47] ⚠[0m [T101] Check log: /Users/sylvain/_LAPOSTE/_VELIGO2/tools/ralph-wiggum/logs/T101_20260114_083346.log
[0;33m[08:33:47] ⚠[0m [T101] Retry 1/3
[0;34m[08:33:52][0m [T101] Processing with REAL agent...
[0;34m[08:33:52][0m [T101] Using Real Agent (actual execution, not simulation)...
[0;33m[08:33:54] ⚠[0m [T101] Agent returned FAILED or needs more work
[0;33m[08:33:54] ⚠[0m [T101] Exit code: 1
[0;33m[08:33:54] ⚠[0m [T101] Check log: /Users/sylvain/_LAPOSTE/_VELIGO2/tools/ralph-wiggum/logs/T101_20260114_083352.log
[0;33m[08:33:54] ⚠[0m [T101] Retry 2/3
[0;34m[08:33:59][0m [T101] Processing with REAL agent...
[0;34m[08:33:59][0m [T101] Using Real Agent (actual execution, not simulation)...
[0;33m[08:34:00] ⚠[0m [T101] Agent returned FAILED or needs more work
[0;33m[08:34:00] ⚠[0m [T101] Exit code: 1
[0;33m[08:34:00] ⚠[0m [T101] Check log: /Users/sylvain/_LAPOSTE/_VELIGO2/tools/ralph-wiggum/logs/T101_20260114_083359.log
[0;33m[08:34:00] ⚠[0m [T101] Retry 3/3
[0;31m[08:34:05] ✗[0m [T101] Failed after 3 retries
[0;34m[08:34:05][0m [Wiggum-TDD] --once mode, exiting
[0;34m[08:34:05][0m [Wiggum-TDD] Daemon stopped
