[0;34m[08:28:31][0m Starting Wiggum-TDD daemon...
[0;34m[08:28:31][0m Queue: tdd
[0;34m[08:28:31][0m Tasks dir: /Users/sylvain/_LAPOSTE/_VELIGO2/tools/ralph-wiggum/tasks
[0;34m[08:28:31][0m Poll interval: 10s
[0;34m[08:28:32][0m [Wiggum-TDD] Found task: T148
[0;34m[08:28:32][0m [T148] Processing with REAL agent...
[0;34m[08:28:32][0m [T148] Using Real Agent (actual execution, not simulation)...
[0;33m[08:30:52] ⚠[0m [T148] Agent returned FAILED or needs more work
[0;33m[08:30:52] ⚠[0m [T148] Exit code: 1
[0;33m[08:30:52] ⚠[0m [T148] Check log: /Users/sylvain/_LAPOSTE/_VELIGO2/tools/ralph-wiggum/logs/T148_20260114_082832.log
[0;33m[08:30:52] ⚠[0m [T148] Retry 1/3
[0;34m[08:30:57][0m [T148] Processing with REAL agent...
[0;34m[08:30:57][0m [T148] Using Real Agent (actual execution, not simulation)...
[0;33m[08:32:36] ⚠[0m [T148] Agent returned FAILED or needs more work
[0;33m[08:32:36] ⚠[0m [T148] Exit code: 1
[0;33m[08:32:36] ⚠[0m [T148] Check log: /Users/sylvain/_LAPOSTE/_VELIGO2/tools/ralph-wiggum/logs/T148_20260114_083057.log
[0;33m[08:32:36] ⚠[0m [T148] Retry 2/3
[0;34m[08:32:41][0m [T148] Processing with REAL agent...
[0;34m[08:32:41][0m [T148] Using Real Agent (actual execution, not simulation)...
[0;33m[08:33:28] ⚠[0m [T148] Agent returned FAILED or needs more work
[0;33m[08:33:28] ⚠[0m [T148] Exit code: 1
[0;33m[08:33:28] ⚠[0m [T148] Check log: /Users/sylvain/_LAPOSTE/_VELIGO2/tools/ralph-wiggum/logs/T148_20260114_083241.log
[0;33m[08:33:28] ⚠[0m [T148] Retry 3/3
[0;31m[08:33:33] ✗[0m [T148] Failed after 3 retries
[0;34m[08:33:33][0m [Wiggum-TDD] --once mode, exiting
[0;34m[08:33:33][0m [Wiggum-TDD] Daemon stopped
