[0;34m[08:27:57][0m Starting Wiggum-TDD daemon...
[0;34m[08:27:57][0m Queue: tdd
[0;34m[08:27:57][0m Tasks dir: /Users/sylvain/_LAPOSTE/_VELIGO2/tools/ralph-wiggum/tasks
[0;34m[08:27:57][0m Poll interval: 10s
[0;34m[08:27:58][0m [Wiggum-TDD] Found task: T141
[0;34m[08:27:58][0m [T141] Processing with REAL agent...
[0;34m[08:27:58][0m [T141] Using Real Agent (actual execution, not simulation)...
[0;33m[08:32:59] ⚠[0m [T141] Agent returned FAILED or needs more work
[0;33m[08:32:59] ⚠[0m [T141] Exit code: 1
[0;33m[08:32:59] ⚠[0m [T141] Check log: /Users/sylvain/_LAPOSTE/_VELIGO2/tools/ralph-wiggum/logs/T141_20260114_082758.log
[0;33m[08:32:59] ⚠[0m [T141] Retry 1/3
[0;34m[08:33:04][0m [T141] Processing with REAL agent...
[0;34m[08:33:04][0m [T141] Using Real Agent (actual execution, not simulation)...
[0;33m[08:33:32] ⚠[0m [T141] Agent returned FAILED or needs more work
[0;33m[08:33:32] ⚠[0m [T141] Exit code: 1
[0;33m[08:33:32] ⚠[0m [T141] Check log: /Users/sylvain/_LAPOSTE/_VELIGO2/tools/ralph-wiggum/logs/T141_20260114_083304.log
[0;33m[08:33:32] ⚠[0m [T141] Retry 2/3
[0;34m[08:33:37][0m [T141] Processing with REAL agent...
[0;34m[08:33:37][0m [T141] Using Real Agent (actual execution, not simulation)...
[0;33m[08:33:38] ⚠[0m [T141] Agent returned FAILED or needs more work
[0;33m[08:33:38] ⚠[0m [T141] Exit code: 1
[0;33m[08:33:38] ⚠[0m [T141] Check log: /Users/sylvain/_LAPOSTE/_VELIGO2/tools/ralph-wiggum/logs/T141_20260114_083337.log
[0;33m[08:33:39] ⚠[0m [T141] Retry 3/3
[0;31m[08:33:44] ✗[0m [T141] Failed after 3 retries
[0;34m[08:33:44][0m [Wiggum-TDD] --once mode, exiting
[0;34m[08:33:44][0m [Wiggum-TDD] Daemon stopped
