[0;34m[19:36:39][0m Starting Wiggum-TDD daemon...
[0;34m[19:36:39][0m Queue: tdd
[0;34m[19:36:39][0m Tasks dir: /Users/sylvain/_LAPOSTE/_VELIGO2/tools/ralph-wiggum/tasks
[0;34m[19:36:39][0m Poll interval: 10s
[0;34m[19:36:39][0m [Wiggum-TDD] Found task: T168
[0;34m[19:36:39][0m [T168] Processing with REAL agent...
[0;34m[19:36:39][0m [T168] Using Real Agent (actual execution, not simulation)...
[0;33m[19:37:07] ⚠[0m [T168] Agent returned FAILED or needs more work
[0;33m[19:37:07] ⚠[0m [T168] Exit code: 1
[0;33m[19:37:07] ⚠[0m [T168] Check log: /Users/sylvain/_LAPOSTE/_VELIGO2/tools/ralph-wiggum/logs/T168_20260113_193639.log
[0;33m[19:37:07] ⚠[0m [T168] Retry 1/3
[0;34m[19:37:12][0m [T168] Processing with REAL agent...
[0;34m[19:37:12][0m [T168] Using Real Agent (actual execution, not simulation)...
[0;33m[19:37:46] ⚠[0m [T168] Agent returned FAILED or needs more work
[0;33m[19:37:46] ⚠[0m [T168] Exit code: 1
[0;33m[19:37:46] ⚠[0m [T168] Check log: /Users/sylvain/_LAPOSTE/_VELIGO2/tools/ralph-wiggum/logs/T168_20260113_193712.log
[0;33m[19:37:46] ⚠[0m [T168] Retry 2/3
[0;34m[19:37:51][0m [T168] Processing with REAL agent...
[0;34m[19:37:51][0m [T168] Using Real Agent (actual execution, not simulation)...
[0;33m[19:38:22] ⚠[0m [T168] Agent returned FAILED or needs more work
[0;33m[19:38:22] ⚠[0m [T168] Exit code: 1
[0;33m[19:38:22] ⚠[0m [T168] Check log: /Users/sylvain/_LAPOSTE/_VELIGO2/tools/ralph-wiggum/logs/T168_20260113_193751.log
[0;33m[19:38:22] ⚠[0m [T168] Retry 3/3
[0;31m[19:38:27] ✗[0m [T168] Failed after 3 retries
[0;34m[19:38:27][0m [Wiggum-TDD] --once mode, exiting
[0;34m[19:38:27][0m [Wiggum-TDD] Daemon stopped
