[0;34m[19:34:33][0m Starting Wiggum-TDD daemon...
[0;34m[19:34:33][0m Queue: tdd
[0;34m[19:34:33][0m Tasks dir: /Users/sylvain/_LAPOSTE/_VELIGO2/tools/ralph-wiggum/tasks
[0;34m[19:34:33][0m Poll interval: 10s
[0;34m[19:34:33][0m [Wiggum-TDD] Found task: T166
[0;34m[19:34:33][0m [T166] Processing with REAL agent...
[0;34m[19:34:33][0m [T166] Using Real Agent (actual execution, not simulation)...
[0;33m[19:35:12] ⚠[0m [T166] Agent returned FAILED or needs more work
[0;33m[19:35:12] ⚠[0m [T166] Exit code: 1
[0;33m[19:35:12] ⚠[0m [T166] Check log: /Users/sylvain/_LAPOSTE/_VELIGO2/tools/ralph-wiggum/logs/T166_20260113_193433.log
[0;33m[19:35:12] ⚠[0m [T166] Retry 1/3
[0;34m[19:35:17][0m [T166] Processing with REAL agent...
[0;34m[19:35:17][0m [T166] Using Real Agent (actual execution, not simulation)...
[0;33m[19:37:49] ⚠[0m [T166] Agent returned FAILED or needs more work
[0;33m[19:37:49] ⚠[0m [T166] Exit code: 1
[0;33m[19:37:49] ⚠[0m [T166] Check log: /Users/sylvain/_LAPOSTE/_VELIGO2/tools/ralph-wiggum/logs/T166_20260113_193517.log
[0;33m[19:37:49] ⚠[0m [T166] Retry 2/3
[0;34m[19:37:54][0m [T166] Processing with REAL agent...
[0;34m[19:37:54][0m [T166] Using Real Agent (actual execution, not simulation)...
[0;33m[19:40:26] ⚠[0m [T166] Agent returned FAILED or needs more work
[0;33m[19:40:26] ⚠[0m [T166] Exit code: 1
[0;33m[19:40:26] ⚠[0m [T166] Check log: /Users/sylvain/_LAPOSTE/_VELIGO2/tools/ralph-wiggum/logs/T166_20260113_193754.log
[0;33m[19:40:26] ⚠[0m [T166] Retry 3/3
[0;31m[19:40:31] ✗[0m [T166] Failed after 3 retries
[0;34m[19:40:31][0m [Wiggum-TDD] --once mode, exiting
[0;34m[19:40:31][0m [Wiggum-TDD] Daemon stopped
