[0;34m[19:33:22][0m Starting Wiggum-TDD daemon...
[0;34m[19:33:22][0m Queue: tdd
[0;34m[19:33:22][0m Tasks dir: /Users/sylvain/_LAPOSTE/_VELIGO2/tools/ralph-wiggum/tasks
[0;34m[19:33:22][0m Poll interval: 10s
[0;34m[19:33:22][0m [Wiggum-TDD] Found task: T165
[0;34m[19:33:22][0m [T165] Processing with REAL agent...
[0;34m[19:33:22][0m [T165] Using Real Agent (actual execution, not simulation)...
[0;33m[19:33:45] ⚠[0m [T165] Agent returned FAILED or needs more work
[0;33m[19:33:45] ⚠[0m [T165] Exit code: 1
[0;33m[19:33:45] ⚠[0m [T165] Check log: /Users/sylvain/_LAPOSTE/_VELIGO2/tools/ralph-wiggum/logs/T165_20260113_193322.log
[0;33m[19:33:45] ⚠[0m [T165] Retry 1/3
[0;34m[19:33:50][0m [T165] Processing with REAL agent...
[0;34m[19:33:50][0m [T165] Using Real Agent (actual execution, not simulation)...
[0;33m[19:34:54] ⚠[0m [T165] Agent returned FAILED or needs more work
[0;33m[19:34:54] ⚠[0m [T165] Exit code: 1
[0;33m[19:34:54] ⚠[0m [T165] Check log: /Users/sylvain/_LAPOSTE/_VELIGO2/tools/ralph-wiggum/logs/T165_20260113_193350.log
[0;33m[19:34:55] ⚠[0m [T165] Retry 2/3
[0;34m[19:35:00][0m [T165] Processing with REAL agent...
[0;34m[19:35:00][0m [T165] Using Real Agent (actual execution, not simulation)...
[0;33m[19:35:52] ⚠[0m [T165] Agent returned FAILED or needs more work
[0;33m[19:35:52] ⚠[0m [T165] Exit code: 1
[0;33m[19:35:52] ⚠[0m [T165] Check log: /Users/sylvain/_LAPOSTE/_VELIGO2/tools/ralph-wiggum/logs/T165_20260113_193500.log
[0;33m[19:35:52] ⚠[0m [T165] Retry 3/3
[0;31m[19:35:58] ✗[0m [T165] Failed after 3 retries
[0;34m[19:35:58][0m [Wiggum-TDD] --once mode, exiting
[0;34m[19:35:58][0m [Wiggum-TDD] Daemon stopped
