[0;34m[19:31:50][0m Starting Wiggum-TDD daemon...
[0;34m[19:31:50][0m Queue: tdd
[0;34m[19:31:50][0m Tasks dir: /Users/sylvain/_LAPOSTE/_VELIGO2/tools/ralph-wiggum/tasks
[0;34m[19:31:50][0m Poll interval: 10s
[0;34m[19:31:51][0m [Wiggum-TDD] Found task: T162
[0;34m[19:31:51][0m [T162] Processing with REAL agent...
[0;34m[19:31:51][0m [T162] Using Real Agent (actual execution, not simulation)...
[0;33m[19:32:13] ⚠[0m [T162] Agent returned FAILED or needs more work
[0;33m[19:32:13] ⚠[0m [T162] Exit code: 1
[0;33m[19:32:13] ⚠[0m [T162] Check log: /Users/sylvain/_LAPOSTE/_VELIGO2/tools/ralph-wiggum/logs/T162_20260113_193151.log
[0;33m[19:32:13] ⚠[0m [T162] Retry 1/3
[0;34m[19:32:18][0m [T162] Processing with REAL agent...
[0;34m[19:32:18][0m [T162] Using Real Agent (actual execution, not simulation)...
[0;33m[19:32:47] ⚠[0m [T162] Agent returned FAILED or needs more work
[0;33m[19:32:47] ⚠[0m [T162] Exit code: 1
[0;33m[19:32:47] ⚠[0m [T162] Check log: /Users/sylvain/_LAPOSTE/_VELIGO2/tools/ralph-wiggum/logs/T162_20260113_193218.log
[0;33m[19:32:47] ⚠[0m [T162] Retry 2/3
[0;34m[19:32:52][0m [T162] Processing with REAL agent...
[0;34m[19:32:52][0m [T162] Using Real Agent (actual execution, not simulation)...
[0;33m[19:33:16] ⚠[0m [T162] Agent returned FAILED or needs more work
[0;33m[19:33:16] ⚠[0m [T162] Exit code: 1
[0;33m[19:33:16] ⚠[0m [T162] Check log: /Users/sylvain/_LAPOSTE/_VELIGO2/tools/ralph-wiggum/logs/T162_20260113_193252.log
[0;33m[19:33:16] ⚠[0m [T162] Retry 3/3
[0;31m[19:33:21] ✗[0m [T162] Failed after 3 retries
[0;34m[19:33:21][0m [Wiggum-TDD] --once mode, exiting
[0;34m[19:33:21][0m [Wiggum-TDD] Daemon stopped
