[0;34m[19:31:50][0m Starting Wiggum-TDD daemon...
[0;34m[19:31:50][0m Queue: tdd
[0;34m[19:31:50][0m Tasks dir: /Users/sylvain/_LAPOSTE/_VELIGO2/tools/ralph-wiggum/tasks
[0;34m[19:31:50][0m Poll interval: 10s
[0;34m[19:31:50][0m [Wiggum-TDD] Found task: T161
[0;34m[19:31:50][0m [T161] Processing with REAL agent...
[0;34m[19:31:50][0m [T161] Using Real Agent (actual execution, not simulation)...
[0;33m[19:33:43] ⚠[0m [T161] Agent returned FAILED or needs more work
[0;33m[19:33:43] ⚠[0m [T161] Exit code: 1
[0;33m[19:33:43] ⚠[0m [T161] Check log: /Users/sylvain/_LAPOSTE/_VELIGO2/tools/ralph-wiggum/logs/T161_20260113_193150.log
[0;33m[19:33:43] ⚠[0m [T161] Retry 1/3
[0;34m[19:33:48][0m [T161] Processing with REAL agent...
[0;34m[19:33:48][0m [T161] Using Real Agent (actual execution, not simulation)...
[0;33m[19:36:20] ⚠[0m [T161] Agent returned FAILED or needs more work
[0;33m[19:36:20] ⚠[0m [T161] Exit code: 1
[0;33m[19:36:20] ⚠[0m [T161] Check log: /Users/sylvain/_LAPOSTE/_VELIGO2/tools/ralph-wiggum/logs/T161_20260113_193348.log
[0;33m[19:36:20] ⚠[0m [T161] Retry 2/3
[0;34m[19:36:25][0m [T161] Processing with REAL agent...
[0;34m[19:36:25][0m [T161] Using Real Agent (actual execution, not simulation)...
[0;33m[19:37:49] ⚠[0m [T161] Agent returned FAILED or needs more work
[0;33m[19:37:49] ⚠[0m [T161] Exit code: 1
[0;33m[19:37:49] ⚠[0m [T161] Check log: /Users/sylvain/_LAPOSTE/_VELIGO2/tools/ralph-wiggum/logs/T161_20260113_193625.log
[0;33m[19:37:49] ⚠[0m [T161] Retry 3/3
[0;31m[19:37:54] ✗[0m [T161] Failed after 3 retries
[0;34m[19:37:54][0m [Wiggum-TDD] --once mode, exiting
[0;34m[19:37:54][0m [Wiggum-TDD] Daemon stopped
