[0;34m[22:32:49][0m Starting Wiggum-TDD daemon...
[0;34m[22:32:49][0m Queue: tdd
[0;34m[22:32:49][0m Tasks dir: /Users/sylvain/_LAPOSTE/_VELIGO2/tools/ralph-wiggum/tasks
[0;34m[22:32:49][0m Poll interval: 10s
[0;34m[22:32:49][0m [Wiggum-TDD] Found task: T182
[0;34m[22:32:49][0m [T182] Processing with REAL agent...
[0;34m[22:32:49][0m [T182] Using Real Agent (actual execution, not simulation)...
[0;33m[22:39:35] ⚠[0m [T182] Agent returned FAILED or needs more work
[0;33m[22:39:35] ⚠[0m [T182] Exit code: 1
[0;33m[22:39:35] ⚠[0m [T182] Check log: /Users/sylvain/_LAPOSTE/_VELIGO2/tools/ralph-wiggum/logs/T182_20260113_223249.log
[0;33m[22:39:35] ⚠[0m [T182] Retry 1/3
[0;34m[22:39:40][0m [T182] Processing with REAL agent...
[0;34m[22:39:40][0m [T182] Using Real Agent (actual execution, not simulation)...
[0;33m[22:40:10] ⚠[0m [T182] Agent returned FAILED or needs more work
[0;33m[22:40:10] ⚠[0m [T182] Exit code: 1
[0;33m[22:40:10] ⚠[0m [T182] Check log: /Users/sylvain/_LAPOSTE/_VELIGO2/tools/ralph-wiggum/logs/T182_20260113_223940.log
[0;33m[22:40:10] ⚠[0m [T182] Retry 2/3
[0;34m[22:40:15][0m [T182] Processing with REAL agent...
[0;34m[22:40:15][0m [T182] Using Real Agent (actual execution, not simulation)...
[0;33m[22:40:53] ⚠[0m [T182] Agent returned FAILED or needs more work
[0;33m[22:40:53] ⚠[0m [T182] Exit code: 1
[0;33m[22:40:53] ⚠[0m [T182] Check log: /Users/sylvain/_LAPOSTE/_VELIGO2/tools/ralph-wiggum/logs/T182_20260113_224015.log
[0;33m[22:40:53] ⚠[0m [T182] Retry 3/3
[0;31m[22:40:58] ✗[0m [T182] Failed after 3 retries
[0;34m[22:40:58][0m [Wiggum-TDD] --once mode, exiting
[0;34m[22:40:58][0m [Wiggum-TDD] Daemon stopped
