[0;34m[22:31:51][0m Starting Wiggum-TDD daemon...
[0;34m[22:31:51][0m Queue: tdd
[0;34m[22:31:51][0m Tasks dir: /Users/sylvain/_LAPOSTE/_VELIGO2/tools/ralph-wiggum/tasks
[0;34m[22:31:51][0m Poll interval: 10s
[0;34m[22:31:51][0m [Wiggum-TDD] Found task: T181
[0;34m[22:31:51][0m [T181] Processing with REAL agent...
[0;34m[22:31:51][0m [T181] Using Real Agent (actual execution, not simulation)...
[0;33m[22:32:43] ⚠[0m [T181] Agent returned FAILED or needs more work
[0;33m[22:32:43] ⚠[0m [T181] Exit code: 1
[0;33m[22:32:43] ⚠[0m [T181] Check log: /Users/sylvain/_LAPOSTE/_VELIGO2/tools/ralph-wiggum/logs/T181_20260113_223151.log
[0;33m[22:32:43] ⚠[0m [T181] Retry 1/3
[0;34m[22:32:48][0m [T181] Processing with REAL agent...
[0;34m[22:32:48][0m [T181] Using Real Agent (actual execution, not simulation)...
[0;33m[22:33:43] ⚠[0m [T181] Agent returned FAILED or needs more work
[0;33m[22:33:43] ⚠[0m [T181] Exit code: 1
[0;33m[22:33:43] ⚠[0m [T181] Check log: /Users/sylvain/_LAPOSTE/_VELIGO2/tools/ralph-wiggum/logs/T181_20260113_223248.log
[0;33m[22:33:43] ⚠[0m [T181] Retry 2/3
[0;34m[22:33:48][0m [T181] Processing with REAL agent...
[0;34m[22:33:48][0m [T181] Using Real Agent (actual execution, not simulation)...
[0;33m[22:34:40] ⚠[0m [T181] Agent returned FAILED or needs more work
[0;33m[22:34:40] ⚠[0m [T181] Exit code: 1
[0;33m[22:34:40] ⚠[0m [T181] Check log: /Users/sylvain/_LAPOSTE/_VELIGO2/tools/ralph-wiggum/logs/T181_20260113_223348.log
[0;33m[22:34:40] ⚠[0m [T181] Retry 3/3
[0;31m[22:34:45] ✗[0m [T181] Failed after 3 retries
[0;34m[22:34:45][0m [Wiggum-TDD] --once mode, exiting
[0;34m[22:34:45][0m [Wiggum-TDD] Daemon stopped
