[0;34m[22:31:49][0m Starting Wiggum-TDD daemon...
[0;34m[22:31:49][0m Queue: tdd
[0;34m[22:31:49][0m Tasks dir: /Users/sylvain/_LAPOSTE/_VELIGO2/tools/ralph-wiggum/tasks
[0;34m[22:31:49][0m Poll interval: 10s
[0;34m[22:31:49][0m [Wiggum-TDD] Found task: T179
[0;34m[22:31:49][0m [T179] Processing with REAL agent...
[0;34m[22:31:49][0m [T179] Using Real Agent (actual execution, not simulation)...
[0;33m[22:32:52] ⚠[0m [T179] Agent returned FAILED or needs more work
[0;33m[22:32:52] ⚠[0m [T179] Exit code: 1
[0;33m[22:32:52] ⚠[0m [T179] Check log: /Users/sylvain/_LAPOSTE/_VELIGO2/tools/ralph-wiggum/logs/T179_20260113_223149.log
[0;33m[22:32:52] ⚠[0m [T179] Retry 1/3
[0;34m[22:32:57][0m [T179] Processing with REAL agent...
[0;34m[22:32:57][0m [T179] Using Real Agent (actual execution, not simulation)...
[0;33m[22:33:55] ⚠[0m [T179] Agent returned FAILED or needs more work
[0;33m[22:33:55] ⚠[0m [T179] Exit code: 1
[0;33m[22:33:55] ⚠[0m [T179] Check log: /Users/sylvain/_LAPOSTE/_VELIGO2/tools/ralph-wiggum/logs/T179_20260113_223257.log
[0;33m[22:33:55] ⚠[0m [T179] Retry 2/3
[0;34m[22:34:00][0m [T179] Processing with REAL agent...
[0;34m[22:34:00][0m [T179] Using Real Agent (actual execution, not simulation)...
[0;33m[22:35:25] ⚠[0m [T179] Agent returned FAILED or needs more work
[0;33m[22:35:25] ⚠[0m [T179] Exit code: 1
[0;33m[22:35:25] ⚠[0m [T179] Check log: /Users/sylvain/_LAPOSTE/_VELIGO2/tools/ralph-wiggum/logs/T179_20260113_223400.log
[0;33m[22:35:25] ⚠[0m [T179] Retry 3/3
[0;31m[22:35:30] ✗[0m [T179] Failed after 3 retries
[0;34m[22:35:30][0m [Wiggum-TDD] --once mode, exiting
[0;34m[22:35:30][0m [Wiggum-TDD] Daemon stopped
