[0;34m[22:31:48][0m Starting Wiggum-TDD daemon...
[0;34m[22:31:48][0m Queue: tdd
[0;34m[22:31:48][0m Tasks dir: /Users/sylvain/_LAPOSTE/_VELIGO2/tools/ralph-wiggum/tasks
[0;34m[22:31:48][0m Poll interval: 10s
[0;34m[22:31:48][0m [Wiggum-TDD] Found task: T178
[0;34m[22:31:48][0m [T178] Processing with REAL agent...
[0;34m[22:31:48][0m [T178] Using Real Agent (actual execution, not simulation)...
[0;33m[22:33:10] ⚠[0m [T178] Agent returned FAILED or needs more work
[0;33m[22:33:10] ⚠[0m [T178] Exit code: 1
[0;33m[22:33:10] ⚠[0m [T178] Check log: /Users/sylvain/_LAPOSTE/_VELIGO2/tools/ralph-wiggum/logs/T178_20260113_223148.log
[0;33m[22:33:10] ⚠[0m [T178] Retry 1/3
[0;34m[22:33:15][0m [T178] Processing with REAL agent...
[0;34m[22:33:15][0m [T178] Using Real Agent (actual execution, not simulation)...
[0;33m[22:34:35] ⚠[0m [T178] Agent returned FAILED or needs more work
[0;33m[22:34:35] ⚠[0m [T178] Exit code: 1
[0;33m[22:34:35] ⚠[0m [T178] Check log: /Users/sylvain/_LAPOSTE/_VELIGO2/tools/ralph-wiggum/logs/T178_20260113_223315.log
[0;33m[22:34:35] ⚠[0m [T178] Retry 2/3
[0;34m[22:34:40][0m [T178] Processing with REAL agent...
[0;34m[22:34:40][0m [T178] Using Real Agent (actual execution, not simulation)...
[0;33m[22:36:05] ⚠[0m [T178] Agent returned FAILED or needs more work
[0;33m[22:36:05] ⚠[0m [T178] Exit code: 1
[0;33m[22:36:05] ⚠[0m [T178] Check log: /Users/sylvain/_LAPOSTE/_VELIGO2/tools/ralph-wiggum/logs/T178_20260113_223440.log
[0;33m[22:36:05] ⚠[0m [T178] Retry 3/3
[0;31m[22:36:10] ✗[0m [T178] Failed after 3 retries
[0;34m[22:36:10][0m [Wiggum-TDD] --once mode, exiting
[0;34m[22:36:10][0m [Wiggum-TDD] Daemon stopped
