[0;34m[22:52:13][0m Starting Wiggum-TDD daemon...
[0;34m[22:52:13][0m Queue: tdd
[0;34m[22:52:13][0m Tasks dir: /Users/sylvain/_LAPOSTE/_VELIGO2/tools/ralph-wiggum/tasks
[0;34m[22:52:13][0m Poll interval: 10s
[0;34m[22:52:13][0m [Wiggum-TDD] Found task: T188
[0;34m[22:52:13][0m [T188] Processing with REAL agent...
[0;34m[22:52:13][0m [T188] Using Real Agent (actual execution, not simulation)...
[0;33m[22:52:50] ⚠[0m [T188] Agent returned FAILED or needs more work
[0;33m[22:52:50] ⚠[0m [T188] Exit code: 1
[0;33m[22:52:50] ⚠[0m [T188] Check log: /Users/sylvain/_LAPOSTE/_VELIGO2/tools/ralph-wiggum/logs/T188_20260113_225213.log
[0;33m[22:52:50] ⚠[0m [T188] Retry 1/3
[0;34m[22:52:55][0m [T188] Processing with REAL agent...
[0;34m[22:52:55][0m [T188] Using Real Agent (actual execution, not simulation)...
[0;33m[22:53:24] ⚠[0m [T188] Agent returned FAILED or needs more work
[0;33m[22:53:24] ⚠[0m [T188] Exit code: 1
[0;33m[22:53:24] ⚠[0m [T188] Check log: /Users/sylvain/_LAPOSTE/_VELIGO2/tools/ralph-wiggum/logs/T188_20260113_225255.log
[0;33m[22:53:24] ⚠[0m [T188] Retry 2/3
[0;34m[22:53:29][0m [T188] Processing with REAL agent...
[0;34m[22:53:29][0m [T188] Using Real Agent (actual execution, not simulation)...
[0;33m[22:53:55] ⚠[0m [T188] Agent returned FAILED or needs more work
[0;33m[22:53:55] ⚠[0m [T188] Exit code: 1
[0;33m[22:53:55] ⚠[0m [T188] Check log: /Users/sylvain/_LAPOSTE/_VELIGO2/tools/ralph-wiggum/logs/T188_20260113_225329.log
[0;33m[22:53:55] ⚠[0m [T188] Retry 3/3
[0;31m[22:54:00] ✗[0m [T188] Failed after 3 retries
[0;34m[22:54:00][0m [Wiggum-TDD] --once mode, exiting
[0;34m[22:54:00][0m [Wiggum-TDD] Daemon stopped
