[0;34m[08:26:35][0m Starting Wiggum-TDD daemon...
[0;34m[08:26:35][0m Queue: tdd
[0;34m[08:26:35][0m Tasks dir: /Users/sylvain/_LAPOSTE/_VELIGO2/tools/ralph-wiggum/tasks
[0;34m[08:26:35][0m Poll interval: 10s
[0;34m[08:26:36][0m [Wiggum-TDD] Found task: T102
[0;34m[08:26:36][0m [T102] Processing with REAL agent...
[0;34m[08:26:36][0m [T102] Using Real Agent (actual execution, not simulation)...
[0;33m[08:33:32] ⚠[0m [T102] Agent returned FAILED or needs more work
[0;33m[08:33:32] ⚠[0m [T102] Exit code: 1
[0;33m[08:33:32] ⚠[0m [T102] Check log: /Users/sylvain/_LAPOSTE/_VELIGO2/tools/ralph-wiggum/logs/T102_20260114_082636.log
[0;33m[08:33:32] ⚠[0m [T102] Retry 1/3
[0;34m[08:33:37][0m [T102] Processing with REAL agent...
[0;34m[08:33:37][0m [T102] Using Real Agent (actual execution, not simulation)...
[0;33m[08:33:38] ⚠[0m [T102] Agent returned FAILED or needs more work
[0;33m[08:33:38] ⚠[0m [T102] Exit code: 1
[0;33m[08:33:38] ⚠[0m [T102] Check log: /Users/sylvain/_LAPOSTE/_VELIGO2/tools/ralph-wiggum/logs/T102_20260114_083337.log
[0;33m[08:33:38] ⚠[0m [T102] Retry 2/3
[0;34m[08:33:43][0m [T102] Processing with REAL agent...
[0;34m[08:33:43][0m [T102] Using Real Agent (actual execution, not simulation)...
[0;33m[08:33:44] ⚠[0m [T102] Agent returned FAILED or needs more work
[0;33m[08:33:44] ⚠[0m [T102] Exit code: 1
[0;33m[08:33:44] ⚠[0m [T102] Check log: /Users/sylvain/_LAPOSTE/_VELIGO2/tools/ralph-wiggum/logs/T102_20260114_083343.log
[0;33m[08:33:45] ⚠[0m [T102] Retry 3/3
[0;31m[08:33:50] ✗[0m [T102] Failed after 3 retries
[0;34m[08:33:50][0m [Wiggum-TDD] --once mode, exiting
[0;34m[08:33:50][0m [Wiggum-TDD] Daemon stopped
