[0;34m[23:51:59][0m Starting Wiggum-TDD daemon...
[0;34m[23:51:59][0m Queue: tdd
[0;34m[23:51:59][0m Tasks dir: /Users/sylvain/_LAPOSTE/_VELIGO2/tools/ralph-wiggum/tasks
[0;34m[23:52:00][0m Poll interval: 10s
[0;34m[23:52:09][0m [Wiggum-TDD] Found task: T204
[0;34m[23:52:09][0m [T204] Processing with REAL agent...
[0;34m[23:52:09][0m [T204] Using Real Agent (actual execution, not simulation)...
[0;33m[23:52:54] ⚠[0m [T204] Agent returned FAILED or needs more work
[0;33m[23:52:54] ⚠[0m [T204] Exit code: 1
[0;33m[23:52:54] ⚠[0m [T204] Check log: /Users/sylvain/_LAPOSTE/_VELIGO2/tools/ralph-wiggum/logs/T204_20260113_235209.log
[0;33m[23:52:54] ⚠[0m [T204] Retry 1/3
[0;34m[23:52:59][0m [T204] Processing with REAL agent...
[0;34m[23:53:00][0m [T204] Using Real Agent (actual execution, not simulation)...
[0;33m[23:57:27] ⚠[0m [T204] Agent returned FAILED or needs more work
[0;33m[23:57:27] ⚠[0m [T204] Exit code: 1
[0;33m[23:57:27] ⚠[0m [T204] Check log: /Users/sylvain/_LAPOSTE/_VELIGO2/tools/ralph-wiggum/logs/T204_20260113_235300.log
[0;33m[23:57:27] ⚠[0m [T204] Retry 2/3
[0;34m[23:57:32][0m [T204] Processing with REAL agent...
[0;34m[23:57:33][0m [T204] Using Real Agent (actual execution, not simulation)...
[0;33m[23:58:15] ⚠[0m [T204] Agent returned FAILED or needs more work
[0;33m[23:58:15] ⚠[0m [T204] Exit code: 1
[0;33m[23:58:15] ⚠[0m [T204] Check log: /Users/sylvain/_LAPOSTE/_VELIGO2/tools/ralph-wiggum/logs/T204_20260113_235733.log
[0;33m[23:58:15] ⚠[0m [T204] Retry 3/3
[0;31m[23:58:20] ✗[0m [T204] Failed after 3 retries
[0;34m[23:58:20][0m [Wiggum-TDD] --once mode, exiting
[0;34m[23:58:20][0m [Wiggum-TDD] Daemon stopped
