[0;34m[23:58:17][0m Starting Wiggum-TDD daemon...
[0;34m[23:58:17][0m Queue: tdd
[0;34m[23:58:17][0m Tasks dir: /Users/sylvain/_LAPOSTE/_VELIGO2/tools/ralph-wiggum/tasks
[0;34m[23:58:17][0m Poll interval: 10s
[0;34m[23:58:18][0m [Wiggum-TDD] Found task: T208
[0;34m[23:58:18][0m [T208] Processing with REAL agent...
[0;34m[23:58:18][0m [T208] Using Real Agent (actual execution, not simulation)...
[0;33m[23:59:24] ⚠[0m [T208] Agent returned FAILED or needs more work
[0;33m[23:59:24] ⚠[0m [T208] Exit code: 1
[0;33m[23:59:24] ⚠[0m [T208] Check log: /Users/sylvain/_LAPOSTE/_VELIGO2/tools/ralph-wiggum/logs/T208_20260113_235818.log
[0;33m[23:59:24] ⚠[0m [T208] Retry 1/3
[0;34m[23:59:29][0m [T208] Processing with REAL agent...
[0;34m[23:59:29][0m [T208] Using Real Agent (actual execution, not simulation)...
[0;33m[00:01:12] ⚠[0m [T208] Agent returned FAILED or needs more work
[0;33m[00:01:13] ⚠[0m [T208] Exit code: 1
[0;33m[00:01:13] ⚠[0m [T208] Check log: /Users/sylvain/_LAPOSTE/_VELIGO2/tools/ralph-wiggum/logs/T208_20260113_235929.log
[0;33m[00:01:14] ⚠[0m [T208] Retry 2/3
[0;34m[00:01:20][0m [T208] Processing with REAL agent...
[0;34m[00:01:22][0m [T208] Using Real Agent (actual execution, not simulation)...
[0;33m[00:02:39] ⚠[0m [T208] Agent returned FAILED or needs more work
[0;33m[00:02:39] ⚠[0m [T208] Exit code: 1
[0;33m[00:02:39] ⚠[0m [T208] Check log: /Users/sylvain/_LAPOSTE/_VELIGO2/tools/ralph-wiggum/logs/T208_20260114_000122.log
[0;33m[00:02:40] ⚠[0m [T208] Retry 3/3
[0;31m[00:02:45] ✗[0m [T208] Failed after 3 retries
[0;34m[00:02:45][0m [Wiggum-TDD] --once mode, exiting
[0;34m[00:02:45][0m [Wiggum-TDD] Daemon stopped
