[0;34m[23:48:11][0m Starting Wiggum-TDD daemon...
[0;34m[23:48:11][0m Queue: tdd
[0;34m[23:48:11][0m Tasks dir: /Users/sylvain/_LAPOSTE/_VELIGO2/tools/ralph-wiggum/tasks
[0;34m[23:48:11][0m Poll interval: 10s
[0;34m[23:48:12][0m [Wiggum-TDD] Found task: T200
[0;34m[23:48:12][0m [T200] Processing with REAL agent...
[0;34m[23:48:12][0m [T200] Using Real Agent (actual execution, not simulation)...
[0;33m[23:48:47] ⚠[0m [T200] Agent returned FAILED or needs more work
[0;33m[23:48:47] ⚠[0m [T200] Exit code: 1
[0;33m[23:48:47] ⚠[0m [T200] Check log: /Users/sylvain/_LAPOSTE/_VELIGO2/tools/ralph-wiggum/logs/T200_20260113_234812.log
[0;33m[23:48:47] ⚠[0m [T200] Retry 1/3
[0;34m[23:48:52][0m [T200] Processing with REAL agent...
[0;34m[23:48:52][0m [T200] Using Real Agent (actual execution, not simulation)...
[0;33m[23:50:52] ⚠[0m [T200] Agent returned FAILED or needs more work
[0;33m[23:50:52] ⚠[0m [T200] Exit code: 1
[0;33m[23:50:52] ⚠[0m [T200] Check log: /Users/sylvain/_LAPOSTE/_VELIGO2/tools/ralph-wiggum/logs/T200_20260113_234852.log
[0;33m[23:50:52] ⚠[0m [T200] Retry 2/3
[0;34m[23:50:57][0m [T200] Processing with REAL agent...
[0;34m[23:50:57][0m [T200] Using Real Agent (actual execution, not simulation)...
[0;33m[23:51:37] ⚠[0m [T200] Agent returned FAILED or needs more work
[0;33m[23:51:37] ⚠[0m [T200] Exit code: 1
[0;33m[23:51:37] ⚠[0m [T200] Check log: /Users/sylvain/_LAPOSTE/_VELIGO2/tools/ralph-wiggum/logs/T200_20260113_235057.log
[0;33m[23:51:37] ⚠[0m [T200] Retry 3/3
[0;31m[23:51:42] ✗[0m [T200] Failed after 3 retries
[0;34m[23:51:42][0m [Wiggum-TDD] --once mode, exiting
[0;34m[23:51:42][0m [Wiggum-TDD] Daemon stopped
