[0;34m[23:47:20][0m Starting Wiggum-TDD daemon...
[0;34m[23:47:20][0m Queue: tdd
[0;34m[23:47:20][0m Tasks dir: /Users/sylvain/_LAPOSTE/_VELIGO2/tools/ralph-wiggum/tasks
[0;34m[23:47:21][0m Poll interval: 10s
[0;34m[23:47:28][0m [Wiggum-TDD] Found task: T200
[0;34m[23:47:28][0m [T200] Processing with REAL agent...
[0;34m[23:47:29][0m [T200] Using Real Agent (actual execution, not simulation)...
[0;33m[23:48:12] ⚠[0m [T200] Agent returned FAILED or needs more work
[0;33m[23:48:12] ⚠[0m [T200] Exit code: 1
[0;33m[23:48:12] ⚠[0m [T200] Check log: /Users/sylvain/_LAPOSTE/_VELIGO2/tools/ralph-wiggum/logs/T200_20260113_234729.log
[0;33m[23:48:12] ⚠[0m [T200] Retry 1/3
[0;34m[23:48:17][0m [T200] Processing with REAL agent...
[0;34m[23:48:17][0m [T200] Using Real Agent (actual execution, not simulation)...
[0;33m[23:48:53] ⚠[0m [T200] Agent returned FAILED or needs more work
[0;33m[23:48:54] ⚠[0m [T200] Exit code: 1
[0;33m[23:48:54] ⚠[0m [T200] Check log: /Users/sylvain/_LAPOSTE/_VELIGO2/tools/ralph-wiggum/logs/T200_20260113_234817.log
[0;33m[23:48:54] ⚠[0m [T200] Retry 2/3
[0;34m[23:48:59][0m [T200] Processing with REAL agent...
[0;34m[23:48:59][0m [T200] Using Real Agent (actual execution, not simulation)...
[0;33m[23:49:45] ⚠[0m [T200] Agent returned FAILED or needs more work
[0;33m[23:49:45] ⚠[0m [T200] Exit code: 1
[0;33m[23:49:45] ⚠[0m [T200] Check log: /Users/sylvain/_LAPOSTE/_VELIGO2/tools/ralph-wiggum/logs/T200_20260113_234859.log
[0;33m[23:49:45] ⚠[0m [T200] Retry 3/3
[0;31m[23:49:50] ✗[0m [T200] Failed after 3 retries
[0;34m[23:49:50][0m [Wiggum-TDD] --once mode, exiting
[0;34m[23:49:50][0m [Wiggum-TDD] Daemon stopped
