[0;34m[23:56:10][0m Starting Wiggum-TDD daemon...
[0;34m[23:56:10][0m Queue: tdd
[0;34m[23:56:10][0m Tasks dir: /Users/sylvain/_LAPOSTE/_VELIGO2/tools/ralph-wiggum/tasks
[0;34m[23:56:10][0m Poll interval: 10s
[0;34m[23:56:13][0m [Wiggum-TDD] Found task: T208
[0;34m[23:56:13][0m [T208] Processing with REAL agent...
[0;34m[23:56:13][0m [T208] Using Real Agent (actual execution, not simulation)...
[0;33m[23:56:43] ⚠[0m [T208] Agent returned FAILED or needs more work
[0;33m[23:56:43] ⚠[0m [T208] Exit code: 1
[0;33m[23:56:43] ⚠[0m [T208] Check log: /Users/sylvain/_LAPOSTE/_VELIGO2/tools/ralph-wiggum/logs/T208_20260113_235613.log
[0;33m[23:56:43] ⚠[0m [T208] Retry 1/3
[0;34m[23:56:48][0m [T208] Processing with REAL agent...
[0;34m[23:56:48][0m [T208] Using Real Agent (actual execution, not simulation)...
[0;33m[23:57:28] ⚠[0m [T208] Agent returned FAILED or needs more work
[0;33m[23:57:28] ⚠[0m [T208] Exit code: 1
[0;33m[23:57:28] ⚠[0m [T208] Check log: /Users/sylvain/_LAPOSTE/_VELIGO2/tools/ralph-wiggum/logs/T208_20260113_235648.log
[0;33m[23:57:28] ⚠[0m [T208] Retry 2/3
[0;34m[23:57:33][0m [T208] Processing with REAL agent...
[0;34m[23:57:33][0m [T208] Using Real Agent (actual execution, not simulation)...
[0;33m[23:58:18] ⚠[0m [T208] Agent returned FAILED or needs more work
[0;33m[23:58:18] ⚠[0m [T208] Exit code: 1
[0;33m[23:58:18] ⚠[0m [T208] Check log: /Users/sylvain/_LAPOSTE/_VELIGO2/tools/ralph-wiggum/logs/T208_20260113_235733.log
[0;33m[23:58:18] ⚠[0m [T208] Retry 3/3
[0;31m[23:58:23] ✗[0m [T208] Failed after 3 retries
[0;34m[23:58:23][0m [Wiggum-TDD] --once mode, exiting
[0;34m[23:58:23][0m [Wiggum-TDD] Daemon stopped
