[0;34m[23:48:02][0m Starting Wiggum-TDD daemon...
[0;34m[23:48:02][0m Queue: tdd
[0;34m[23:48:02][0m Tasks dir: /Users/sylvain/_LAPOSTE/_VELIGO2/tools/ralph-wiggum/tasks
[0;34m[23:48:02][0m Poll interval: 10s
[0;34m[23:48:04][0m [Wiggum-TDD] Found task: T202
[0;34m[23:48:04][0m [T202] Processing with REAL agent...
[0;34m[23:48:04][0m [T202] Using Real Agent (actual execution, not simulation)...
[0;33m[23:52:18] ⚠[0m [T202] Agent returned FAILED or needs more work
[0;33m[23:52:18] ⚠[0m [T202] Exit code: 1
[0;33m[23:52:18] ⚠[0m [T202] Check log: /Users/sylvain/_LAPOSTE/_VELIGO2/tools/ralph-wiggum/logs/T202_20260113_234804.log
[0;33m[23:52:18] ⚠[0m [T202] Retry 1/3
[0;34m[23:52:24][0m [T202] Processing with REAL agent...
[0;34m[23:52:24][0m [T202] Using Real Agent (actual execution, not simulation)...
[0;33m[23:54:00] ⚠[0m [T202] Agent returned FAILED or needs more work
[0;33m[23:54:00] ⚠[0m [T202] Exit code: 1
[0;33m[23:54:00] ⚠[0m [T202] Check log: /Users/sylvain/_LAPOSTE/_VELIGO2/tools/ralph-wiggum/logs/T202_20260113_235224.log
[0;33m[23:54:00] ⚠[0m [T202] Retry 2/3
[0;34m[23:54:05][0m [T202] Processing with REAL agent...
[0;34m[23:54:06][0m [T202] Using Real Agent (actual execution, not simulation)...
[0;33m[23:55:24] ⚠[0m [T202] Agent returned FAILED or needs more work
[0;33m[23:55:24] ⚠[0m [T202] Exit code: 1
[0;33m[23:55:24] ⚠[0m [T202] Check log: /Users/sylvain/_LAPOSTE/_VELIGO2/tools/ralph-wiggum/logs/T202_20260113_235406.log
[0;33m[23:55:24] ⚠[0m [T202] Retry 3/3
[0;31m[23:55:29] ✗[0m [T202] Failed after 3 retries
[0;34m[23:55:29][0m [Wiggum-TDD] --once mode, exiting
[0;34m[23:55:29][0m [Wiggum-TDD] Daemon stopped
