[0;34m[23:47:40][0m Starting Wiggum-TDD daemon...
[0;34m[23:47:40][0m Queue: tdd
[0;34m[23:47:41][0m Tasks dir: /Users/sylvain/_LAPOSTE/_VELIGO2/tools/ralph-wiggum/tasks
[0;34m[23:47:41][0m Poll interval: 10s
[0;34m[23:47:53][0m [Wiggum-TDD] Found task: T201
[0;34m[23:47:53][0m [T201] Processing with REAL agent...
[0;34m[23:47:53][0m [T201] Using Real Agent (actual execution, not simulation)...
[0;33m[23:48:39] ⚠[0m [T201] Agent returned FAILED or needs more work
[0;33m[23:48:39] ⚠[0m [T201] Exit code: 1
[0;33m[23:48:39] ⚠[0m [T201] Check log: /Users/sylvain/_LAPOSTE/_VELIGO2/tools/ralph-wiggum/logs/T201_20260113_234753.log
[0;33m[23:48:39] ⚠[0m [T201] Retry 1/3
[0;34m[23:48:44][0m [T201] Processing with REAL agent...
[0;34m[23:48:45][0m [T201] Using Real Agent (actual execution, not simulation)...
[0;33m[23:49:12] ⚠[0m [T201] Agent returned FAILED or needs more work
[0;33m[23:49:12] ⚠[0m [T201] Exit code: 1
[0;33m[23:49:12] ⚠[0m [T201] Check log: /Users/sylvain/_LAPOSTE/_VELIGO2/tools/ralph-wiggum/logs/T201_20260113_234845.log
[0;33m[23:49:12] ⚠[0m [T201] Retry 2/3
[0;34m[23:49:17][0m [T201] Processing with REAL agent...
[0;34m[23:49:19][0m [T201] Using Real Agent (actual execution, not simulation)...
[0;33m[23:50:27] ⚠[0m [T201] Agent returned FAILED or needs more work
[0;33m[23:50:27] ⚠[0m [T201] Exit code: 1
[0;33m[23:50:27] ⚠[0m [T201] Check log: /Users/sylvain/_LAPOSTE/_VELIGO2/tools/ralph-wiggum/logs/T201_20260113_234919.log
[0;33m[23:50:27] ⚠[0m [T201] Retry 3/3
[0;31m[23:50:32] ✗[0m [T201] Failed after 3 retries
[0;34m[23:50:33][0m [Wiggum-TDD] --once mode, exiting
[0;34m[23:50:33][0m [Wiggum-TDD] Daemon stopped
