[0;34m[23:55:36][0m Starting Wiggum-TDD daemon...
[0;34m[23:55:36][0m Queue: tdd
[0;34m[23:55:36][0m Tasks dir: /Users/sylvain/_LAPOSTE/_VELIGO2/tools/ralph-wiggum/tasks
[0;34m[23:55:36][0m Poll interval: 10s
[0;34m[23:55:39][0m [Wiggum-TDD] Found task: T207
[0;34m[23:55:39][0m [T207] Processing with REAL agent...
[0;34m[23:55:39][0m [T207] Using Real Agent (actual execution, not simulation)...
[0;33m[23:56:46] ⚠[0m [T207] Agent returned FAILED or needs more work
[0;33m[23:56:46] ⚠[0m [T207] Exit code: 1
[0;33m[23:56:46] ⚠[0m [T207] Check log: /Users/sylvain/_LAPOSTE/_VELIGO2/tools/ralph-wiggum/logs/T207_20260113_235539.log
[0;33m[23:56:46] ⚠[0m [T207] Retry 1/3
[0;34m[23:56:51][0m [T207] Processing with REAL agent...
[0;34m[23:56:51][0m [T207] Using Real Agent (actual execution, not simulation)...
[0;33m[23:57:30] ⚠[0m [T207] Agent returned FAILED or needs more work
[0;33m[23:57:30] ⚠[0m [T207] Exit code: 1
[0;33m[23:57:30] ⚠[0m [T207] Check log: /Users/sylvain/_LAPOSTE/_VELIGO2/tools/ralph-wiggum/logs/T207_20260113_235651.log
[0;33m[23:57:30] ⚠[0m [T207] Retry 2/3
[0;34m[23:57:35][0m [T207] Processing with REAL agent...
[0;34m[23:57:36][0m [T207] Using Real Agent (actual execution, not simulation)...
[0;33m[23:58:45] ⚠[0m [T207] Agent returned FAILED or needs more work
[0;33m[23:58:46] ⚠[0m [T207] Exit code: 1
[0;33m[23:58:46] ⚠[0m [T207] Check log: /Users/sylvain/_LAPOSTE/_VELIGO2/tools/ralph-wiggum/logs/T207_20260113_235736.log
[0;33m[23:58:46] ⚠[0m [T207] Retry 3/3
[0;31m[23:58:51] ✗[0m [T207] Failed after 3 retries
[0;34m[23:58:51][0m [Wiggum-TDD] --once mode, exiting
[0;34m[23:58:51][0m [Wiggum-TDD] Daemon stopped
