[0;34m[23:54:21][0m Starting Wiggum-TDD daemon...
[0;34m[23:54:21][0m Queue: tdd
[0;34m[23:54:21][0m Tasks dir: /Users/sylvain/_LAPOSTE/_VELIGO2/tools/ralph-wiggum/tasks
[0;34m[23:54:21][0m Poll interval: 10s
[0;34m[23:54:24][0m [Wiggum-TDD] Found task: T206
[0;34m[23:54:24][0m [T206] Processing with REAL agent...
[0;34m[23:54:25][0m [T206] Using Real Agent (actual execution, not simulation)...
[0;33m[23:55:05] ⚠[0m [T206] Agent returned FAILED or needs more work
[0;33m[23:55:05] ⚠[0m [T206] Exit code: 1
[0;33m[23:55:05] ⚠[0m [T206] Check log: /Users/sylvain/_LAPOSTE/_VELIGO2/tools/ralph-wiggum/logs/T206_20260113_235425.log
[0;33m[23:55:05] ⚠[0m [T206] Retry 1/3
[0;34m[23:55:10][0m [T206] Processing with REAL agent...
[0;34m[23:55:11][0m [T206] Using Real Agent (actual execution, not simulation)...
[0;33m[23:55:46] ⚠[0m [T206] Agent returned FAILED or needs more work
[0;33m[23:55:47] ⚠[0m [T206] Exit code: 1
[0;33m[23:55:47] ⚠[0m [T206] Check log: /Users/sylvain/_LAPOSTE/_VELIGO2/tools/ralph-wiggum/logs/T206_20260113_235511.log
[0;33m[23:55:47] ⚠[0m [T206] Retry 2/3
[0;34m[23:55:53][0m [T206] Processing with REAL agent...
[0;34m[23:55:53][0m [T206] Using Real Agent (actual execution, not simulation)...
[0;33m[23:57:27] ⚠[0m [T206] Agent returned FAILED or needs more work
[0;33m[23:57:27] ⚠[0m [T206] Exit code: 1
[0;33m[23:57:27] ⚠[0m [T206] Check log: /Users/sylvain/_LAPOSTE/_VELIGO2/tools/ralph-wiggum/logs/T206_20260113_235553.log
[0;33m[23:57:27] ⚠[0m [T206] Retry 3/3
[0;31m[23:57:32] ✗[0m [T206] Failed after 3 retries
[0;34m[23:57:33][0m [Wiggum-TDD] --once mode, exiting
[0;34m[23:57:33][0m [Wiggum-TDD] Daemon stopped
