[0;34m[23:53:03][0m Starting Wiggum-TDD daemon...
[0;34m[23:53:03][0m Queue: tdd
[0;34m[23:53:03][0m Tasks dir: /Users/sylvain/_LAPOSTE/_VELIGO2/tools/ralph-wiggum/tasks
[0;34m[23:53:03][0m Poll interval: 10s
[0;34m[23:53:04][0m [Wiggum-TDD] Found task: T205
[0;34m[23:53:04][0m [T205] Processing with REAL agent...
[0;34m[23:53:04][0m [T205] Using Real Agent (actual execution, not simulation)...
[0;33m[23:53:54] ⚠[0m [T205] Agent returned FAILED or needs more work
[0;33m[23:53:54] ⚠[0m [T205] Exit code: 1
[0;33m[23:53:54] ⚠[0m [T205] Check log: /Users/sylvain/_LAPOSTE/_VELIGO2/tools/ralph-wiggum/logs/T205_20260113_235304.log
[0;33m[23:53:54] ⚠[0m [T205] Retry 1/3
[0;34m[23:54:00][0m [T205] Processing with REAL agent...
[0;34m[23:54:00][0m [T205] Using Real Agent (actual execution, not simulation)...
[0;33m[23:54:44] ⚠[0m [T205] Agent returned FAILED or needs more work
[0;33m[23:54:44] ⚠[0m [T205] Exit code: 1
[0;33m[23:54:44] ⚠[0m [T205] Check log: /Users/sylvain/_LAPOSTE/_VELIGO2/tools/ralph-wiggum/logs/T205_20260113_235400.log
[0;33m[23:54:45] ⚠[0m [T205] Retry 2/3
[0;34m[23:54:50][0m [T205] Processing with REAL agent...
[0;34m[23:54:50][0m [T205] Using Real Agent (actual execution, not simulation)...
[0;33m[23:55:52] ⚠[0m [T205] Agent returned FAILED or needs more work
[0;33m[23:55:52] ⚠[0m [T205] Exit code: 1
[0;33m[23:55:52] ⚠[0m [T205] Check log: /Users/sylvain/_LAPOSTE/_VELIGO2/tools/ralph-wiggum/logs/T205_20260113_235450.log
[0;33m[23:55:52] ⚠[0m [T205] Retry 3/3
[0;31m[23:55:57] ✗[0m [T205] Failed after 3 retries
[0;34m[23:55:58][0m [Wiggum-TDD] --once mode, exiting
[0;34m[23:55:58][0m [Wiggum-TDD] Daemon stopped
