[0;34m[10:02:04][0m Starting Wiggum-TDD daemon...
[0;34m[10:02:04][0m Queue: tdd
[0;34m[10:02:04][0m Tasks dir: /Users/sylvain/_LAPOSTE/_VELIGO2/tools/ralph-wiggum/tasks
[0;34m[10:02:04][0m Poll interval: 10s
[0;34m[10:02:05][0m [Wiggum-TDD] Found task: T311
[0;34m[10:02:05][0m [T311] Processing with REAL agent...
[0;34m[10:02:05][0m [T311] Using Real Agent (actual execution, not simulation)...
[0;33m[10:02:54] ⚠[0m [T311] Agent returned FAILED or needs more work
[0;33m[10:02:54] ⚠[0m [T311] Exit code: 1
[0;33m[10:02:54] ⚠[0m [T311] Check log: /Users/sylvain/_LAPOSTE/_VELIGO2/tools/ralph-wiggum/logs/T311_20260114_100205.log
[0;33m[10:02:54] ⚠[0m [T311] Retry 1/3
[0;34m[10:02:59][0m [T311] Processing with REAL agent...
[0;34m[10:02:59][0m [T311] Using Real Agent (actual execution, not simulation)...
[0;33m[10:03:23] ⚠[0m [T311] Agent returned FAILED or needs more work
[0;33m[10:03:23] ⚠[0m [T311] Exit code: 1
[0;33m[10:03:23] ⚠[0m [T311] Check log: /Users/sylvain/_LAPOSTE/_VELIGO2/tools/ralph-wiggum/logs/T311_20260114_100259.log
[0;33m[10:03:23] ⚠[0m [T311] Retry 2/3
[0;34m[10:03:28][0m [T311] Processing with REAL agent...
[0;34m[10:03:28][0m [T311] Using Real Agent (actual execution, not simulation)...
[0;33m[10:04:06] ⚠[0m [T311] Agent returned FAILED or needs more work
[0;33m[10:04:06] ⚠[0m [T311] Exit code: 1
[0;33m[10:04:06] ⚠[0m [T311] Check log: /Users/sylvain/_LAPOSTE/_VELIGO2/tools/ralph-wiggum/logs/T311_20260114_100328.log
[0;33m[10:04:06] ⚠[0m [T311] Retry 3/3
[0;31m[10:04:11] ✗[0m [T311] Failed after 3 retries
[0;34m[10:04:11][0m [Wiggum-TDD] --once mode, exiting
[0;34m[10:04:11][0m [Wiggum-TDD] Daemon stopped
