[0;34m[10:00:34][0m Starting Wiggum-TDD daemon...
[0;34m[10:00:34][0m Queue: tdd
[0;34m[10:00:34][0m Tasks dir: /Users/sylvain/_LAPOSTE/_VELIGO2/tools/ralph-wiggum/tasks
[0;34m[10:00:34][0m Poll interval: 10s
[0;34m[10:00:34][0m [Wiggum-TDD] Found task: T310
[0;34m[10:00:34][0m [T310] Processing with REAL agent...
[0;34m[10:00:34][0m [T310] Using Real Agent (actual execution, not simulation)...
[0;33m[10:01:09] ⚠[0m [T310] Agent returned FAILED or needs more work
[0;33m[10:01:09] ⚠[0m [T310] Exit code: 1
[0;33m[10:01:09] ⚠[0m [T310] Check log: /Users/sylvain/_LAPOSTE/_VELIGO2/tools/ralph-wiggum/logs/T310_20260114_100034.log
[0;33m[10:01:09] ⚠[0m [T310] Retry 1/3
[0;34m[10:01:14][0m [T310] Processing with REAL agent...
[0;34m[10:01:14][0m [T310] Using Real Agent (actual execution, not simulation)...
[0;33m[10:01:44] ⚠[0m [T310] Agent returned FAILED or needs more work
[0;33m[10:01:44] ⚠[0m [T310] Exit code: 1
[0;33m[10:01:44] ⚠[0m [T310] Check log: /Users/sylvain/_LAPOSTE/_VELIGO2/tools/ralph-wiggum/logs/T310_20260114_100114.log
[0;33m[10:01:44] ⚠[0m [T310] Retry 2/3
[0;34m[10:01:49][0m [T310] Processing with REAL agent...
[0;34m[10:01:50][0m [T310] Using Real Agent (actual execution, not simulation)...
[0;33m[10:02:30] ⚠[0m [T310] Agent returned FAILED or needs more work
[0;33m[10:02:30] ⚠[0m [T310] Exit code: 1
[0;33m[10:02:30] ⚠[0m [T310] Check log: /Users/sylvain/_LAPOSTE/_VELIGO2/tools/ralph-wiggum/logs/T310_20260114_100149.log
[0;33m[10:02:30] ⚠[0m [T310] Retry 3/3
[0;31m[10:02:35] ✗[0m [T310] Failed after 3 retries
[0;34m[10:02:35][0m [Wiggum-TDD] --once mode, exiting
[0;34m[10:02:35][0m [Wiggum-TDD] Daemon stopped
