[0;34m[10:00:25][0m Starting Wiggum-TDD daemon...
[0;34m[10:00:25][0m Queue: tdd
[0;34m[10:00:25][0m Tasks dir: /Users/sylvain/_LAPOSTE/_VELIGO2/tools/ralph-wiggum/tasks
[0;34m[10:00:25][0m Poll interval: 10s
[0;34m[10:00:26][0m [Wiggum-TDD] Found task: T308
[0;34m[10:00:26][0m [T308] Processing with REAL agent...
[0;34m[10:00:26][0m [T308] Using Real Agent (actual execution, not simulation)...
[0;33m[10:00:52] ⚠[0m [T308] Agent returned FAILED or needs more work
[0;33m[10:00:52] ⚠[0m [T308] Exit code: 1
[0;33m[10:00:52] ⚠[0m [T308] Check log: /Users/sylvain/_LAPOSTE/_VELIGO2/tools/ralph-wiggum/logs/T308_20260114_100026.log
[0;33m[10:00:52] ⚠[0m [T308] Retry 1/3
[0;34m[10:00:57][0m [T308] Processing with REAL agent...
[0;34m[10:00:57][0m [T308] Using Real Agent (actual execution, not simulation)...
[0;33m[10:01:24] ⚠[0m [T308] Agent returned FAILED or needs more work
[0;33m[10:01:24] ⚠[0m [T308] Exit code: 1
[0;33m[10:01:24] ⚠[0m [T308] Check log: /Users/sylvain/_LAPOSTE/_VELIGO2/tools/ralph-wiggum/logs/T308_20260114_100057.log
[0;33m[10:01:24] ⚠[0m [T308] Retry 2/3
[0;34m[10:01:29][0m [T308] Processing with REAL agent...
[0;34m[10:01:29][0m [T308] Using Real Agent (actual execution, not simulation)...
[0;33m[10:02:19] ⚠[0m [T308] Agent returned FAILED or needs more work
[0;33m[10:02:19] ⚠[0m [T308] Exit code: 1
[0;33m[10:02:19] ⚠[0m [T308] Check log: /Users/sylvain/_LAPOSTE/_VELIGO2/tools/ralph-wiggum/logs/T308_20260114_100129.log
[0;33m[10:02:19] ⚠[0m [T308] Retry 3/3
[0;31m[10:02:24] ✗[0m [T308] Failed after 3 retries
[0;34m[10:02:24][0m [Wiggum-TDD] --once mode, exiting
[0;34m[10:02:24][0m [Wiggum-TDD] Daemon stopped
