[0;34m[10:00:21][0m Starting Wiggum-TDD daemon...
[0;34m[10:00:21][0m Queue: tdd
[0;34m[10:00:21][0m Tasks dir: /Users/sylvain/_LAPOSTE/_VELIGO2/tools/ralph-wiggum/tasks
[0;34m[10:00:21][0m Poll interval: 10s
[0;34m[10:00:22][0m [Wiggum-TDD] Found task: T304
[0;34m[10:00:22][0m [T304] Processing with REAL agent...
[0;34m[10:00:22][0m [T304] Using Real Agent (actual execution, not simulation)...
[0;33m[10:00:52] ⚠[0m [T304] Agent returned FAILED or needs more work
[0;33m[10:00:52] ⚠[0m [T304] Exit code: 1
[0;33m[10:00:52] ⚠[0m [T304] Check log: /Users/sylvain/_LAPOSTE/_VELIGO2/tools/ralph-wiggum/logs/T304_20260114_100022.log
[0;33m[10:00:52] ⚠[0m [T304] Retry 1/3
[0;34m[10:00:57][0m [T304] Processing with REAL agent...
[0;34m[10:00:57][0m [T304] Using Real Agent (actual execution, not simulation)...
[0;33m[10:01:25] ⚠[0m [T304] Agent returned FAILED or needs more work
[0;33m[10:01:25] ⚠[0m [T304] Exit code: 1
[0;33m[10:01:25] ⚠[0m [T304] Check log: /Users/sylvain/_LAPOSTE/_VELIGO2/tools/ralph-wiggum/logs/T304_20260114_100057.log
[0;33m[10:01:25] ⚠[0m [T304] Retry 2/3
[0;34m[10:01:30][0m [T304] Processing with REAL agent...
[0;34m[10:01:30][0m [T304] Using Real Agent (actual execution, not simulation)...
[0;33m[10:02:10] ⚠[0m [T304] Agent returned FAILED or needs more work
[0;33m[10:02:10] ⚠[0m [T304] Exit code: 1
[0;33m[10:02:10] ⚠[0m [T304] Check log: /Users/sylvain/_LAPOSTE/_VELIGO2/tools/ralph-wiggum/logs/T304_20260114_100130.log
[0;33m[10:02:10] ⚠[0m [T304] Retry 3/3
[0;31m[10:02:15] ✗[0m [T304] Failed after 3 retries
[0;34m[10:02:15][0m [Wiggum-TDD] --once mode, exiting
[0;34m[10:02:15][0m [Wiggum-TDD] Daemon stopped
