[0;34m[10:00:18][0m Starting Wiggum-TDD daemon...
[0;34m[10:00:18][0m Queue: tdd
[0;34m[10:00:18][0m Tasks dir: /Users/sylvain/_LAPOSTE/_VELIGO2/tools/ralph-wiggum/tasks
[0;34m[10:00:18][0m Poll interval: 10s
[0;34m[10:00:18][0m [Wiggum-TDD] Found task: T303
[0;34m[10:00:18][0m [T303] Processing with REAL agent...
[0;34m[10:00:18][0m [T303] Using Real Agent (actual execution, not simulation)...
[0;33m[10:00:48] ⚠[0m [T303] Agent returned FAILED or needs more work
[0;33m[10:00:48] ⚠[0m [T303] Exit code: 1
[0;33m[10:00:48] ⚠[0m [T303] Check log: /Users/sylvain/_LAPOSTE/_VELIGO2/tools/ralph-wiggum/logs/T303_20260114_100018.log
[0;33m[10:00:48] ⚠[0m [T303] Retry 1/3
[0;34m[10:00:53][0m [T303] Processing with REAL agent...
[0;34m[10:00:53][0m [T303] Using Real Agent (actual execution, not simulation)...
[0;33m[10:01:50] ⚠[0m [T303] Agent returned FAILED or needs more work
[0;33m[10:01:50] ⚠[0m [T303] Exit code: 1
[0;33m[10:01:50] ⚠[0m [T303] Check log: /Users/sylvain/_LAPOSTE/_VELIGO2/tools/ralph-wiggum/logs/T303_20260114_100053.log
[0;33m[10:01:50] ⚠[0m [T303] Retry 2/3
[0;34m[10:01:55][0m [T303] Processing with REAL agent...
[0;34m[10:01:55][0m [T303] Using Real Agent (actual execution, not simulation)...
[0;33m[10:02:33] ⚠[0m [T303] Agent returned FAILED or needs more work
[0;33m[10:02:33] ⚠[0m [T303] Exit code: 1
[0;33m[10:02:33] ⚠[0m [T303] Check log: /Users/sylvain/_LAPOSTE/_VELIGO2/tools/ralph-wiggum/logs/T303_20260114_100155.log
[0;33m[10:02:33] ⚠[0m [T303] Retry 3/3
[0;31m[10:02:38] ✗[0m [T303] Failed after 3 retries
[0;34m[10:02:38][0m [Wiggum-TDD] --once mode, exiting
[0;34m[10:02:38][0m [Wiggum-TDD] Daemon stopped
