[0;34m[10:00:14][0m Starting Wiggum-TDD daemon...
[0;34m[10:00:14][0m Queue: tdd
[0;34m[10:00:14][0m Tasks dir: /Users/sylvain/_LAPOSTE/_VELIGO2/tools/ralph-wiggum/tasks
[0;34m[10:00:14][0m Poll interval: 10s
[0;34m[10:00:15][0m [Wiggum-TDD] Found task: T302
[0;34m[10:00:15][0m [T302] Processing with REAL agent...
[0;34m[10:00:15][0m [T302] Using Real Agent (actual execution, not simulation)...
[0;33m[10:01:04] ⚠[0m [T302] Agent returned FAILED or needs more work
[0;33m[10:01:04] ⚠[0m [T302] Exit code: 1
[0;33m[10:01:04] ⚠[0m [T302] Check log: /Users/sylvain/_LAPOSTE/_VELIGO2/tools/ralph-wiggum/logs/T302_20260114_100015.log
[0;33m[10:01:04] ⚠[0m [T302] Retry 1/3
[0;34m[10:01:09][0m [T302] Processing with REAL agent...
[0;34m[10:01:09][0m [T302] Using Real Agent (actual execution, not simulation)...
[0;33m[10:01:53] ⚠[0m [T302] Agent returned FAILED or needs more work
[0;33m[10:01:53] ⚠[0m [T302] Exit code: 1
[0;33m[10:01:53] ⚠[0m [T302] Check log: /Users/sylvain/_LAPOSTE/_VELIGO2/tools/ralph-wiggum/logs/T302_20260114_100109.log
[0;33m[10:01:53] ⚠[0m [T302] Retry 2/3
[0;34m[10:01:58][0m [T302] Processing with REAL agent...
[0;34m[10:01:58][0m [T302] Using Real Agent (actual execution, not simulation)...
[0;33m[10:02:53] ⚠[0m [T302] Agent returned FAILED or needs more work
[0;33m[10:02:53] ⚠[0m [T302] Exit code: 1
[0;33m[10:02:53] ⚠[0m [T302] Check log: /Users/sylvain/_LAPOSTE/_VELIGO2/tools/ralph-wiggum/logs/T302_20260114_100158.log
[0;33m[10:02:53] ⚠[0m [T302] Retry 3/3
[0;31m[10:02:58] ✗[0m [T302] Failed after 3 retries
[0;34m[10:02:58][0m [Wiggum-TDD] --once mode, exiting
[0;34m[10:02:58][0m [Wiggum-TDD] Daemon stopped
