[0;34m[10:08:22][0m Starting Wiggum-TDD daemon...
[0;34m[10:08:22][0m Queue: tdd
[0;34m[10:08:22][0m Tasks dir: /Users/sylvain/_LAPOSTE/_VELIGO2/tools/ralph-wiggum/tasks
[0;34m[10:08:22][0m Poll interval: 10s
[0;34m[10:08:23][0m [Wiggum-TDD] Found task: T327
[0;34m[10:08:23][0m [T327] Processing with REAL agent...
[0;34m[10:08:23][0m [T327] Using Real Agent (actual execution, not simulation)...
[0;33m[10:09:02] ⚠[0m [T327] Agent returned FAILED or needs more work
[0;33m[10:09:02] ⚠[0m [T327] Exit code: 1
[0;33m[10:09:02] ⚠[0m [T327] Check log: /Users/sylvain/_LAPOSTE/_VELIGO2/tools/ralph-wiggum/logs/T327_20260114_100823.log
[0;33m[10:09:02] ⚠[0m [T327] Retry 1/3
[0;34m[10:09:07][0m [T327] Processing with REAL agent...
[0;34m[10:09:07][0m [T327] Using Real Agent (actual execution, not simulation)...
[0;33m[10:09:41] ⚠[0m [T327] Agent returned FAILED or needs more work
[0;33m[10:09:41] ⚠[0m [T327] Exit code: 1
[0;33m[10:09:41] ⚠[0m [T327] Check log: /Users/sylvain/_LAPOSTE/_VELIGO2/tools/ralph-wiggum/logs/T327_20260114_100907.log
[0;33m[10:09:41] ⚠[0m [T327] Retry 2/3
[0;34m[10:09:46][0m [T327] Processing with REAL agent...
[0;34m[10:09:46][0m [T327] Using Real Agent (actual execution, not simulation)...
[0;33m[10:10:11] ⚠[0m [T327] Agent returned FAILED or needs more work
[0;33m[10:10:11] ⚠[0m [T327] Exit code: 1
[0;33m[10:10:11] ⚠[0m [T327] Check log: /Users/sylvain/_LAPOSTE/_VELIGO2/tools/ralph-wiggum/logs/T327_20260114_100946.log
[0;33m[10:10:11] ⚠[0m [T327] Retry 3/3
[0;31m[10:10:16] ✗[0m [T327] Failed after 3 retries
[0;34m[10:10:16][0m [Wiggum-TDD] --once mode, exiting
[0;34m[10:10:16][0m [Wiggum-TDD] Daemon stopped
