[0;34m[10:07:20][0m Starting Wiggum-TDD daemon...
[0;34m[10:07:20][0m Queue: tdd
[0;34m[10:07:20][0m Tasks dir: /Users/sylvain/_LAPOSTE/_VELIGO2/tools/ralph-wiggum/tasks
[0;34m[10:07:20][0m Poll interval: 10s
[0;34m[10:07:20][0m [Wiggum-TDD] Found task: T326
[0;34m[10:07:20][0m [T326] Processing with REAL agent...
[0;34m[10:07:20][0m [T326] Using Real Agent (actual execution, not simulation)...
[0;33m[10:07:49] ⚠[0m [T326] Agent returned FAILED or needs more work
[0;33m[10:07:49] ⚠[0m [T326] Exit code: 1
[0;33m[10:07:49] ⚠[0m [T326] Check log: /Users/sylvain/_LAPOSTE/_VELIGO2/tools/ralph-wiggum/logs/T326_20260114_100720.log
[0;33m[10:07:49] ⚠[0m [T326] Retry 1/3
[0;34m[10:07:54][0m [T326] Processing with REAL agent...
[0;34m[10:07:54][0m [T326] Using Real Agent (actual execution, not simulation)...
[0;33m[10:08:32] ⚠[0m [T326] Agent returned FAILED or needs more work
[0;33m[10:08:32] ⚠[0m [T326] Exit code: 1
[0;33m[10:08:32] ⚠[0m [T326] Check log: /Users/sylvain/_LAPOSTE/_VELIGO2/tools/ralph-wiggum/logs/T326_20260114_100754.log
[0;33m[10:08:32] ⚠[0m [T326] Retry 2/3
[0;34m[10:08:37][0m [T326] Processing with REAL agent...
[0;34m[10:08:37][0m [T326] Using Real Agent (actual execution, not simulation)...
[0;33m[10:09:06] ⚠[0m [T326] Agent returned FAILED or needs more work
[0;33m[10:09:06] ⚠[0m [T326] Exit code: 1
[0;33m[10:09:06] ⚠[0m [T326] Check log: /Users/sylvain/_LAPOSTE/_VELIGO2/tools/ralph-wiggum/logs/T326_20260114_100837.log
[0;33m[10:09:06] ⚠[0m [T326] Retry 3/3
[0;31m[10:09:11] ✗[0m [T326] Failed after 3 retries
[0;34m[10:09:11][0m [Wiggum-TDD] --once mode, exiting
[0;34m[10:09:11][0m [Wiggum-TDD] Daemon stopped
