[0;34m[10:05:38][0m Starting Wiggum-TDD daemon...
[0;34m[10:05:38][0m Queue: tdd
[0;34m[10:05:38][0m Tasks dir: /Users/sylvain/_LAPOSTE/_VELIGO2/tools/ralph-wiggum/tasks
[0;34m[10:05:38][0m Poll interval: 10s
[0;34m[10:05:38][0m [Wiggum-TDD] Found task: T317
[0;34m[10:05:38][0m [T317] Processing with REAL agent...
[0;34m[10:05:38][0m [T317] Using Real Agent (actual execution, not simulation)...
[0;33m[10:06:14] ⚠[0m [T317] Agent returned FAILED or needs more work
[0;33m[10:06:14] ⚠[0m [T317] Exit code: 1
[0;33m[10:06:14] ⚠[0m [T317] Check log: /Users/sylvain/_LAPOSTE/_VELIGO2/tools/ralph-wiggum/logs/T317_20260114_100538.log
[0;33m[10:06:14] ⚠[0m [T317] Retry 1/3
[0;34m[10:06:19][0m [T317] Processing with REAL agent...
[0;34m[10:06:19][0m [T317] Using Real Agent (actual execution, not simulation)...
[0;33m[10:06:42] ⚠[0m [T317] Agent returned FAILED or needs more work
[0;33m[10:06:42] ⚠[0m [T317] Exit code: 1
[0;33m[10:06:42] ⚠[0m [T317] Check log: /Users/sylvain/_LAPOSTE/_VELIGO2/tools/ralph-wiggum/logs/T317_20260114_100619.log
[0;33m[10:06:42] ⚠[0m [T317] Retry 2/3
[0;34m[10:06:47][0m [T317] Processing with REAL agent...
[0;34m[10:06:47][0m [T317] Using Real Agent (actual execution, not simulation)...
[0;33m[10:07:11] ⚠[0m [T317] Agent returned FAILED or needs more work
[0;33m[10:07:11] ⚠[0m [T317] Exit code: 1
[0;33m[10:07:11] ⚠[0m [T317] Check log: /Users/sylvain/_LAPOSTE/_VELIGO2/tools/ralph-wiggum/logs/T317_20260114_100647.log
[0;33m[10:07:11] ⚠[0m [T317] Retry 3/3
[0;31m[10:07:16] ✗[0m [T317] Failed after 3 retries
[0;34m[10:07:16][0m [Wiggum-TDD] --once mode, exiting
[0;34m[10:07:16][0m [Wiggum-TDD] Daemon stopped
