[0;34m[10:04:31][0m Starting Wiggum-TDD daemon...
[0;34m[10:04:31][0m Queue: tdd
[0;34m[10:04:31][0m Tasks dir: /Users/sylvain/_LAPOSTE/_VELIGO2/tools/ralph-wiggum/tasks
[0;34m[10:04:31][0m Poll interval: 10s
[0;34m[10:04:32][0m [Wiggum-TDD] Found task: T315
[0;34m[10:04:32][0m [T315] Processing with REAL agent...
[0;34m[10:04:32][0m [T315] Using Real Agent (actual execution, not simulation)...
[0;33m[10:04:54] ⚠[0m [T315] Agent returned FAILED or needs more work
[0;33m[10:04:54] ⚠[0m [T315] Exit code: 1
[0;33m[10:04:54] ⚠[0m [T315] Check log: /Users/sylvain/_LAPOSTE/_VELIGO2/tools/ralph-wiggum/logs/T315_20260114_100432.log
[0;33m[10:04:54] ⚠[0m [T315] Retry 1/3
[0;34m[10:04:59][0m [T315] Processing with REAL agent...
[0;34m[10:04:59][0m [T315] Using Real Agent (actual execution, not simulation)...
[0;33m[10:05:25] ⚠[0m [T315] Agent returned FAILED or needs more work
[0;33m[10:05:25] ⚠[0m [T315] Exit code: 1
[0;33m[10:05:26] ⚠[0m [T315] Check log: /Users/sylvain/_LAPOSTE/_VELIGO2/tools/ralph-wiggum/logs/T315_20260114_100459.log
[0;33m[10:05:26] ⚠[0m [T315] Retry 2/3
[0;34m[10:05:31][0m [T315] Processing with REAL agent...
[0;34m[10:05:31][0m [T315] Using Real Agent (actual execution, not simulation)...
[0;33m[10:06:00] ⚠[0m [T315] Agent returned FAILED or needs more work
[0;33m[10:06:00] ⚠[0m [T315] Exit code: 1
[0;33m[10:06:00] ⚠[0m [T315] Check log: /Users/sylvain/_LAPOSTE/_VELIGO2/tools/ralph-wiggum/logs/T315_20260114_100531.log
[0;33m[10:06:00] ⚠[0m [T315] Retry 3/3
[0;31m[10:06:05] ✗[0m [T315] Failed after 3 retries
[0;34m[10:06:05][0m [Wiggum-TDD] --once mode, exiting
[0;34m[10:06:05][0m [Wiggum-TDD] Daemon stopped
