[0;34m[10:09:44][0m Starting Wiggum-TDD daemon...
[0;34m[10:09:44][0m Queue: tdd
[0;34m[10:09:44][0m Tasks dir: /Users/sylvain/_LAPOSTE/_VELIGO2/tools/ralph-wiggum/tasks
[0;34m[10:09:44][0m Poll interval: 10s
[0;34m[10:09:45][0m [Wiggum-TDD] Found task: T327
[0;34m[10:09:45][0m [T327] Processing with REAL agent...
[0;34m[10:09:45][0m [T327] Using Real Agent (actual execution, not simulation)...
[0;33m[10:10:12] ⚠[0m [T327] Agent returned FAILED or needs more work
[0;33m[10:10:12] ⚠[0m [T327] Exit code: 1
[0;33m[10:10:12] ⚠[0m [T327] Check log: /Users/sylvain/_LAPOSTE/_VELIGO2/tools/ralph-wiggum/logs/T327_20260114_100945.log
[0;33m[10:10:12] ⚠[0m [T327] Retry 1/3
[0;34m[10:10:17][0m [T327] Processing with REAL agent...
[0;34m[10:10:17][0m [T327] Using Real Agent (actual execution, not simulation)...
[0;33m[10:10:52] ⚠[0m [T327] Agent returned FAILED or needs more work
[0;33m[10:10:52] ⚠[0m [T327] Exit code: 1
[0;33m[10:10:52] ⚠[0m [T327] Check log: /Users/sylvain/_LAPOSTE/_VELIGO2/tools/ralph-wiggum/logs/T327_20260114_101017.log
[0;33m[10:10:52] ⚠[0m [T327] Retry 2/3
[0;34m[10:10:58][0m [T327] Processing with REAL agent...
[0;34m[10:10:58][0m [T327] Using Real Agent (actual execution, not simulation)...
[0;33m[10:11:35] ⚠[0m [T327] Agent returned FAILED or needs more work
[0;33m[10:11:35] ⚠[0m [T327] Exit code: 1
[0;33m[10:11:35] ⚠[0m [T327] Check log: /Users/sylvain/_LAPOSTE/_VELIGO2/tools/ralph-wiggum/logs/T327_20260114_101058.log
[0;33m[10:11:35] ⚠[0m [T327] Retry 3/3
[0;31m[10:11:40] ✗[0m [T327] Failed after 3 retries
[0;34m[10:11:40][0m [Wiggum-TDD] --once mode, exiting
[0;34m[10:11:40][0m [Wiggum-TDD] Daemon stopped
