[0;34m[10:00:11][0m Starting Wiggum-TDD daemon...
[0;34m[10:00:11][0m Queue: tdd
[0;34m[10:00:11][0m Tasks dir: /Users/sylvain/_LAPOSTE/_VELIGO2/tools/ralph-wiggum/tasks
[0;34m[10:00:11][0m Poll interval: 10s
[0;34m[10:00:11][0m [Wiggum-TDD] Found task: T301
[0;34m[10:00:11][0m [T301] Processing with REAL agent...
[0;34m[10:00:11][0m [T301] Using Real Agent (actual execution, not simulation)...
[0;33m[10:00:35] ⚠[0m [T301] Agent returned FAILED or needs more work
[0;33m[10:00:35] ⚠[0m [T301] Exit code: 1
[0;33m[10:00:35] ⚠[0m [T301] Check log: /Users/sylvain/_LAPOSTE/_VELIGO2/tools/ralph-wiggum/logs/T301_20260114_100011.log
[0;33m[10:00:35] ⚠[0m [T301] Retry 1/3
[0;34m[10:00:40][0m [T301] Processing with REAL agent...
[0;34m[10:00:40][0m [T301] Using Real Agent (actual execution, not simulation)...
[0;33m[10:01:16] ⚠[0m [T301] Agent returned FAILED or needs more work
[0;33m[10:01:16] ⚠[0m [T301] Exit code: 1
[0;33m[10:01:16] ⚠[0m [T301] Check log: /Users/sylvain/_LAPOSTE/_VELIGO2/tools/ralph-wiggum/logs/T301_20260114_100040.log
[0;33m[10:01:16] ⚠[0m [T301] Retry 2/3
[0;34m[10:01:21][0m [T301] Processing with REAL agent...
[0;34m[10:01:21][0m [T301] Using Real Agent (actual execution, not simulation)...
[0;33m[10:02:00] ⚠[0m [T301] Agent returned FAILED or needs more work
[0;33m[10:02:00] ⚠[0m [T301] Exit code: 1
[0;33m[10:02:00] ⚠[0m [T301] Check log: /Users/sylvain/_LAPOSTE/_VELIGO2/tools/ralph-wiggum/logs/T301_20260114_100121.log
[0;33m[10:02:00] ⚠[0m [T301] Retry 3/3
[0;31m[10:02:05] ✗[0m [T301] Failed after 3 retries
[0;34m[10:02:05][0m [Wiggum-TDD] --once mode, exiting
[0;34m[10:02:05][0m [Wiggum-TDD] Daemon stopped
