[0;34m[10:00:11][0m Starting Wiggum-TDD daemon...
[0;34m[10:00:11][0m Queue: tdd
[0;34m[10:00:11][0m Tasks dir: /Users/sylvain/_LAPOSTE/_VELIGO2/tools/ralph-wiggum/tasks
[0;34m[10:00:11][0m Poll interval: 10s
[0;34m[10:00:11][0m [Wiggum-TDD] Found task: T300
[0;34m[10:00:11][0m [T300] Processing with REAL agent...
[0;34m[10:00:11][0m [T300] Using Real Agent (actual execution, not simulation)...
[0;33m[10:00:44] ⚠[0m [T300] Agent returned FAILED or needs more work
[0;33m[10:00:44] ⚠[0m [T300] Exit code: 1
[0;33m[10:00:44] ⚠[0m [T300] Check log: /Users/sylvain/_LAPOSTE/_VELIGO2/tools/ralph-wiggum/logs/T300_20260114_100011.log
[0;33m[10:00:44] ⚠[0m [T300] Retry 1/3
[0;34m[10:00:49][0m [T300] Processing with REAL agent...
[0;34m[10:00:49][0m [T300] Using Real Agent (actual execution, not simulation)...
[0;33m[10:01:27] ⚠[0m [T300] Agent returned FAILED or needs more work
[0;33m[10:01:27] ⚠[0m [T300] Exit code: 1
[0;33m[10:01:27] ⚠[0m [T300] Check log: /Users/sylvain/_LAPOSTE/_VELIGO2/tools/ralph-wiggum/logs/T300_20260114_100049.log
[0;33m[10:01:27] ⚠[0m [T300] Retry 2/3
[0;34m[10:01:32][0m [T300] Processing with REAL agent...
[0;34m[10:01:32][0m [T300] Using Real Agent (actual execution, not simulation)...
[0;33m[10:01:57] ⚠[0m [T300] Agent returned FAILED or needs more work
[0;33m[10:01:57] ⚠[0m [T300] Exit code: 1
[0;33m[10:01:57] ⚠[0m [T300] Check log: /Users/sylvain/_LAPOSTE/_VELIGO2/tools/ralph-wiggum/logs/T300_20260114_100132.log
[0;33m[10:01:57] ⚠[0m [T300] Retry 3/3
[0;31m[10:02:02] ✗[0m [T300] Failed after 3 retries
[0;34m[10:02:02][0m [Wiggum-TDD] --once mode, exiting
[0;34m[10:02:02][0m [Wiggum-TDD] Daemon stopped
