[0;34m[10:04:25][0m Starting Wiggum-TDD daemon...
[0;34m[10:04:25][0m Queue: tdd
[0;34m[10:04:25][0m Tasks dir: /Users/sylvain/_LAPOSTE/_VELIGO2/tools/ralph-wiggum/tasks
[0;34m[10:04:25][0m Poll interval: 10s
[0;34m[10:04:25][0m [Wiggum-TDD] Found task: T313
[0;34m[10:04:25][0m [T313] Processing with REAL agent...
[0;34m[10:04:25][0m [T313] Using Real Agent (actual execution, not simulation)...
[0;33m[10:05:08] ⚠[0m [T313] Agent returned FAILED or needs more work
[0;33m[10:05:08] ⚠[0m [T313] Exit code: 1
[0;33m[10:05:08] ⚠[0m [T313] Check log: /Users/sylvain/_LAPOSTE/_VELIGO2/tools/ralph-wiggum/logs/T313_20260114_100425.log
[0;33m[10:05:08] ⚠[0m [T313] Retry 1/3
[0;34m[10:05:13][0m [T313] Processing with REAL agent...
[0;34m[10:05:13][0m [T313] Using Real Agent (actual execution, not simulation)...
[0;33m[10:08:25] ⚠[0m [T313] Agent returned FAILED or needs more work
[0;33m[10:08:25] ⚠[0m [T313] Exit code: 1
[0;33m[10:08:25] ⚠[0m [T313] Check log: /Users/sylvain/_LAPOSTE/_VELIGO2/tools/ralph-wiggum/logs/T313_20260114_100513.log
[0;33m[10:08:25] ⚠[0m [T313] Retry 2/3
[0;34m[10:08:30][0m [T313] Processing with REAL agent...
[0;34m[10:08:31][0m [T313] Using Real Agent (actual execution, not simulation)...
[0;33m[10:13:56] ⚠[0m [T313] Agent returned FAILED or needs more work
[0;33m[10:13:56] ⚠[0m [T313] Exit code: 1
[0;33m[10:13:56] ⚠[0m [T313] Check log: /Users/sylvain/_LAPOSTE/_VELIGO2/tools/ralph-wiggum/logs/T313_20260114_100831.log
[0;33m[10:13:56] ⚠[0m [T313] Retry 3/3
[0;31m[10:14:01] ✗[0m [T313] Failed after 3 retries
[0;34m[10:14:01][0m [Wiggum-TDD] --once mode, exiting
[0;34m[10:14:01][0m [Wiggum-TDD] Daemon stopped
