[0;34m[10:04:21][0m Starting Wiggum-TDD daemon...
[0;34m[10:04:21][0m Queue: tdd
[0;34m[10:04:21][0m Tasks dir: /Users/sylvain/_LAPOSTE/_VELIGO2/tools/ralph-wiggum/tasks
[0;34m[10:04:21][0m Poll interval: 10s
[0;34m[10:04:21][0m [Wiggum-TDD] Found task: T312
[0;34m[10:04:21][0m [T312] Processing with REAL agent...
[0;34m[10:04:22][0m [T312] Using Real Agent (actual execution, not simulation)...
[0;33m[10:04:46] ⚠[0m [T312] Agent returned FAILED or needs more work
[0;33m[10:04:46] ⚠[0m [T312] Exit code: 1
[0;33m[10:04:46] ⚠[0m [T312] Check log: /Users/sylvain/_LAPOSTE/_VELIGO2/tools/ralph-wiggum/logs/T312_20260114_100422.log
[0;33m[10:04:46] ⚠[0m [T312] Retry 1/3
[0;34m[10:04:51][0m [T312] Processing with REAL agent...
[0;34m[10:04:51][0m [T312] Using Real Agent (actual execution, not simulation)...
[0;33m[10:05:21] ⚠[0m [T312] Agent returned FAILED or needs more work
[0;33m[10:05:21] ⚠[0m [T312] Exit code: 1
[0;33m[10:05:21] ⚠[0m [T312] Check log: /Users/sylvain/_LAPOSTE/_VELIGO2/tools/ralph-wiggum/logs/T312_20260114_100451.log
[0;33m[10:05:21] ⚠[0m [T312] Retry 2/3
[0;34m[10:05:26][0m [T312] Processing with REAL agent...
[0;34m[10:05:26][0m [T312] Using Real Agent (actual execution, not simulation)...
[0;33m[10:05:53] ⚠[0m [T312] Agent returned FAILED or needs more work
[0;33m[10:05:53] ⚠[0m [T312] Exit code: 1
[0;33m[10:05:53] ⚠[0m [T312] Check log: /Users/sylvain/_LAPOSTE/_VELIGO2/tools/ralph-wiggum/logs/T312_20260114_100526.log
[0;33m[10:05:53] ⚠[0m [T312] Retry 3/3
[0;31m[10:05:58] ✗[0m [T312] Failed after 3 retries
[0;34m[10:05:58][0m [Wiggum-TDD] --once mode, exiting
[0;34m[10:05:58][0m [Wiggum-TDD] Daemon stopped
