[0;34m[10:03:00][0m Starting Wiggum-TDD daemon...
[0;34m[10:03:00][0m Queue: tdd
[0;34m[10:03:00][0m Tasks dir: /Users/sylvain/_LAPOSTE/_VELIGO2/tools/ralph-wiggum/tasks
[0;34m[10:03:00][0m Poll interval: 10s
[0;34m[10:03:01][0m [Wiggum-TDD] Found task: T308
[0;34m[10:03:01][0m [T308] Processing with REAL agent...
[0;34m[10:03:01][0m [T308] Using Real Agent (actual execution, not simulation)...
[0;33m[10:03:32] ⚠[0m [T308] Agent returned FAILED or needs more work
[0;33m[10:03:32] ⚠[0m [T308] Exit code: 1
[0;33m[10:03:32] ⚠[0m [T308] Check log: /Users/sylvain/_LAPOSTE/_VELIGO2/tools/ralph-wiggum/logs/T308_20260114_100301.log
[0;33m[10:03:32] ⚠[0m [T308] Retry 1/3
[0;34m[10:03:37][0m [T308] Processing with REAL agent...
[0;34m[10:03:37][0m [T308] Using Real Agent (actual execution, not simulation)...
[0;33m[10:06:37] ⚠[0m [T308] Agent returned FAILED or needs more work
[0;33m[10:06:37] ⚠[0m [T308] Exit code: 1
[0;33m[10:06:37] ⚠[0m [T308] Check log: /Users/sylvain/_LAPOSTE/_VELIGO2/tools/ralph-wiggum/logs/T308_20260114_100337.log
[0;33m[10:06:37] ⚠[0m [T308] Retry 2/3
[0;34m[10:06:42][0m [T308] Processing with REAL agent...
[0;34m[10:06:42][0m [T308] Using Real Agent (actual execution, not simulation)...
[0;33m[10:07:11] ⚠[0m [T308] Agent returned FAILED or needs more work
[0;33m[10:07:11] ⚠[0m [T308] Exit code: 1
[0;33m[10:07:11] ⚠[0m [T308] Check log: /Users/sylvain/_LAPOSTE/_VELIGO2/tools/ralph-wiggum/logs/T308_20260114_100642.log
[0;33m[10:07:11] ⚠[0m [T308] Retry 3/3
[0;31m[10:07:16] ✗[0m [T308] Failed after 3 retries
[0;34m[10:07:16][0m [Wiggum-TDD] --once mode, exiting
[0;34m[10:07:16][0m [Wiggum-TDD] Daemon stopped
