[0;34m[10:02:40][0m Starting Wiggum-TDD daemon...
[0;34m[10:02:40][0m Queue: tdd
[0;34m[10:02:40][0m Tasks dir: /Users/sylvain/_LAPOSTE/_VELIGO2/tools/ralph-wiggum/tasks
[0;34m[10:02:40][0m Poll interval: 10s
[0;34m[10:02:40][0m [Wiggum-TDD] Found task: T314
[0;34m[10:02:40][0m [T314] Processing with REAL agent...
[0;34m[10:02:40][0m [T314] Using Real Agent (actual execution, not simulation)...
[0;33m[10:03:04] ⚠[0m [T314] Agent returned FAILED or needs more work
[0;33m[10:03:04] ⚠[0m [T314] Exit code: 1
[0;33m[10:03:04] ⚠[0m [T314] Check log: /Users/sylvain/_LAPOSTE/_VELIGO2/tools/ralph-wiggum/logs/T314_20260114_100240.log
[0;33m[10:03:04] ⚠[0m [T314] Retry 1/3
[0;34m[10:03:09][0m [T314] Processing with REAL agent...
[0;34m[10:03:09][0m [T314] Using Real Agent (actual execution, not simulation)...
[0;33m[10:03:33] ⚠[0m [T314] Agent returned FAILED or needs more work
[0;33m[10:03:33] ⚠[0m [T314] Exit code: 1
[0;33m[10:03:33] ⚠[0m [T314] Check log: /Users/sylvain/_LAPOSTE/_VELIGO2/tools/ralph-wiggum/logs/T314_20260114_100309.log
[0;33m[10:03:33] ⚠[0m [T314] Retry 2/3
[0;34m[10:03:38][0m [T314] Processing with REAL agent...
[0;34m[10:03:38][0m [T314] Using Real Agent (actual execution, not simulation)...
[0;33m[10:04:14] ⚠[0m [T314] Agent returned FAILED or needs more work
[0;33m[10:04:14] ⚠[0m [T314] Exit code: 1
[0;33m[10:04:14] ⚠[0m [T314] Check log: /Users/sylvain/_LAPOSTE/_VELIGO2/tools/ralph-wiggum/logs/T314_20260114_100338.log
[0;33m[10:04:14] ⚠[0m [T314] Retry 3/3
[0;31m[10:04:19] ✗[0m [T314] Failed after 3 retries
[0;34m[10:04:19][0m [Wiggum-TDD] --once mode, exiting
[0;34m[10:04:19][0m [Wiggum-TDD] Daemon stopped
