[0;34m[10:02:26][0m Starting Wiggum-TDD daemon...
[0;34m[10:02:26][0m Queue: tdd
[0;34m[10:02:26][0m Tasks dir: /Users/sylvain/_LAPOSTE/_VELIGO2/tools/ralph-wiggum/tasks
[0;34m[10:02:26][0m Poll interval: 10s
[0;34m[10:02:27][0m [Wiggum-TDD] Found task: T313
[0;34m[10:02:27][0m [T313] Processing with REAL agent...
[0;34m[10:02:27][0m [T313] Using Real Agent (actual execution, not simulation)...
[0;33m[10:02:54] ⚠[0m [T313] Agent returned FAILED or needs more work
[0;33m[10:02:54] ⚠[0m [T313] Exit code: 1
[0;33m[10:02:54] ⚠[0m [T313] Check log: /Users/sylvain/_LAPOSTE/_VELIGO2/tools/ralph-wiggum/logs/T313_20260114_100227.log
[0;33m[10:02:54] ⚠[0m [T313] Retry 1/3
[0;34m[10:02:59][0m [T313] Processing with REAL agent...
[0;34m[10:02:59][0m [T313] Using Real Agent (actual execution, not simulation)...
[0;33m[10:03:25] ⚠[0m [T313] Agent returned FAILED or needs more work
[0;33m[10:03:25] ⚠[0m [T313] Exit code: 1
[0;33m[10:03:25] ⚠[0m [T313] Check log: /Users/sylvain/_LAPOSTE/_VELIGO2/tools/ralph-wiggum/logs/T313_20260114_100259.log
[0;33m[10:03:25] ⚠[0m [T313] Retry 2/3
[0;34m[10:03:30][0m [T313] Processing with REAL agent...
[0;34m[10:03:30][0m [T313] Using Real Agent (actual execution, not simulation)...
[0;33m[10:04:24] ⚠[0m [T313] Agent returned FAILED or needs more work
[0;33m[10:04:24] ⚠[0m [T313] Exit code: 1
[0;33m[10:04:24] ⚠[0m [T313] Check log: /Users/sylvain/_LAPOSTE/_VELIGO2/tools/ralph-wiggum/logs/T313_20260114_100330.log
[0;33m[10:04:24] ⚠[0m [T313] Retry 3/3
[0;31m[10:04:29] ✗[0m [T313] Failed after 3 retries
[0;34m[10:04:29][0m [Wiggum-TDD] --once mode, exiting
[0;34m[10:04:29][0m [Wiggum-TDD] Daemon stopped
