[0;34m[10:02:20][0m Starting Wiggum-TDD daemon...
[0;34m[10:02:20][0m Queue: tdd
[0;34m[10:02:20][0m Tasks dir: /Users/sylvain/_LAPOSTE/_VELIGO2/tools/ralph-wiggum/tasks
[0;34m[10:02:20][0m Poll interval: 10s
[0;34m[10:02:21][0m [Wiggum-TDD] Found task: T308
[0;34m[10:02:21][0m [T308] Processing with REAL agent...
[0;34m[10:02:21][0m [T308] Using Real Agent (actual execution, not simulation)...
[0;33m[10:02:59] ⚠[0m [T308] Agent returned FAILED or needs more work
[0;33m[10:02:59] ⚠[0m [T308] Exit code: 1
[0;33m[10:02:59] ⚠[0m [T308] Check log: /Users/sylvain/_LAPOSTE/_VELIGO2/tools/ralph-wiggum/logs/T308_20260114_100221.log
[0;33m[10:02:59] ⚠[0m [T308] Retry 1/3
[0;34m[10:03:04][0m [T308] Processing with REAL agent...
[0;34m[10:03:04][0m [T308] Using Real Agent (actual execution, not simulation)...
[0;33m[10:05:31] ⚠[0m [T308] Agent returned FAILED or needs more work
[0;33m[10:05:31] ⚠[0m [T308] Exit code: 1
[0;33m[10:05:31] ⚠[0m [T308] Check log: /Users/sylvain/_LAPOSTE/_VELIGO2/tools/ralph-wiggum/logs/T308_20260114_100304.log
[0;33m[10:05:31] ⚠[0m [T308] Retry 2/3
[0;34m[10:05:36][0m [T308] Processing with REAL agent...
[0;34m[10:05:36][0m [T308] Using Real Agent (actual execution, not simulation)...
[0;33m[10:06:12] ⚠[0m [T308] Agent returned FAILED or needs more work
[0;33m[10:06:12] ⚠[0m [T308] Exit code: 1
[0;33m[10:06:12] ⚠[0m [T308] Check log: /Users/sylvain/_LAPOSTE/_VELIGO2/tools/ralph-wiggum/logs/T308_20260114_100536.log
[0;33m[10:06:12] ⚠[0m [T308] Retry 3/3
[0;31m[10:06:17] ✗[0m [T308] Failed after 3 retries
[0;34m[10:06:17][0m [Wiggum-TDD] --once mode, exiting
[0;34m[10:06:17][0m [Wiggum-TDD] Daemon stopped
