[0;34m[10:02:18][0m Starting Wiggum-TDD daemon...
[0;34m[10:02:18][0m Queue: tdd
[0;34m[10:02:18][0m Tasks dir: /Users/sylvain/_LAPOSTE/_VELIGO2/tools/ralph-wiggum/tasks
[0;34m[10:02:18][0m Poll interval: 10s
[0;34m[10:02:18][0m [Wiggum-TDD] Found task: T309
[0;34m[10:02:18][0m [T309] Processing with REAL agent...
[0;34m[10:02:18][0m [T309] Using Real Agent (actual execution, not simulation)...
[0;33m[10:02:46] ⚠[0m [T309] Agent returned FAILED or needs more work
[0;33m[10:02:46] ⚠[0m [T309] Exit code: 1
[0;33m[10:02:46] ⚠[0m [T309] Check log: /Users/sylvain/_LAPOSTE/_VELIGO2/tools/ralph-wiggum/logs/T309_20260114_100218.log
[0;33m[10:02:46] ⚠[0m [T309] Retry 1/3
[0;34m[10:02:51][0m [T309] Processing with REAL agent...
[0;34m[10:02:51][0m [T309] Using Real Agent (actual execution, not simulation)...
[0;33m[10:03:22] ⚠[0m [T309] Agent returned FAILED or needs more work
[0;33m[10:03:22] ⚠[0m [T309] Exit code: 1
[0;33m[10:03:22] ⚠[0m [T309] Check log: /Users/sylvain/_LAPOSTE/_VELIGO2/tools/ralph-wiggum/logs/T309_20260114_100251.log
[0;33m[10:03:22] ⚠[0m [T309] Retry 2/3
[0;34m[10:03:27][0m [T309] Processing with REAL agent...
[0;34m[10:03:27][0m [T309] Using Real Agent (actual execution, not simulation)...
[0;33m[10:03:55] ⚠[0m [T309] Agent returned FAILED or needs more work
[0;33m[10:03:55] ⚠[0m [T309] Exit code: 1
[0;33m[10:03:55] ⚠[0m [T309] Check log: /Users/sylvain/_LAPOSTE/_VELIGO2/tools/ralph-wiggum/logs/T309_20260114_100327.log
[0;33m[10:03:55] ⚠[0m [T309] Retry 3/3
[0;31m[10:04:00] ✗[0m [T309] Failed after 3 retries
[0;34m[10:04:00][0m [Wiggum-TDD] --once mode, exiting
[0;34m[10:04:00][0m [Wiggum-TDD] Daemon stopped
