[0;34m[10:09:12][0m Starting Wiggum-TDD daemon...
[0;34m[10:09:12][0m Queue: tdd
[0;34m[10:09:12][0m Tasks dir: /Users/sylvain/_LAPOSTE/_VELIGO2/tools/ralph-wiggum/tasks
[0;34m[10:09:12][0m Poll interval: 10s
[0;34m[10:09:13][0m [Wiggum-TDD] Found task: T328
[0;34m[10:09:13][0m [T328] Processing with REAL agent...
[0;34m[10:09:13][0m [T328] Using Real Agent (actual execution, not simulation)...
[0;33m[10:09:41] ⚠[0m [T328] Agent returned FAILED or needs more work
[0;33m[10:09:41] ⚠[0m [T328] Exit code: 1
[0;33m[10:09:41] ⚠[0m [T328] Check log: /Users/sylvain/_LAPOSTE/_VELIGO2/tools/ralph-wiggum/logs/T328_20260114_100913.log
[0;33m[10:09:41] ⚠[0m [T328] Retry 1/3
[0;34m[10:09:46][0m [T328] Processing with REAL agent...
[0;34m[10:09:46][0m [T328] Using Real Agent (actual execution, not simulation)...
[0;33m[10:10:16] ⚠[0m [T328] Agent returned FAILED or needs more work
[0;33m[10:10:16] ⚠[0m [T328] Exit code: 1
[0;33m[10:10:16] ⚠[0m [T328] Check log: /Users/sylvain/_LAPOSTE/_VELIGO2/tools/ralph-wiggum/logs/T328_20260114_100946.log
[0;33m[10:10:16] ⚠[0m [T328] Retry 2/3
[0;34m[10:10:21][0m [T328] Processing with REAL agent...
[0;34m[10:10:22][0m [T328] Using Real Agent (actual execution, not simulation)...
[0;33m[10:10:50] ⚠[0m [T328] Agent returned FAILED or needs more work
[0;33m[10:10:50] ⚠[0m [T328] Exit code: 1
[0;33m[10:10:50] ⚠[0m [T328] Check log: /Users/sylvain/_LAPOSTE/_VELIGO2/tools/ralph-wiggum/logs/T328_20260114_101021.log
[0;33m[10:10:50] ⚠[0m [T328] Retry 3/3
[0;31m[10:10:55] ✗[0m [T328] Failed after 3 retries
[0;34m[10:10:55][0m [Wiggum-TDD] --once mode, exiting
[0;34m[10:10:55][0m [Wiggum-TDD] Daemon stopped
