[0;34m[10:14:41][0m Starting Wiggum-TDD daemon...
[0;34m[10:14:41][0m Queue: tdd
[0;34m[10:14:41][0m Tasks dir: /Users/sylvain/_LAPOSTE/_VELIGO2/tools/ralph-wiggum/tasks
[0;34m[10:14:41][0m Poll interval: 10s
[0;34m[10:14:41][0m [Wiggum-TDD] Found task: T349
[0;34m[10:14:41][0m [T349] Processing with REAL agent...
[0;34m[10:14:41][0m [T349] Using Real Agent (actual execution, not simulation)...
[0;33m[10:17:20] ⚠[0m [T349] Agent returned FAILED or needs more work
[0;33m[10:17:20] ⚠[0m [T349] Exit code: 1
[0;33m[10:17:20] ⚠[0m [T349] Check log: /Users/sylvain/_LAPOSTE/_VELIGO2/tools/ralph-wiggum/logs/T349_20260114_101441.log
[0;33m[10:17:21] ⚠[0m [T349] Retry 1/3
[0;34m[10:17:26][0m [T349] Processing with REAL agent...
[0;34m[10:17:26][0m [T349] Using Real Agent (actual execution, not simulation)...
[0;33m[10:17:59] ⚠[0m [T349] Agent returned FAILED or needs more work
[0;33m[10:17:59] ⚠[0m [T349] Exit code: 1
[0;33m[10:17:59] ⚠[0m [T349] Check log: /Users/sylvain/_LAPOSTE/_VELIGO2/tools/ralph-wiggum/logs/T349_20260114_101726.log
[0;33m[10:18:00] ⚠[0m [T349] Retry 2/3
[0;34m[10:18:05][0m [T349] Processing with REAL agent...
[0;34m[10:18:05][0m [T349] Using Real Agent (actual execution, not simulation)...
[0;33m[10:18:35] ⚠[0m [T349] Agent returned FAILED or needs more work
[0;33m[10:18:35] ⚠[0m [T349] Exit code: 1
[0;33m[10:18:35] ⚠[0m [T349] Check log: /Users/sylvain/_LAPOSTE/_VELIGO2/tools/ralph-wiggum/logs/T349_20260114_101805.log
[0;33m[10:18:35] ⚠[0m [T349] Retry 3/3
[0;31m[10:18:40] ✗[0m [T349] Failed after 3 retries
[0;34m[10:18:40][0m [Wiggum-TDD] --once mode, exiting
[0;34m[10:18:40][0m [Wiggum-TDD] Daemon stopped
