[0;34m[10:19:46][0m Starting Wiggum-TDD daemon...
[0;34m[10:19:46][0m Queue: tdd
[0;34m[10:19:46][0m Tasks dir: /Users/sylvain/_LAPOSTE/_VELIGO2/tools/ralph-wiggum/tasks
[0;34m[10:19:46][0m Poll interval: 10s
[0;34m[10:19:46][0m [Wiggum-TDD] Found task: T365
[0;34m[10:19:46][0m [T365] Processing with REAL agent...
[0;34m[10:19:46][0m [T365] Using Real Agent (actual execution, not simulation)...
[0;33m[10:20:07] ⚠[0m [T365] Agent returned FAILED or needs more work
[0;33m[10:20:07] ⚠[0m [T365] Exit code: 1
[0;33m[10:20:07] ⚠[0m [T365] Check log: /Users/sylvain/_LAPOSTE/_VELIGO2/tools/ralph-wiggum/logs/T365_20260114_101946.log
[0;33m[10:20:07] ⚠[0m [T365] Retry 1/3
[0;34m[10:20:12][0m [T365] Processing with REAL agent...
[0;34m[10:20:12][0m [T365] Using Real Agent (actual execution, not simulation)...
[0;33m[10:20:36] ⚠[0m [T365] Agent returned FAILED or needs more work
[0;33m[10:20:36] ⚠[0m [T365] Exit code: 1
[0;33m[10:20:36] ⚠[0m [T365] Check log: /Users/sylvain/_LAPOSTE/_VELIGO2/tools/ralph-wiggum/logs/T365_20260114_102012.log
[0;33m[10:20:36] ⚠[0m [T365] Retry 2/3
[0;34m[10:20:41][0m [T365] Processing with REAL agent...
[0;34m[10:20:41][0m [T365] Using Real Agent (actual execution, not simulation)...
[0;33m[10:21:21] ⚠[0m [T365] Agent returned FAILED or needs more work
[0;33m[10:21:21] ⚠[0m [T365] Exit code: 1
[0;33m[10:21:21] ⚠[0m [T365] Check log: /Users/sylvain/_LAPOSTE/_VELIGO2/tools/ralph-wiggum/logs/T365_20260114_102041.log
[0;33m[10:21:21] ⚠[0m [T365] Retry 3/3
[0;31m[10:21:26] ✗[0m [T365] Failed after 3 retries
[0;34m[10:21:26][0m [Wiggum-TDD] --once mode, exiting
[0;34m[10:21:26][0m [Wiggum-TDD] Daemon stopped
