[0;34m[10:14:39][0m Starting Wiggum-TDD daemon...
[0;34m[10:14:39][0m Queue: tdd
[0;34m[10:14:39][0m Tasks dir: /Users/sylvain/_LAPOSTE/_VELIGO2/tools/ralph-wiggum/tasks
[0;34m[10:14:39][0m Poll interval: 10s
[0;34m[10:14:40][0m [Wiggum-TDD] Found task: T347
[0;34m[10:14:40][0m [T347] Processing with REAL agent...
[0;34m[10:14:40][0m [T347] Using Real Agent (actual execution, not simulation)...
[0;33m[10:15:37] ⚠[0m [T347] Agent returned FAILED or needs more work
[0;33m[10:15:37] ⚠[0m [T347] Exit code: 1
[0;33m[10:15:37] ⚠[0m [T347] Check log: /Users/sylvain/_LAPOSTE/_VELIGO2/tools/ralph-wiggum/logs/T347_20260114_101440.log
[0;33m[10:15:37] ⚠[0m [T347] Retry 1/3
[0;34m[10:15:43][0m [T347] Processing with REAL agent...
[0;34m[10:15:43][0m [T347] Using Real Agent (actual execution, not simulation)...
[0;33m[10:16:22] ⚠[0m [T347] Agent returned FAILED or needs more work
[0;33m[10:16:22] ⚠[0m [T347] Exit code: 1
[0;33m[10:16:22] ⚠[0m [T347] Check log: /Users/sylvain/_LAPOSTE/_VELIGO2/tools/ralph-wiggum/logs/T347_20260114_101543.log
[0;33m[10:16:22] ⚠[0m [T347] Retry 2/3
[0;34m[10:16:27][0m [T347] Processing with REAL agent...
[0;34m[10:16:27][0m [T347] Using Real Agent (actual execution, not simulation)...
[0;33m[10:16:59] ⚠[0m [T347] Agent returned FAILED or needs more work
[0;33m[10:16:59] ⚠[0m [T347] Exit code: 1
[0;33m[10:16:59] ⚠[0m [T347] Check log: /Users/sylvain/_LAPOSTE/_VELIGO2/tools/ralph-wiggum/logs/T347_20260114_101627.log
[0;33m[10:16:59] ⚠[0m [T347] Retry 3/3
[0;31m[10:17:04] ✗[0m [T347] Failed after 3 retries
[0;34m[10:17:04][0m [Wiggum-TDD] --once mode, exiting
[0;34m[10:17:04][0m [Wiggum-TDD] Daemon stopped
