[0;34m[10:17:13][0m Starting Wiggum-TDD daemon...
[0;34m[10:17:13][0m Queue: tdd
[0;34m[10:17:13][0m Tasks dir: /Users/sylvain/_LAPOSTE/_VELIGO2/tools/ralph-wiggum/tasks
[0;34m[10:17:13][0m Poll interval: 10s
[0;34m[10:17:14][0m [Wiggum-TDD] Found task: T358
[0;34m[10:17:14][0m [T358] Processing with REAL agent...
[0;34m[10:17:14][0m [T358] Using Real Agent (actual execution, not simulation)...
[0;33m[10:17:49] ⚠[0m [T358] Agent returned FAILED or needs more work
[0;33m[10:17:49] ⚠[0m [T358] Exit code: 1
[0;33m[10:17:49] ⚠[0m [T358] Check log: /Users/sylvain/_LAPOSTE/_VELIGO2/tools/ralph-wiggum/logs/T358_20260114_101714.log
[0;33m[10:17:49] ⚠[0m [T358] Retry 1/3
[0;34m[10:17:54][0m [T358] Processing with REAL agent...
[0;34m[10:17:55][0m [T358] Using Real Agent (actual execution, not simulation)...
[0;33m[10:18:27] ⚠[0m [T358] Agent returned FAILED or needs more work
[0;33m[10:18:27] ⚠[0m [T358] Exit code: 1
[0;33m[10:18:27] ⚠[0m [T358] Check log: /Users/sylvain/_LAPOSTE/_VELIGO2/tools/ralph-wiggum/logs/T358_20260114_101754.log
[0;33m[10:18:28] ⚠[0m [T358] Retry 2/3
[0;34m[10:18:33][0m [T358] Processing with REAL agent...
[0;34m[10:18:33][0m [T358] Using Real Agent (actual execution, not simulation)...
[0;33m[10:20:18] ⚠[0m [T358] Agent returned FAILED or needs more work
[0;33m[10:20:18] ⚠[0m [T358] Exit code: 1
[0;33m[10:20:18] ⚠[0m [T358] Check log: /Users/sylvain/_LAPOSTE/_VELIGO2/tools/ralph-wiggum/logs/T358_20260114_101833.log
[0;33m[10:20:18] ⚠[0m [T358] Retry 3/3
[0;31m[10:20:23] ✗[0m [T358] Failed after 3 retries
[0;34m[10:20:23][0m [Wiggum-TDD] --once mode, exiting
[0;34m[10:20:23][0m [Wiggum-TDD] Daemon stopped
