[0;34m[10:15:02][0m Starting Wiggum-TDD daemon...
[0;34m[10:15:02][0m Queue: tdd
[0;34m[10:15:02][0m Tasks dir: /Users/sylvain/_LAPOSTE/_VELIGO2/tools/ralph-wiggum/tasks
[0;34m[10:15:02][0m Poll interval: 10s
[0;34m[10:15:04][0m [Wiggum-TDD] Found task: T353
[0;34m[10:15:04][0m [T353] Processing with REAL agent...
[0;34m[10:15:04][0m [T353] Using Real Agent (actual execution, not simulation)...
[0;33m[10:15:42] ⚠[0m [T353] Agent returned FAILED or needs more work
[0;33m[10:15:42] ⚠[0m [T353] Exit code: 1
[0;33m[10:15:42] ⚠[0m [T353] Check log: /Users/sylvain/_LAPOSTE/_VELIGO2/tools/ralph-wiggum/logs/T353_20260114_101504.log
[0;33m[10:15:42] ⚠[0m [T353] Retry 1/3
[0;34m[10:15:47][0m [T353] Processing with REAL agent...
[0;34m[10:15:48][0m [T353] Using Real Agent (actual execution, not simulation)...
[0;33m[10:16:24] ⚠[0m [T353] Agent returned FAILED or needs more work
[0;33m[10:16:24] ⚠[0m [T353] Exit code: 1
[0;33m[10:16:24] ⚠[0m [T353] Check log: /Users/sylvain/_LAPOSTE/_VELIGO2/tools/ralph-wiggum/logs/T353_20260114_101548.log
[0;33m[10:16:24] ⚠[0m [T353] Retry 2/3
[0;34m[10:16:29][0m [T353] Processing with REAL agent...
[0;34m[10:16:29][0m [T353] Using Real Agent (actual execution, not simulation)...
[0;33m[10:17:03] ⚠[0m [T353] Agent returned FAILED or needs more work
[0;33m[10:17:03] ⚠[0m [T353] Exit code: 1
[0;33m[10:17:03] ⚠[0m [T353] Check log: /Users/sylvain/_LAPOSTE/_VELIGO2/tools/ralph-wiggum/logs/T353_20260114_101629.log
[0;33m[10:17:03] ⚠[0m [T353] Retry 3/3
[0;31m[10:17:08] ✗[0m [T353] Failed after 3 retries
[0;34m[10:17:08][0m [Wiggum-TDD] --once mode, exiting
[0;34m[10:17:08][0m [Wiggum-TDD] Daemon stopped
