[0;34m[10:22:14][0m Starting Wiggum-TDD daemon...
[0;34m[10:22:14][0m Queue: tdd
[0;34m[10:22:14][0m Tasks dir: /Users/sylvain/_LAPOSTE/_VELIGO2/tools/ralph-wiggum/tasks
[0;34m[10:22:14][0m Poll interval: 10s
[0;34m[10:22:15][0m [Wiggum-TDD] Found task: T347
[0;34m[10:22:15][0m [T347] Processing with REAL agent...
[0;34m[10:22:15][0m [T347] Using Real Agent (actual execution, not simulation)...
[0;33m[10:22:44] ⚠[0m [T347] Agent returned FAILED or needs more work
[0;33m[10:22:44] ⚠[0m [T347] Exit code: 1
[0;33m[10:22:44] ⚠[0m [T347] Check log: /Users/sylvain/_LAPOSTE/_VELIGO2/tools/ralph-wiggum/logs/T347_20260114_102215.log
[0;33m[10:22:45] ⚠[0m [T347] Retry 1/3
[0;34m[10:22:50][0m [T347] Processing with REAL agent...
[0;34m[10:22:50][0m [T347] Using Real Agent (actual execution, not simulation)...
[0;33m[10:23:20] ⚠[0m [T347] Agent returned FAILED or needs more work
[0;33m[10:23:20] ⚠[0m [T347] Exit code: 1
[0;33m[10:23:20] ⚠[0m [T347] Check log: /Users/sylvain/_LAPOSTE/_VELIGO2/tools/ralph-wiggum/logs/T347_20260114_102250.log
[0;33m[10:23:20] ⚠[0m [T347] Retry 2/3
[0;34m[10:23:25][0m [T347] Processing with REAL agent...
[0;34m[10:23:25][0m [T347] Using Real Agent (actual execution, not simulation)...
[0;33m[10:23:48] ⚠[0m [T347] Agent returned FAILED or needs more work
[0;33m[10:23:48] ⚠[0m [T347] Exit code: 1
[0;33m[10:23:48] ⚠[0m [T347] Check log: /Users/sylvain/_LAPOSTE/_VELIGO2/tools/ralph-wiggum/logs/T347_20260114_102325.log
[0;33m[10:23:48] ⚠[0m [T347] Retry 3/3
[0;31m[10:23:53] ✗[0m [T347] Failed after 3 retries
[0;34m[10:23:53][0m [Wiggum-TDD] --once mode, exiting
[0;34m[10:23:53][0m [Wiggum-TDD] Daemon stopped
