[0;34m[10:19:08][0m Starting Wiggum-TDD daemon...
[0;34m[10:19:08][0m Queue: tdd
[0;34m[10:19:08][0m Tasks dir: /Users/sylvain/_LAPOSTE/_VELIGO2/tools/ralph-wiggum/tasks
[0;34m[10:19:08][0m Poll interval: 10s
[0;34m[10:19:09][0m [Wiggum-TDD] Found task: T347
[0;34m[10:19:09][0m [T347] Processing with REAL agent...
[0;34m[10:19:09][0m [T347] Using Real Agent (actual execution, not simulation)...
[0;33m[10:19:44] ⚠[0m [T347] Agent returned FAILED or needs more work
[0;33m[10:19:44] ⚠[0m [T347] Exit code: 1
[0;33m[10:19:44] ⚠[0m [T347] Check log: /Users/sylvain/_LAPOSTE/_VELIGO2/tools/ralph-wiggum/logs/T347_20260114_101909.log
[0;33m[10:19:44] ⚠[0m [T347] Retry 1/3
[0;34m[10:19:49][0m [T347] Processing with REAL agent...
[0;34m[10:19:49][0m [T347] Using Real Agent (actual execution, not simulation)...
[0;33m[10:20:22] ⚠[0m [T347] Agent returned FAILED or needs more work
[0;33m[10:20:22] ⚠[0m [T347] Exit code: 1
[0;33m[10:20:22] ⚠[0m [T347] Check log: /Users/sylvain/_LAPOSTE/_VELIGO2/tools/ralph-wiggum/logs/T347_20260114_101949.log
[0;33m[10:20:22] ⚠[0m [T347] Retry 2/3
[0;34m[10:20:27][0m [T347] Processing with REAL agent...
[0;34m[10:20:27][0m [T347] Using Real Agent (actual execution, not simulation)...
[0;33m[10:20:55] ⚠[0m [T347] Agent returned FAILED or needs more work
[0;33m[10:20:55] ⚠[0m [T347] Exit code: 1
[0;33m[10:20:55] ⚠[0m [T347] Check log: /Users/sylvain/_LAPOSTE/_VELIGO2/tools/ralph-wiggum/logs/T347_20260114_102027.log
[0;33m[10:20:55] ⚠[0m [T347] Retry 3/3
[0;31m[10:21:00] ✗[0m [T347] Failed after 3 retries
[0;34m[10:21:00][0m [Wiggum-TDD] --once mode, exiting
[0;34m[10:21:00][0m [Wiggum-TDD] Daemon stopped
