[0;34m[10:17:09][0m Starting Wiggum-TDD daemon...
[0;34m[10:17:09][0m Queue: tdd
[0;34m[10:17:09][0m Tasks dir: /Users/sylvain/_LAPOSTE/_VELIGO2/tools/ralph-wiggum/tasks
[0;34m[10:17:10][0m Poll interval: 10s
[0;34m[10:17:11][0m [Wiggum-TDD] Found task: T357
[0;34m[10:17:11][0m [T357] Processing with REAL agent...
[0;34m[10:17:11][0m [T357] Using Real Agent (actual execution, not simulation)...
[0;33m[10:18:02] ⚠[0m [T357] Agent returned FAILED or needs more work
[0;33m[10:18:02] ⚠[0m [T357] Exit code: 1
[0;33m[10:18:02] ⚠[0m [T357] Check log: /Users/sylvain/_LAPOSTE/_VELIGO2/tools/ralph-wiggum/logs/T357_20260114_101711.log
[0;33m[10:18:02] ⚠[0m [T357] Retry 1/3
[0;34m[10:18:07][0m [T357] Processing with REAL agent...
[0;34m[10:18:07][0m [T357] Using Real Agent (actual execution, not simulation)...
[0;33m[10:18:52] ⚠[0m [T357] Agent returned FAILED or needs more work
[0;33m[10:18:52] ⚠[0m [T357] Exit code: 1
[0;33m[10:18:52] ⚠[0m [T357] Check log: /Users/sylvain/_LAPOSTE/_VELIGO2/tools/ralph-wiggum/logs/T357_20260114_101807.log
[0;33m[10:18:52] ⚠[0m [T357] Retry 2/3
[0;34m[10:18:57][0m [T357] Processing with REAL agent...
[0;34m[10:18:57][0m [T357] Using Real Agent (actual execution, not simulation)...
[0;33m[10:19:38] ⚠[0m [T357] Agent returned FAILED or needs more work
[0;33m[10:19:38] ⚠[0m [T357] Exit code: 1
[0;33m[10:19:38] ⚠[0m [T357] Check log: /Users/sylvain/_LAPOSTE/_VELIGO2/tools/ralph-wiggum/logs/T357_20260114_101857.log
[0;33m[10:19:38] ⚠[0m [T357] Retry 3/3
[0;31m[10:19:43] ✗[0m [T357] Failed after 3 retries
[0;34m[10:19:43][0m [Wiggum-TDD] --once mode, exiting
[0;34m[10:19:43][0m [Wiggum-TDD] Daemon stopped
