[0;34m[10:14:37][0m Starting Wiggum-TDD daemon...
[0;34m[10:14:37][0m Queue: tdd
[0;34m[10:14:37][0m Tasks dir: /Users/sylvain/_LAPOSTE/_VELIGO2/tools/ralph-wiggum/tasks
[0;34m[10:14:37][0m Poll interval: 10s
[0;34m[10:14:38][0m [Wiggum-TDD] Found task: T346
[0;34m[10:14:38][0m [T346] Processing with REAL agent...
[0;34m[10:14:38][0m [T346] Using Real Agent (actual execution, not simulation)...
[0;33m[10:15:33] ⚠[0m [T346] Agent returned FAILED or needs more work
[0;33m[10:15:33] ⚠[0m [T346] Exit code: 1
[0;33m[10:15:33] ⚠[0m [T346] Check log: /Users/sylvain/_LAPOSTE/_VELIGO2/tools/ralph-wiggum/logs/T346_20260114_101438.log
[0;33m[10:15:33] ⚠[0m [T346] Retry 1/3
[0;34m[10:15:38][0m [T346] Processing with REAL agent...
[0;34m[10:15:38][0m [T346] Using Real Agent (actual execution, not simulation)...
[0;33m[10:16:01] ⚠[0m [T346] Agent returned FAILED or needs more work
[0;33m[10:16:01] ⚠[0m [T346] Exit code: 1
[0;33m[10:16:01] ⚠[0m [T346] Check log: /Users/sylvain/_LAPOSTE/_VELIGO2/tools/ralph-wiggum/logs/T346_20260114_101538.log
[0;33m[10:16:02] ⚠[0m [T346] Retry 2/3
[0;34m[10:16:07][0m [T346] Processing with REAL agent...
[0;34m[10:16:07][0m [T346] Using Real Agent (actual execution, not simulation)...
[0;33m[10:16:38] ⚠[0m [T346] Agent returned FAILED or needs more work
[0;33m[10:16:38] ⚠[0m [T346] Exit code: 1
[0;33m[10:16:38] ⚠[0m [T346] Check log: /Users/sylvain/_LAPOSTE/_VELIGO2/tools/ralph-wiggum/logs/T346_20260114_101607.log
[0;33m[10:16:38] ⚠[0m [T346] Retry 3/3
[0;31m[10:16:43] ✗[0m [T346] Failed after 3 retries
[0;34m[10:16:43][0m [Wiggum-TDD] --once mode, exiting
[0;34m[10:16:43][0m [Wiggum-TDD] Daemon stopped
