[0;34m[10:17:01][0m Starting Wiggum-TDD daemon...
[0;34m[10:17:01][0m Queue: tdd
[0;34m[10:17:01][0m Tasks dir: /Users/sylvain/_LAPOSTE/_VELIGO2/tools/ralph-wiggum/tasks
[0;34m[10:17:01][0m Poll interval: 10s
[0;34m[10:17:01][0m [Wiggum-TDD] Found task: T347
[0;34m[10:17:01][0m [T347] Processing with REAL agent...
[0;34m[10:17:01][0m [T347] Using Real Agent (actual execution, not simulation)...
[0;33m[10:17:40] ⚠[0m [T347] Agent returned FAILED or needs more work
[0;33m[10:17:40] ⚠[0m [T347] Exit code: 1
[0;33m[10:17:40] ⚠[0m [T347] Check log: /Users/sylvain/_LAPOSTE/_VELIGO2/tools/ralph-wiggum/logs/T347_20260114_101701.log
[0;33m[10:17:40] ⚠[0m [T347] Retry 1/3
[0;34m[10:17:45][0m [T347] Processing with REAL agent...
[0;34m[10:17:45][0m [T347] Using Real Agent (actual execution, not simulation)...
[0;33m[10:18:30] ⚠[0m [T347] Agent returned FAILED or needs more work
[0;33m[10:18:30] ⚠[0m [T347] Exit code: 1
[0;33m[10:18:30] ⚠[0m [T347] Check log: /Users/sylvain/_LAPOSTE/_VELIGO2/tools/ralph-wiggum/logs/T347_20260114_101745.log
[0;33m[10:18:30] ⚠[0m [T347] Retry 2/3
[0;34m[10:18:35][0m [T347] Processing with REAL agent...
[0;34m[10:18:35][0m [T347] Using Real Agent (actual execution, not simulation)...
[0;33m[10:19:01] ⚠[0m [T347] Agent returned FAILED or needs more work
[0;33m[10:19:01] ⚠[0m [T347] Exit code: 1
[0;33m[10:19:01] ⚠[0m [T347] Check log: /Users/sylvain/_LAPOSTE/_VELIGO2/tools/ralph-wiggum/logs/T347_20260114_101835.log
[0;33m[10:19:01] ⚠[0m [T347] Retry 3/3
[0;31m[10:19:06] ✗[0m [T347] Failed after 3 retries
[0;34m[10:19:06][0m [Wiggum-TDD] --once mode, exiting
[0;34m[10:19:06][0m [Wiggum-TDD] Daemon stopped
