[0;34m[10:20:31][0m Starting Wiggum-TDD daemon...
[0;34m[10:20:31][0m Queue: tdd
[0;34m[10:20:31][0m Tasks dir: /Users/sylvain/_LAPOSTE/_VELIGO2/tools/ralph-wiggum/tasks
[0;34m[10:20:31][0m Poll interval: 10s
[0;34m[10:20:32][0m [Wiggum-TDD] Found task: T347
[0;34m[10:20:32][0m [T347] Processing with REAL agent...
[0;34m[10:20:32][0m [T347] Using Real Agent (actual execution, not simulation)...
[0;33m[10:21:03] ⚠[0m [T347] Agent returned FAILED or needs more work
[0;33m[10:21:03] ⚠[0m [T347] Exit code: 1
[0;33m[10:21:03] ⚠[0m [T347] Check log: /Users/sylvain/_LAPOSTE/_VELIGO2/tools/ralph-wiggum/logs/T347_20260114_102032.log
[0;33m[10:21:03] ⚠[0m [T347] Retry 1/3
[0;34m[10:21:08][0m [T347] Processing with REAL agent...
[0;34m[10:21:08][0m [T347] Using Real Agent (actual execution, not simulation)...
[0;33m[10:21:38] ⚠[0m [T347] Agent returned FAILED or needs more work
[0;33m[10:21:38] ⚠[0m [T347] Exit code: 1
[0;33m[10:21:38] ⚠[0m [T347] Check log: /Users/sylvain/_LAPOSTE/_VELIGO2/tools/ralph-wiggum/logs/T347_20260114_102108.log
[0;33m[10:21:38] ⚠[0m [T347] Retry 2/3
[0;34m[10:21:43][0m [T347] Processing with REAL agent...
[0;34m[10:21:43][0m [T347] Using Real Agent (actual execution, not simulation)...
[0;33m[10:22:10] ⚠[0m [T347] Agent returned FAILED or needs more work
[0;33m[10:22:10] ⚠[0m [T347] Exit code: 1
[0;33m[10:22:10] ⚠[0m [T347] Check log: /Users/sylvain/_LAPOSTE/_VELIGO2/tools/ralph-wiggum/logs/T347_20260114_102143.log
[0;33m[10:22:10] ⚠[0m [T347] Retry 3/3
[0;31m[10:22:15] ✗[0m [T347] Failed after 3 retries
[0;34m[10:22:15][0m [Wiggum-TDD] --once mode, exiting
[0;34m[10:22:15][0m [Wiggum-TDD] Daemon stopped
