[0;34m[10:18:45][0m Starting Wiggum-TDD daemon...
[0;34m[10:18:45][0m Queue: tdd
[0;34m[10:18:45][0m Tasks dir: /Users/sylvain/_LAPOSTE/_VELIGO2/tools/ralph-wiggum/tasks
[0;34m[10:18:45][0m Poll interval: 10s
[0;34m[10:18:46][0m [Wiggum-TDD] Found task: T359
[0;34m[10:18:46][0m [T359] Processing with REAL agent...
[0;34m[10:18:46][0m [T359] Using Real Agent (actual execution, not simulation)...
[0;33m[10:19:20] ⚠[0m [T359] Agent returned FAILED or needs more work
[0;33m[10:19:20] ⚠[0m [T359] Exit code: 1
[0;33m[10:19:20] ⚠[0m [T359] Check log: /Users/sylvain/_LAPOSTE/_VELIGO2/tools/ralph-wiggum/logs/T359_20260114_101846.log
[0;33m[10:19:20] ⚠[0m [T359] Retry 1/3
[0;34m[10:19:25][0m [T359] Processing with REAL agent...
[0;34m[10:19:25][0m [T359] Using Real Agent (actual execution, not simulation)...
[0;33m[10:19:55] ⚠[0m [T359] Agent returned FAILED or needs more work
[0;33m[10:19:55] ⚠[0m [T359] Exit code: 1
[0;33m[10:19:55] ⚠[0m [T359] Check log: /Users/sylvain/_LAPOSTE/_VELIGO2/tools/ralph-wiggum/logs/T359_20260114_101925.log
[0;33m[10:19:55] ⚠[0m [T359] Retry 2/3
[0;34m[10:20:00][0m [T359] Processing with REAL agent...
[0;34m[10:20:00][0m [T359] Using Real Agent (actual execution, not simulation)...
[0;33m[10:20:23] ⚠[0m [T359] Agent returned FAILED or needs more work
[0;33m[10:20:23] ⚠[0m [T359] Exit code: 1
[0;33m[10:20:23] ⚠[0m [T359] Check log: /Users/sylvain/_LAPOSTE/_VELIGO2/tools/ralph-wiggum/logs/T359_20260114_102000.log
[0;33m[10:20:23] ⚠[0m [T359] Retry 3/3
[0;31m[10:20:28] ✗[0m [T359] Failed after 3 retries
[0;34m[10:20:28][0m [Wiggum-TDD] --once mode, exiting
[0;34m[10:20:28][0m [Wiggum-TDD] Daemon stopped
