[0;34m[10:14:50][0m Starting Wiggum-TDD daemon...
[0;34m[10:14:50][0m Queue: tdd
[0;34m[10:14:50][0m Tasks dir: /Users/sylvain/_LAPOSTE/_VELIGO2/tools/ralph-wiggum/tasks
[0;34m[10:14:50][0m Poll interval: 10s
[0;34m[10:14:51][0m [Wiggum-TDD] Found task: T352
[0;34m[10:14:51][0m [T352] Processing with REAL agent...
[0;34m[10:14:51][0m [T352] Using Real Agent (actual execution, not simulation)...
[0;33m[10:15:22] ⚠[0m [T352] Agent returned FAILED or needs more work
[0;33m[10:15:22] ⚠[0m [T352] Exit code: 1
[0;33m[10:15:22] ⚠[0m [T352] Check log: /Users/sylvain/_LAPOSTE/_VELIGO2/tools/ralph-wiggum/logs/T352_20260114_101451.log
[0;33m[10:15:22] ⚠[0m [T352] Retry 1/3
[0;34m[10:15:27][0m [T352] Processing with REAL agent...
[0;34m[10:15:27][0m [T352] Using Real Agent (actual execution, not simulation)...
[0;33m[10:16:10] ⚠[0m [T352] Agent returned FAILED or needs more work
[0;33m[10:16:10] ⚠[0m [T352] Exit code: 1
[0;33m[10:16:10] ⚠[0m [T352] Check log: /Users/sylvain/_LAPOSTE/_VELIGO2/tools/ralph-wiggum/logs/T352_20260114_101527.log
[0;33m[10:16:10] ⚠[0m [T352] Retry 2/3
[0;34m[10:16:15][0m [T352] Processing with REAL agent...
[0;34m[10:16:15][0m [T352] Using Real Agent (actual execution, not simulation)...
[0;33m[10:16:53] ⚠[0m [T352] Agent returned FAILED or needs more work
[0;33m[10:16:53] ⚠[0m [T352] Exit code: 1
[0;33m[10:16:53] ⚠[0m [T352] Check log: /Users/sylvain/_LAPOSTE/_VELIGO2/tools/ralph-wiggum/logs/T352_20260114_101615.log
[0;33m[10:16:53] ⚠[0m [T352] Retry 3/3
[0;31m[10:16:58] ✗[0m [T352] Failed after 3 retries
[0;34m[10:16:58][0m [Wiggum-TDD] --once mode, exiting
[0;34m[10:16:58][0m [Wiggum-TDD] Daemon stopped
