[0;34m[10:16:45][0m Starting Wiggum-TDD daemon...
[0;34m[10:16:45][0m Queue: tdd
[0;34m[10:16:45][0m Tasks dir: /Users/sylvain/_LAPOSTE/_VELIGO2/tools/ralph-wiggum/tasks
[0;34m[10:16:45][0m Poll interval: 10s
[0;34m[10:16:45][0m [Wiggum-TDD] Found task: T356
[0;34m[10:16:45][0m [T356] Processing with REAL agent...
[0;34m[10:16:45][0m [T356] Using Real Agent (actual execution, not simulation)...
[0;33m[10:17:14] ⚠[0m [T356] Agent returned FAILED or needs more work
[0;33m[10:17:14] ⚠[0m [T356] Exit code: 1
[0;33m[10:17:14] ⚠[0m [T356] Check log: /Users/sylvain/_LAPOSTE/_VELIGO2/tools/ralph-wiggum/logs/T356_20260114_101645.log
[0;33m[10:17:14] ⚠[0m [T356] Retry 1/3
[0;34m[10:17:19][0m [T356] Processing with REAL agent...
[0;34m[10:17:19][0m [T356] Using Real Agent (actual execution, not simulation)...
[0;33m[10:17:54] ⚠[0m [T356] Agent returned FAILED or needs more work
[0;33m[10:17:54] ⚠[0m [T356] Exit code: 1
[0;33m[10:17:54] ⚠[0m [T356] Check log: /Users/sylvain/_LAPOSTE/_VELIGO2/tools/ralph-wiggum/logs/T356_20260114_101719.log
[0;33m[10:17:54] ⚠[0m [T356] Retry 2/3
[0;34m[10:17:59][0m [T356] Processing with REAL agent...
[0;34m[10:18:00][0m [T356] Using Real Agent (actual execution, not simulation)...
[0;33m[10:18:25] ⚠[0m [T356] Agent returned FAILED or needs more work
[0;33m[10:18:25] ⚠[0m [T356] Exit code: 1
[0;33m[10:18:25] ⚠[0m [T356] Check log: /Users/sylvain/_LAPOSTE/_VELIGO2/tools/ralph-wiggum/logs/T356_20260114_101800.log
[0;33m[10:18:26] ⚠[0m [T356] Retry 3/3
[0;31m[10:18:31] ✗[0m [T356] Failed after 3 retries
[0;34m[10:18:31][0m [Wiggum-TDD] --once mode, exiting
[0;34m[10:18:31][0m [Wiggum-TDD] Daemon stopped
