[0;34m[10:14:48][0m Starting Wiggum-TDD daemon...
[0;34m[10:14:48][0m Queue: tdd
[0;34m[10:14:48][0m Tasks dir: /Users/sylvain/_LAPOSTE/_VELIGO2/tools/ralph-wiggum/tasks
[0;34m[10:14:48][0m Poll interval: 10s
[0;34m[10:14:48][0m [Wiggum-TDD] Found task: T351
[0;34m[10:14:48][0m [T351] Processing with REAL agent...
[0;34m[10:14:48][0m [T351] Using Real Agent (actual execution, not simulation)...
[0;33m[10:15:19] ⚠[0m [T351] Agent returned FAILED or needs more work
[0;33m[10:15:19] ⚠[0m [T351] Exit code: 1
[0;33m[10:15:19] ⚠[0m [T351] Check log: /Users/sylvain/_LAPOSTE/_VELIGO2/tools/ralph-wiggum/logs/T351_20260114_101448.log
[0;33m[10:15:19] ⚠[0m [T351] Retry 1/3
[0;34m[10:15:24][0m [T351] Processing with REAL agent...
[0;34m[10:15:24][0m [T351] Using Real Agent (actual execution, not simulation)...
[0;33m[10:16:03] ⚠[0m [T351] Agent returned FAILED or needs more work
[0;33m[10:16:03] ⚠[0m [T351] Exit code: 1
[0;33m[10:16:03] ⚠[0m [T351] Check log: /Users/sylvain/_LAPOSTE/_VELIGO2/tools/ralph-wiggum/logs/T351_20260114_101524.log
[0;33m[10:16:03] ⚠[0m [T351] Retry 2/3
[0;34m[10:16:08][0m [T351] Processing with REAL agent...
[0;34m[10:16:08][0m [T351] Using Real Agent (actual execution, not simulation)...
[0;33m[10:16:34] ⚠[0m [T351] Agent returned FAILED or needs more work
[0;33m[10:16:34] ⚠[0m [T351] Exit code: 1
[0;33m[10:16:34] ⚠[0m [T351] Check log: /Users/sylvain/_LAPOSTE/_VELIGO2/tools/ralph-wiggum/logs/T351_20260114_101608.log
[0;33m[10:16:34] ⚠[0m [T351] Retry 3/3
[0;31m[10:16:39] ✗[0m [T351] Failed after 3 retries
[0;34m[10:16:39][0m [Wiggum-TDD] --once mode, exiting
[0;34m[10:16:39][0m [Wiggum-TDD] Daemon stopped
