[0;34m[10:20:39][0m Starting Wiggum-TDD daemon...
[0;34m[10:20:39][0m Queue: tdd
[0;34m[10:20:39][0m Tasks dir: /Users/sylvain/_LAPOSTE/_VELIGO2/tools/ralph-wiggum/tasks
[0;34m[10:20:39][0m Poll interval: 10s
[0;34m[10:20:40][0m [Wiggum-TDD] Found task: T371
[0;34m[10:20:40][0m [T371] Processing with REAL agent...
[0;34m[10:20:40][0m [T371] Using Real Agent (actual execution, not simulation)...
[0;33m[10:21:14] ⚠[0m [T371] Agent returned FAILED or needs more work
[0;33m[10:21:14] ⚠[0m [T371] Exit code: 1
[0;33m[10:21:14] ⚠[0m [T371] Check log: /Users/sylvain/_LAPOSTE/_VELIGO2/tools/ralph-wiggum/logs/T371_20260114_102040.log
[0;33m[10:21:14] ⚠[0m [T371] Retry 1/3
[0;34m[10:21:19][0m [T371] Processing with REAL agent...
[0;34m[10:21:19][0m [T371] Using Real Agent (actual execution, not simulation)...
[0;33m[10:21:55] ⚠[0m [T371] Agent returned FAILED or needs more work
[0;33m[10:21:55] ⚠[0m [T371] Exit code: 1
[0;33m[10:21:55] ⚠[0m [T371] Check log: /Users/sylvain/_LAPOSTE/_VELIGO2/tools/ralph-wiggum/logs/T371_20260114_102119.log
[0;33m[10:21:55] ⚠[0m [T371] Retry 2/3
[0;34m[10:22:00][0m [T371] Processing with REAL agent...
[0;34m[10:22:00][0m [T371] Using Real Agent (actual execution, not simulation)...
[0;33m[10:22:26] ⚠[0m [T371] Agent returned FAILED or needs more work
[0;33m[10:22:26] ⚠[0m [T371] Exit code: 1
[0;33m[10:22:26] ⚠[0m [T371] Check log: /Users/sylvain/_LAPOSTE/_VELIGO2/tools/ralph-wiggum/logs/T371_20260114_102200.log
[0;33m[10:22:26] ⚠[0m [T371] Retry 3/3
[0;31m[10:22:32] ✗[0m [T371] Failed after 3 retries
[0;34m[10:22:32][0m [Wiggum-TDD] --once mode, exiting
[0;34m[10:22:32][0m [Wiggum-TDD] Daemon stopped
