[0;34m[10:16:42][0m Starting Wiggum-TDD daemon...
[0;34m[10:16:42][0m Queue: tdd
[0;34m[10:16:42][0m Tasks dir: /Users/sylvain/_LAPOSTE/_VELIGO2/tools/ralph-wiggum/tasks
[0;34m[10:16:42][0m Poll interval: 10s
[0;34m[10:16:43][0m [Wiggum-TDD] Found task: T355
[0;34m[10:16:43][0m [T355] Processing with REAL agent...
[0;34m[10:16:43][0m [T355] Using Real Agent (actual execution, not simulation)...
[0;33m[10:17:18] ⚠[0m [T355] Agent returned FAILED or needs more work
[0;33m[10:17:18] ⚠[0m [T355] Exit code: 1
[0;33m[10:17:18] ⚠[0m [T355] Check log: /Users/sylvain/_LAPOSTE/_VELIGO2/tools/ralph-wiggum/logs/T355_20260114_101643.log
[0;33m[10:17:18] ⚠[0m [T355] Retry 1/3
[0;34m[10:17:23][0m [T355] Processing with REAL agent...
[0;34m[10:17:23][0m [T355] Using Real Agent (actual execution, not simulation)...
[0;33m[10:17:56] ⚠[0m [T355] Agent returned FAILED or needs more work
[0;33m[10:17:56] ⚠[0m [T355] Exit code: 1
[0;33m[10:17:56] ⚠[0m [T355] Check log: /Users/sylvain/_LAPOSTE/_VELIGO2/tools/ralph-wiggum/logs/T355_20260114_101723.log
[0;33m[10:17:56] ⚠[0m [T355] Retry 2/3
[0;34m[10:18:01][0m [T355] Processing with REAL agent...
[0;34m[10:18:01][0m [T355] Using Real Agent (actual execution, not simulation)...
[0;33m[10:18:27] ⚠[0m [T355] Agent returned FAILED or needs more work
[0;33m[10:18:27] ⚠[0m [T355] Exit code: 1
[0;33m[10:18:27] ⚠[0m [T355] Check log: /Users/sylvain/_LAPOSTE/_VELIGO2/tools/ralph-wiggum/logs/T355_20260114_101801.log
[0;33m[10:18:28] ⚠[0m [T355] Retry 3/3
[0;31m[10:18:33] ✗[0m [T355] Failed after 3 retries
[0;34m[10:18:33][0m [Wiggum-TDD] --once mode, exiting
[0;34m[10:18:33][0m [Wiggum-TDD] Daemon stopped
