[0;34m[10:14:37][0m Starting Wiggum-TDD daemon...
[0;34m[10:14:37][0m Queue: tdd
[0;34m[10:14:37][0m Tasks dir: /Users/sylvain/_LAPOSTE/_VELIGO2/tools/ralph-wiggum/tasks
[0;34m[10:14:37][0m Poll interval: 10s
[0;34m[10:14:38][0m [Wiggum-TDD] Found task: T345
[0;34m[10:14:38][0m [T345] Processing with REAL agent...
[0;34m[10:14:38][0m [T345] Using Real Agent (actual execution, not simulation)...
[0;33m[10:15:07] ⚠[0m [T345] Agent returned FAILED or needs more work
[0;33m[10:15:07] ⚠[0m [T345] Exit code: 1
[0;33m[10:15:07] ⚠[0m [T345] Check log: /Users/sylvain/_LAPOSTE/_VELIGO2/tools/ralph-wiggum/logs/T345_20260114_101438.log
[0;33m[10:15:07] ⚠[0m [T345] Retry 1/3
[0;34m[10:15:12][0m [T345] Processing with REAL agent...
[0;34m[10:15:12][0m [T345] Using Real Agent (actual execution, not simulation)...
[0;33m[10:15:38] ⚠[0m [T345] Agent returned FAILED or needs more work
[0;33m[10:15:38] ⚠[0m [T345] Exit code: 1
[0;33m[10:15:38] ⚠[0m [T345] Check log: /Users/sylvain/_LAPOSTE/_VELIGO2/tools/ralph-wiggum/logs/T345_20260114_101512.log
[0;33m[10:15:39] ⚠[0m [T345] Retry 2/3
[0;34m[10:15:44][0m [T345] Processing with REAL agent...
[0;34m[10:15:44][0m [T345] Using Real Agent (actual execution, not simulation)...
[0;33m[10:16:31] ⚠[0m [T345] Agent returned FAILED or needs more work
[0;33m[10:16:31] ⚠[0m [T345] Exit code: 1
[0;33m[10:16:31] ⚠[0m [T345] Check log: /Users/sylvain/_LAPOSTE/_VELIGO2/tools/ralph-wiggum/logs/T345_20260114_101544.log
[0;33m[10:16:31] ⚠[0m [T345] Retry 3/3
[0;31m[10:16:36] ✗[0m [T345] Failed after 3 retries
[0;34m[10:16:36][0m [Wiggum-TDD] --once mode, exiting
[0;34m[10:16:36][0m [Wiggum-TDD] Daemon stopped
