[0;34m[10:18:36][0m Starting Wiggum-TDD daemon...
[0;34m[10:18:36][0m Queue: tdd
[0;34m[10:18:36][0m Tasks dir: /Users/sylvain/_LAPOSTE/_VELIGO2/tools/ralph-wiggum/tasks
[0;34m[10:18:36][0m Poll interval: 10s
[0;34m[10:18:37][0m [Wiggum-TDD] Found task: T349
[0;34m[10:18:37][0m [T349] Processing with REAL agent...
[0;34m[10:18:37][0m [T349] Using Real Agent (actual execution, not simulation)...
[0;33m[10:19:15] ⚠[0m [T349] Agent returned FAILED or needs more work
[0;33m[10:19:15] ⚠[0m [T349] Exit code: 1
[0;33m[10:19:15] ⚠[0m [T349] Check log: /Users/sylvain/_LAPOSTE/_VELIGO2/tools/ralph-wiggum/logs/T349_20260114_101837.log
[0;33m[10:19:15] ⚠[0m [T349] Retry 1/3
[0;34m[10:19:20][0m [T349] Processing with REAL agent...
[0;34m[10:19:20][0m [T349] Using Real Agent (actual execution, not simulation)...
[0;33m[10:19:52] ⚠[0m [T349] Agent returned FAILED or needs more work
[0;33m[10:19:52] ⚠[0m [T349] Exit code: 1
[0;33m[10:19:52] ⚠[0m [T349] Check log: /Users/sylvain/_LAPOSTE/_VELIGO2/tools/ralph-wiggum/logs/T349_20260114_101920.log
[0;33m[10:19:52] ⚠[0m [T349] Retry 2/3
[0;34m[10:19:57][0m [T349] Processing with REAL agent...
[0;34m[10:19:57][0m [T349] Using Real Agent (actual execution, not simulation)...
[0;33m[10:20:31] ⚠[0m [T349] Agent returned FAILED or needs more work
[0;33m[10:20:31] ⚠[0m [T349] Exit code: 1
[0;33m[10:20:31] ⚠[0m [T349] Check log: /Users/sylvain/_LAPOSTE/_VELIGO2/tools/ralph-wiggum/logs/T349_20260114_101957.log
[0;33m[10:20:31] ⚠[0m [T349] Retry 3/3
[0;31m[10:20:36] ✗[0m [T349] Failed after 3 retries
[0;34m[10:20:36][0m [Wiggum-TDD] --once mode, exiting
[0;34m[10:20:36][0m [Wiggum-TDD] Daemon stopped
