[0;34m[10:16:40][0m Starting Wiggum-TDD daemon...
[0;34m[10:16:40][0m Queue: tdd
[0;34m[10:16:40][0m Tasks dir: /Users/sylvain/_LAPOSTE/_VELIGO2/tools/ralph-wiggum/tasks
[0;34m[10:16:40][0m Poll interval: 10s
[0;34m[10:16:41][0m [Wiggum-TDD] Found task: T346
[0;34m[10:16:41][0m [T346] Processing with REAL agent...
[0;34m[10:16:41][0m [T346] Using Real Agent (actual execution, not simulation)...
[0;33m[10:17:24] ⚠[0m [T346] Agent returned FAILED or needs more work
[0;33m[10:17:24] ⚠[0m [T346] Exit code: 1
[0;33m[10:17:24] ⚠[0m [T346] Check log: /Users/sylvain/_LAPOSTE/_VELIGO2/tools/ralph-wiggum/logs/T346_20260114_101641.log
[0;33m[10:17:24] ⚠[0m [T346] Retry 1/3
[0;34m[10:17:29][0m [T346] Processing with REAL agent...
[0;34m[10:17:29][0m [T346] Using Real Agent (actual execution, not simulation)...
[0;33m[10:17:57] ⚠[0m [T346] Agent returned FAILED or needs more work
[0;33m[10:17:57] ⚠[0m [T346] Exit code: 1
[0;33m[10:17:57] ⚠[0m [T346] Check log: /Users/sylvain/_LAPOSTE/_VELIGO2/tools/ralph-wiggum/logs/T346_20260114_101729.log
[0;33m[10:17:57] ⚠[0m [T346] Retry 2/3
[0;34m[10:18:02][0m [T346] Processing with REAL agent...
[0;34m[10:18:02][0m [T346] Using Real Agent (actual execution, not simulation)...
[0;33m[10:18:39] ⚠[0m [T346] Agent returned FAILED or needs more work
[0;33m[10:18:39] ⚠[0m [T346] Exit code: 1
[0;33m[10:18:39] ⚠[0m [T346] Check log: /Users/sylvain/_LAPOSTE/_VELIGO2/tools/ralph-wiggum/logs/T346_20260114_101802.log
[0;33m[10:18:39] ⚠[0m [T346] Retry 3/3
[0;31m[10:18:44] ✗[0m [T346] Failed after 3 retries
[0;34m[10:18:44][0m [Wiggum-TDD] --once mode, exiting
[0;34m[10:18:44][0m [Wiggum-TDD] Daemon stopped
