[0;34m[10:20:38][0m Starting Wiggum-TDD daemon...
[0;34m[10:20:38][0m Queue: tdd
[0;34m[10:20:38][0m Tasks dir: /Users/sylvain/_LAPOSTE/_VELIGO2/tools/ralph-wiggum/tasks
[0;34m[10:20:38][0m Poll interval: 10s
[0;34m[10:20:39][0m [Wiggum-TDD] Found task: T365
[0;34m[10:20:39][0m [T365] Processing with REAL agent...
[0;34m[10:20:39][0m [T365] Using Real Agent (actual execution, not simulation)...
[0;33m[10:21:25] ⚠[0m [T365] Agent returned FAILED or needs more work
[0;33m[10:21:25] ⚠[0m [T365] Exit code: 1
[0;33m[10:21:25] ⚠[0m [T365] Check log: /Users/sylvain/_LAPOSTE/_VELIGO2/tools/ralph-wiggum/logs/T365_20260114_102039.log
[0;33m[10:21:25] ⚠[0m [T365] Retry 1/3
[0;34m[10:21:30][0m [T365] Processing with REAL agent...
[0;34m[10:21:30][0m [T365] Using Real Agent (actual execution, not simulation)...
[0;33m[10:22:38] ⚠[0m [T365] Agent returned FAILED or needs more work
[0;33m[10:22:38] ⚠[0m [T365] Exit code: 1
[0;33m[10:22:38] ⚠[0m [T365] Check log: /Users/sylvain/_LAPOSTE/_VELIGO2/tools/ralph-wiggum/logs/T365_20260114_102130.log
[0;33m[10:22:38] ⚠[0m [T365] Retry 2/3
[0;34m[10:22:43][0m [T365] Processing with REAL agent...
[0;34m[10:22:43][0m [T365] Using Real Agent (actual execution, not simulation)...
[0;33m[10:23:15] ⚠[0m [T365] Agent returned FAILED or needs more work
[0;33m[10:23:15] ⚠[0m [T365] Exit code: 1
[0;33m[10:23:15] ⚠[0m [T365] Check log: /Users/sylvain/_LAPOSTE/_VELIGO2/tools/ralph-wiggum/logs/T365_20260114_102243.log
[0;33m[10:23:15] ⚠[0m [T365] Retry 3/3
[0;31m[10:23:20] ✗[0m [T365] Failed after 3 retries
[0;34m[10:23:20][0m [Wiggum-TDD] --once mode, exiting
[0;34m[10:23:20][0m [Wiggum-TDD] Daemon stopped
