[0;34m[13:20:54][0m Starting Wiggum-TDD daemon...
[0;34m[13:20:54][0m Queue: tdd
[0;34m[13:20:54][0m Tasks dir: /Users/sylvain/_LAPOSTE/_VELIGO2/tools/ralph-wiggum/tasks
[0;34m[13:20:54][0m Poll interval: 10s
[0;34m[13:20:54][0m [Wiggum-TDD] Found task: T383
[0;34m[13:20:54][0m [T383] Processing with REAL agent...
[0;34m[13:20:54][0m [T383] Using Real Agent (actual execution, not simulation)...
[0;33m[13:26:36] ⚠[0m [T383] Agent returned FAILED or needs more work
[0;33m[13:26:36] ⚠[0m [T383] Exit code: 1
[0;33m[13:26:36] ⚠[0m [T383] Check log: /Users/sylvain/_LAPOSTE/_VELIGO2/tools/ralph-wiggum/logs/T383_20260114_132054.log
[0;33m[13:26:36] ⚠[0m [T383] Retry 1/3
[0;34m[13:26:41][0m [T383] Processing with REAL agent...
[0;34m[13:26:41][0m [T383] Using Real Agent (actual execution, not simulation)...
[0;33m[13:27:44] ⚠[0m [T383] Agent returned FAILED or needs more work
[0;33m[13:27:44] ⚠[0m [T383] Exit code: 1
[0;33m[13:27:44] ⚠[0m [T383] Check log: /Users/sylvain/_LAPOSTE/_VELIGO2/tools/ralph-wiggum/logs/T383_20260114_132641.log
[0;33m[13:27:44] ⚠[0m [T383] Retry 2/3
[0;34m[13:27:49][0m [T383] Processing with REAL agent...
[0;34m[13:27:49][0m [T383] Using Real Agent (actual execution, not simulation)...
[0;33m[13:28:53] ⚠[0m [T383] Agent returned FAILED or needs more work
[0;33m[13:28:53] ⚠[0m [T383] Exit code: 1
[0;33m[13:28:53] ⚠[0m [T383] Check log: /Users/sylvain/_LAPOSTE/_VELIGO2/tools/ralph-wiggum/logs/T383_20260114_132749.log
[0;33m[13:28:53] ⚠[0m [T383] Retry 3/3
[0;31m[13:28:59] ✗[0m [T383] Failed after 3 retries
[0;34m[13:28:59][0m [Wiggum-TDD] --once mode, exiting
[0;34m[13:28:59][0m [Wiggum-TDD] Daemon stopped
