[0;34m[13:20:50][0m Starting Wiggum-TDD daemon...
[0;34m[13:20:50][0m Queue: tdd
[0;34m[13:20:50][0m Tasks dir: /Users/sylvain/_LAPOSTE/_VELIGO2/tools/ralph-wiggum/tasks
[0;34m[13:20:50][0m Poll interval: 10s
[0;34m[13:20:50][0m [Wiggum-TDD] Found task: T382
[0;34m[13:20:50][0m [T382] Processing with REAL agent...
[0;34m[13:20:50][0m [T382] Using Real Agent (actual execution, not simulation)...
[0;33m[13:21:32] ⚠[0m [T382] Agent returned FAILED or needs more work
[0;33m[13:21:32] ⚠[0m [T382] Exit code: 1
[0;33m[13:21:32] ⚠[0m [T382] Check log: /Users/sylvain/_LAPOSTE/_VELIGO2/tools/ralph-wiggum/logs/T382_20260114_132050.log
[0;33m[13:21:33] ⚠[0m [T382] Retry 1/3
[0;34m[13:21:38][0m [T382] Processing with REAL agent...
[0;34m[13:21:38][0m [T382] Using Real Agent (actual execution, not simulation)...
[0;33m[13:24:08] ⚠[0m [T382] Agent returned FAILED or needs more work
[0;33m[13:24:08] ⚠[0m [T382] Exit code: 1
[0;33m[13:24:08] ⚠[0m [T382] Check log: /Users/sylvain/_LAPOSTE/_VELIGO2/tools/ralph-wiggum/logs/T382_20260114_132138.log
[0;33m[13:24:08] ⚠[0m [T382] Retry 2/3
[0;34m[13:24:13][0m [T382] Processing with REAL agent...
[0;34m[13:24:13][0m [T382] Using Real Agent (actual execution, not simulation)...
[0;33m[13:25:01] ⚠[0m [T382] Agent returned FAILED or needs more work
[0;33m[13:25:01] ⚠[0m [T382] Exit code: 1
[0;33m[13:25:01] ⚠[0m [T382] Check log: /Users/sylvain/_LAPOSTE/_VELIGO2/tools/ralph-wiggum/logs/T382_20260114_132413.log
[0;33m[13:25:01] ⚠[0m [T382] Retry 3/3
[0;31m[13:25:06] ✗[0m [T382] Failed after 3 retries
[0;34m[13:25:06][0m [Wiggum-TDD] --once mode, exiting
[0;34m[13:25:06][0m [Wiggum-TDD] Daemon stopped
