[0;34m[13:20:47][0m Starting Wiggum-TDD daemon...
[0;34m[13:20:47][0m Queue: tdd
[0;34m[13:20:47][0m Tasks dir: /Users/sylvain/_LAPOSTE/_VELIGO2/tools/ralph-wiggum/tasks
[0;34m[13:20:47][0m Poll interval: 10s
[0;34m[13:20:48][0m [Wiggum-TDD] Found task: T380
[0;34m[13:20:48][0m [T380] Processing with REAL agent...
[0;34m[13:20:48][0m [T380] Using Real Agent (actual execution, not simulation)...
[0;33m[13:21:30] ⚠[0m [T380] Agent returned FAILED or needs more work
[0;33m[13:21:30] ⚠[0m [T380] Exit code: 1
[0;33m[13:21:30] ⚠[0m [T380] Check log: /Users/sylvain/_LAPOSTE/_VELIGO2/tools/ralph-wiggum/logs/T380_20260114_132048.log
[0;33m[13:21:30] ⚠[0m [T380] Retry 1/3
[0;34m[13:21:35][0m [T380] Processing with REAL agent...
[0;34m[13:21:35][0m [T380] Using Real Agent (actual execution, not simulation)...
[0;33m[13:22:49] ⚠[0m [T380] Agent returned FAILED or needs more work
[0;33m[13:22:49] ⚠[0m [T380] Exit code: 1
[0;33m[13:22:49] ⚠[0m [T380] Check log: /Users/sylvain/_LAPOSTE/_VELIGO2/tools/ralph-wiggum/logs/T380_20260114_132135.log
[0;33m[13:22:49] ⚠[0m [T380] Retry 2/3
[0;34m[13:22:54][0m [T380] Processing with REAL agent...
[0;34m[13:22:54][0m [T380] Using Real Agent (actual execution, not simulation)...
[0;33m[13:23:22] ⚠[0m [T380] Agent returned FAILED or needs more work
[0;33m[13:23:22] ⚠[0m [T380] Exit code: 1
[0;33m[13:23:22] ⚠[0m [T380] Check log: /Users/sylvain/_LAPOSTE/_VELIGO2/tools/ralph-wiggum/logs/T380_20260114_132254.log
[0;33m[13:23:22] ⚠[0m [T380] Retry 3/3
[0;31m[13:23:27] ✗[0m [T380] Failed after 3 retries
[0;34m[13:23:27][0m [Wiggum-TDD] --once mode, exiting
[0;34m[13:23:27][0m [Wiggum-TDD] Daemon stopped
