[0;34m[13:21:09][0m Starting Wiggum-TDD daemon...
[0;34m[13:21:09][0m Queue: tdd
[0;34m[13:21:09][0m Tasks dir: /Users/sylvain/_LAPOSTE/_VELIGO2/tools/ralph-wiggum/tasks
[0;34m[13:21:09][0m Poll interval: 10s
[0;34m[13:21:09][0m [Wiggum-TDD] Found task: T388
[0;34m[13:21:09][0m [T388] Processing with REAL agent...
[0;34m[13:21:09][0m [T388] Using Real Agent (actual execution, not simulation)...
[0;33m[13:22:06] ⚠[0m [T388] Agent returned FAILED or needs more work
[0;33m[13:22:06] ⚠[0m [T388] Exit code: 1
[0;33m[13:22:06] ⚠[0m [T388] Check log: /Users/sylvain/_LAPOSTE/_VELIGO2/tools/ralph-wiggum/logs/T388_20260114_132109.log
[0;33m[13:22:06] ⚠[0m [T388] Retry 1/3
[0;34m[13:22:12][0m [T388] Processing with REAL agent...
[0;34m[13:22:12][0m [T388] Using Real Agent (actual execution, not simulation)...
[0;33m[13:22:37] ⚠[0m [T388] Agent returned FAILED or needs more work
[0;33m[13:22:37] ⚠[0m [T388] Exit code: 1
[0;33m[13:22:37] ⚠[0m [T388] Check log: /Users/sylvain/_LAPOSTE/_VELIGO2/tools/ralph-wiggum/logs/T388_20260114_132212.log
[0;33m[13:22:37] ⚠[0m [T388] Retry 2/3
[0;34m[13:22:42][0m [T388] Processing with REAL agent...
[0;34m[13:22:42][0m [T388] Using Real Agent (actual execution, not simulation)...
[0;33m[13:23:35] ⚠[0m [T388] Agent returned FAILED or needs more work
[0;33m[13:23:35] ⚠[0m [T388] Exit code: 1
[0;33m[13:23:35] ⚠[0m [T388] Check log: /Users/sylvain/_LAPOSTE/_VELIGO2/tools/ralph-wiggum/logs/T388_20260114_132242.log
[0;33m[13:23:35] ⚠[0m [T388] Retry 3/3
[0;31m[13:23:40] ✗[0m [T388] Failed after 3 retries
[0;34m[13:23:40][0m [Wiggum-TDD] --once mode, exiting
[0;34m[13:23:40][0m [Wiggum-TDD] Daemon stopped
