[0;34m[13:21:05][0m Starting Wiggum-TDD daemon...
[0;34m[13:21:05][0m Queue: tdd
[0;34m[13:21:05][0m Tasks dir: /Users/sylvain/_LAPOSTE/_VELIGO2/tools/ralph-wiggum/tasks
[0;34m[13:21:05][0m Poll interval: 10s
[0;34m[13:21:06][0m [Wiggum-TDD] Found task: T387
[0;34m[13:21:06][0m [T387] Processing with REAL agent...
[0;34m[13:21:06][0m [T387] Using Real Agent (actual execution, not simulation)...
[0;33m[13:22:07] ⚠[0m [T387] Agent returned FAILED or needs more work
[0;33m[13:22:07] ⚠[0m [T387] Exit code: 1
[0;33m[13:22:07] ⚠[0m [T387] Check log: /Users/sylvain/_LAPOSTE/_VELIGO2/tools/ralph-wiggum/logs/T387_20260114_132106.log
[0;33m[13:22:07] ⚠[0m [T387] Retry 1/3
[0;34m[13:22:12][0m [T387] Processing with REAL agent...
[0;34m[13:22:12][0m [T387] Using Real Agent (actual execution, not simulation)...
[0;33m[13:27:58] ⚠[0m [T387] Agent returned FAILED or needs more work
[0;33m[13:27:58] ⚠[0m [T387] Exit code: 1
[0;33m[13:27:58] ⚠[0m [T387] Check log: /Users/sylvain/_LAPOSTE/_VELIGO2/tools/ralph-wiggum/logs/T387_20260114_132212.log
[0;33m[13:27:58] ⚠[0m [T387] Retry 2/3
[0;34m[13:28:03][0m [T387] Processing with REAL agent...
[0;34m[13:28:03][0m [T387] Using Real Agent (actual execution, not simulation)...
[0;33m[13:28:25] ⚠[0m [T387] Agent returned FAILED or needs more work
[0;33m[13:28:25] ⚠[0m [T387] Exit code: 1
[0;33m[13:28:25] ⚠[0m [T387] Check log: /Users/sylvain/_LAPOSTE/_VELIGO2/tools/ralph-wiggum/logs/T387_20260114_132803.log
[0;33m[13:28:25] ⚠[0m [T387] Retry 3/3
[0;31m[13:28:30] ✗[0m [T387] Failed after 3 retries
[0;34m[13:28:30][0m [Wiggum-TDD] --once mode, exiting
[0;34m[13:28:30][0m [Wiggum-TDD] Daemon stopped
