[0;34m[13:21:00][0m Starting Wiggum-TDD daemon...
[0;34m[13:21:00][0m Queue: tdd
[0;34m[13:21:00][0m Tasks dir: /Users/sylvain/_LAPOSTE/_VELIGO2/tools/ralph-wiggum/tasks
[0;34m[13:21:00][0m Poll interval: 10s
[0;34m[13:21:01][0m [Wiggum-TDD] Found task: T386
[0;34m[13:21:01][0m [T386] Processing with REAL agent...
[0;34m[13:21:01][0m [T386] Using Real Agent (actual execution, not simulation)...
[0;33m[13:21:45] ⚠[0m [T386] Agent returned FAILED or needs more work
[0;33m[13:21:45] ⚠[0m [T386] Exit code: 1
[0;33m[13:21:45] ⚠[0m [T386] Check log: /Users/sylvain/_LAPOSTE/_VELIGO2/tools/ralph-wiggum/logs/T386_20260114_132101.log
[0;33m[13:21:45] ⚠[0m [T386] Retry 1/3
[0;34m[13:21:50][0m [T386] Processing with REAL agent...
[0;34m[13:21:50][0m [T386] Using Real Agent (actual execution, not simulation)...
[0;33m[13:22:27] ⚠[0m [T386] Agent returned FAILED or needs more work
[0;33m[13:22:27] ⚠[0m [T386] Exit code: 1
[0;33m[13:22:27] ⚠[0m [T386] Check log: /Users/sylvain/_LAPOSTE/_VELIGO2/tools/ralph-wiggum/logs/T386_20260114_132150.log
[0;33m[13:22:27] ⚠[0m [T386] Retry 2/3
[0;34m[13:22:32][0m [T386] Processing with REAL agent...
[0;34m[13:22:32][0m [T386] Using Real Agent (actual execution, not simulation)...
[0;33m[13:23:17] ⚠[0m [T386] Agent returned FAILED or needs more work
[0;33m[13:23:17] ⚠[0m [T386] Exit code: 1
[0;33m[13:23:17] ⚠[0m [T386] Check log: /Users/sylvain/_LAPOSTE/_VELIGO2/tools/ralph-wiggum/logs/T386_20260114_132232.log
[0;33m[13:23:17] ⚠[0m [T386] Retry 3/3
[0;31m[13:23:22] ✗[0m [T386] Failed after 3 retries
[0;34m[13:23:22][0m [Wiggum-TDD] --once mode, exiting
[0;34m[13:23:22][0m [Wiggum-TDD] Daemon stopped
