[0;34m[13:20:55][0m Starting Wiggum-TDD daemon...
[0;34m[13:20:55][0m Queue: tdd
[0;34m[13:20:55][0m Tasks dir: /Users/sylvain/_LAPOSTE/_VELIGO2/tools/ralph-wiggum/tasks
[0;34m[13:20:55][0m Poll interval: 10s
[0;34m[13:20:56][0m [Wiggum-TDD] Found task: T384
[0;34m[13:20:56][0m [T384] Processing with REAL agent...
[0;34m[13:20:56][0m [T384] Using Real Agent (actual execution, not simulation)...
[0;33m[13:21:27] ⚠[0m [T384] Agent returned FAILED or needs more work
[0;33m[13:21:27] ⚠[0m [T384] Exit code: 1
[0;33m[13:21:27] ⚠[0m [T384] Check log: /Users/sylvain/_LAPOSTE/_VELIGO2/tools/ralph-wiggum/logs/T384_20260114_132056.log
[0;33m[13:21:27] ⚠[0m [T384] Retry 1/3
[0;34m[13:21:32][0m [T384] Processing with REAL agent...
[0;34m[13:21:32][0m [T384] Using Real Agent (actual execution, not simulation)...
[0;33m[13:22:07] ⚠[0m [T384] Agent returned FAILED or needs more work
[0;33m[13:22:07] ⚠[0m [T384] Exit code: 1
[0;33m[13:22:07] ⚠[0m [T384] Check log: /Users/sylvain/_LAPOSTE/_VELIGO2/tools/ralph-wiggum/logs/T384_20260114_132132.log
[0;33m[13:22:07] ⚠[0m [T384] Retry 2/3
[0;34m[13:22:12][0m [T384] Processing with REAL agent...
[0;34m[13:22:13][0m [T384] Using Real Agent (actual execution, not simulation)...
[0;33m[13:22:40] ⚠[0m [T384] Agent returned FAILED or needs more work
[0;33m[13:22:40] ⚠[0m [T384] Exit code: 1
[0;33m[13:22:40] ⚠[0m [T384] Check log: /Users/sylvain/_LAPOSTE/_VELIGO2/tools/ralph-wiggum/logs/T384_20260114_132213.log
[0;33m[13:22:40] ⚠[0m [T384] Retry 3/3
[0;31m[13:22:45] ✗[0m [T384] Failed after 3 retries
[0;34m[13:22:45][0m [Wiggum-TDD] --once mode, exiting
[0;34m[13:22:45][0m [Wiggum-TDD] Daemon stopped
