[0;34m[13:23:31][0m Starting Wiggum-TDD daemon...
[0;34m[13:23:31][0m Queue: tdd
[0;34m[13:23:31][0m Tasks dir: /Users/sylvain/_LAPOSTE/_VELIGO2/tools/ralph-wiggum/tasks
[0;34m[13:23:31][0m Poll interval: 10s
[0;34m[13:23:31][0m [Wiggum-TDD] Found task: T393
[0;34m[13:23:31][0m [T393] Processing with REAL agent...
[0;34m[13:23:31][0m [T393] Using Real Agent (actual execution, not simulation)...
[0;33m[13:24:33] ⚠[0m [T393] Agent returned FAILED or needs more work
[0;33m[13:24:33] ⚠[0m [T393] Exit code: 1
[0;33m[13:24:33] ⚠[0m [T393] Check log: /Users/sylvain/_LAPOSTE/_VELIGO2/tools/ralph-wiggum/logs/T393_20260114_132331.log
[0;33m[13:24:33] ⚠[0m [T393] Retry 1/3
[0;34m[13:24:38][0m [T393] Processing with REAL agent...
[0;34m[13:24:39][0m [T393] Using Real Agent (actual execution, not simulation)...
[0;33m[13:25:12] ⚠[0m [T393] Agent returned FAILED or needs more work
[0;33m[13:25:12] ⚠[0m [T393] Exit code: 1
[0;33m[13:25:12] ⚠[0m [T393] Check log: /Users/sylvain/_LAPOSTE/_VELIGO2/tools/ralph-wiggum/logs/T393_20260114_132438.log
[0;33m[13:25:12] ⚠[0m [T393] Retry 2/3
[0;34m[13:25:17][0m [T393] Processing with REAL agent...
[0;34m[13:25:17][0m [T393] Using Real Agent (actual execution, not simulation)...
[0;33m[13:25:45] ⚠[0m [T393] Agent returned FAILED or needs more work
[0;33m[13:25:45] ⚠[0m [T393] Exit code: 1
[0;33m[13:25:45] ⚠[0m [T393] Check log: /Users/sylvain/_LAPOSTE/_VELIGO2/tools/ralph-wiggum/logs/T393_20260114_132517.log
[0;33m[13:25:45] ⚠[0m [T393] Retry 3/3
[0;31m[13:25:50] ✗[0m [T393] Failed after 3 retries
[0;34m[13:25:50][0m [Wiggum-TDD] --once mode, exiting
[0;34m[13:25:50][0m [Wiggum-TDD] Daemon stopped
