[0;34m[13:23:27][0m Starting Wiggum-TDD daemon...
[0;34m[13:23:27][0m Queue: tdd
[0;34m[13:23:27][0m Tasks dir: /Users/sylvain/_LAPOSTE/_VELIGO2/tools/ralph-wiggum/tasks
[0;34m[13:23:27][0m Poll interval: 10s
[0;34m[13:23:28][0m [Wiggum-TDD] Found task: T392
[0;34m[13:23:28][0m [T392] Processing with REAL agent...
[0;34m[13:23:28][0m [T392] Using Real Agent (actual execution, not simulation)...
[0;33m[13:28:23] ⚠[0m [T392] Agent returned FAILED or needs more work
[0;33m[13:28:23] ⚠[0m [T392] Exit code: 1
[0;33m[13:28:23] ⚠[0m [T392] Check log: /Users/sylvain/_LAPOSTE/_VELIGO2/tools/ralph-wiggum/logs/T392_20260114_132328.log
[0;33m[13:28:23] ⚠[0m [T392] Retry 1/3
[0;34m[13:28:28][0m [T392] Processing with REAL agent...
[0;34m[13:28:28][0m [T392] Using Real Agent (actual execution, not simulation)...
[0;33m[13:31:54] ⚠[0m [T392] Agent returned FAILED or needs more work
[0;33m[13:31:54] ⚠[0m [T392] Exit code: 1
[0;33m[13:31:54] ⚠[0m [T392] Check log: /Users/sylvain/_LAPOSTE/_VELIGO2/tools/ralph-wiggum/logs/T392_20260114_132828.log
[0;33m[13:31:54] ⚠[0m [T392] Retry 2/3
[0;34m[13:32:00][0m [T392] Processing with REAL agent...
[0;34m[13:32:00][0m [T392] Using Real Agent (actual execution, not simulation)...
[0;34m[13:32:00][0m [T392] Task was decomposed into sub-tasks (fractal)
[0;34m[13:32:00][0m [Wiggum-TDD] --once mode, exiting
[0;34m[13:32:00][0m [Wiggum-TDD] Daemon stopped
