[0;34m[13:22:51][0m Starting Wiggum-TDD daemon...
[0;34m[13:22:51][0m Queue: tdd
[0;34m[13:22:51][0m Tasks dir: /Users/sylvain/_LAPOSTE/_VELIGO2/tools/ralph-wiggum/tasks
[0;34m[13:22:51][0m Poll interval: 10s
[0;34m[13:22:51][0m [Wiggum-TDD] Found task: T391
[0;34m[13:22:51][0m [T391] Processing with REAL agent...
[0;34m[13:22:51][0m [T391] Using Real Agent (actual execution, not simulation)...
[0;33m[13:23:40] ⚠[0m [T391] Agent returned FAILED or needs more work
[0;33m[13:23:40] ⚠[0m [T391] Exit code: 1
[0;33m[13:23:40] ⚠[0m [T391] Check log: /Users/sylvain/_LAPOSTE/_VELIGO2/tools/ralph-wiggum/logs/T391_20260114_132251.log
[0;33m[13:23:40] ⚠[0m [T391] Retry 1/3
[0;34m[13:23:45][0m [T391] Processing with REAL agent...
[0;34m[13:23:45][0m [T391] Using Real Agent (actual execution, not simulation)...
[0;33m[13:24:33] ⚠[0m [T391] Agent returned FAILED or needs more work
[0;33m[13:24:33] ⚠[0m [T391] Exit code: 1
[0;33m[13:24:33] ⚠[0m [T391] Check log: /Users/sylvain/_LAPOSTE/_VELIGO2/tools/ralph-wiggum/logs/T391_20260114_132345.log
[0;33m[13:24:33] ⚠[0m [T391] Retry 2/3
[0;34m[13:24:38][0m [T391] Processing with REAL agent...
[0;34m[13:24:38][0m [T391] Using Real Agent (actual execution, not simulation)...
[0;33m[13:25:05] ⚠[0m [T391] Agent returned FAILED or needs more work
[0;33m[13:25:05] ⚠[0m [T391] Exit code: 1
[0;33m[13:25:05] ⚠[0m [T391] Check log: /Users/sylvain/_LAPOSTE/_VELIGO2/tools/ralph-wiggum/logs/T391_20260114_132438.log
[0;33m[13:25:05] ⚠[0m [T391] Retry 3/3
[0;31m[13:25:10] ✗[0m [T391] Failed after 3 retries
[0;34m[13:25:10][0m [Wiggum-TDD] --once mode, exiting
[0;34m[13:25:10][0m [Wiggum-TDD] Daemon stopped
