[0;34m[13:26:18][0m Starting Wiggum-TDD daemon...
[0;34m[13:26:18][0m Queue: tdd
[0;34m[13:26:18][0m Tasks dir: /Users/sylvain/_LAPOSTE/_VELIGO2/tools/ralph-wiggum/tasks
[0;34m[13:26:18][0m Poll interval: 10s
[0;34m[13:26:19][0m [Wiggum-TDD] Found task: T402
[0;34m[13:26:19][0m [T402] Processing with REAL agent...
[0;34m[13:26:19][0m [T402] Using Real Agent (actual execution, not simulation)...
[0;33m[13:29:13] ⚠[0m [T402] Agent returned FAILED or needs more work
[0;33m[13:29:13] ⚠[0m [T402] Exit code: 1
[0;33m[13:29:13] ⚠[0m [T402] Check log: /Users/sylvain/_LAPOSTE/_VELIGO2/tools/ralph-wiggum/logs/T402_20260114_132619.log
[0;33m[13:29:13] ⚠[0m [T402] Retry 1/3
[0;34m[13:29:18][0m [T402] Processing with REAL agent...
[0;34m[13:29:18][0m [T402] Using Real Agent (actual execution, not simulation)...
[0;34m[13:31:54][0m [T402] Running quality gates...
[0;33m[13:32:37] ⚠[0m [T402] Quality gates FAILED
[0;33m[13:32:38] ⚠[0m [T402] Retry 2/3
[0;34m[13:32:43][0m [T402] Processing with REAL agent...
[0;34m[13:32:43][0m [T402] Using Real Agent (actual execution, not simulation)...
[0;34m[13:32:43][0m [T402] Task was decomposed into sub-tasks (fractal)
[0;34m[13:32:43][0m [Wiggum-TDD] --once mode, exiting
[0;34m[13:32:43][0m [Wiggum-TDD] Daemon stopped
