[0;34m[13:26:02][0m Starting Wiggum-TDD daemon...
[0;34m[13:26:02][0m Queue: tdd
[0;34m[13:26:02][0m Tasks dir: /Users/sylvain/_LAPOSTE/_VELIGO2/tools/ralph-wiggum/tasks
[0;34m[13:26:02][0m Poll interval: 10s
[0;34m[13:26:02][0m [Wiggum-TDD] Found task: T401
[0;34m[13:26:02][0m [T401] Processing with REAL agent...
[0;34m[13:26:03][0m [T401] Using Real Agent (actual execution, not simulation)...
[0;33m[13:27:21] ⚠[0m [T401] Agent returned FAILED or needs more work
[0;33m[13:27:21] ⚠[0m [T401] Exit code: 1
[0;33m[13:27:21] ⚠[0m [T401] Check log: /Users/sylvain/_LAPOSTE/_VELIGO2/tools/ralph-wiggum/logs/T401_20260114_132603.log
[0;33m[13:27:21] ⚠[0m [T401] Retry 1/3
[0;34m[13:27:26][0m [T401] Processing with REAL agent...
[0;34m[13:27:26][0m [T401] Using Real Agent (actual execution, not simulation)...
[0;33m[13:28:59] ⚠[0m [T401] Agent returned FAILED or needs more work
[0;33m[13:28:59] ⚠[0m [T401] Exit code: 1
[0;33m[13:28:59] ⚠[0m [T401] Check log: /Users/sylvain/_LAPOSTE/_VELIGO2/tools/ralph-wiggum/logs/T401_20260114_132726.log
[0;33m[13:28:59] ⚠[0m [T401] Retry 2/3
[0;34m[13:29:04][0m [T401] Processing with REAL agent...
[0;34m[13:29:04][0m [T401] Using Real Agent (actual execution, not simulation)...
[0;33m[13:30:09] ⚠[0m [T401] Agent returned FAILED or needs more work
[0;33m[13:30:09] ⚠[0m [T401] Exit code: 1
[0;33m[13:30:09] ⚠[0m [T401] Check log: /Users/sylvain/_LAPOSTE/_VELIGO2/tools/ralph-wiggum/logs/T401_20260114_132904.log
[0;33m[13:30:09] ⚠[0m [T401] Retry 3/3
[0;31m[13:30:14] ✗[0m [T401] Failed after 3 retries
[0;34m[13:30:14][0m [Wiggum-TDD] --once mode, exiting
[0;34m[13:30:14][0m [Wiggum-TDD] Daemon stopped
