[0;34m[13:30:22][0m Starting Wiggum-TDD daemon...
[0;34m[13:30:22][0m Queue: tdd
[0;34m[13:30:22][0m Tasks dir: /Users/sylvain/_LAPOSTE/_VELIGO2/tools/ralph-wiggum/tasks
[0;34m[13:30:22][0m Poll interval: 10s
[0;34m[13:30:23][0m [Wiggum-TDD] Found task: T413
[0;34m[13:30:23][0m [T413] Processing with REAL agent...
[0;34m[13:30:23][0m [T413] Using Real Agent (actual execution, not simulation)...
[0;33m[13:32:55] ⚠[0m [T413] Agent returned FAILED or needs more work
[0;33m[13:32:55] ⚠[0m [T413] Exit code: 1
[0;33m[13:32:55] ⚠[0m [T413] Check log: /Users/sylvain/_LAPOSTE/_VELIGO2/tools/ralph-wiggum/logs/T413_20260114_133023.log
[0;33m[13:32:55] ⚠[0m [T413] Retry 1/3
[0;34m[13:33:00][0m [T413] Processing with REAL agent...
[0;34m[13:33:00][0m [T413] Using Real Agent (actual execution, not simulation)...
[0;33m[13:33:38] ⚠[0m [T413] Agent returned FAILED or needs more work
[0;33m[13:33:38] ⚠[0m [T413] Exit code: 1
[0;33m[13:33:38] ⚠[0m [T413] Check log: /Users/sylvain/_LAPOSTE/_VELIGO2/tools/ralph-wiggum/logs/T413_20260114_133300.log
[0;33m[13:33:38] ⚠[0m [T413] Retry 2/3
[0;34m[13:33:44][0m [T413] Processing with REAL agent...
[0;34m[13:33:44][0m [T413] Using Real Agent (actual execution, not simulation)...
[0;33m[13:34:12] ⚠[0m [T413] Agent returned FAILED or needs more work
[0;33m[13:34:12] ⚠[0m [T413] Exit code: 1
[0;33m[13:34:12] ⚠[0m [T413] Check log: /Users/sylvain/_LAPOSTE/_VELIGO2/tools/ralph-wiggum/logs/T413_20260114_133344.log
[0;33m[13:34:12] ⚠[0m [T413] Retry 3/3
[0;31m[13:34:17] ✗[0m [T413] Failed after 3 retries
[0;34m[13:34:17][0m [Wiggum-TDD] --once mode, exiting
[0;34m[13:34:17][0m [Wiggum-TDD] Daemon stopped
