[0;34m[13:29:03][0m Starting Wiggum-TDD daemon...
[0;34m[13:29:03][0m Queue: tdd
[0;34m[13:29:03][0m Tasks dir: /Users/sylvain/_LAPOSTE/_VELIGO2/tools/ralph-wiggum/tasks
[0;34m[13:29:03][0m Poll interval: 10s
[0;34m[13:29:03][0m [Wiggum-TDD] Found task: T401
[0;34m[13:29:03][0m [T401] Processing with REAL agent...
[0;34m[13:29:03][0m [T401] Using Real Agent (actual execution, not simulation)...
[0;33m[13:29:48] ⚠[0m [T401] Agent returned FAILED or needs more work
[0;33m[13:29:48] ⚠[0m [T401] Exit code: 1
[0;33m[13:29:48] ⚠[0m [T401] Check log: /Users/sylvain/_LAPOSTE/_VELIGO2/tools/ralph-wiggum/logs/T401_20260114_132903.log
[0;33m[13:29:48] ⚠[0m [T401] Retry 1/3
[0;34m[13:29:53][0m [T401] Processing with REAL agent...
[0;34m[13:29:54][0m [T401] Using Real Agent (actual execution, not simulation)...
[0;33m[13:30:42] ⚠[0m [T401] Agent returned FAILED or needs more work
[0;33m[13:30:42] ⚠[0m [T401] Exit code: 1
[0;33m[13:30:42] ⚠[0m [T401] Check log: /Users/sylvain/_LAPOSTE/_VELIGO2/tools/ralph-wiggum/logs/T401_20260114_132954.log
[0;33m[13:30:42] ⚠[0m [T401] Retry 2/3
[0;34m[13:30:47][0m [T401] Processing with REAL agent...
[0;34m[13:30:47][0m [T401] Using Real Agent (actual execution, not simulation)...
[0;34m[13:30:48][0m [T401] Task was decomposed into sub-tasks (fractal)
[0;34m[13:30:48][0m [Wiggum-TDD] --once mode, exiting
[0;34m[13:30:48][0m [Wiggum-TDD] Daemon stopped
