[0;34m[13:28:40][0m Starting Wiggum-TDD daemon...
[0;34m[13:28:40][0m Queue: tdd
[0;34m[13:28:40][0m Tasks dir: /Users/sylvain/_LAPOSTE/_VELIGO2/tools/ralph-wiggum/tasks
[0;34m[13:28:40][0m Poll interval: 10s
[0;34m[13:28:42][0m [Wiggum-TDD] Found task: T405
[0;34m[13:28:42][0m [T405] Processing with REAL agent...
[0;34m[13:28:42][0m [T405] Using Real Agent (actual execution, not simulation)...
[0;33m[13:30:18] ⚠[0m [T405] Agent returned FAILED or needs more work
[0;33m[13:30:18] ⚠[0m [T405] Exit code: 1
[0;33m[13:30:18] ⚠[0m [T405] Check log: /Users/sylvain/_LAPOSTE/_VELIGO2/tools/ralph-wiggum/logs/T405_20260114_132842.log
[0;33m[13:30:18] ⚠[0m [T405] Retry 1/3
[0;34m[13:30:23][0m [T405] Processing with REAL agent...
[0;34m[13:30:23][0m [T405] Using Real Agent (actual execution, not simulation)...
[0;33m[13:31:25] ⚠[0m [T405] Agent returned FAILED or needs more work
[0;33m[13:31:25] ⚠[0m [T405] Exit code: 1
[0;33m[13:31:25] ⚠[0m [T405] Check log: /Users/sylvain/_LAPOSTE/_VELIGO2/tools/ralph-wiggum/logs/T405_20260114_133023.log
[0;33m[13:31:25] ⚠[0m [T405] Retry 2/3
[0;34m[13:31:30][0m [T405] Processing with REAL agent...
[0;34m[13:31:30][0m [T405] Using Real Agent (actual execution, not simulation)...
[0;34m[13:31:30][0m [T405] Task was decomposed into sub-tasks (fractal)
[0;34m[13:31:30][0m [Wiggum-TDD] --once mode, exiting
[0;34m[13:31:30][0m [Wiggum-TDD] Daemon stopped
