[0;34m[13:33:08][0m Starting Wiggum-TDD daemon...
[0;34m[13:33:08][0m Queue: tdd
[0;34m[13:33:08][0m Tasks dir: /Users/sylvain/_LAPOSTE/_VELIGO2/tools/ralph-wiggum/tasks
[0;34m[13:33:08][0m Poll interval: 10s
[0;34m[13:33:10][0m [Wiggum-TDD] Found task: T420
[0;34m[13:33:10][0m [T420] Processing with REAL agent...
[0;34m[13:33:10][0m [T420] Using Real Agent (actual execution, not simulation)...
[0;33m[13:34:18] ⚠[0m [T420] Agent returned FAILED or needs more work
[0;33m[13:34:18] ⚠[0m [T420] Exit code: 1
[0;33m[13:34:18] ⚠[0m [T420] Check log: /Users/sylvain/_LAPOSTE/_VELIGO2/tools/ralph-wiggum/logs/T420_20260114_133310.log
[0;33m[13:34:19] ⚠[0m [T420] Retry 1/3
[0;34m[13:34:24][0m [T420] Processing with REAL agent...
[0;34m[13:34:24][0m [T420] Using Real Agent (actual execution, not simulation)...
[0;33m[13:35:59] ⚠[0m [T420] Agent returned FAILED or needs more work
[0;33m[13:35:59] ⚠[0m [T420] Exit code: 1
[0;33m[13:35:59] ⚠[0m [T420] Check log: /Users/sylvain/_LAPOSTE/_VELIGO2/tools/ralph-wiggum/logs/T420_20260114_133424.log
[0;33m[13:35:59] ⚠[0m [T420] Retry 2/3
[0;34m[13:36:04][0m [T420] Processing with REAL agent...
[0;34m[13:36:04][0m [T420] Using Real Agent (actual execution, not simulation)...
[0;33m[13:36:40] ⚠[0m [T420] Agent returned FAILED or needs more work
[0;33m[13:36:40] ⚠[0m [T420] Exit code: 1
[0;33m[13:36:40] ⚠[0m [T420] Check log: /Users/sylvain/_LAPOSTE/_VELIGO2/tools/ralph-wiggum/logs/T420_20260114_133604.log
[0;33m[13:36:40] ⚠[0m [T420] Retry 3/3
[0;31m[13:36:45] ✗[0m [T420] Failed after 3 retries
[0;34m[13:36:46][0m [Wiggum-TDD] --once mode, exiting
[0;34m[13:36:46][0m [Wiggum-TDD] Daemon stopped
