[0;34m[13:42:25][0m Starting Wiggum-TDD daemon...
[0;34m[13:42:25][0m Queue: tdd
[0;34m[13:42:25][0m Tasks dir: /Users/sylvain/_LAPOSTE/_VELIGO2/tools/ralph-wiggum/tasks
[0;34m[13:42:25][0m Poll interval: 10s
[0;34m[13:42:26][0m [Wiggum-TDD] Found task: T437
[0;34m[13:42:26][0m [T437] Processing with REAL agent...
[0;34m[13:42:26][0m [T437] Using Real Agent (actual execution, not simulation)...
[0;33m[13:44:07] ⚠[0m [T437] Agent returned FAILED or needs more work
[0;33m[13:44:07] ⚠[0m [T437] Exit code: 1
[0;33m[13:44:07] ⚠[0m [T437] Check log: /Users/sylvain/_LAPOSTE/_VELIGO2/tools/ralph-wiggum/logs/T437_20260114_134226.log
[0;33m[13:44:07] ⚠[0m [T437] Retry 1/3
[0;34m[13:44:12][0m [T437] Processing with REAL agent...
[0;34m[13:44:12][0m [T437] Using Real Agent (actual execution, not simulation)...
[0;33m[13:47:38] ⚠[0m [T437] Agent returned FAILED or needs more work
[0;33m[13:47:38] ⚠[0m [T437] Exit code: 1
[0;33m[13:47:38] ⚠[0m [T437] Check log: /Users/sylvain/_LAPOSTE/_VELIGO2/tools/ralph-wiggum/logs/T437_20260114_134412.log
[0;33m[13:47:38] ⚠[0m [T437] Retry 2/3
[0;34m[13:47:43][0m [T437] Processing with REAL agent...
[0;34m[13:47:44][0m [T437] Using Real Agent (actual execution, not simulation)...
[0;33m[13:48:40] ⚠[0m [T437] Agent returned FAILED or needs more work
[0;33m[13:48:40] ⚠[0m [T437] Exit code: 1
[0;33m[13:48:40] ⚠[0m [T437] Check log: /Users/sylvain/_LAPOSTE/_VELIGO2/tools/ralph-wiggum/logs/T437_20260114_134744.log
[0;33m[13:48:40] ⚠[0m [T437] Retry 3/3
[0;31m[13:48:45] ✗[0m [T437] Failed after 3 retries
[0;34m[13:48:45][0m [Wiggum-TDD] --once mode, exiting
[0;34m[13:48:45][0m [Wiggum-TDD] Daemon stopped
