[0;34m[13:39:07][0m Starting Wiggum-TDD daemon...
[0;34m[13:39:07][0m Queue: tdd
[0;34m[13:39:07][0m Tasks dir: /Users/sylvain/_LAPOSTE/_VELIGO2/tools/ralph-wiggum/tasks
[0;34m[13:39:07][0m Poll interval: 10s
[0;34m[13:39:08][0m [Wiggum-TDD] Found task: T432
[0;34m[13:39:08][0m [T432] Processing with REAL agent...
[0;34m[13:39:08][0m [T432] Using Real Agent (actual execution, not simulation)...
[0;33m[13:39:56] ⚠[0m [T432] Agent returned FAILED or needs more work
[0;33m[13:39:56] ⚠[0m [T432] Exit code: 1
[0;33m[13:39:56] ⚠[0m [T432] Check log: /Users/sylvain/_LAPOSTE/_VELIGO2/tools/ralph-wiggum/logs/T432_20260114_133908.log
[0;33m[13:39:56] ⚠[0m [T432] Retry 1/3
[0;34m[13:40:01][0m [T432] Processing with REAL agent...
[0;34m[13:40:01][0m [T432] Using Real Agent (actual execution, not simulation)...
[0;33m[13:40:33] ⚠[0m [T432] Agent returned FAILED or needs more work
[0;33m[13:40:33] ⚠[0m [T432] Exit code: 1
[0;33m[13:40:33] ⚠[0m [T432] Check log: /Users/sylvain/_LAPOSTE/_VELIGO2/tools/ralph-wiggum/logs/T432_20260114_134001.log
[0;33m[13:40:33] ⚠[0m [T432] Retry 2/3
[0;34m[13:40:38][0m [T432] Processing with REAL agent...
[0;34m[13:40:38][0m [T432] Using Real Agent (actual execution, not simulation)...
[0;33m[13:41:32] ⚠[0m [T432] Agent returned FAILED or needs more work
[0;33m[13:41:32] ⚠[0m [T432] Exit code: 1
[0;33m[13:41:32] ⚠[0m [T432] Check log: /Users/sylvain/_LAPOSTE/_VELIGO2/tools/ralph-wiggum/logs/T432_20260114_134038.log
[0;33m[13:41:32] ⚠[0m [T432] Retry 3/3
[0;31m[13:41:37] ✗[0m [T432] Failed after 3 retries
[0;34m[13:41:37][0m [Wiggum-TDD] --once mode, exiting
[0;34m[13:41:37][0m [Wiggum-TDD] Daemon stopped
