[0;34m[13:39:01][0m Starting Wiggum-TDD daemon...
[0;34m[13:39:01][0m Queue: tdd
[0;34m[13:39:01][0m Tasks dir: /Users/sylvain/_LAPOSTE/_VELIGO2/tools/ralph-wiggum/tasks
[0;34m[13:39:01][0m Poll interval: 10s
[0;34m[13:39:03][0m [Wiggum-TDD] Found task: T431
[0;34m[13:39:03][0m [T431] Processing with REAL agent...
[0;34m[13:39:03][0m [T431] Using Real Agent (actual execution, not simulation)...
[0;33m[13:40:58] ⚠[0m [T431] Agent returned FAILED or needs more work
[0;33m[13:40:58] ⚠[0m [T431] Exit code: 1
[0;33m[13:40:58] ⚠[0m [T431] Check log: /Users/sylvain/_LAPOSTE/_VELIGO2/tools/ralph-wiggum/logs/T431_20260114_133903.log
[0;33m[13:40:58] ⚠[0m [T431] Retry 1/3
[0;34m[13:41:04][0m [T431] Processing with REAL agent...
[0;34m[13:41:04][0m [T431] Using Real Agent (actual execution, not simulation)...
[0;33m[13:42:10] ⚠[0m [T431] Agent returned FAILED or needs more work
[0;33m[13:42:10] ⚠[0m [T431] Exit code: 1
[0;33m[13:42:10] ⚠[0m [T431] Check log: /Users/sylvain/_LAPOSTE/_VELIGO2/tools/ralph-wiggum/logs/T431_20260114_134104.log
[0;33m[13:42:10] ⚠[0m [T431] Retry 2/3
[0;34m[13:42:15][0m [T431] Processing with REAL agent...
[0;34m[13:42:15][0m [T431] Using Real Agent (actual execution, not simulation)...
[0;33m[13:44:15] ⚠[0m [T431] Agent returned FAILED or needs more work
[0;33m[13:44:15] ⚠[0m [T431] Exit code: 1
[0;33m[13:44:15] ⚠[0m [T431] Check log: /Users/sylvain/_LAPOSTE/_VELIGO2/tools/ralph-wiggum/logs/T431_20260114_134215.log
[0;33m[13:44:15] ⚠[0m [T431] Retry 3/3
[0;31m[13:44:20] ✗[0m [T431] Failed after 3 retries
[0;34m[13:44:21][0m [Wiggum-TDD] --once mode, exiting
[0;34m[13:44:21][0m [Wiggum-TDD] Daemon stopped
