[0;34m[13:41:50][0m Starting Wiggum-TDD daemon...
[0;34m[13:41:50][0m Queue: tdd
[0;34m[13:41:50][0m Tasks dir: /Users/sylvain/_LAPOSTE/_VELIGO2/tools/ralph-wiggum/tasks
[0;34m[13:41:50][0m Poll interval: 10s
[0;34m[13:41:52][0m [Wiggum-TDD] Found task: T436
[0;34m[13:41:52][0m [T436] Processing with REAL agent...
[0;34m[13:41:52][0m [T436] Using Real Agent (actual execution, not simulation)...
[0;33m[13:42:44] ⚠[0m [T436] Agent returned FAILED or needs more work
[0;33m[13:42:44] ⚠[0m [T436] Exit code: 1
[0;33m[13:42:45] ⚠[0m [T436] Check log: /Users/sylvain/_LAPOSTE/_VELIGO2/tools/ralph-wiggum/logs/T436_20260114_134152.log
[0;33m[13:42:45] ⚠[0m [T436] Retry 1/3
[0;34m[13:42:50][0m [T436] Processing with REAL agent...
[0;34m[13:42:50][0m [T436] Using Real Agent (actual execution, not simulation)...
[0;33m[13:46:10] ⚠[0m [T436] Agent returned FAILED or needs more work
[0;33m[13:46:10] ⚠[0m [T436] Exit code: 1
[0;33m[13:46:10] ⚠[0m [T436] Check log: /Users/sylvain/_LAPOSTE/_VELIGO2/tools/ralph-wiggum/logs/T436_20260114_134250.log
[0;33m[13:46:10] ⚠[0m [T436] Retry 2/3
[0;34m[13:46:15][0m [T436] Processing with REAL agent...
[0;34m[13:46:16][0m [T436] Using Real Agent (actual execution, not simulation)...
[0;33m[13:52:18] ⚠[0m [T436] Agent returned FAILED or needs more work
[0;33m[13:52:18] ⚠[0m [T436] Exit code: 1
[0;33m[13:52:18] ⚠[0m [T436] Check log: /Users/sylvain/_LAPOSTE/_VELIGO2/tools/ralph-wiggum/logs/T436_20260114_134616.log
[0;33m[13:52:18] ⚠[0m [T436] Retry 3/3
[0;31m[13:52:23] ✗[0m [T436] Failed after 3 retries
[0;34m[13:52:23][0m [Wiggum-TDD] --once mode, exiting
[0;34m[13:52:23][0m [Wiggum-TDD] Daemon stopped
