[0;34m[13:36:42][0m Starting Wiggum-TDD daemon...
[0;34m[13:36:42][0m Queue: tdd
[0;34m[13:36:42][0m Tasks dir: /Users/sylvain/_LAPOSTE/_VELIGO2/tools/ralph-wiggum/tasks
[0;34m[13:36:42][0m Poll interval: 10s
[0;34m[13:36:44][0m [Wiggum-TDD] Found task: T424
[0;34m[13:36:44][0m [T424] Processing with REAL agent...
[0;34m[13:36:44][0m [T424] Using Real Agent (actual execution, not simulation)...
[0;33m[13:37:48] ⚠[0m [T424] Agent returned FAILED or needs more work
[0;33m[13:37:48] ⚠[0m [T424] Exit code: 1
[0;33m[13:37:48] ⚠[0m [T424] Check log: /Users/sylvain/_LAPOSTE/_VELIGO2/tools/ralph-wiggum/logs/T424_20260114_133644.log
[0;33m[13:37:48] ⚠[0m [T424] Retry 1/3
[0;34m[13:37:53][0m [T424] Processing with REAL agent...
[0;34m[13:37:53][0m [T424] Using Real Agent (actual execution, not simulation)...
[0;33m[13:38:18] ⚠[0m [T424] Agent returned FAILED or needs more work
[0;33m[13:38:18] ⚠[0m [T424] Exit code: 1
[0;33m[13:38:18] ⚠[0m [T424] Check log: /Users/sylvain/_LAPOSTE/_VELIGO2/tools/ralph-wiggum/logs/T424_20260114_133753.log
[0;33m[13:38:18] ⚠[0m [T424] Retry 2/3
[0;34m[13:38:23][0m [T424] Processing with REAL agent...
[0;34m[13:38:23][0m [T424] Using Real Agent (actual execution, not simulation)...
[0;33m[13:38:54] ⚠[0m [T424] Agent returned FAILED or needs more work
[0;33m[13:38:54] ⚠[0m [T424] Exit code: 1
[0;33m[13:38:54] ⚠[0m [T424] Check log: /Users/sylvain/_LAPOSTE/_VELIGO2/tools/ralph-wiggum/logs/T424_20260114_133823.log
[0;33m[13:38:54] ⚠[0m [T424] Retry 3/3
[0;31m[13:38:59] ✗[0m [T424] Failed after 3 retries
[0;34m[13:38:59][0m [Wiggum-TDD] --once mode, exiting
[0;34m[13:38:59][0m [Wiggum-TDD] Daemon stopped
