[0;34m[13:47:06][0m Starting Wiggum-TDD daemon...
[0;34m[13:47:06][0m Queue: tdd
[0;34m[13:47:06][0m Tasks dir: /Users/sylvain/_LAPOSTE/_VELIGO2/tools/ralph-wiggum/tasks
[0;34m[13:47:06][0m Poll interval: 10s
[0;34m[13:47:08][0m [Wiggum-TDD] Found task: T445
[0;34m[13:47:08][0m [T445] Processing with REAL agent...
[0;34m[13:47:08][0m [T445] Using Real Agent (actual execution, not simulation)...
[0;33m[13:48:23] ⚠[0m [T445] Agent returned FAILED or needs more work
[0;33m[13:48:23] ⚠[0m [T445] Exit code: 1
[0;33m[13:48:23] ⚠[0m [T445] Check log: /Users/sylvain/_LAPOSTE/_VELIGO2/tools/ralph-wiggum/logs/T445_20260114_134708.log
[0;33m[13:48:23] ⚠[0m [T445] Retry 1/3
[0;34m[13:48:29][0m [T445] Processing with REAL agent...
[0;34m[13:48:29][0m [T445] Using Real Agent (actual execution, not simulation)...
[0;33m[13:49:37] ⚠[0m [T445] Agent returned FAILED or needs more work
[0;33m[13:49:37] ⚠[0m [T445] Exit code: 1
[0;33m[13:49:37] ⚠[0m [T445] Check log: /Users/sylvain/_LAPOSTE/_VELIGO2/tools/ralph-wiggum/logs/T445_20260114_134829.log
[0;33m[13:49:38] ⚠[0m [T445] Retry 2/3
[0;34m[13:49:43][0m [T445] Processing with REAL agent...
[0;34m[13:49:43][0m [T445] Using Real Agent (actual execution, not simulation)...
[0;33m[13:52:53] ⚠[0m [T445] Agent returned FAILED or needs more work
[0;33m[13:52:53] ⚠[0m [T445] Exit code: 1
[0;33m[13:52:53] ⚠[0m [T445] Check log: /Users/sylvain/_LAPOSTE/_VELIGO2/tools/ralph-wiggum/logs/T445_20260114_134943.log
[0;33m[13:52:53] ⚠[0m [T445] Retry 3/3
[0;31m[13:52:58] ✗[0m [T445] Failed after 3 retries
[0;34m[13:52:58][0m [Wiggum-TDD] --once mode, exiting
[0;34m[13:52:58][0m [Wiggum-TDD] Daemon stopped
