[0;34m[14:10:47][0m Starting Wiggum-TDD daemon...
[0;34m[14:10:47][0m Queue: tdd
[0;34m[14:10:47][0m Tasks dir: /Users/sylvain/_LAPOSTE/_VELIGO2/tools/ralph-wiggum/tasks
[0;34m[14:10:47][0m Poll interval: 10s
[0;34m[14:10:48][0m [Wiggum-TDD] Found task: T472
[0;34m[14:10:48][0m [T472] Processing with REAL agent...
[0;34m[14:10:48][0m [T472] Using Real Agent (actual execution, not simulation)...
[0;33m[14:11:40] ⚠[0m [T472] Agent returned FAILED or needs more work
[0;33m[14:11:40] ⚠[0m [T472] Exit code: 1
[0;33m[14:11:40] ⚠[0m [T472] Check log: /Users/sylvain/_LAPOSTE/_VELIGO2/tools/ralph-wiggum/logs/T472_20260114_141048.log
[0;33m[14:11:40] ⚠[0m [T472] Retry 1/3
[0;34m[14:11:45][0m [T472] Processing with REAL agent...
[0;34m[14:11:45][0m [T472] Using Real Agent (actual execution, not simulation)...
[0;33m[14:12:23] ⚠[0m [T472] Agent returned FAILED or needs more work
[0;33m[14:12:23] ⚠[0m [T472] Exit code: 1
[0;33m[14:12:23] ⚠[0m [T472] Check log: /Users/sylvain/_LAPOSTE/_VELIGO2/tools/ralph-wiggum/logs/T472_20260114_141145.log
[0;33m[14:12:23] ⚠[0m [T472] Retry 2/3
[0;34m[14:12:28][0m [T472] Processing with REAL agent...
[0;34m[14:12:28][0m [T472] Using Real Agent (actual execution, not simulation)...
[0;33m[14:12:57] ⚠[0m [T472] Agent returned FAILED or needs more work
[0;33m[14:12:57] ⚠[0m [T472] Exit code: 1
[0;33m[14:12:57] ⚠[0m [T472] Check log: /Users/sylvain/_LAPOSTE/_VELIGO2/tools/ralph-wiggum/logs/T472_20260114_141228.log
[0;33m[14:12:57] ⚠[0m [T472] Retry 3/3
[0;31m[14:13:02] ✗[0m [T472] Failed after 3 retries
[0;34m[14:13:02][0m [Wiggum-TDD] --once mode, exiting
[0;34m[14:13:03][0m [Wiggum-TDD] Daemon stopped
