[0;34m[14:07:16][0m Starting Wiggum-TDD daemon...
[0;34m[14:07:16][0m Queue: tdd
[0;34m[14:07:16][0m Tasks dir: /Users/sylvain/_LAPOSTE/_VELIGO2/tools/ralph-wiggum/tasks
[0;34m[14:07:16][0m Poll interval: 10s
[0;34m[14:07:17][0m [Wiggum-TDD] Found task: T468
[0;34m[14:07:17][0m [T468] Processing with REAL agent...
[0;34m[14:07:18][0m [T468] Using Real Agent (actual execution, not simulation)...
[0;33m[14:08:04] ⚠[0m [T468] Agent returned FAILED or needs more work
[0;33m[14:08:04] ⚠[0m [T468] Exit code: 1
[0;33m[14:08:04] ⚠[0m [T468] Check log: /Users/sylvain/_LAPOSTE/_VELIGO2/tools/ralph-wiggum/logs/T468_20260114_140718.log
[0;33m[14:08:04] ⚠[0m [T468] Retry 1/3
[0;34m[14:08:09][0m [T468] Processing with REAL agent...
[0;34m[14:08:09][0m [T468] Using Real Agent (actual execution, not simulation)...
[0;33m[14:08:57] ⚠[0m [T468] Agent returned FAILED or needs more work
[0;33m[14:08:57] ⚠[0m [T468] Exit code: 1
[0;33m[14:08:57] ⚠[0m [T468] Check log: /Users/sylvain/_LAPOSTE/_VELIGO2/tools/ralph-wiggum/logs/T468_20260114_140809.log
[0;33m[14:08:57] ⚠[0m [T468] Retry 2/3
[0;34m[14:09:02][0m [T468] Processing with REAL agent...
[0;34m[14:09:03][0m [T468] Using Real Agent (actual execution, not simulation)...
[0;33m[14:10:04] ⚠[0m [T468] Agent returned FAILED or needs more work
[0;33m[14:10:04] ⚠[0m [T468] Exit code: 1
[0;33m[14:10:04] ⚠[0m [T468] Check log: /Users/sylvain/_LAPOSTE/_VELIGO2/tools/ralph-wiggum/logs/T468_20260114_140903.log
[0;33m[14:10:04] ⚠[0m [T468] Retry 3/3
[0;31m[14:10:09] ✗[0m [T468] Failed after 3 retries
[0;34m[14:10:09][0m [Wiggum-TDD] --once mode, exiting
[0;34m[14:10:09][0m [Wiggum-TDD] Daemon stopped
