[0;34m[13:45:42][0m Starting Wiggum-TDD daemon...
[0;34m[13:45:42][0m Queue: tdd
[0;34m[13:45:42][0m Tasks dir: /Users/sylvain/_LAPOSTE/_VELIGO2/tools/ralph-wiggum/tasks
[0;34m[13:45:42][0m Poll interval: 10s
[0;34m[13:45:44][0m [Wiggum-TDD] Found task: T443
[0;34m[13:45:44][0m [T443] Processing with REAL agent...
[0;34m[13:45:44][0m [T443] Using Real Agent (actual execution, not simulation)...
[0;33m[13:47:10] ⚠[0m [T443] Agent returned FAILED or needs more work
[0;33m[13:47:10] ⚠[0m [T443] Exit code: 1
[0;33m[13:47:10] ⚠[0m [T443] Check log: /Users/sylvain/_LAPOSTE/_VELIGO2/tools/ralph-wiggum/logs/T443_20260114_134544.log
[0;33m[13:47:11] ⚠[0m [T443] Retry 1/3
[0;34m[13:47:16][0m [T443] Processing with REAL agent...
[0;34m[13:47:16][0m [T443] Using Real Agent (actual execution, not simulation)...
[0;33m[13:49:38] ⚠[0m [T443] Agent returned FAILED or needs more work
[0;33m[13:49:38] ⚠[0m [T443] Exit code: 1
[0;33m[13:49:38] ⚠[0m [T443] Check log: /Users/sylvain/_LAPOSTE/_VELIGO2/tools/ralph-wiggum/logs/T443_20260114_134716.log
[0;33m[13:49:38] ⚠[0m [T443] Retry 2/3
[0;34m[13:49:44][0m [T443] Processing with REAL agent...
[0;34m[13:49:44][0m [T443] Using Real Agent (actual execution, not simulation)...
[0;33m[13:51:41] ⚠[0m [T443] Agent returned FAILED or needs more work
[0;33m[13:51:41] ⚠[0m [T443] Exit code: 1
[0;33m[13:51:41] ⚠[0m [T443] Check log: /Users/sylvain/_LAPOSTE/_VELIGO2/tools/ralph-wiggum/logs/T443_20260114_134944.log
[0;33m[13:51:41] ⚠[0m [T443] Retry 3/3
[0;31m[13:51:46] ✗[0m [T443] Failed after 3 retries
[0;34m[13:51:47][0m [Wiggum-TDD] --once mode, exiting
[0;34m[13:51:47][0m [Wiggum-TDD] Daemon stopped
