[0;34m[13:44:30][0m Starting Wiggum-TDD daemon...
[0;34m[13:44:30][0m Queue: tdd
[0;34m[13:44:30][0m Tasks dir: /Users/sylvain/_LAPOSTE/_VELIGO2/tools/ralph-wiggum/tasks
[0;34m[13:44:30][0m Poll interval: 10s
[0;34m[13:44:31][0m [Wiggum-TDD] Found task: T440
[0;34m[13:44:31][0m [T440] Processing with REAL agent...
[0;34m[13:44:32][0m [T440] Using Real Agent (actual execution, not simulation)...
[0;33m[13:47:13] ⚠[0m [T440] Agent returned FAILED or needs more work
[0;33m[13:47:13] ⚠[0m [T440] Exit code: 1
[0;33m[13:47:13] ⚠[0m [T440] Check log: /Users/sylvain/_LAPOSTE/_VELIGO2/tools/ralph-wiggum/logs/T440_20260114_134432.log
[0;33m[13:47:13] ⚠[0m [T440] Retry 1/3
[0;34m[13:47:18][0m [T440] Processing with REAL agent...
[0;34m[13:47:18][0m [T440] Using Real Agent (actual execution, not simulation)...
[0;33m[13:49:29] ⚠[0m [T440] Agent returned FAILED or needs more work
[0;33m[13:49:29] ⚠[0m [T440] Exit code: 1
[0;33m[13:49:29] ⚠[0m [T440] Check log: /Users/sylvain/_LAPOSTE/_VELIGO2/tools/ralph-wiggum/logs/T440_20260114_134718.log
[0;33m[13:49:29] ⚠[0m [T440] Retry 2/3
[0;34m[13:49:34][0m [T440] Processing with REAL agent...
[0;34m[13:49:36][0m [T440] Using Real Agent (actual execution, not simulation)...
[0;33m[13:52:35] ⚠[0m [T440] Agent returned FAILED or needs more work
[0;33m[13:52:35] ⚠[0m [T440] Exit code: 1
[0;33m[13:52:35] ⚠[0m [T440] Check log: /Users/sylvain/_LAPOSTE/_VELIGO2/tools/ralph-wiggum/logs/T440_20260114_134936.log
[0;33m[13:52:35] ⚠[0m [T440] Retry 3/3
[0;31m[13:52:40] ✗[0m [T440] Failed after 3 retries
[0;34m[13:52:41][0m [Wiggum-TDD] --once mode, exiting
[0;34m[13:52:41][0m [Wiggum-TDD] Daemon stopped
