[0;34m[14:12:30][0m Starting Wiggum-TDD daemon...
[0;34m[14:12:30][0m Queue: tdd
[0;34m[14:12:30][0m Tasks dir: /Users/sylvain/_LAPOSTE/_VELIGO2/tools/ralph-wiggum/tasks
[0;34m[14:12:30][0m Poll interval: 10s
[0;34m[14:12:31][0m [Wiggum-TDD] Found task: T476
[0;34m[14:12:31][0m [T476] Processing with REAL agent...
[0;34m[14:12:31][0m [T476] Using Real Agent (actual execution, not simulation)...
[0;33m[14:13:40] ⚠[0m [T476] Agent returned FAILED or needs more work
[0;33m[14:13:40] ⚠[0m [T476] Exit code: 1
[0;33m[14:13:40] ⚠[0m [T476] Check log: /Users/sylvain/_LAPOSTE/_VELIGO2/tools/ralph-wiggum/logs/T476_20260114_141231.log
[0;33m[14:13:40] ⚠[0m [T476] Retry 1/3
[0;34m[14:13:45][0m [T476] Processing with REAL agent...
[0;34m[14:13:45][0m [T476] Using Real Agent (actual execution, not simulation)...
[0;33m[14:14:41] ⚠[0m [T476] Agent returned FAILED or needs more work
[0;33m[14:14:41] ⚠[0m [T476] Exit code: 1
[0;33m[14:14:41] ⚠[0m [T476] Check log: /Users/sylvain/_LAPOSTE/_VELIGO2/tools/ralph-wiggum/logs/T476_20260114_141345.log
[0;33m[14:14:41] ⚠[0m [T476] Retry 2/3
[0;34m[14:14:46][0m [T476] Processing with REAL agent...
[0;34m[14:14:46][0m [T476] Using Real Agent (actual execution, not simulation)...
[0;33m[14:15:45] ⚠[0m [T476] Agent returned FAILED or needs more work
[0;33m[14:15:45] ⚠[0m [T476] Exit code: 1
[0;33m[14:15:45] ⚠[0m [T476] Check log: /Users/sylvain/_LAPOSTE/_VELIGO2/tools/ralph-wiggum/logs/T476_20260114_141446.log
[0;33m[14:15:45] ⚠[0m [T476] Retry 3/3
[0;31m[14:15:50] ✗[0m [T476] Failed after 3 retries
[0;34m[14:15:50][0m [Wiggum-TDD] --once mode, exiting
[0;34m[14:15:50][0m [Wiggum-TDD] Daemon stopped
