[0;34m[14:13:07][0m Starting Wiggum-TDD daemon...
[0;34m[14:13:07][0m Queue: tdd
[0;34m[14:13:07][0m Tasks dir: /Users/sylvain/_LAPOSTE/_VELIGO2/tools/ralph-wiggum/tasks
[0;34m[14:13:07][0m Poll interval: 10s
[0;34m[14:13:09][0m [Wiggum-TDD] Found task: T478
[0;34m[14:13:09][0m [T478] Processing with REAL agent...
[0;34m[14:13:09][0m [T478] Using Real Agent (actual execution, not simulation)...
[0;33m[14:20:31] ⚠[0m [T478] Agent returned FAILED or needs more work
[0;33m[14:20:31] ⚠[0m [T478] Exit code: 1
[0;33m[14:20:31] ⚠[0m [T478] Check log: /Users/sylvain/_LAPOSTE/_VELIGO2/tools/ralph-wiggum/logs/T478_20260114_141309.log
[0;33m[14:20:31] ⚠[0m [T478] Retry 1/3
[0;34m[14:20:36][0m [T478] Processing with REAL agent...
[0;34m[14:20:37][0m [T478] Using Real Agent (actual execution, not simulation)...
[0;33m[14:28:26] ⚠[0m [T478] Agent returned FAILED or needs more work
[0;33m[14:28:26] ⚠[0m [T478] Exit code: 1
[0;33m[14:28:26] ⚠[0m [T478] Check log: /Users/sylvain/_LAPOSTE/_VELIGO2/tools/ralph-wiggum/logs/T478_20260114_142037.log
[0;33m[14:28:26] ⚠[0m [T478] Retry 2/3
[0;34m[14:28:31][0m [T478] Processing with REAL agent...
[0;34m[14:28:31][0m [T478] Using Real Agent (actual execution, not simulation)...
[0;33m[14:32:27] ⚠[0m [T478] Agent returned FAILED or needs more work
[0;33m[14:32:27] ⚠[0m [T478] Exit code: 1
[0;33m[14:32:27] ⚠[0m [T478] Check log: /Users/sylvain/_LAPOSTE/_VELIGO2/tools/ralph-wiggum/logs/T478_20260114_142831.log
[0;33m[14:32:27] ⚠[0m [T478] Retry 3/3
[0;31m[14:32:32] ✗[0m [T478] Failed after 3 retries
[0;34m[14:32:32][0m [Wiggum-TDD] --once mode, exiting
[0;34m[14:32:32][0m [Wiggum-TDD] Daemon stopped
