[0;34m[14:12:46][0m Starting Wiggum-TDD daemon...
[0;34m[14:12:46][0m Queue: tdd
[0;34m[14:12:46][0m Tasks dir: /Users/sylvain/_LAPOSTE/_VELIGO2/tools/ralph-wiggum/tasks
[0;34m[14:12:46][0m Poll interval: 10s
[0;34m[14:12:47][0m [Wiggum-TDD] Found task: T477
[0;34m[14:12:47][0m [T477] Processing with REAL agent...
[0;34m[14:12:47][0m [T477] Using Real Agent (actual execution, not simulation)...
[0;33m[14:13:49] ⚠[0m [T477] Agent returned FAILED or needs more work
[0;33m[14:13:49] ⚠[0m [T477] Exit code: 1
[0;33m[14:13:49] ⚠[0m [T477] Check log: /Users/sylvain/_LAPOSTE/_VELIGO2/tools/ralph-wiggum/logs/T477_20260114_141247.log
[0;33m[14:13:49] ⚠[0m [T477] Retry 1/3
[0;34m[14:13:55][0m [T477] Processing with REAL agent...
[0;34m[14:13:55][0m [T477] Using Real Agent (actual execution, not simulation)...
[0;33m[14:14:47] ⚠[0m [T477] Agent returned FAILED or needs more work
[0;33m[14:14:47] ⚠[0m [T477] Exit code: 1
[0;33m[14:14:47] ⚠[0m [T477] Check log: /Users/sylvain/_LAPOSTE/_VELIGO2/tools/ralph-wiggum/logs/T477_20260114_141355.log
[0;33m[14:14:47] ⚠[0m [T477] Retry 2/3
[0;34m[14:14:52][0m [T477] Processing with REAL agent...
[0;34m[14:14:52][0m [T477] Using Real Agent (actual execution, not simulation)...
[0;33m[14:15:26] ⚠[0m [T477] Agent returned FAILED or needs more work
[0;33m[14:15:26] ⚠[0m [T477] Exit code: 1
[0;33m[14:15:26] ⚠[0m [T477] Check log: /Users/sylvain/_LAPOSTE/_VELIGO2/tools/ralph-wiggum/logs/T477_20260114_141452.log
[0;33m[14:15:26] ⚠[0m [T477] Retry 3/3
[0;31m[14:15:31] ✗[0m [T477] Failed after 3 retries
[0;34m[14:15:31][0m [Wiggum-TDD] --once mode, exiting
[0;34m[14:15:31][0m [Wiggum-TDD] Daemon stopped
