[0;34m[14:17:56][0m Starting Wiggum-TDD daemon...
[0;34m[14:17:56][0m Queue: tdd
[0;34m[14:17:56][0m Tasks dir: /Users/sylvain/_LAPOSTE/_VELIGO2/tools/ralph-wiggum/tasks
[0;34m[14:17:56][0m Poll interval: 10s
[0;34m[14:17:57][0m [Wiggum-TDD] Found task: T488
[0;34m[14:17:57][0m [T488] Processing with REAL agent...
[0;34m[14:17:57][0m [T488] Using Real Agent (actual execution, not simulation)...
[0;33m[14:19:04] ⚠[0m [T488] Agent returned FAILED or needs more work
[0;33m[14:19:04] ⚠[0m [T488] Exit code: 1
[0;33m[14:19:04] ⚠[0m [T488] Check log: /Users/sylvain/_LAPOSTE/_VELIGO2/tools/ralph-wiggum/logs/T488_20260114_141757.log
[0;33m[14:19:04] ⚠[0m [T488] Retry 1/3
[0;34m[14:19:09][0m [T488] Processing with REAL agent...
[0;34m[14:19:09][0m [T488] Using Real Agent (actual execution, not simulation)...
[0;33m[14:21:27] ⚠[0m [T488] Agent returned FAILED or needs more work
[0;33m[14:21:27] ⚠[0m [T488] Exit code: 1
[0;33m[14:21:27] ⚠[0m [T488] Check log: /Users/sylvain/_LAPOSTE/_VELIGO2/tools/ralph-wiggum/logs/T488_20260114_141909.log
[0;33m[14:21:27] ⚠[0m [T488] Retry 2/3
[0;34m[14:21:32][0m [T488] Processing with REAL agent...
[0;34m[14:21:32][0m [T488] Using Real Agent (actual execution, not simulation)...
[0;33m[14:23:34] ⚠[0m [T488] Agent returned FAILED or needs more work
[0;33m[14:23:34] ⚠[0m [T488] Exit code: 1
[0;33m[14:23:34] ⚠[0m [T488] Check log: /Users/sylvain/_LAPOSTE/_VELIGO2/tools/ralph-wiggum/logs/T488_20260114_142132.log
[0;33m[14:23:34] ⚠[0m [T488] Retry 3/3
[0;31m[14:23:39] ✗[0m [T488] Failed after 3 retries
[0;34m[14:23:39][0m [Wiggum-TDD] --once mode, exiting
[0;34m[14:23:39][0m [Wiggum-TDD] Daemon stopped
