[0;34m[14:22:19][0m Starting Wiggum-TDD daemon...
[0;34m[14:22:19][0m Queue: tdd
[0;34m[14:22:19][0m Tasks dir: /Users/sylvain/_LAPOSTE/_VELIGO2/tools/ralph-wiggum/tasks
[0;34m[14:22:19][0m Poll interval: 10s
[0;34m[14:22:20][0m [Wiggum-TDD] Found task: T493
[0;34m[14:22:20][0m [T493] Processing with REAL agent...
[0;34m[14:22:20][0m [T493] Using Real Agent (actual execution, not simulation)...
[0;33m[14:23:55] ⚠[0m [T493] Agent returned FAILED or needs more work
[0;33m[14:23:55] ⚠[0m [T493] Exit code: 1
[0;33m[14:23:55] ⚠[0m [T493] Check log: /Users/sylvain/_LAPOSTE/_VELIGO2/tools/ralph-wiggum/logs/T493_20260114_142220.log
[0;33m[14:23:55] ⚠[0m [T493] Retry 1/3
[0;34m[14:24:00][0m [T493] Processing with REAL agent...
[0;34m[14:24:00][0m [T493] Using Real Agent (actual execution, not simulation)...
[0;33m[14:24:25] ⚠[0m [T493] Agent returned FAILED or needs more work
[0;33m[14:24:25] ⚠[0m [T493] Exit code: 1
[0;33m[14:24:25] ⚠[0m [T493] Check log: /Users/sylvain/_LAPOSTE/_VELIGO2/tools/ralph-wiggum/logs/T493_20260114_142400.log
[0;33m[14:24:26] ⚠[0m [T493] Retry 2/3
[0;34m[14:24:31][0m [T493] Processing with REAL agent...
[0;34m[14:24:31][0m [T493] Using Real Agent (actual execution, not simulation)...
[0;34m[14:29:21][0m [T493] Running quality gates...
[0;33m[14:29:42] ⚠[0m [T493] Quality gates FAILED
[0;33m[14:29:42] ⚠[0m [T493] Retry 3/3
[0;31m[14:29:47] ✗[0m [T493] Failed after 3 retries
[0;34m[14:29:47][0m [Wiggum-TDD] --once mode, exiting
[0;34m[14:29:47][0m [Wiggum-TDD] Daemon stopped
