[0;34m[14:17:01][0m Starting Wiggum-TDD daemon...
[0;34m[14:17:01][0m Queue: tdd
[0;34m[14:17:01][0m Tasks dir: /Users/sylvain/_LAPOSTE/_VELIGO2/tools/ralph-wiggum/tasks
[0;34m[14:17:01][0m Poll interval: 10s
[0;34m[14:17:03][0m [Wiggum-TDD] Found task: T487
[0;34m[14:17:03][0m [T487] Processing with REAL agent...
[0;34m[14:17:03][0m [T487] Using Real Agent (actual execution, not simulation)...
[0;33m[14:18:52] ⚠[0m [T487] Agent returned FAILED or needs more work
[0;33m[14:18:52] ⚠[0m [T487] Exit code: 1
[0;33m[14:18:52] ⚠[0m [T487] Check log: /Users/sylvain/_LAPOSTE/_VELIGO2/tools/ralph-wiggum/logs/T487_20260114_141703.log
[0;33m[14:18:52] ⚠[0m [T487] Retry 1/3
[0;34m[14:18:57][0m [T487] Processing with REAL agent...
[0;34m[14:18:57][0m [T487] Using Real Agent (actual execution, not simulation)...
[0;33m[14:19:24] ⚠[0m [T487] Agent returned FAILED or needs more work
[0;33m[14:19:24] ⚠[0m [T487] Exit code: 1
[0;33m[14:19:24] ⚠[0m [T487] Check log: /Users/sylvain/_LAPOSTE/_VELIGO2/tools/ralph-wiggum/logs/T487_20260114_141857.log
[0;33m[14:19:24] ⚠[0m [T487] Retry 2/3
[0;34m[14:19:29][0m [T487] Processing with REAL agent...
[0;34m[14:19:29][0m [T487] Using Real Agent (actual execution, not simulation)...
[0;33m[14:20:19] ⚠[0m [T487] Agent returned FAILED or needs more work
[0;33m[14:20:19] ⚠[0m [T487] Exit code: 1
[0;33m[14:20:19] ⚠[0m [T487] Check log: /Users/sylvain/_LAPOSTE/_VELIGO2/tools/ralph-wiggum/logs/T487_20260114_141929.log
[0;33m[14:20:19] ⚠[0m [T487] Retry 3/3
[0;31m[14:20:24] ✗[0m [T487] Failed after 3 retries
[0;34m[14:20:24][0m [Wiggum-TDD] --once mode, exiting
[0;34m[14:20:24][0m [Wiggum-TDD] Daemon stopped
