[0;34m[14:32:48][0m Starting Wiggum-TDD daemon...
[0;34m[14:32:48][0m Queue: tdd
[0;34m[14:32:48][0m Tasks dir: /Users/sylvain/_LAPOSTE/_VELIGO2/tools/ralph-wiggum/tasks
[0;34m[14:32:48][0m Poll interval: 10s
[0;34m[14:32:49][0m [Wiggum-TDD] Found task: T494
[0;34m[14:32:49][0m [T494] Processing with REAL agent...
[0;34m[14:32:49][0m [T494] Using Real Agent (actual execution, not simulation)...
[0;34m[14:34:57][0m [T494] Running quality gates...
[0;33m[14:35:18] ⚠[0m [T494] Quality gates FAILED
[0;33m[14:35:18] ⚠[0m [T494] Retry 1/3
[0;34m[14:35:23][0m [T494] Processing with REAL agent...
[0;34m[14:35:23][0m [T494] Using Real Agent (actual execution, not simulation)...
[0;33m[14:36:26] ⚠[0m [T494] Agent returned FAILED or needs more work
[0;33m[14:36:26] ⚠[0m [T494] Exit code: 1
[0;33m[14:36:26] ⚠[0m [T494] Check log: /Users/sylvain/_LAPOSTE/_VELIGO2/tools/ralph-wiggum/logs/T494_20260114_143523.log
[0;33m[14:36:26] ⚠[0m [T494] Retry 2/3
[0;34m[14:36:31][0m [T494] Processing with REAL agent...
[0;34m[14:36:31][0m [T494] Using Real Agent (actual execution, not simulation)...
[0;33m[14:37:08] ⚠[0m [T494] Agent returned FAILED or needs more work
[0;33m[14:37:08] ⚠[0m [T494] Exit code: 1
[0;33m[14:37:08] ⚠[0m [T494] Check log: /Users/sylvain/_LAPOSTE/_VELIGO2/tools/ralph-wiggum/logs/T494_20260114_143631.log
[0;33m[14:37:08] ⚠[0m [T494] Retry 3/3
[0;31m[14:37:13] ✗[0m [T494] Failed after 3 retries
[0;34m[14:37:13][0m [Wiggum-TDD] --once mode, exiting
[0;34m[14:37:13][0m [Wiggum-TDD] Daemon stopped
