[0;34m[14:16:45][0m Starting Wiggum-TDD daemon...
[0;34m[14:16:45][0m Queue: tdd
[0;34m[14:16:45][0m Tasks dir: /Users/sylvain/_LAPOSTE/_VELIGO2/tools/ralph-wiggum/tasks
[0;34m[14:16:45][0m Poll interval: 10s
[0;34m[14:16:46][0m [Wiggum-TDD] Found task: T486
[0;34m[14:16:46][0m [T486] Processing with REAL agent...
[0;34m[14:16:46][0m [T486] Using Real Agent (actual execution, not simulation)...
[0;33m[14:17:32] ⚠[0m [T486] Agent returned FAILED or needs more work
[0;33m[14:17:32] ⚠[0m [T486] Exit code: 1
[0;33m[14:17:32] ⚠[0m [T486] Check log: /Users/sylvain/_LAPOSTE/_VELIGO2/tools/ralph-wiggum/logs/T486_20260114_141646.log
[0;33m[14:17:32] ⚠[0m [T486] Retry 1/3
[0;34m[14:17:37][0m [T486] Processing with REAL agent...
[0;34m[14:17:37][0m [T486] Using Real Agent (actual execution, not simulation)...
[0;33m[14:18:38] ⚠[0m [T486] Agent returned FAILED or needs more work
[0;33m[14:18:38] ⚠[0m [T486] Exit code: 1
[0;33m[14:18:38] ⚠[0m [T486] Check log: /Users/sylvain/_LAPOSTE/_VELIGO2/tools/ralph-wiggum/logs/T486_20260114_141737.log
[0;33m[14:18:38] ⚠[0m [T486] Retry 2/3
[0;34m[14:18:43][0m [T486] Processing with REAL agent...
[0;34m[14:18:43][0m [T486] Using Real Agent (actual execution, not simulation)...
[0;33m[14:19:32] ⚠[0m [T486] Agent returned FAILED or needs more work
[0;33m[14:19:32] ⚠[0m [T486] Exit code: 1
[0;33m[14:19:32] ⚠[0m [T486] Check log: /Users/sylvain/_LAPOSTE/_VELIGO2/tools/ralph-wiggum/logs/T486_20260114_141843.log
[0;33m[14:19:32] ⚠[0m [T486] Retry 3/3
[0;31m[14:19:37] ✗[0m [T486] Failed after 3 retries
[0;34m[14:19:37][0m [Wiggum-TDD] --once mode, exiting
[0;34m[14:19:37][0m [Wiggum-TDD] Daemon stopped
