[0;34m[14:20:51][0m Starting Wiggum-TDD daemon...
[0;34m[14:20:51][0m Queue: tdd
[0;34m[14:20:51][0m Tasks dir: /Users/sylvain/_LAPOSTE/_VELIGO2/tools/ralph-wiggum/tasks
[0;34m[14:20:51][0m Poll interval: 10s
[0;34m[14:20:52][0m [Wiggum-TDD] Found task: T492
[0;34m[14:20:52][0m [T492] Processing with REAL agent...
[0;34m[14:20:52][0m [T492] Using Real Agent (actual execution, not simulation)...
[0;33m[14:21:52] ⚠[0m [T492] Agent returned FAILED or needs more work
[0;33m[14:21:52] ⚠[0m [T492] Exit code: 1
[0;33m[14:21:52] ⚠[0m [T492] Check log: /Users/sylvain/_LAPOSTE/_VELIGO2/tools/ralph-wiggum/logs/T492_20260114_142052.log
[0;33m[14:21:52] ⚠[0m [T492] Retry 1/3
[0;34m[14:21:57][0m [T492] Processing with REAL agent...
[0;34m[14:21:57][0m [T492] Using Real Agent (actual execution, not simulation)...
[0;33m[14:22:52] ⚠[0m [T492] Agent returned FAILED or needs more work
[0;33m[14:22:52] ⚠[0m [T492] Exit code: 1
[0;33m[14:22:52] ⚠[0m [T492] Check log: /Users/sylvain/_LAPOSTE/_VELIGO2/tools/ralph-wiggum/logs/T492_20260114_142157.log
[0;33m[14:22:52] ⚠[0m [T492] Retry 2/3
[0;34m[14:22:57][0m [T492] Processing with REAL agent...
[0;34m[14:22:57][0m [T492] Using Real Agent (actual execution, not simulation)...
[0;33m[14:23:30] ⚠[0m [T492] Agent returned FAILED or needs more work
[0;33m[14:23:30] ⚠[0m [T492] Exit code: 1
[0;33m[14:23:30] ⚠[0m [T492] Check log: /Users/sylvain/_LAPOSTE/_VELIGO2/tools/ralph-wiggum/logs/T492_20260114_142257.log
[0;33m[14:23:30] ⚠[0m [T492] Retry 3/3
[0;31m[14:23:35] ✗[0m [T492] Failed after 3 retries
[0;34m[14:23:35][0m [Wiggum-TDD] --once mode, exiting
[0;34m[14:23:35][0m [Wiggum-TDD] Daemon stopped
