[0;34m[14:15:46][0m Starting Wiggum-TDD daemon...
[0;34m[14:15:46][0m Queue: tdd
[0;34m[14:15:46][0m Tasks dir: /Users/sylvain/_LAPOSTE/_VELIGO2/tools/ralph-wiggum/tasks
[0;34m[14:15:46][0m Poll interval: 10s
[0;34m[14:15:47][0m [Wiggum-TDD] Found task: T476
[0;34m[14:15:47][0m [T476] Processing with REAL agent...
[0;34m[14:15:47][0m [T476] Using Real Agent (actual execution, not simulation)...
[0;33m[14:16:33] ⚠[0m [T476] Agent returned FAILED or needs more work
[0;33m[14:16:33] ⚠[0m [T476] Exit code: 1
[0;33m[14:16:33] ⚠[0m [T476] Check log: /Users/sylvain/_LAPOSTE/_VELIGO2/tools/ralph-wiggum/logs/T476_20260114_141547.log
[0;33m[14:16:33] ⚠[0m [T476] Retry 1/3
[0;34m[14:16:38][0m [T476] Processing with REAL agent...
[0;34m[14:16:38][0m [T476] Using Real Agent (actual execution, not simulation)...
[0;33m[14:17:24] ⚠[0m [T476] Agent returned FAILED or needs more work
[0;33m[14:17:24] ⚠[0m [T476] Exit code: 1
[0;33m[14:17:24] ⚠[0m [T476] Check log: /Users/sylvain/_LAPOSTE/_VELIGO2/tools/ralph-wiggum/logs/T476_20260114_141638.log
[0;33m[14:17:25] ⚠[0m [T476] Retry 2/3
[0;34m[14:17:30][0m [T476] Processing with REAL agent...
[0;34m[14:17:30][0m [T476] Using Real Agent (actual execution, not simulation)...
[0;33m[14:20:44] ⚠[0m [T476] Agent returned FAILED or needs more work
[0;33m[14:20:44] ⚠[0m [T476] Exit code: 1
[0;33m[14:20:44] ⚠[0m [T476] Check log: /Users/sylvain/_LAPOSTE/_VELIGO2/tools/ralph-wiggum/logs/T476_20260114_141730.log
[0;33m[14:20:44] ⚠[0m [T476] Retry 3/3
[0;31m[14:20:49] ✗[0m [T476] Failed after 3 retries
[0;34m[14:20:49][0m [Wiggum-TDD] --once mode, exiting
[0;34m[14:20:49][0m [Wiggum-TDD] Daemon stopped
