[0;34m[14:15:35][0m Starting Wiggum-TDD daemon...
[0;34m[14:15:35][0m Queue: tdd
[0;34m[14:15:35][0m Tasks dir: /Users/sylvain/_LAPOSTE/_VELIGO2/tools/ralph-wiggum/tasks
[0;34m[14:15:35][0m Poll interval: 10s
[0;34m[14:15:36][0m [Wiggum-TDD] Found task: T481
[0;34m[14:15:36][0m [T481] Processing with REAL agent...
[0;34m[14:15:36][0m [T481] Using Real Agent (actual execution, not simulation)...
[0;33m[14:16:05] ⚠[0m [T481] Agent returned FAILED or needs more work
[0;33m[14:16:05] ⚠[0m [T481] Exit code: 1
[0;33m[14:16:05] ⚠[0m [T481] Check log: /Users/sylvain/_LAPOSTE/_VELIGO2/tools/ralph-wiggum/logs/T481_20260114_141536.log
[0;33m[14:16:05] ⚠[0m [T481] Retry 1/3
[0;34m[14:16:10][0m [T481] Processing with REAL agent...
[0;34m[14:16:10][0m [T481] Using Real Agent (actual execution, not simulation)...
[0;33m[14:17:44] ⚠[0m [T481] Agent returned FAILED or needs more work
[0;33m[14:17:44] ⚠[0m [T481] Exit code: 1
[0;33m[14:17:44] ⚠[0m [T481] Check log: /Users/sylvain/_LAPOSTE/_VELIGO2/tools/ralph-wiggum/logs/T481_20260114_141610.log
[0;33m[14:17:44] ⚠[0m [T481] Retry 2/3
[0;34m[14:17:49][0m [T481] Processing with REAL agent...
[0;34m[14:17:49][0m [T481] Using Real Agent (actual execution, not simulation)...
[0;33m[14:18:42] ⚠[0m [T481] Agent returned FAILED or needs more work
[0;33m[14:18:42] ⚠[0m [T481] Exit code: 1
[0;33m[14:18:42] ⚠[0m [T481] Check log: /Users/sylvain/_LAPOSTE/_VELIGO2/tools/ralph-wiggum/logs/T481_20260114_141749.log
[0;33m[14:18:42] ⚠[0m [T481] Retry 3/3
[0;31m[14:18:47] ✗[0m [T481] Failed after 3 retries
[0;34m[14:18:47][0m [Wiggum-TDD] --once mode, exiting
[0;34m[14:18:47][0m [Wiggum-TDD] Daemon stopped
