[0;34m[14:14:12][0m Starting Wiggum-TDD daemon...
[0;34m[14:14:12][0m Queue: tdd
[0;34m[14:14:12][0m Tasks dir: /Users/sylvain/_LAPOSTE/_VELIGO2/tools/ralph-wiggum/tasks
[0;34m[14:14:12][0m Poll interval: 10s
[0;34m[14:14:13][0m [Wiggum-TDD] Found task: T480
[0;34m[14:14:13][0m [T480] Processing with REAL agent...
[0;34m[14:14:13][0m [T480] Using Real Agent (actual execution, not simulation)...
[0;34m[14:20:31][0m [T480] Running quality gates...
[0;33m[14:20:50] ⚠[0m [T480] Quality gates FAILED
[0;33m[14:20:50] ⚠[0m [T480] Retry 1/3
[0;34m[14:20:55][0m [T480] Processing with REAL agent...
[0;34m[14:20:55][0m [T480] Using Real Agent (actual execution, not simulation)...
[0;33m[14:21:55] ⚠[0m [T480] Agent returned FAILED or needs more work
[0;33m[14:21:55] ⚠[0m [T480] Exit code: 1
[0;33m[14:21:55] ⚠[0m [T480] Check log: /Users/sylvain/_LAPOSTE/_VELIGO2/tools/ralph-wiggum/logs/T480_20260114_142055.log
[0;33m[14:21:55] ⚠[0m [T480] Retry 2/3
[0;34m[14:22:00][0m [T480] Processing with REAL agent...
[0;34m[14:22:00][0m [T480] Using Real Agent (actual execution, not simulation)...
[0;33m[14:23:02] ⚠[0m [T480] Agent returned FAILED or needs more work
[0;33m[14:23:02] ⚠[0m [T480] Exit code: 1
[0;33m[14:23:02] ⚠[0m [T480] Check log: /Users/sylvain/_LAPOSTE/_VELIGO2/tools/ralph-wiggum/logs/T480_20260114_142200.log
[0;33m[14:23:02] ⚠[0m [T480] Retry 3/3
[0;31m[14:23:07] ✗[0m [T480] Failed after 3 retries
[0;34m[14:23:07][0m [Wiggum-TDD] --once mode, exiting
[0;34m[14:23:07][0m [Wiggum-TDD] Daemon stopped
