[0;34m[14:13:26][0m Starting Wiggum-TDD daemon...
[0;34m[14:13:26][0m Queue: tdd
[0;34m[14:13:26][0m Tasks dir: /Users/sylvain/_LAPOSTE/_VELIGO2/tools/ralph-wiggum/tasks
[0;34m[14:13:26][0m Poll interval: 10s
[0;34m[14:13:26][0m [Wiggum-TDD] Found task: T479
[0;34m[14:13:26][0m [T479] Processing with REAL agent...
[0;34m[14:13:26][0m [T479] Using Real Agent (actual execution, not simulation)...
[0;33m[14:29:23] ⚠[0m [T479] Agent returned FAILED or needs more work
[0;33m[14:29:23] ⚠[0m [T479] Exit code: 1
[0;33m[14:29:23] ⚠[0m [T479] Check log: /Users/sylvain/_LAPOSTE/_VELIGO2/tools/ralph-wiggum/logs/T479_20260114_141326.log
[0;33m[14:29:23] ⚠[0m [T479] Retry 1/3
[0;34m[14:29:28][0m [T479] Processing with REAL agent...
[0;34m[14:29:28][0m [T479] Using Real Agent (actual execution, not simulation)...
[0;33m[14:30:32] ⚠[0m [T479] Agent returned FAILED or needs more work
[0;33m[14:30:32] ⚠[0m [T479] Exit code: 1
[0;33m[14:30:32] ⚠[0m [T479] Check log: /Users/sylvain/_LAPOSTE/_VELIGO2/tools/ralph-wiggum/logs/T479_20260114_142928.log
[0;33m[14:30:32] ⚠[0m [T479] Retry 2/3
[0;34m[14:30:37][0m [T479] Processing with REAL agent...
[0;34m[14:30:37][0m [T479] Using Real Agent (actual execution, not simulation)...
[0;33m[14:32:10] ⚠[0m [T479] Agent returned FAILED or needs more work
[0;33m[14:32:10] ⚠[0m [T479] Exit code: 1
[0;33m[14:32:10] ⚠[0m [T479] Check log: /Users/sylvain/_LAPOSTE/_VELIGO2/tools/ralph-wiggum/logs/T479_20260114_143037.log
[0;33m[14:32:10] ⚠[0m [T479] Retry 3/3
[0;31m[14:32:15] ✗[0m [T479] Failed after 3 retries
[0;34m[14:32:15][0m [Wiggum-TDD] --once mode, exiting
[0;34m[14:32:15][0m [Wiggum-TDD] Daemon stopped
