[0;34m[14:26:12][0m Starting Wiggum-TDD daemon...
[0;34m[14:26:12][0m Queue: tdd
[0;34m[14:26:12][0m Tasks dir: /Users/sylvain/_LAPOSTE/_VELIGO2/tools/ralph-wiggum/tasks
[0;34m[14:26:12][0m Poll interval: 10s
[0;34m[14:26:12][0m [Wiggum-TDD] Found task: T500
[0;34m[14:26:12][0m [T500] Processing with REAL agent...
[0;34m[14:26:12][0m [T500] Using Real Agent (actual execution, not simulation)...
[0;33m[14:27:00] ⚠[0m [T500] Agent returned FAILED or needs more work
[0;33m[14:27:00] ⚠[0m [T500] Exit code: 1
[0;33m[14:27:00] ⚠[0m [T500] Check log: /Users/sylvain/_LAPOSTE/_VELIGO2/tools/ralph-wiggum/logs/T500_20260114_142612.log
[0;33m[14:27:00] ⚠[0m [T500] Retry 1/3
[0;34m[14:27:05][0m [T500] Processing with REAL agent...
[0;34m[14:27:05][0m [T500] Using Real Agent (actual execution, not simulation)...
[0;33m[14:29:29] ⚠[0m [T500] Agent returned FAILED or needs more work
[0;33m[14:29:29] ⚠[0m [T500] Exit code: 1
[0;33m[14:29:29] ⚠[0m [T500] Check log: /Users/sylvain/_LAPOSTE/_VELIGO2/tools/ralph-wiggum/logs/T500_20260114_142705.log
[0;33m[14:29:29] ⚠[0m [T500] Retry 2/3
[0;34m[14:29:34][0m [T500] Processing with REAL agent...
[0;34m[14:29:34][0m [T500] Using Real Agent (actual execution, not simulation)...
[0;33m[14:32:10] ⚠[0m [T500] Agent returned FAILED or needs more work
[0;33m[14:32:10] ⚠[0m [T500] Exit code: 1
[0;33m[14:32:10] ⚠[0m [T500] Check log: /Users/sylvain/_LAPOSTE/_VELIGO2/tools/ralph-wiggum/logs/T500_20260114_142934.log
[0;33m[14:32:10] ⚠[0m [T500] Retry 3/3
[0;31m[14:32:15] ✗[0m [T500] Failed after 3 retries
[0;34m[14:32:15][0m [Wiggum-TDD] --once mode, exiting
[0;34m[14:32:15][0m [Wiggum-TDD] Daemon stopped
