[0;34m[14:26:05][0m Starting Wiggum-TDD daemon...
[0;34m[14:26:05][0m Queue: tdd
[0;34m[14:26:05][0m Tasks dir: /Users/sylvain/_LAPOSTE/_VELIGO2/tools/ralph-wiggum/tasks
[0;34m[14:26:05][0m Poll interval: 10s
[0;34m[14:26:06][0m [Wiggum-TDD] Found task: T494
[0;34m[14:26:06][0m [T494] Processing with REAL agent...
[0;34m[14:26:06][0m [T494] Using Real Agent (actual execution, not simulation)...
[0;33m[14:27:07] ⚠[0m [T494] Agent returned FAILED or needs more work
[0;33m[14:27:07] ⚠[0m [T494] Exit code: 1
[0;33m[14:27:07] ⚠[0m [T494] Check log: /Users/sylvain/_LAPOSTE/_VELIGO2/tools/ralph-wiggum/logs/T494_20260114_142606.log
[0;33m[14:27:07] ⚠[0m [T494] Retry 1/3
[0;34m[14:27:12][0m [T494] Processing with REAL agent...
[0;34m[14:27:12][0m [T494] Using Real Agent (actual execution, not simulation)...
[0;33m[14:28:01] ⚠[0m [T494] Agent returned FAILED or needs more work
[0;33m[14:28:01] ⚠[0m [T494] Exit code: 1
[0;33m[14:28:01] ⚠[0m [T494] Check log: /Users/sylvain/_LAPOSTE/_VELIGO2/tools/ralph-wiggum/logs/T494_20260114_142712.log
[0;33m[14:28:01] ⚠[0m [T494] Retry 2/3
[0;34m[14:28:06][0m [T494] Processing with REAL agent...
[0;34m[14:28:06][0m [T494] Using Real Agent (actual execution, not simulation)...
[0;33m[14:32:47] ⚠[0m [T494] Agent returned FAILED or needs more work
[0;33m[14:32:47] ⚠[0m [T494] Exit code: 1
[0;33m[14:32:47] ⚠[0m [T494] Check log: /Users/sylvain/_LAPOSTE/_VELIGO2/tools/ralph-wiggum/logs/T494_20260114_142806.log
[0;33m[14:32:47] ⚠[0m [T494] Retry 3/3
[0;31m[14:32:52] ✗[0m [T494] Failed after 3 retries
[0;34m[14:32:52][0m [Wiggum-TDD] --once mode, exiting
[0;34m[14:32:52][0m [Wiggum-TDD] Daemon stopped
