[0;34m[14:23:12][0m Starting Wiggum-TDD daemon...
[0;34m[14:23:12][0m Queue: tdd
[0;34m[14:23:12][0m Tasks dir: /Users/sylvain/_LAPOSTE/_VELIGO2/tools/ralph-wiggum/tasks
[0;34m[14:23:12][0m Poll interval: 10s
[0;34m[14:23:12][0m [Wiggum-TDD] Found task: T494
[0;34m[14:23:12][0m [T494] Processing with REAL agent...
[0;34m[14:23:12][0m [T494] Using Real Agent (actual execution, not simulation)...
[0;33m[14:24:49] ⚠[0m [T494] Agent returned FAILED or needs more work
[0;33m[14:24:49] ⚠[0m [T494] Exit code: 1
[0;33m[14:24:49] ⚠[0m [T494] Check log: /Users/sylvain/_LAPOSTE/_VELIGO2/tools/ralph-wiggum/logs/T494_20260114_142312.log
[0;33m[14:24:49] ⚠[0m [T494] Retry 1/3
[0;34m[14:24:54][0m [T494] Processing with REAL agent...
[0;34m[14:24:54][0m [T494] Using Real Agent (actual execution, not simulation)...
[0;33m[14:25:23] ⚠[0m [T494] Agent returned FAILED or needs more work
[0;33m[14:25:23] ⚠[0m [T494] Exit code: 1
[0;33m[14:25:23] ⚠[0m [T494] Check log: /Users/sylvain/_LAPOSTE/_VELIGO2/tools/ralph-wiggum/logs/T494_20260114_142454.log
[0;33m[14:25:23] ⚠[0m [T494] Retry 2/3
[0;34m[14:25:28][0m [T494] Processing with REAL agent...
[0;34m[14:25:28][0m [T494] Using Real Agent (actual execution, not simulation)...
[0;33m[14:26:03] ⚠[0m [T494] Agent returned FAILED or needs more work
[0;33m[14:26:03] ⚠[0m [T494] Exit code: 1
[0;33m[14:26:03] ⚠[0m [T494] Check log: /Users/sylvain/_LAPOSTE/_VELIGO2/tools/ralph-wiggum/logs/T494_20260114_142528.log
[0;33m[14:26:04] ⚠[0m [T494] Retry 3/3
[0;31m[14:26:09] ✗[0m [T494] Failed after 3 retries
[0;34m[14:26:09][0m [Wiggum-TDD] --once mode, exiting
[0;34m[14:26:09][0m [Wiggum-TDD] Daemon stopped
