[0;34m[14:20:28][0m Starting Wiggum-TDD daemon...
[0;34m[14:20:28][0m Queue: tdd
[0;34m[14:20:28][0m Tasks dir: /Users/sylvain/_LAPOSTE/_VELIGO2/tools/ralph-wiggum/tasks
[0;34m[14:20:28][0m Poll interval: 10s
[0;34m[14:20:29][0m [Wiggum-TDD] Found task: T491
[0;34m[14:20:29][0m [T491] Processing with REAL agent...
[0;34m[14:20:29][0m [T491] Using Real Agent (actual execution, not simulation)...
[0;33m[14:23:46] ⚠[0m [T491] Agent returned FAILED or needs more work
[0;33m[14:23:46] ⚠[0m [T491] Exit code: 1
[0;33m[14:23:46] ⚠[0m [T491] Check log: /Users/sylvain/_LAPOSTE/_VELIGO2/tools/ralph-wiggum/logs/T491_20260114_142029.log
[0;33m[14:23:47] ⚠[0m [T491] Retry 1/3
[0;34m[14:23:52][0m [T491] Processing with REAL agent...
[0;34m[14:23:52][0m [T491] Using Real Agent (actual execution, not simulation)...
[0;33m[14:25:07] ⚠[0m [T491] Agent returned FAILED or needs more work
[0;33m[14:25:07] ⚠[0m [T491] Exit code: 1
[0;33m[14:25:07] ⚠[0m [T491] Check log: /Users/sylvain/_LAPOSTE/_VELIGO2/tools/ralph-wiggum/logs/T491_20260114_142352.log
[0;33m[14:25:07] ⚠[0m [T491] Retry 2/3
[0;34m[14:25:12][0m [T491] Processing with REAL agent...
[0;34m[14:25:13][0m [T491] Using Real Agent (actual execution, not simulation)...
[0;33m[14:25:58] ⚠[0m [T491] Agent returned FAILED or needs more work
[0;33m[14:25:58] ⚠[0m [T491] Exit code: 1
[0;33m[14:25:58] ⚠[0m [T491] Check log: /Users/sylvain/_LAPOSTE/_VELIGO2/tools/ralph-wiggum/logs/T491_20260114_142513.log
[0;33m[14:25:58] ⚠[0m [T491] Retry 3/3
[0;31m[14:26:03] ✗[0m [T491] Failed after 3 retries
[0;34m[14:26:03][0m [Wiggum-TDD] --once mode, exiting
[0;34m[14:26:03][0m [Wiggum-TDD] Daemon stopped
