[0;34m[14:19:40][0m Starting Wiggum-TDD daemon...
[0;34m[14:19:40][0m Queue: tdd
[0;34m[14:19:40][0m Tasks dir: /Users/sylvain/_LAPOSTE/_VELIGO2/tools/ralph-wiggum/tasks
[0;34m[14:19:40][0m Poll interval: 10s
[0;34m[14:19:41][0m [Wiggum-TDD] Found task: T490
[0;34m[14:19:41][0m [T490] Processing with REAL agent...
[0;34m[14:19:41][0m [T490] Using Real Agent (actual execution, not simulation)...
[0;33m[14:20:38] ⚠[0m [T490] Agent returned FAILED or needs more work
[0;33m[14:20:38] ⚠[0m [T490] Exit code: 1
[0;33m[14:20:38] ⚠[0m [T490] Check log: /Users/sylvain/_LAPOSTE/_VELIGO2/tools/ralph-wiggum/logs/T490_20260114_141941.log
[0;33m[14:20:38] ⚠[0m [T490] Retry 1/3
[0;34m[14:20:43][0m [T490] Processing with REAL agent...
[0;34m[14:20:43][0m [T490] Using Real Agent (actual execution, not simulation)...
[0;33m[14:23:54] ⚠[0m [T490] Agent returned FAILED or needs more work
[0;33m[14:23:54] ⚠[0m [T490] Exit code: 1
[0;33m[14:23:54] ⚠[0m [T490] Check log: /Users/sylvain/_LAPOSTE/_VELIGO2/tools/ralph-wiggum/logs/T490_20260114_142043.log
[0;33m[14:23:54] ⚠[0m [T490] Retry 2/3
[0;34m[14:23:59][0m [T490] Processing with REAL agent...
[0;34m[14:23:59][0m [T490] Using Real Agent (actual execution, not simulation)...
[0;33m[14:26:31] ⚠[0m [T490] Agent returned FAILED or needs more work
[0;33m[14:26:31] ⚠[0m [T490] Exit code: 1
[0;33m[14:26:31] ⚠[0m [T490] Check log: /Users/sylvain/_LAPOSTE/_VELIGO2/tools/ralph-wiggum/logs/T490_20260114_142359.log
[0;33m[14:26:31] ⚠[0m [T490] Retry 3/3
[0;31m[14:26:38] ✗[0m [T490] Failed after 3 retries
[0;34m[14:26:38][0m [Wiggum-TDD] --once mode, exiting
[0;34m[14:26:38][0m [Wiggum-TDD] Daemon stopped
