[0;34m[14:18:51][0m Starting Wiggum-TDD daemon...
[0;34m[14:18:51][0m Queue: tdd
[0;34m[14:18:51][0m Tasks dir: /Users/sylvain/_LAPOSTE/_VELIGO2/tools/ralph-wiggum/tasks
[0;34m[14:18:51][0m Poll interval: 10s
[0;34m[14:18:51][0m [Wiggum-TDD] Found task: T489
[0;34m[14:18:51][0m [T489] Processing with REAL agent...
[0;34m[14:18:51][0m [T489] Using Real Agent (actual execution, not simulation)...
[0;33m[14:19:52] ⚠[0m [T489] Agent returned FAILED or needs more work
[0;33m[14:19:52] ⚠[0m [T489] Exit code: 1
[0;33m[14:19:52] ⚠[0m [T489] Check log: /Users/sylvain/_LAPOSTE/_VELIGO2/tools/ralph-wiggum/logs/T489_20260114_141851.log
[0;33m[14:19:52] ⚠[0m [T489] Retry 1/3
[0;34m[14:19:57][0m [T489] Processing with REAL agent...
[0;34m[14:19:57][0m [T489] Using Real Agent (actual execution, not simulation)...
[0;33m[14:21:12] ⚠[0m [T489] Agent returned FAILED or needs more work
[0;33m[14:21:12] ⚠[0m [T489] Exit code: 1
[0;33m[14:21:12] ⚠[0m [T489] Check log: /Users/sylvain/_LAPOSTE/_VELIGO2/tools/ralph-wiggum/logs/T489_20260114_141957.log
[0;33m[14:21:12] ⚠[0m [T489] Retry 2/3
[0;34m[14:21:17][0m [T489] Processing with REAL agent...
[0;34m[14:21:17][0m [T489] Using Real Agent (actual execution, not simulation)...
[0;33m[14:22:08] ⚠[0m [T489] Agent returned FAILED or needs more work
[0;33m[14:22:08] ⚠[0m [T489] Exit code: 1
[0;33m[14:22:08] ⚠[0m [T489] Check log: /Users/sylvain/_LAPOSTE/_VELIGO2/tools/ralph-wiggum/logs/T489_20260114_142117.log
[0;33m[14:22:08] ⚠[0m [T489] Retry 3/3
[0;31m[14:22:13] ✗[0m [T489] Failed after 3 retries
[0;34m[14:22:14][0m [Wiggum-TDD] --once mode, exiting
[0;34m[14:22:14][0m [Wiggum-TDD] Daemon stopped
