[0;34m[14:26:42][0m Starting Wiggum-TDD daemon...
[0;34m[14:26:42][0m Queue: tdd
[0;34m[14:26:42][0m Tasks dir: /Users/sylvain/_LAPOSTE/_VELIGO2/tools/ralph-wiggum/tasks
[0;34m[14:26:42][0m Poll interval: 10s
[0;34m[14:26:43][0m [Wiggum-TDD] Found task: T501
[0;34m[14:26:43][0m [T501] Processing with REAL agent...
[0;34m[14:26:43][0m [T501] Using Real Agent (actual execution, not simulation)...
[0;33m[14:29:38] ⚠[0m [T501] Agent returned FAILED or needs more work
[0;33m[14:29:38] ⚠[0m [T501] Exit code: 1
[0;33m[14:29:38] ⚠[0m [T501] Check log: /Users/sylvain/_LAPOSTE/_VELIGO2/tools/ralph-wiggum/logs/T501_20260114_142643.log
[0;33m[14:29:38] ⚠[0m [T501] Retry 1/3
[0;34m[14:29:43][0m [T501] Processing with REAL agent...
[0;34m[14:29:43][0m [T501] Using Real Agent (actual execution, not simulation)...
[0;33m[14:30:23] ⚠[0m [T501] Agent returned FAILED or needs more work
[0;33m[14:30:23] ⚠[0m [T501] Exit code: 1
[0;33m[14:30:23] ⚠[0m [T501] Check log: /Users/sylvain/_LAPOSTE/_VELIGO2/tools/ralph-wiggum/logs/T501_20260114_142943.log
[0;33m[14:30:23] ⚠[0m [T501] Retry 2/3
[0;34m[14:30:28][0m [T501] Processing with REAL agent...
[0;34m[14:30:28][0m [T501] Using Real Agent (actual execution, not simulation)...
[0;33m[14:31:35] ⚠[0m [T501] Agent returned FAILED or needs more work
[0;33m[14:31:35] ⚠[0m [T501] Exit code: 1
[0;33m[14:31:35] ⚠[0m [T501] Check log: /Users/sylvain/_LAPOSTE/_VELIGO2/tools/ralph-wiggum/logs/T501_20260114_143028.log
[0;33m[14:31:35] ⚠[0m [T501] Retry 3/3
[0;31m[14:31:40] ✗[0m [T501] Failed after 3 retries
[0;34m[14:31:40][0m [Wiggum-TDD] --once mode, exiting
[0;34m[14:31:40][0m [Wiggum-TDD] Daemon stopped
