[0;34m[14:31:36][0m Starting Wiggum-TDD daemon...
[0;34m[14:31:36][0m Queue: tdd
[0;34m[14:31:36][0m Tasks dir: /Users/sylvain/_LAPOSTE/_VELIGO2/tools/ralph-wiggum/tasks
[0;34m[14:31:36][0m Poll interval: 10s
[0;34m[14:31:36][0m [Wiggum-TDD] Found task: T500
[0;34m[14:31:36][0m [T500] Processing with REAL agent...
[0;34m[14:31:36][0m [T500] Using Real Agent (actual execution, not simulation)...
[0;33m[14:33:09] ⚠[0m [T500] Agent returned FAILED or needs more work
[0;33m[14:33:09] ⚠[0m [T500] Exit code: 1
[0;33m[14:33:09] ⚠[0m [T500] Check log: /Users/sylvain/_LAPOSTE/_VELIGO2/tools/ralph-wiggum/logs/T500_20260114_143136.log
[0;33m[14:33:09] ⚠[0m [T500] Retry 1/3
[0;34m[14:33:14][0m [T500] Processing with REAL agent...
[0;34m[14:33:14][0m [T500] Using Real Agent (actual execution, not simulation)...
[0;33m[14:33:45] ⚠[0m [T500] Agent returned FAILED or needs more work
[0;33m[14:33:45] ⚠[0m [T500] Exit code: 1
[0;33m[14:33:45] ⚠[0m [T500] Check log: /Users/sylvain/_LAPOSTE/_VELIGO2/tools/ralph-wiggum/logs/T500_20260114_143314.log
[0;33m[14:33:45] ⚠[0m [T500] Retry 2/3
[0;34m[14:33:50][0m [T500] Processing with REAL agent...
[0;34m[14:33:50][0m [T500] Using Real Agent (actual execution, not simulation)...
[0;33m[14:34:34] ⚠[0m [T500] Agent returned FAILED or needs more work
[0;33m[14:34:34] ⚠[0m [T500] Exit code: 1
[0;33m[14:34:34] ⚠[0m [T500] Check log: /Users/sylvain/_LAPOSTE/_VELIGO2/tools/ralph-wiggum/logs/T500_20260114_143350.log
[0;33m[14:34:34] ⚠[0m [T500] Retry 3/3
[0;31m[14:34:39] ✗[0m [T500] Failed after 3 retries
[0;34m[14:34:39][0m [Wiggum-TDD] --once mode, exiting
[0;34m[14:34:39][0m [Wiggum-TDD] Daemon stopped
