[0;34m[13:25:13][0m Starting Wiggum-TDD daemon...
[0;34m[13:25:13][0m Queue: tdd
[0;34m[13:25:13][0m Tasks dir: /Users/sylvain/_LAPOSTE/_VELIGO2/tools/ralph-wiggum/tasks
[0;34m[13:25:13][0m Poll interval: 10s
[0;34m[13:25:13][0m [Wiggum-TDD] Found task: T393
[0;34m[13:25:13][0m [T393] Processing with REAL agent...
[0;34m[13:25:13][0m [T393] Using Real Agent (actual execution, not simulation)...
[0;33m[13:25:46] ⚠[0m [T393] Agent returned FAILED or needs more work
[0;33m[13:25:46] ⚠[0m [T393] Exit code: 1
[0;33m[13:25:46] ⚠[0m [T393] Check log: /Users/sylvain/_LAPOSTE/_VELIGO2/tools/ralph-wiggum/logs/T393_20260114_132513.log
[0;33m[13:25:46] ⚠[0m [T393] Retry 1/3
[0;34m[13:25:51][0m [T393] Processing with REAL agent...
[0;34m[13:25:51][0m [T393] Using Real Agent (actual execution, not simulation)...
[0;33m[13:26:38] ⚠[0m [T393] Agent returned FAILED or needs more work
[0;33m[13:26:38] ⚠[0m [T393] Exit code: 1
[0;33m[13:26:38] ⚠[0m [T393] Check log: /Users/sylvain/_LAPOSTE/_VELIGO2/tools/ralph-wiggum/logs/T393_20260114_132551.log
[0;33m[13:26:38] ⚠[0m [T393] Retry 2/3
[0;34m[13:26:43][0m [T393] Processing with REAL agent...
[0;34m[13:26:43][0m [T393] Using Real Agent (actual execution, not simulation)...
[0;34m[13:26:44][0m [T393] Task was decomposed into sub-tasks (fractal)
[0;34m[13:26:44][0m [Wiggum-TDD] --once mode, exiting
[0;34m[13:26:44][0m [Wiggum-TDD] Daemon stopped
