[0;34m[13:29:30][0m Starting Wiggum-TDD daemon...
[0;34m[13:29:30][0m Queue: tdd
[0;34m[13:29:30][0m Tasks dir: /Users/sylvain/_LAPOSTE/_VELIGO2/tools/ralph-wiggum/tasks
[0;34m[13:29:30][0m Poll interval: 10s
[0;34m[13:29:31][0m [Wiggum-TDD] Found task: T406
[0;34m[13:29:31][0m [T406] Processing with REAL agent...
[0;34m[13:29:31][0m [T406] Using Real Agent (actual execution, not simulation)...
[0;33m[13:29:54] ⚠[0m [T406] Agent returned FAILED or needs more work
[0;33m[13:29:54] ⚠[0m [T406] Exit code: 1
[0;33m[13:29:54] ⚠[0m [T406] Check log: /Users/sylvain/_LAPOSTE/_VELIGO2/tools/ralph-wiggum/logs/T406_20260114_132931.log
[0;33m[13:29:55] ⚠[0m [T406] Retry 1/3
[0;34m[13:30:00][0m [T406] Processing with REAL agent...
[0;34m[13:30:00][0m [T406] Using Real Agent (actual execution, not simulation)...
[0;33m[13:30:48] ⚠[0m [T406] Agent returned FAILED or needs more work
[0;33m[13:30:48] ⚠[0m [T406] Exit code: 1
[0;33m[13:30:48] ⚠[0m [T406] Check log: /Users/sylvain/_LAPOSTE/_VELIGO2/tools/ralph-wiggum/logs/T406_20260114_133000.log
[0;33m[13:30:48] ⚠[0m [T406] Retry 2/3
[0;34m[13:30:53][0m [T406] Processing with REAL agent...
[0;34m[13:30:53][0m [T406] Using Real Agent (actual execution, not simulation)...
[0;33m[13:32:01] ⚠[0m [T406] Agent returned FAILED or needs more work
[0;33m[13:32:01] ⚠[0m [T406] Exit code: 1
[0;33m[13:32:01] ⚠[0m [T406] Check log: /Users/sylvain/_LAPOSTE/_VELIGO2/tools/ralph-wiggum/logs/T406_20260114_133053.log
[0;33m[13:32:01] ⚠[0m [T406] Retry 3/3
[0;31m[13:32:06] ✗[0m [T406] Failed after 3 retries
[0;34m[13:32:06][0m [Wiggum-TDD] --once mode, exiting
[0;34m[13:32:06][0m [Wiggum-TDD] Daemon stopped
