[0;34m[13:31:31][0m Starting Wiggum-TDD daemon...
[0;34m[13:31:31][0m Queue: tdd
[0;34m[13:31:31][0m Tasks dir: /Users/sylvain/_LAPOSTE/_VELIGO2/tools/ralph-wiggum/tasks
[0;34m[13:31:31][0m Poll interval: 10s
[0;34m[13:31:32][0m [Wiggum-TDD] Found task: T415
[0;34m[13:31:32][0m [T415] Processing with REAL agent...
[0;34m[13:31:32][0m [T415] Using Real Agent (actual execution, not simulation)...
[0;33m[13:32:24] ⚠[0m [T415] Agent returned FAILED or needs more work
[0;33m[13:32:24] ⚠[0m [T415] Exit code: 1
[0;33m[13:32:24] ⚠[0m [T415] Check log: /Users/sylvain/_LAPOSTE/_VELIGO2/tools/ralph-wiggum/logs/T415_20260114_133132.log
[0;33m[13:32:24] ⚠[0m [T415] Retry 1/3
[0;34m[13:32:29][0m [T415] Processing with REAL agent...
[0;34m[13:32:30][0m [T415] Using Real Agent (actual execution, not simulation)...
[0;33m[13:35:04] ⚠[0m [T415] Agent returned FAILED or needs more work
[0;33m[13:35:04] ⚠[0m [T415] Exit code: 1
[0;33m[13:35:04] ⚠[0m [T415] Check log: /Users/sylvain/_LAPOSTE/_VELIGO2/tools/ralph-wiggum/logs/T415_20260114_133230.log
[0;33m[13:35:04] ⚠[0m [T415] Retry 2/3
[0;34m[13:35:09][0m [T415] Processing with REAL agent...
[0;34m[13:35:10][0m [T415] Using Real Agent (actual execution, not simulation)...
[0;34m[13:35:12][0m [T415] Task was decomposed into sub-tasks (fractal)
[0;34m[13:35:12][0m [Wiggum-TDD] --once mode, exiting
[0;34m[13:35:12][0m [Wiggum-TDD] Daemon stopped
