[0;34m[13:32:06][0m Starting Wiggum-TDD daemon...
[0;34m[13:32:06][0m Queue: tdd
[0;34m[13:32:06][0m Tasks dir: /Users/sylvain/_LAPOSTE/_VELIGO2/tools/ralph-wiggum/tasks
[0;34m[13:32:06][0m Poll interval: 10s
[0;34m[13:32:07][0m [Wiggum-TDD] Found task: T417
[0;34m[13:32:07][0m [T417] Processing with REAL agent...
[0;34m[13:32:07][0m [T417] Using Real Agent (actual execution, not simulation)...
[0;33m[13:33:19] ⚠[0m [T417] Agent returned FAILED or needs more work
[0;33m[13:33:19] ⚠[0m [T417] Exit code: 1
[0;33m[13:33:19] ⚠[0m [T417] Check log: /Users/sylvain/_LAPOSTE/_VELIGO2/tools/ralph-wiggum/logs/T417_20260114_133207.log
[0;33m[13:33:19] ⚠[0m [T417] Retry 1/3
[0;34m[13:33:24][0m [T417] Processing with REAL agent...
[0;34m[13:33:24][0m [T417] Using Real Agent (actual execution, not simulation)...
[0;33m[13:33:53] ⚠[0m [T417] Agent returned FAILED or needs more work
[0;33m[13:33:53] ⚠[0m [T417] Exit code: 1
[0;33m[13:33:54] ⚠[0m [T417] Check log: /Users/sylvain/_LAPOSTE/_VELIGO2/tools/ralph-wiggum/logs/T417_20260114_133324.log
[0;33m[13:33:55] ⚠[0m [T417] Retry 2/3
[0;34m[13:34:00][0m [T417] Processing with REAL agent...
[0;34m[13:34:00][0m [T417] Using Real Agent (actual execution, not simulation)...
[0;34m[13:34:00][0m [T417] Task was decomposed into sub-tasks (fractal)
[0;34m[13:34:00][0m [Wiggum-TDD] --once mode, exiting
[0;34m[13:34:00][0m [Wiggum-TDD] Daemon stopped
