[0;34m[13:34:08][0m Starting Wiggum-TDD daemon...
[0;34m[13:34:08][0m Queue: tdd
[0;34m[13:34:08][0m Tasks dir: /Users/sylvain/_LAPOSTE/_VELIGO2/tools/ralph-wiggum/tasks
[0;34m[13:34:08][0m Poll interval: 10s
[0;34m[13:34:09][0m [Wiggum-TDD] Found task: T421
[0;34m[13:34:09][0m [T421] Processing with REAL agent...
[0;34m[13:34:09][0m [T421] Using Real Agent (actual execution, not simulation)...
[0;33m[13:39:37] ⚠[0m [T421] Agent returned FAILED or needs more work
[0;33m[13:39:37] ⚠[0m [T421] Exit code: 1
[0;33m[13:39:37] ⚠[0m [T421] Check log: /Users/sylvain/_LAPOSTE/_VELIGO2/tools/ralph-wiggum/logs/T421_20260114_133409.log
[0;33m[13:39:37] ⚠[0m [T421] Retry 1/3
[0;34m[13:39:42][0m [T421] Processing with REAL agent...
[0;34m[13:39:42][0m [T421] Using Real Agent (actual execution, not simulation)...
[0;33m[13:41:55] ⚠[0m [T421] Agent returned FAILED or needs more work
[0;33m[13:41:55] ⚠[0m [T421] Exit code: 1
[0;33m[13:41:55] ⚠[0m [T421] Check log: /Users/sylvain/_LAPOSTE/_VELIGO2/tools/ralph-wiggum/logs/T421_20260114_133942.log
[0;33m[13:41:55] ⚠[0m [T421] Retry 2/3
[0;34m[13:42:00][0m [T421] Processing with REAL agent...
[0;34m[13:42:00][0m [T421] Using Real Agent (actual execution, not simulation)...
[0;33m[13:42:32] ⚠[0m [T421] Agent returned FAILED or needs more work
[0;33m[13:42:32] ⚠[0m [T421] Exit code: 1
[0;33m[13:42:32] ⚠[0m [T421] Check log: /Users/sylvain/_LAPOSTE/_VELIGO2/tools/ralph-wiggum/logs/T421_20260114_134200.log
[0;33m[13:42:32] ⚠[0m [T421] Retry 3/3
[0;31m[13:42:37] ✗[0m [T421] Failed after 3 retries
[0;34m[13:42:37][0m [Wiggum-TDD] --once mode, exiting
[0;34m[13:42:39][0m [Wiggum-TDD] Daemon stopped
