[0;34m[13:34:24][0m Starting Wiggum-TDD daemon...
[0;34m[13:34:24][0m Queue: tdd
[0;34m[13:34:24][0m Tasks dir: /Users/sylvain/_LAPOSTE/_VELIGO2/tools/ralph-wiggum/tasks
[0;34m[13:34:24][0m Poll interval: 10s
[0;34m[13:34:27][0m [Wiggum-TDD] Found task: T422
[0;34m[13:34:27][0m [T422] Processing with REAL agent...
[0;34m[13:34:27][0m [T422] Using Real Agent (actual execution, not simulation)...
[0;33m[13:36:13] ⚠[0m [T422] Agent returned FAILED or needs more work
[0;33m[13:36:13] ⚠[0m [T422] Exit code: 1
[0;33m[13:36:13] ⚠[0m [T422] Check log: /Users/sylvain/_LAPOSTE/_VELIGO2/tools/ralph-wiggum/logs/T422_20260114_133427.log
[0;33m[13:36:13] ⚠[0m [T422] Retry 1/3
[0;34m[13:36:18][0m [T422] Processing with REAL agent...
[0;34m[13:36:18][0m [T422] Using Real Agent (actual execution, not simulation)...
[0;33m[13:38:11] ⚠[0m [T422] Agent returned FAILED or needs more work
[0;33m[13:38:11] ⚠[0m [T422] Exit code: 1
[0;33m[13:38:11] ⚠[0m [T422] Check log: /Users/sylvain/_LAPOSTE/_VELIGO2/tools/ralph-wiggum/logs/T422_20260114_133618.log
[0;33m[13:38:11] ⚠[0m [T422] Retry 2/3
[0;34m[13:38:16][0m [T422] Processing with REAL agent...
[0;34m[13:38:16][0m [T422] Using Real Agent (actual execution, not simulation)...
[0;33m[13:39:05] ⚠[0m [T422] Agent returned FAILED or needs more work
[0;33m[13:39:05] ⚠[0m [T422] Exit code: 1
[0;33m[13:39:05] ⚠[0m [T422] Check log: /Users/sylvain/_LAPOSTE/_VELIGO2/tools/ralph-wiggum/logs/T422_20260114_133816.log
[0;33m[13:39:05] ⚠[0m [T422] Retry 3/3
[0;31m[13:39:10] ✗[0m [T422] Failed after 3 retries
[0;34m[13:39:10][0m [Wiggum-TDD] --once mode, exiting
[0;34m[13:39:10][0m [Wiggum-TDD] Daemon stopped
