[0;34m[13:35:22][0m Starting Wiggum-TDD daemon...
[0;34m[13:35:22][0m Queue: tdd
[0;34m[13:35:22][0m Tasks dir: /Users/sylvain/_LAPOSTE/_VELIGO2/tools/ralph-wiggum/tasks
[0;34m[13:35:22][0m Poll interval: 10s
[0;34m[13:35:24][0m [Wiggum-TDD] Found task: T423
[0;34m[13:35:24][0m [T423] Processing with REAL agent...
[0;34m[13:35:24][0m [T423] Using Real Agent (actual execution, not simulation)...
[0;33m[13:37:49] ⚠[0m [T423] Agent returned FAILED or needs more work
[0;33m[13:37:49] ⚠[0m [T423] Exit code: 1
[0;33m[13:37:49] ⚠[0m [T423] Check log: /Users/sylvain/_LAPOSTE/_VELIGO2/tools/ralph-wiggum/logs/T423_20260114_133524.log
[0;33m[13:37:49] ⚠[0m [T423] Retry 1/3
[0;34m[13:37:54][0m [T423] Processing with REAL agent...
[0;34m[13:37:54][0m [T423] Using Real Agent (actual execution, not simulation)...
[0;33m[13:38:15] ⚠[0m [T423] Agent returned FAILED or needs more work
[0;33m[13:38:15] ⚠[0m [T423] Exit code: 1
[0;33m[13:38:15] ⚠[0m [T423] Check log: /Users/sylvain/_LAPOSTE/_VELIGO2/tools/ralph-wiggum/logs/T423_20260114_133754.log
[0;33m[13:38:15] ⚠[0m [T423] Retry 2/3
[0;34m[13:38:20][0m [T423] Processing with REAL agent...
[0;34m[13:38:20][0m [T423] Using Real Agent (actual execution, not simulation)...
[0;33m[13:38:49] ⚠[0m [T423] Agent returned FAILED or needs more work
[0;33m[13:38:49] ⚠[0m [T423] Exit code: 1
[0;33m[13:38:49] ⚠[0m [T423] Check log: /Users/sylvain/_LAPOSTE/_VELIGO2/tools/ralph-wiggum/logs/T423_20260114_133820.log
[0;33m[13:38:49] ⚠[0m [T423] Retry 3/3
[0;31m[13:38:54] ✗[0m [T423] Failed after 3 retries
[0;34m[13:38:54][0m [Wiggum-TDD] --once mode, exiting
[0;34m[13:38:54][0m [Wiggum-TDD] Daemon stopped
