[0;34m[13:37:13][0m Starting Wiggum-TDD daemon...
[0;34m[13:37:13][0m Queue: tdd
[0;34m[13:37:13][0m Tasks dir: /Users/sylvain/_LAPOSTE/_VELIGO2/tools/ralph-wiggum/tasks
[0;34m[13:37:13][0m Poll interval: 10s
[0;34m[13:37:14][0m [Wiggum-TDD] Found task: T425
[0;34m[13:37:14][0m [T425] Processing with REAL agent...
[0;34m[13:37:14][0m [T425] Using Real Agent (actual execution, not simulation)...
[0;33m[13:38:09] ⚠[0m [T425] Agent returned FAILED or needs more work
[0;33m[13:38:09] ⚠[0m [T425] Exit code: 1
[0;33m[13:38:09] ⚠[0m [T425] Check log: /Users/sylvain/_LAPOSTE/_VELIGO2/tools/ralph-wiggum/logs/T425_20260114_133714.log
[0;33m[13:38:09] ⚠[0m [T425] Retry 1/3
[0;34m[13:38:14][0m [T425] Processing with REAL agent...
[0;34m[13:38:14][0m [T425] Using Real Agent (actual execution, not simulation)...
[0;33m[13:39:41] ⚠[0m [T425] Agent returned FAILED or needs more work
[0;33m[13:39:41] ⚠[0m [T425] Exit code: 1
[0;33m[13:39:41] ⚠[0m [T425] Check log: /Users/sylvain/_LAPOSTE/_VELIGO2/tools/ralph-wiggum/logs/T425_20260114_133814.log
[0;33m[13:39:41] ⚠[0m [T425] Retry 2/3
[0;34m[13:39:46][0m [T425] Processing with REAL agent...
[0;34m[13:39:46][0m [T425] Using Real Agent (actual execution, not simulation)...
[0;33m[13:43:08] ⚠[0m [T425] Agent returned FAILED or needs more work
[0;33m[13:43:08] ⚠[0m [T425] Exit code: 1
[0;33m[13:43:08] ⚠[0m [T425] Check log: /Users/sylvain/_LAPOSTE/_VELIGO2/tools/ralph-wiggum/logs/T425_20260114_133946.log
[0;33m[13:43:08] ⚠[0m [T425] Retry 3/3
[0;31m[13:43:13] ✗[0m [T425] Failed after 3 retries
[0;34m[13:43:13][0m [Wiggum-TDD] --once mode, exiting
[0;34m[13:43:13][0m [Wiggum-TDD] Daemon stopped
