[0;34m[13:37:37][0m Starting Wiggum-TDD daemon...
[0;34m[13:37:37][0m Queue: tdd
[0;34m[13:37:37][0m Tasks dir: /Users/sylvain/_LAPOSTE/_VELIGO2/tools/ralph-wiggum/tasks
[0;34m[13:37:37][0m Poll interval: 10s
[0;34m[13:37:38][0m [Wiggum-TDD] Found task: T430
[0;34m[13:37:38][0m [T430] Processing with REAL agent...
[0;34m[13:37:38][0m [T430] Using Real Agent (actual execution, not simulation)...
[0;33m[13:42:12] ⚠[0m [T430] Agent returned FAILED or needs more work
[0;33m[13:42:12] ⚠[0m [T430] Exit code: 1
[0;33m[13:42:12] ⚠[0m [T430] Check log: /Users/sylvain/_LAPOSTE/_VELIGO2/tools/ralph-wiggum/logs/T430_20260114_133738.log
[0;33m[13:42:12] ⚠[0m [T430] Retry 1/3
[0;34m[13:42:17][0m [T430] Processing with REAL agent...
[0;34m[13:42:17][0m [T430] Using Real Agent (actual execution, not simulation)...
[0;33m[13:44:38] ⚠[0m [T430] Agent returned FAILED or needs more work
[0;33m[13:44:38] ⚠[0m [T430] Exit code: 1
[0;33m[13:44:38] ⚠[0m [T430] Check log: /Users/sylvain/_LAPOSTE/_VELIGO2/tools/ralph-wiggum/logs/T430_20260114_134217.log
[0;33m[13:44:38] ⚠[0m [T430] Retry 2/3
[0;34m[13:44:43][0m [T430] Processing with REAL agent...
[0;34m[13:44:43][0m [T430] Using Real Agent (actual execution, not simulation)...
[0;33m[13:46:14] ⚠[0m [T430] Agent returned FAILED or needs more work
[0;33m[13:46:14] ⚠[0m [T430] Exit code: 1
[0;33m[13:46:14] ⚠[0m [T430] Check log: /Users/sylvain/_LAPOSTE/_VELIGO2/tools/ralph-wiggum/logs/T430_20260114_134443.log
[0;33m[13:46:14] ⚠[0m [T430] Retry 3/3
[0;31m[13:46:19] ✗[0m [T430] Failed after 3 retries
[0;34m[13:46:19][0m [Wiggum-TDD] --once mode, exiting
[0;34m[13:46:19][0m [Wiggum-TDD] Daemon stopped
