[0;34m[13:39:27][0m Starting Wiggum-TDD daemon...
[0;34m[13:39:27][0m Queue: tdd
[0;34m[13:39:27][0m Tasks dir: /Users/sylvain/_LAPOSTE/_VELIGO2/tools/ralph-wiggum/tasks
[0;34m[13:39:27][0m Poll interval: 10s
[0;34m[13:39:29][0m [Wiggum-TDD] Found task: T434
[0;34m[13:39:29][0m [T434] Processing with REAL agent...
[0;34m[13:39:29][0m [T434] Using Real Agent (actual execution, not simulation)...
[0;33m[13:44:05] ⚠[0m [T434] Agent returned FAILED or needs more work
[0;33m[13:44:05] ⚠[0m [T434] Exit code: 1
[0;33m[13:44:05] ⚠[0m [T434] Check log: /Users/sylvain/_LAPOSTE/_VELIGO2/tools/ralph-wiggum/logs/T434_20260114_133929.log
[0;33m[13:44:05] ⚠[0m [T434] Retry 1/3
[0;34m[13:44:10][0m [T434] Processing with REAL agent...
[0;34m[13:44:10][0m [T434] Using Real Agent (actual execution, not simulation)...
[0;33m[13:45:35] ⚠[0m [T434] Agent returned FAILED or needs more work
[0;33m[13:45:35] ⚠[0m [T434] Exit code: 1
[0;33m[13:45:35] ⚠[0m [T434] Check log: /Users/sylvain/_LAPOSTE/_VELIGO2/tools/ralph-wiggum/logs/T434_20260114_134410.log
[0;33m[13:45:36] ⚠[0m [T434] Retry 2/3
[0;34m[13:45:41][0m [T434] Processing with REAL agent...
[0;34m[13:45:41][0m [T434] Using Real Agent (actual execution, not simulation)...
[0;33m[13:46:50] ⚠[0m [T434] Agent returned FAILED or needs more work
[0;33m[13:46:50] ⚠[0m [T434] Exit code: 1
[0;33m[13:46:50] ⚠[0m [T434] Check log: /Users/sylvain/_LAPOSTE/_VELIGO2/tools/ralph-wiggum/logs/T434_20260114_134541.log
[0;33m[13:46:50] ⚠[0m [T434] Retry 3/3
[0;31m[13:46:55] ✗[0m [T434] Failed after 3 retries
[0;34m[13:46:55][0m [Wiggum-TDD] --once mode, exiting
[0;34m[13:46:56][0m [Wiggum-TDD] Daemon stopped
