[0;34m[13:43:28][0m Starting Wiggum-TDD daemon...
[0;34m[13:43:28][0m Queue: tdd
[0;34m[13:43:28][0m Tasks dir: /Users/sylvain/_LAPOSTE/_VELIGO2/tools/ralph-wiggum/tasks
[0;34m[13:43:28][0m Poll interval: 10s
[0;34m[13:43:30][0m [Wiggum-TDD] Found task: T439
[0;34m[13:43:30][0m [T439] Processing with REAL agent...
[0;34m[13:43:30][0m [T439] Using Real Agent (actual execution, not simulation)...
[0;33m[13:44:45] ⚠[0m [T439] Agent returned FAILED or needs more work
[0;33m[13:44:45] ⚠[0m [T439] Exit code: 1
[0;33m[13:44:45] ⚠[0m [T439] Check log: /Users/sylvain/_LAPOSTE/_VELIGO2/tools/ralph-wiggum/logs/T439_20260114_134330.log
[0;33m[13:44:45] ⚠[0m [T439] Retry 1/3
[0;34m[13:44:50][0m [T439] Processing with REAL agent...
[0;34m[13:44:50][0m [T439] Using Real Agent (actual execution, not simulation)...
[0;33m[13:45:17] ⚠[0m [T439] Agent returned FAILED or needs more work
[0;33m[13:45:17] ⚠[0m [T439] Exit code: 1
[0;33m[13:45:17] ⚠[0m [T439] Check log: /Users/sylvain/_LAPOSTE/_VELIGO2/tools/ralph-wiggum/logs/T439_20260114_134450.log
[0;33m[13:45:17] ⚠[0m [T439] Retry 2/3
[0;34m[13:45:22][0m [T439] Processing with REAL agent...
[0;34m[13:45:22][0m [T439] Using Real Agent (actual execution, not simulation)...
[0;34m[13:45:22][0m [T439] Task was decomposed into sub-tasks (fractal)
[0;34m[13:45:22][0m [Wiggum-TDD] --once mode, exiting
[0;34m[13:45:22][0m [Wiggum-TDD] Daemon stopped
