[0;34m[13:45:31][0m Starting Wiggum-TDD daemon...
[0;34m[13:45:31][0m Queue: tdd
[0;34m[13:45:31][0m Tasks dir: /Users/sylvain/_LAPOSTE/_VELIGO2/tools/ralph-wiggum/tasks
[0;34m[13:45:31][0m Poll interval: 10s
[0;34m[13:45:33][0m [Wiggum-TDD] Found task: T441
[0;34m[13:45:33][0m [T441] Processing with REAL agent...
[0;34m[13:45:33][0m [T441] Using Real Agent (actual execution, not simulation)...
[0;33m[13:50:06] ⚠[0m [T441] Agent returned FAILED or needs more work
[0;33m[13:50:06] ⚠[0m [T441] Exit code: 1
[0;33m[13:50:06] ⚠[0m [T441] Check log: /Users/sylvain/_LAPOSTE/_VELIGO2/tools/ralph-wiggum/logs/T441_20260114_134533.log
[0;33m[13:50:06] ⚠[0m [T441] Retry 1/3
[0;34m[13:50:11][0m [T441] Processing with REAL agent...
[0;34m[13:50:11][0m [T441] Using Real Agent (actual execution, not simulation)...
[0;33m[13:53:16] ⚠[0m [T441] Agent returned FAILED or needs more work
[0;33m[13:53:16] ⚠[0m [T441] Exit code: 1
[0;33m[13:53:16] ⚠[0m [T441] Check log: /Users/sylvain/_LAPOSTE/_VELIGO2/tools/ralph-wiggum/logs/T441_20260114_135011.log
[0;33m[13:53:16] ⚠[0m [T441] Retry 2/3
[0;34m[13:53:21][0m [T441] Processing with REAL agent...
[0;34m[13:53:21][0m [T441] Using Real Agent (actual execution, not simulation)...
[0;33m[13:54:12] ⚠[0m [T441] Agent returned FAILED or needs more work
[0;33m[13:54:12] ⚠[0m [T441] Exit code: 1
[0;33m[13:54:12] ⚠[0m [T441] Check log: /Users/sylvain/_LAPOSTE/_VELIGO2/tools/ralph-wiggum/logs/T441_20260114_135321.log
[0;33m[13:54:12] ⚠[0m [T441] Retry 3/3
[0;31m[13:54:17] ✗[0m [T441] Failed after 3 retries
[0;34m[13:54:18][0m [Wiggum-TDD] --once mode, exiting
[0;34m[13:54:18][0m [Wiggum-TDD] Daemon stopped
