[0;34m[14:12:12][0m Starting Wiggum-TDD daemon...
[0;34m[14:12:12][0m Queue: tdd
[0;34m[14:12:12][0m Tasks dir: /Users/sylvain/_LAPOSTE/_VELIGO2/tools/ralph-wiggum/tasks
[0;34m[14:12:12][0m Poll interval: 10s
[0;34m[14:12:13][0m [Wiggum-TDD] Found task: T474
[0;34m[14:12:13][0m [T474] Processing with REAL agent...
[0;34m[14:12:13][0m [T474] Using Real Agent (actual execution, not simulation)...
[0;33m[14:14:50] ⚠[0m [T474] Agent returned FAILED or needs more work
[0;33m[14:14:50] ⚠[0m [T474] Exit code: 1
[0;33m[14:14:50] ⚠[0m [T474] Check log: /Users/sylvain/_LAPOSTE/_VELIGO2/tools/ralph-wiggum/logs/T474_20260114_141213.log
[0;33m[14:14:50] ⚠[0m [T474] Retry 1/3
[0;34m[14:14:56][0m [T474] Processing with REAL agent...
[0;34m[14:14:56][0m [T474] Using Real Agent (actual execution, not simulation)...
[0;33m[14:15:59] ⚠[0m [T474] Agent returned FAILED or needs more work
[0;33m[14:15:59] ⚠[0m [T474] Exit code: 1
[0;33m[14:15:59] ⚠[0m [T474] Check log: /Users/sylvain/_LAPOSTE/_VELIGO2/tools/ralph-wiggum/logs/T474_20260114_141456.log
[0;33m[14:15:59] ⚠[0m [T474] Retry 2/3
[0;34m[14:16:04][0m [T474] Processing with REAL agent...
[0;34m[14:16:04][0m [T474] Using Real Agent (actual execution, not simulation)...
[0;33m[14:16:39] ⚠[0m [T474] Agent returned FAILED or needs more work
[0;33m[14:16:39] ⚠[0m [T474] Exit code: 1
[0;33m[14:16:39] ⚠[0m [T474] Check log: /Users/sylvain/_LAPOSTE/_VELIGO2/tools/ralph-wiggum/logs/T474_20260114_141604.log
[0;33m[14:16:39] ⚠[0m [T474] Retry 3/3
[0;31m[14:16:44] ✗[0m [T474] Failed after 3 retries
[0;34m[14:16:44][0m [Wiggum-TDD] --once mode, exiting
[0;34m[14:16:44][0m [Wiggum-TDD] Daemon stopped
