[0;34m[13:48:55][0m Starting Wiggum-TDD daemon...
[0;34m[13:48:55][0m Queue: tdd
[0;34m[13:48:55][0m Tasks dir: /Users/sylvain/_LAPOSTE/_VELIGO2/tools/ralph-wiggum/tasks
[0;34m[13:48:55][0m Poll interval: 10s
[0;34m[13:48:57][0m [Wiggum-TDD] Found task: T446
[0;34m[13:48:57][0m [T446] Processing with REAL agent...
[0;34m[13:48:57][0m [T446] Using Real Agent (actual execution, not simulation)...
[0;33m[13:50:03] ⚠[0m [T446] Agent returned FAILED or needs more work
[0;33m[13:50:03] ⚠[0m [T446] Exit code: 1
[0;33m[13:50:03] ⚠[0m [T446] Check log: /Users/sylvain/_LAPOSTE/_VELIGO2/tools/ralph-wiggum/logs/T446_20260114_134857.log
[0;33m[13:50:03] ⚠[0m [T446] Retry 1/3
[0;34m[13:50:08][0m [T446] Processing with REAL agent...
[0;34m[13:50:08][0m [T446] Using Real Agent (actual execution, not simulation)...
[0;33m[13:51:48] ⚠[0m [T446] Agent returned FAILED or needs more work
[0;33m[13:51:48] ⚠[0m [T446] Exit code: 1
[0;33m[13:51:48] ⚠[0m [T446] Check log: /Users/sylvain/_LAPOSTE/_VELIGO2/tools/ralph-wiggum/logs/T446_20260114_135008.log
[0;33m[13:51:48] ⚠[0m [T446] Retry 2/3
[0;34m[13:51:53][0m [T446] Processing with REAL agent...
[0;34m[13:51:53][0m [T446] Using Real Agent (actual execution, not simulation)...
[0;33m[13:52:57] ⚠[0m [T446] Agent returned FAILED or needs more work
[0;33m[13:52:57] ⚠[0m [T446] Exit code: 1
[0;33m[13:52:57] ⚠[0m [T446] Check log: /Users/sylvain/_LAPOSTE/_VELIGO2/tools/ralph-wiggum/logs/T446_20260114_135153.log
[0;33m[13:52:57] ⚠[0m [T446] Retry 3/3
[0;31m[13:53:02] ✗[0m [T446] Failed after 3 retries
[0;34m[13:53:02][0m [Wiggum-TDD] --once mode, exiting
[0;34m[13:53:02][0m [Wiggum-TDD] Daemon stopped
