[0;34m[14:11:31][0m Starting Wiggum-TDD daemon...
[0;34m[14:11:31][0m Queue: tdd
[0;34m[14:11:31][0m Tasks dir: /Users/sylvain/_LAPOSTE/_VELIGO2/tools/ralph-wiggum/tasks
[0;34m[14:11:31][0m Poll interval: 10s
[0;34m[14:11:31][0m [Wiggum-TDD] Found task: T473
[0;34m[14:11:31][0m [T473] Processing with REAL agent...
[0;34m[14:11:31][0m [T473] Using Real Agent (actual execution, not simulation)...
[0;33m[14:12:00] ⚠[0m [T473] Agent returned FAILED or needs more work
[0;33m[14:12:00] ⚠[0m [T473] Exit code: 1
[0;33m[14:12:00] ⚠[0m [T473] Check log: /Users/sylvain/_LAPOSTE/_VELIGO2/tools/ralph-wiggum/logs/T473_20260114_141131.log
[0;33m[14:12:00] ⚠[0m [T473] Retry 1/3
[0;34m[14:12:05][0m [T473] Processing with REAL agent...
[0;34m[14:12:05][0m [T473] Using Real Agent (actual execution, not simulation)...
[0;33m[14:12:57] ⚠[0m [T473] Agent returned FAILED or needs more work
[0;33m[14:12:57] ⚠[0m [T473] Exit code: 1
[0;33m[14:12:57] ⚠[0m [T473] Check log: /Users/sylvain/_LAPOSTE/_VELIGO2/tools/ralph-wiggum/logs/T473_20260114_141205.log
[0;33m[14:12:57] ⚠[0m [T473] Retry 2/3
[0;34m[14:13:02][0m [T473] Processing with REAL agent...
[0;34m[14:13:02][0m [T473] Using Real Agent (actual execution, not simulation)...
[0;33m[14:14:03] ⚠[0m [T473] Agent returned FAILED or needs more work
[0;33m[14:14:03] ⚠[0m [T473] Exit code: 1
[0;33m[14:14:03] ⚠[0m [T473] Check log: /Users/sylvain/_LAPOSTE/_VELIGO2/tools/ralph-wiggum/logs/T473_20260114_141302.log
[0;33m[14:14:03] ⚠[0m [T473] Retry 3/3
[0;31m[14:14:08] ✗[0m [T473] Failed after 3 retries
[0;34m[14:14:08][0m [Wiggum-TDD] --once mode, exiting
[0;34m[14:14:08][0m [Wiggum-TDD] Daemon stopped
