[0;34m[14:06:42][0m Starting Wiggum-TDD daemon...
[0;34m[14:06:42][0m Queue: tdd
[0;34m[14:06:42][0m Tasks dir: /Users/sylvain/_LAPOSTE/_VELIGO2/tools/ralph-wiggum/tasks
[0;34m[14:06:42][0m Poll interval: 10s
[0;34m[14:06:43][0m [Wiggum-TDD] Found task: T467
[0;34m[14:06:43][0m [T467] Processing with REAL agent...
[0;34m[14:06:44][0m [T467] Using Real Agent (actual execution, not simulation)...
[0;33m[14:08:16] ⚠[0m [T467] Agent returned FAILED or needs more work
[0;33m[14:08:16] ⚠[0m [T467] Exit code: 1
[0;33m[14:08:16] ⚠[0m [T467] Check log: /Users/sylvain/_LAPOSTE/_VELIGO2/tools/ralph-wiggum/logs/T467_20260114_140644.log
[0;33m[14:08:16] ⚠[0m [T467] Retry 1/3
[0;34m[14:08:21][0m [T467] Processing with REAL agent...
[0;34m[14:08:21][0m [T467] Using Real Agent (actual execution, not simulation)...
[0;33m[14:08:47] ⚠[0m [T467] Agent returned FAILED or needs more work
[0;33m[14:08:47] ⚠[0m [T467] Exit code: 1
[0;33m[14:08:47] ⚠[0m [T467] Check log: /Users/sylvain/_LAPOSTE/_VELIGO2/tools/ralph-wiggum/logs/T467_20260114_140821.log
[0;33m[14:08:48] ⚠[0m [T467] Retry 2/3
[0;34m[14:08:53][0m [T467] Processing with REAL agent...
[0;34m[14:08:53][0m [T467] Using Real Agent (actual execution, not simulation)...
[0;33m[14:09:38] ⚠[0m [T467] Agent returned FAILED or needs more work
[0;33m[14:09:38] ⚠[0m [T467] Exit code: 1
[0;33m[14:09:38] ⚠[0m [T467] Check log: /Users/sylvain/_LAPOSTE/_VELIGO2/tools/ralph-wiggum/logs/T467_20260114_140853.log
[0;33m[14:09:38] ⚠[0m [T467] Retry 3/3
[0;31m[14:09:43] ✗[0m [T467] Failed after 3 retries
[0;34m[14:09:43][0m [Wiggum-TDD] --once mode, exiting
[0;34m[14:09:43][0m [Wiggum-TDD] Daemon stopped
