[0;34m[13:53:13][0m Starting Wiggum-TDD daemon...
[0;34m[13:53:13][0m Queue: tdd
[0;34m[13:53:13][0m Tasks dir: /Users/sylvain/_LAPOSTE/_VELIGO2/tools/ralph-wiggum/tasks
[0;34m[13:53:13][0m Poll interval: 10s
[0;34m[13:53:16][0m [Wiggum-TDD] Found task: T441
[0;34m[13:53:16][0m [T441] Processing with REAL agent...
[0;34m[13:53:16][0m [T441] Using Real Agent (actual execution, not simulation)...
[0;33m[13:54:51] ⚠[0m [T441] Agent returned FAILED or needs more work
[0;33m[13:54:51] ⚠[0m [T441] Exit code: 1
[0;33m[13:54:51] ⚠[0m [T441] Check log: /Users/sylvain/_LAPOSTE/_VELIGO2/tools/ralph-wiggum/logs/T441_20260114_135316.log
[0;33m[13:54:51] ⚠[0m [T441] Retry 1/3
[0;34m[13:54:56][0m [T441] Processing with REAL agent...
[0;34m[13:54:56][0m [T441] Using Real Agent (actual execution, not simulation)...
[0;33m[13:56:45] ⚠[0m [T441] Agent returned FAILED or needs more work
[0;33m[13:56:45] ⚠[0m [T441] Exit code: 1
[0;33m[13:56:45] ⚠[0m [T441] Check log: /Users/sylvain/_LAPOSTE/_VELIGO2/tools/ralph-wiggum/logs/T441_20260114_135456.log
[0;33m[13:56:45] ⚠[0m [T441] Retry 2/3
[0;34m[13:56:50][0m [T441] Processing with REAL agent...
[0;34m[13:56:51][0m [T441] Using Real Agent (actual execution, not simulation)...
[0;33m[14:01:29] ⚠[0m [T441] Agent returned FAILED or needs more work
[0;33m[14:01:29] ⚠[0m [T441] Exit code: 1
[0;33m[14:01:29] ⚠[0m [T441] Check log: /Users/sylvain/_LAPOSTE/_VELIGO2/tools/ralph-wiggum/logs/T441_20260114_135651.log
[0;33m[14:01:29] ⚠[0m [T441] Retry 3/3
[0;31m[14:01:34] ✗[0m [T441] Failed after 3 retries
[0;34m[14:01:34][0m [Wiggum-TDD] --once mode, exiting
[0;34m[14:01:34][0m [Wiggum-TDD] Daemon stopped
