[0;34m[13:52:35][0m Starting Wiggum-TDD daemon...
[0;34m[13:52:35][0m Queue: tdd
[0;34m[13:52:35][0m Tasks dir: /Users/sylvain/_LAPOSTE/_VELIGO2/tools/ralph-wiggum/tasks
[0;34m[13:52:35][0m Poll interval: 10s
[0;34m[13:52:38][0m [Wiggum-TDD] Found task: T440
[0;34m[13:52:38][0m [T440] Processing with REAL agent...
[0;34m[13:52:38][0m [T440] Using Real Agent (actual execution, not simulation)...
[0;33m[13:53:31] ⚠[0m [T440] Agent returned FAILED or needs more work
[0;33m[13:53:31] ⚠[0m [T440] Exit code: 1
[0;33m[13:53:31] ⚠[0m [T440] Check log: /Users/sylvain/_LAPOSTE/_VELIGO2/tools/ralph-wiggum/logs/T440_20260114_135238.log
[0;33m[13:53:32] ⚠[0m [T440] Retry 1/3
[0;34m[13:53:37][0m [T440] Processing with REAL agent...
[0;34m[13:53:37][0m [T440] Using Real Agent (actual execution, not simulation)...
[0;33m[13:55:56] ⚠[0m [T440] Agent returned FAILED or needs more work
[0;33m[13:55:56] ⚠[0m [T440] Exit code: 1
[0;33m[13:55:56] ⚠[0m [T440] Check log: /Users/sylvain/_LAPOSTE/_VELIGO2/tools/ralph-wiggum/logs/T440_20260114_135337.log
[0;33m[13:55:56] ⚠[0m [T440] Retry 2/3
[0;34m[13:56:01][0m [T440] Processing with REAL agent...
[0;34m[13:56:01][0m [T440] Using Real Agent (actual execution, not simulation)...
[0;33m[14:01:13] ⚠[0m [T440] Agent returned FAILED or needs more work
[0;33m[14:01:13] ⚠[0m [T440] Exit code: 1
[0;33m[14:01:13] ⚠[0m [T440] Check log: /Users/sylvain/_LAPOSTE/_VELIGO2/tools/ralph-wiggum/logs/T440_20260114_135601.log
[0;33m[14:01:13] ⚠[0m [T440] Retry 3/3
[0;31m[14:01:18] ✗[0m [T440] Failed after 3 retries
[0;34m[14:01:18][0m [Wiggum-TDD] --once mode, exiting
[0;34m[14:01:19][0m [Wiggum-TDD] Daemon stopped
