[0;34m[13:51:55][0m Starting Wiggum-TDD daemon...
[0;34m[13:51:55][0m Queue: tdd
[0;34m[13:51:55][0m Tasks dir: /Users/sylvain/_LAPOSTE/_VELIGO2/tools/ralph-wiggum/tasks
[0;34m[13:51:55][0m Poll interval: 10s
[0;34m[13:51:57][0m [Wiggum-TDD] Found task: T447
[0;34m[13:51:57][0m [T447] Processing with REAL agent...
[0;34m[13:51:58][0m [T447] Using Real Agent (actual execution, not simulation)...
[0;33m[13:53:21] ⚠[0m [T447] Agent returned FAILED or needs more work
[0;33m[13:53:21] ⚠[0m [T447] Exit code: 1
[0;33m[13:53:21] ⚠[0m [T447] Check log: /Users/sylvain/_LAPOSTE/_VELIGO2/tools/ralph-wiggum/logs/T447_20260114_135158.log
[0;33m[13:53:21] ⚠[0m [T447] Retry 1/3
[0;34m[13:53:26][0m [T447] Processing with REAL agent...
[0;34m[13:53:26][0m [T447] Using Real Agent (actual execution, not simulation)...
[0;33m[13:54:01] ⚠[0m [T447] Agent returned FAILED or needs more work
[0;33m[13:54:01] ⚠[0m [T447] Exit code: 1
[0;33m[13:54:01] ⚠[0m [T447] Check log: /Users/sylvain/_LAPOSTE/_VELIGO2/tools/ralph-wiggum/logs/T447_20260114_135326.log
[0;33m[13:54:01] ⚠[0m [T447] Retry 2/3
[0;34m[13:54:06][0m [T447] Processing with REAL agent...
[0;34m[13:54:06][0m [T447] Using Real Agent (actual execution, not simulation)...
[0;33m[13:55:01] ⚠[0m [T447] Agent returned FAILED or needs more work
[0;33m[13:55:01] ⚠[0m [T447] Exit code: 1
[0;33m[13:55:01] ⚠[0m [T447] Check log: /Users/sylvain/_LAPOSTE/_VELIGO2/tools/ralph-wiggum/logs/T447_20260114_135406.log
[0;33m[13:55:01] ⚠[0m [T447] Retry 3/3
[0;31m[13:55:06] ✗[0m [T447] Failed after 3 retries
[0;34m[13:55:06][0m [Wiggum-TDD] --once mode, exiting
[0;34m[13:55:06][0m [Wiggum-TDD] Daemon stopped
