[0;34m[14:06:04][0m Starting Wiggum-TDD daemon...
[0;34m[14:06:04][0m Queue: tdd
[0;34m[14:06:04][0m Tasks dir: /Users/sylvain/_LAPOSTE/_VELIGO2/tools/ralph-wiggum/tasks
[0;34m[14:06:04][0m Poll interval: 10s
[0;34m[14:06:05][0m [Wiggum-TDD] Found task: T466
[0;34m[14:06:05][0m [T466] Processing with REAL agent...
[0;34m[14:06:05][0m [T466] Using Real Agent (actual execution, not simulation)...
[0;33m[14:07:05] ⚠[0m [T466] Agent returned FAILED or needs more work
[0;33m[14:07:05] ⚠[0m [T466] Exit code: 1
[0;33m[14:07:05] ⚠[0m [T466] Check log: /Users/sylvain/_LAPOSTE/_VELIGO2/tools/ralph-wiggum/logs/T466_20260114_140605.log
[0;33m[14:07:05] ⚠[0m [T466] Retry 1/3
[0;34m[14:07:10][0m [T466] Processing with REAL agent...
[0;34m[14:07:10][0m [T466] Using Real Agent (actual execution, not simulation)...
[0;33m[14:08:16] ⚠[0m [T466] Agent returned FAILED or needs more work
[0;33m[14:08:16] ⚠[0m [T466] Exit code: 1
[0;33m[14:08:16] ⚠[0m [T466] Check log: /Users/sylvain/_LAPOSTE/_VELIGO2/tools/ralph-wiggum/logs/T466_20260114_140710.log
[0;33m[14:08:16] ⚠[0m [T466] Retry 2/3
[0;34m[14:08:21][0m [T466] Processing with REAL agent...
[0;34m[14:08:21][0m [T466] Using Real Agent (actual execution, not simulation)...
[0;33m[14:09:19] ⚠[0m [T466] Agent returned FAILED or needs more work
[0;33m[14:09:19] ⚠[0m [T466] Exit code: 1
[0;33m[14:09:19] ⚠[0m [T466] Check log: /Users/sylvain/_LAPOSTE/_VELIGO2/tools/ralph-wiggum/logs/T466_20260114_140821.log
[0;33m[14:09:19] ⚠[0m [T466] Retry 3/3
[0;31m[14:09:24] ✗[0m [T466] Failed after 3 retries
[0;34m[14:09:24][0m [Wiggum-TDD] --once mode, exiting
[0;34m[14:09:24][0m [Wiggum-TDD] Daemon stopped
