[0;34m[14:05:00][0m Starting Wiggum-TDD daemon...
[0;34m[14:05:00][0m Queue: tdd
[0;34m[14:05:00][0m Tasks dir: /Users/sylvain/_LAPOSTE/_VELIGO2/tools/ralph-wiggum/tasks
[0;34m[14:05:00][0m Poll interval: 10s
[0;34m[14:05:01][0m [Wiggum-TDD] Found task: T464
[0;34m[14:05:01][0m [T464] Processing with REAL agent...
[0;34m[14:05:01][0m [T464] Using Real Agent (actual execution, not simulation)...
[0;33m[14:05:24] ⚠[0m [T464] Agent returned FAILED or needs more work
[0;33m[14:05:24] ⚠[0m [T464] Exit code: 1
[0;33m[14:05:24] ⚠[0m [T464] Check log: /Users/sylvain/_LAPOSTE/_VELIGO2/tools/ralph-wiggum/logs/T464_20260114_140501.log
[0;33m[14:05:24] ⚠[0m [T464] Retry 1/3
[0;34m[14:05:29][0m [T464] Processing with REAL agent...
[0;34m[14:05:29][0m [T464] Using Real Agent (actual execution, not simulation)...
[0;33m[14:06:37] ⚠[0m [T464] Agent returned FAILED or needs more work
[0;33m[14:06:37] ⚠[0m [T464] Exit code: 1
[0;33m[14:06:37] ⚠[0m [T464] Check log: /Users/sylvain/_LAPOSTE/_VELIGO2/tools/ralph-wiggum/logs/T464_20260114_140529.log
[0;33m[14:06:37] ⚠[0m [T464] Retry 2/3
[0;34m[14:06:42][0m [T464] Processing with REAL agent...
[0;34m[14:06:42][0m [T464] Using Real Agent (actual execution, not simulation)...
[0;33m[14:08:51] ⚠[0m [T464] Agent returned FAILED or needs more work
[0;33m[14:08:51] ⚠[0m [T464] Exit code: 1
[0;33m[14:08:51] ⚠[0m [T464] Check log: /Users/sylvain/_LAPOSTE/_VELIGO2/tools/ralph-wiggum/logs/T464_20260114_140642.log
[0;33m[14:08:51] ⚠[0m [T464] Retry 3/3
[0;31m[14:08:56] ✗[0m [T464] Failed after 3 retries
[0;34m[14:08:56][0m [Wiggum-TDD] --once mode, exiting
[0;34m[14:08:56][0m [Wiggum-TDD] Daemon stopped
