[0;34m[14:04:24][0m Starting Wiggum-TDD daemon...
[0;34m[14:04:24][0m Queue: tdd
[0;34m[14:04:24][0m Tasks dir: /Users/sylvain/_LAPOSTE/_VELIGO2/tools/ralph-wiggum/tasks
[0;34m[14:04:24][0m Poll interval: 10s
[0;34m[14:04:25][0m [Wiggum-TDD] Found task: T457
[0;34m[14:04:25][0m [T457] Processing with REAL agent...
[0;34m[14:04:25][0m [T457] Using Real Agent (actual execution, not simulation)...
[0;33m[14:05:05] ⚠[0m [T457] Agent returned FAILED or needs more work
[0;33m[14:05:05] ⚠[0m [T457] Exit code: 1
[0;33m[14:05:05] ⚠[0m [T457] Check log: /Users/sylvain/_LAPOSTE/_VELIGO2/tools/ralph-wiggum/logs/T457_20260114_140425.log
[0;33m[14:05:05] ⚠[0m [T457] Retry 1/3
[0;34m[14:05:10][0m [T457] Processing with REAL agent...
[0;34m[14:05:10][0m [T457] Using Real Agent (actual execution, not simulation)...
[0;33m[14:05:36] ⚠[0m [T457] Agent returned FAILED or needs more work
[0;33m[14:05:36] ⚠[0m [T457] Exit code: 1
[0;33m[14:05:36] ⚠[0m [T457] Check log: /Users/sylvain/_LAPOSTE/_VELIGO2/tools/ralph-wiggum/logs/T457_20260114_140510.log
[0;33m[14:05:36] ⚠[0m [T457] Retry 2/3
[0;34m[14:05:41][0m [T457] Processing with REAL agent...
[0;34m[14:05:41][0m [T457] Using Real Agent (actual execution, not simulation)...
[0;33m[14:07:05] ⚠[0m [T457] Agent returned FAILED or needs more work
[0;33m[14:07:05] ⚠[0m [T457] Exit code: 1
[0;33m[14:07:05] ⚠[0m [T457] Check log: /Users/sylvain/_LAPOSTE/_VELIGO2/tools/ralph-wiggum/logs/T457_20260114_140541.log
[0;33m[14:07:05] ⚠[0m [T457] Retry 3/3
[0;31m[14:07:10] ✗[0m [T457] Failed after 3 retries
[0;34m[14:07:10][0m [Wiggum-TDD] --once mode, exiting
[0;34m[14:07:10][0m [Wiggum-TDD] Daemon stopped
