[0;34m[14:04:19][0m Starting Wiggum-TDD daemon...
[0;34m[14:04:19][0m Queue: tdd
[0;34m[14:04:19][0m Tasks dir: /Users/sylvain/_LAPOSTE/_VELIGO2/tools/ralph-wiggum/tasks
[0;34m[14:04:19][0m Poll interval: 10s
[0;34m[14:04:21][0m [Wiggum-TDD] Found task: T463
[0;34m[14:04:21][0m [T463] Processing with REAL agent...
[0;34m[14:04:21][0m [T463] Using Real Agent (actual execution, not simulation)...
[0;33m[14:05:32] ⚠[0m [T463] Agent returned FAILED or needs more work
[0;33m[14:05:32] ⚠[0m [T463] Exit code: 1
[0;33m[14:05:32] ⚠[0m [T463] Check log: /Users/sylvain/_LAPOSTE/_VELIGO2/tools/ralph-wiggum/logs/T463_20260114_140421.log
[0;33m[14:05:33] ⚠[0m [T463] Retry 1/3
[0;34m[14:05:38][0m [T463] Processing with REAL agent...
[0;34m[14:05:38][0m [T463] Using Real Agent (actual execution, not simulation)...
[0;33m[14:06:06] ⚠[0m [T463] Agent returned FAILED or needs more work
[0;33m[14:06:06] ⚠[0m [T463] Exit code: 1
[0;33m[14:06:06] ⚠[0m [T463] Check log: /Users/sylvain/_LAPOSTE/_VELIGO2/tools/ralph-wiggum/logs/T463_20260114_140538.log
[0;33m[14:06:06] ⚠[0m [T463] Retry 2/3
[0;34m[14:06:11][0m [T463] Processing with REAL agent...
[0;34m[14:06:11][0m [T463] Using Real Agent (actual execution, not simulation)...
[0;33m[14:06:34] ⚠[0m [T463] Agent returned FAILED or needs more work
[0;33m[14:06:34] ⚠[0m [T463] Exit code: 1
[0;33m[14:06:34] ⚠[0m [T463] Check log: /Users/sylvain/_LAPOSTE/_VELIGO2/tools/ralph-wiggum/logs/T463_20260114_140611.log
[0;33m[14:06:34] ⚠[0m [T463] Retry 3/3
[0;31m[14:06:39] ✗[0m [T463] Failed after 3 retries
[0;34m[14:06:39][0m [Wiggum-TDD] --once mode, exiting
[0;34m[14:06:39][0m [Wiggum-TDD] Daemon stopped
