[0;34m[13:53:15][0m Starting Wiggum-TDD daemon...
[0;34m[13:53:15][0m Queue: tdd
[0;34m[13:53:15][0m Tasks dir: /Users/sylvain/_LAPOSTE/_VELIGO2/tools/ralph-wiggum/tasks
[0;34m[13:53:15][0m Poll interval: 10s
[0;34m[13:53:19][0m [Wiggum-TDD] Found task: T449
[0;34m[13:53:19][0m [T449] Processing with REAL agent...
[0;34m[13:53:19][0m [T449] Using Real Agent (actual execution, not simulation)...
[0;33m[13:54:24] ⚠[0m [T449] Agent returned FAILED or needs more work
[0;33m[13:54:24] ⚠[0m [T449] Exit code: 1
[0;33m[13:54:24] ⚠[0m [T449] Check log: /Users/sylvain/_LAPOSTE/_VELIGO2/tools/ralph-wiggum/logs/T449_20260114_135319.log
[0;33m[13:54:24] ⚠[0m [T449] Retry 1/3
[0;34m[13:54:29][0m [T449] Processing with REAL agent...
[0;34m[13:54:29][0m [T449] Using Real Agent (actual execution, not simulation)...
[0;33m[13:57:56] ⚠[0m [T449] Agent returned FAILED or needs more work
[0;33m[13:57:56] ⚠[0m [T449] Exit code: 1
[0;33m[13:57:56] ⚠[0m [T449] Check log: /Users/sylvain/_LAPOSTE/_VELIGO2/tools/ralph-wiggum/logs/T449_20260114_135429.log
[0;33m[13:57:56] ⚠[0m [T449] Retry 2/3
[0;34m[13:58:01][0m [T449] Processing with REAL agent...
[0;34m[13:58:01][0m [T449] Using Real Agent (actual execution, not simulation)...
[0;33m[13:58:01] ⚠[0m [T449] Agent returned FAILED or needs more work
[0;33m[13:58:01] ⚠[0m [T449] Exit code: 1
[0;33m[13:58:01] ⚠[0m [T449] Check log: /Users/sylvain/_LAPOSTE/_VELIGO2/tools/ralph-wiggum/logs/T449_20260114_135801.log
[0;33m[13:58:01] ⚠[0m [T449] Retry 3/3
[0;31m[13:58:06] ✗[0m [T449] Failed after 3 retries
[0;34m[13:58:06][0m [Wiggum-TDD] --once mode, exiting
[0;34m[13:58:06][0m [Wiggum-TDD] Daemon stopped
