[0;34m[13:54:29][0m Starting Wiggum-TDD daemon...
[0;34m[13:54:29][0m Queue: tdd
[0;34m[13:54:29][0m Tasks dir: /Users/sylvain/_LAPOSTE/_VELIGO2/tools/ralph-wiggum/tasks
[0;34m[13:54:29][0m Poll interval: 10s
[0;34m[13:54:31][0m [Wiggum-TDD] Found task: T451
[0;34m[13:54:31][0m [T451] Processing with REAL agent...
[0;34m[13:54:31][0m [T451] Using Real Agent (actual execution, not simulation)...
[0;33m[13:59:01] ⚠[0m [T451] Agent returned FAILED or needs more work
[0;33m[13:59:01] ⚠[0m [T451] Exit code: 1
[0;33m[13:59:01] ⚠[0m [T451] Check log: /Users/sylvain/_LAPOSTE/_VELIGO2/tools/ralph-wiggum/logs/T451_20260114_135431.log
[0;33m[13:59:01] ⚠[0m [T451] Retry 1/3
[0;34m[13:59:06][0m [T451] Processing with REAL agent...
[0;34m[13:59:06][0m [T451] Using Real Agent (actual execution, not simulation)...
[0;33m[14:01:41] ⚠[0m [T451] Agent returned FAILED or needs more work
[0;33m[14:01:41] ⚠[0m [T451] Exit code: 1
[0;33m[14:01:41] ⚠[0m [T451] Check log: /Users/sylvain/_LAPOSTE/_VELIGO2/tools/ralph-wiggum/logs/T451_20260114_135906.log
[0;33m[14:01:41] ⚠[0m [T451] Retry 2/3
[0;34m[14:01:46][0m [T451] Processing with REAL agent...
[0;34m[14:01:46][0m [T451] Using Real Agent (actual execution, not simulation)...
[0;33m[14:03:30] ⚠[0m [T451] Agent returned FAILED or needs more work
[0;33m[14:03:30] ⚠[0m [T451] Exit code: 1
[0;33m[14:03:30] ⚠[0m [T451] Check log: /Users/sylvain/_LAPOSTE/_VELIGO2/tools/ralph-wiggum/logs/T451_20260114_140146.log
[0;33m[14:03:30] ⚠[0m [T451] Retry 3/3
[0;31m[14:03:35] ✗[0m [T451] Failed after 3 retries
[0;34m[14:03:35][0m [Wiggum-TDD] --once mode, exiting
[0;34m[14:03:35][0m [Wiggum-TDD] Daemon stopped
