[0;34m[14:09:34][0m Starting Wiggum-TDD daemon...
[0;34m[14:09:34][0m Queue: tdd
[0;34m[14:09:34][0m Tasks dir: /Users/sylvain/_LAPOSTE/_VELIGO2/tools/ralph-wiggum/tasks
[0;34m[14:09:34][0m Poll interval: 10s
[0;34m[14:09:36][0m [Wiggum-TDD] Found task: T471
[0;34m[14:09:36][0m [T471] Processing with REAL agent...
[0;34m[14:09:36][0m [T471] Using Real Agent (actual execution, not simulation)...
[0;33m[14:10:52] ⚠[0m [T471] Agent returned FAILED or needs more work
[0;33m[14:10:52] ⚠[0m [T471] Exit code: 1
[0;33m[14:10:52] ⚠[0m [T471] Check log: /Users/sylvain/_LAPOSTE/_VELIGO2/tools/ralph-wiggum/logs/T471_20260114_140936.log
[0;33m[14:10:52] ⚠[0m [T471] Retry 1/3
[0;34m[14:10:57][0m [T471] Processing with REAL agent...
[0;34m[14:10:57][0m [T471] Using Real Agent (actual execution, not simulation)...
[0;33m[14:11:21] ⚠[0m [T471] Agent returned FAILED or needs more work
[0;33m[14:11:21] ⚠[0m [T471] Exit code: 1
[0;33m[14:11:21] ⚠[0m [T471] Check log: /Users/sylvain/_LAPOSTE/_VELIGO2/tools/ralph-wiggum/logs/T471_20260114_141057.log
[0;33m[14:11:21] ⚠[0m [T471] Retry 2/3
[0;34m[14:11:27][0m [T471] Processing with REAL agent...
[0;34m[14:11:27][0m [T471] Using Real Agent (actual execution, not simulation)...
[0;33m[14:12:01] ⚠[0m [T471] Agent returned FAILED or needs more work
[0;33m[14:12:01] ⚠[0m [T471] Exit code: 1
[0;33m[14:12:01] ⚠[0m [T471] Check log: /Users/sylvain/_LAPOSTE/_VELIGO2/tools/ralph-wiggum/logs/T471_20260114_141127.log
[0;33m[14:12:01] ⚠[0m [T471] Retry 3/3
[0;31m[14:12:06] ✗[0m [T471] Failed after 3 retries
[0;34m[14:12:06][0m [Wiggum-TDD] --once mode, exiting
[0;34m[14:12:06][0m [Wiggum-TDD] Daemon stopped
