[0;34m[14:09:15][0m Starting Wiggum-TDD daemon...
[0;34m[14:09:15][0m Queue: tdd
[0;34m[14:09:15][0m Tasks dir: /Users/sylvain/_LAPOSTE/_VELIGO2/tools/ralph-wiggum/tasks
[0;34m[14:09:15][0m Poll interval: 10s
[0;34m[14:09:16][0m [Wiggum-TDD] Found task: T470
[0;34m[14:09:16][0m [T470] Processing with REAL agent...
[0;34m[14:09:16][0m [T470] Using Real Agent (actual execution, not simulation)...
[0;33m[14:10:28] ⚠[0m [T470] Agent returned FAILED or needs more work
[0;33m[14:10:28] ⚠[0m [T470] Exit code: 1
[0;33m[14:10:28] ⚠[0m [T470] Check log: /Users/sylvain/_LAPOSTE/_VELIGO2/tools/ralph-wiggum/logs/T470_20260114_140916.log
[0;33m[14:10:28] ⚠[0m [T470] Retry 1/3
[0;34m[14:10:33][0m [T470] Processing with REAL agent...
[0;34m[14:10:33][0m [T470] Using Real Agent (actual execution, not simulation)...
[0;33m[14:11:26] ⚠[0m [T470] Agent returned FAILED or needs more work
[0;33m[14:11:26] ⚠[0m [T470] Exit code: 1
[0;33m[14:11:26] ⚠[0m [T470] Check log: /Users/sylvain/_LAPOSTE/_VELIGO2/tools/ralph-wiggum/logs/T470_20260114_141033.log
[0;33m[14:11:26] ⚠[0m [T470] Retry 2/3
[0;34m[14:11:31][0m [T470] Processing with REAL agent...
[0;34m[14:11:31][0m [T470] Using Real Agent (actual execution, not simulation)...
[0;33m[14:12:21] ⚠[0m [T470] Agent returned FAILED or needs more work
[0;33m[14:12:21] ⚠[0m [T470] Exit code: 1
[0;33m[14:12:21] ⚠[0m [T470] Check log: /Users/sylvain/_LAPOSTE/_VELIGO2/tools/ralph-wiggum/logs/T470_20260114_141131.log
[0;33m[14:12:21] ⚠[0m [T470] Retry 3/3
[0;31m[14:12:26] ✗[0m [T470] Failed after 3 retries
[0;34m[14:12:26][0m [Wiggum-TDD] --once mode, exiting
[0;34m[14:12:26][0m [Wiggum-TDD] Daemon stopped
