[0;34m[13:55:45][0m Starting Wiggum-TDD daemon...
[0;34m[13:55:45][0m Queue: tdd
[0;34m[13:55:45][0m Tasks dir: /Users/sylvain/_LAPOSTE/_VELIGO2/tools/ralph-wiggum/tasks
[0;34m[13:55:45][0m Poll interval: 10s
[0;34m[13:55:47][0m [Wiggum-TDD] Found task: T454
[0;34m[13:55:47][0m [T454] Processing with REAL agent...
[0;34m[13:55:47][0m [T454] Using Real Agent (actual execution, not simulation)...
[0;33m[13:59:15] ⚠[0m [T454] Agent returned FAILED or needs more work
[0;33m[13:59:15] ⚠[0m [T454] Exit code: 1
[0;33m[13:59:15] ⚠[0m [T454] Check log: /Users/sylvain/_LAPOSTE/_VELIGO2/tools/ralph-wiggum/logs/T454_20260114_135547.log
[0;33m[13:59:16] ⚠[0m [T454] Retry 1/3
[0;34m[13:59:21][0m [T454] Processing with REAL agent...
[0;34m[13:59:21][0m [T454] Using Real Agent (actual execution, not simulation)...
[0;33m[14:00:12] ⚠[0m [T454] Agent returned FAILED or needs more work
[0;33m[14:00:12] ⚠[0m [T454] Exit code: 1
[0;33m[14:00:12] ⚠[0m [T454] Check log: /Users/sylvain/_LAPOSTE/_VELIGO2/tools/ralph-wiggum/logs/T454_20260114_135921.log
[0;33m[14:00:12] ⚠[0m [T454] Retry 2/3
[0;34m[14:00:17][0m [T454] Processing with REAL agent...
[0;34m[14:00:17][0m [T454] Using Real Agent (actual execution, not simulation)...
[0;33m[14:00:51] ⚠[0m [T454] Agent returned FAILED or needs more work
[0;33m[14:00:51] ⚠[0m [T454] Exit code: 1
[0;33m[14:00:51] ⚠[0m [T454] Check log: /Users/sylvain/_LAPOSTE/_VELIGO2/tools/ralph-wiggum/logs/T454_20260114_140017.log
[0;33m[14:00:51] ⚠[0m [T454] Retry 3/3
[0;31m[14:00:56] ✗[0m [T454] Failed after 3 retries
[0;34m[14:00:56][0m [Wiggum-TDD] --once mode, exiting
[0;34m[14:00:56][0m [Wiggum-TDD] Daemon stopped
