[0;34m[13:55:16][0m Starting Wiggum-TDD daemon...
[0;34m[13:55:16][0m Queue: tdd
[0;34m[13:55:16][0m Tasks dir: /Users/sylvain/_LAPOSTE/_VELIGO2/tools/ralph-wiggum/tasks
[0;34m[13:55:16][0m Poll interval: 10s
[0;34m[13:55:18][0m [Wiggum-TDD] Found task: T452
[0;34m[13:55:18][0m [T452] Processing with REAL agent...
[0;34m[13:55:19][0m [T452] Using Real Agent (actual execution, not simulation)...
[0;33m[13:56:32] ⚠[0m [T452] Agent returned FAILED or needs more work
[0;33m[13:56:32] ⚠[0m [T452] Exit code: 1
[0;33m[13:56:32] ⚠[0m [T452] Check log: /Users/sylvain/_LAPOSTE/_VELIGO2/tools/ralph-wiggum/logs/T452_20260114_135519.log
[0;33m[13:56:32] ⚠[0m [T452] Retry 1/3
[0;34m[13:56:37][0m [T452] Processing with REAL agent...
[0;34m[13:56:37][0m [T452] Using Real Agent (actual execution, not simulation)...
[0;33m[13:57:43] ⚠[0m [T452] Agent returned FAILED or needs more work
[0;33m[13:57:43] ⚠[0m [T452] Exit code: 1
[0;33m[13:57:43] ⚠[0m [T452] Check log: /Users/sylvain/_LAPOSTE/_VELIGO2/tools/ralph-wiggum/logs/T452_20260114_135637.log
[0;33m[13:57:43] ⚠[0m [T452] Retry 2/3
[0;34m[13:57:48][0m [T452] Processing with REAL agent...
[0;34m[13:57:49][0m [T452] Using Real Agent (actual execution, not simulation)...
[0;33m[13:57:49] ⚠[0m [T452] Agent returned FAILED or needs more work
[0;33m[13:57:49] ⚠[0m [T452] Exit code: 1
[0;33m[13:57:49] ⚠[0m [T452] Check log: /Users/sylvain/_LAPOSTE/_VELIGO2/tools/ralph-wiggum/logs/T452_20260114_135749.log
[0;33m[13:57:50] ⚠[0m [T452] Retry 3/3
[0;31m[13:57:55] ✗[0m [T452] Failed after 3 retries
[0;34m[13:57:55][0m [Wiggum-TDD] --once mode, exiting
[0;34m[13:57:55][0m [Wiggum-TDD] Daemon stopped
