[0;34m[14:01:09][0m Starting Wiggum-TDD daemon...
[0;34m[14:01:09][0m Queue: tdd
[0;34m[14:01:09][0m Tasks dir: /Users/sylvain/_LAPOSTE/_VELIGO2/tools/ralph-wiggum/tasks
[0;34m[14:01:09][0m Poll interval: 10s
[0;34m[14:01:11][0m [Wiggum-TDD] Found task: T459
[0;34m[14:01:11][0m [T459] Processing with REAL agent...
[0;34m[14:01:11][0m [T459] Using Real Agent (actual execution, not simulation)...
[0;33m[14:01:42] ⚠[0m [T459] Agent returned FAILED or needs more work
[0;33m[14:01:42] ⚠[0m [T459] Exit code: 1
[0;33m[14:01:42] ⚠[0m [T459] Check log: /Users/sylvain/_LAPOSTE/_VELIGO2/tools/ralph-wiggum/logs/T459_20260114_140111.log
[0;33m[14:01:43] ⚠[0m [T459] Retry 1/3
[0;34m[14:01:48][0m [T459] Processing with REAL agent...
[0;34m[14:01:48][0m [T459] Using Real Agent (actual execution, not simulation)...
[0;33m[14:03:35] ⚠[0m [T459] Agent returned FAILED or needs more work
[0;33m[14:03:35] ⚠[0m [T459] Exit code: 1
[0;33m[14:03:35] ⚠[0m [T459] Check log: /Users/sylvain/_LAPOSTE/_VELIGO2/tools/ralph-wiggum/logs/T459_20260114_140148.log
[0;33m[14:03:35] ⚠[0m [T459] Retry 2/3
[0;34m[14:03:40][0m [T459] Processing with REAL agent...
[0;34m[14:03:40][0m [T459] Using Real Agent (actual execution, not simulation)...
[0;33m[14:04:47] ⚠[0m [T459] Agent returned FAILED or needs more work
[0;33m[14:04:47] ⚠[0m [T459] Exit code: 1
[0;33m[14:04:47] ⚠[0m [T459] Check log: /Users/sylvain/_LAPOSTE/_VELIGO2/tools/ralph-wiggum/logs/T459_20260114_140340.log
[0;33m[14:04:47] ⚠[0m [T459] Retry 3/3
[0;31m[14:04:52] ✗[0m [T459] Failed after 3 retries
[0;34m[14:04:52][0m [Wiggum-TDD] --once mode, exiting
[0;34m[14:04:52][0m [Wiggum-TDD] Daemon stopped
