[0;34m[13:59:42][0m Starting Wiggum-TDD daemon...
[0;34m[13:59:42][0m Queue: tdd
[0;34m[13:59:42][0m Tasks dir: /Users/sylvain/_LAPOSTE/_VELIGO2/tools/ralph-wiggum/tasks
[0;34m[13:59:42][0m Poll interval: 10s
[0;34m[13:59:44][0m [Wiggum-TDD] Found task: T458
[0;34m[13:59:44][0m [T458] Processing with REAL agent...
[0;34m[13:59:44][0m [T458] Using Real Agent (actual execution, not simulation)...
[0;33m[14:04:53] ⚠[0m [T458] Agent returned FAILED or needs more work
[0;33m[14:04:53] ⚠[0m [T458] Exit code: 1
[0;33m[14:04:53] ⚠[0m [T458] Check log: /Users/sylvain/_LAPOSTE/_VELIGO2/tools/ralph-wiggum/logs/T458_20260114_135944.log
[0;33m[14:04:53] ⚠[0m [T458] Retry 1/3
[0;34m[14:04:58][0m [T458] Processing with REAL agent...
[0;34m[14:04:58][0m [T458] Using Real Agent (actual execution, not simulation)...
[0;33m[14:05:49] ⚠[0m [T458] Agent returned FAILED or needs more work
[0;33m[14:05:49] ⚠[0m [T458] Exit code: 1
[0;33m[14:05:49] ⚠[0m [T458] Check log: /Users/sylvain/_LAPOSTE/_VELIGO2/tools/ralph-wiggum/logs/T458_20260114_140458.log
[0;33m[14:05:49] ⚠[0m [T458] Retry 2/3
[0;34m[14:05:54][0m [T458] Processing with REAL agent...
[0;34m[14:05:54][0m [T458] Using Real Agent (actual execution, not simulation)...
[0;33m[14:07:01] ⚠[0m [T458] Agent returned FAILED or needs more work
[0;33m[14:07:01] ⚠[0m [T458] Exit code: 1
[0;33m[14:07:01] ⚠[0m [T458] Check log: /Users/sylvain/_LAPOSTE/_VELIGO2/tools/ralph-wiggum/logs/T458_20260114_140554.log
[0;33m[14:07:01] ⚠[0m [T458] Retry 3/3
[0;31m[14:07:06] ✗[0m [T458] Failed after 3 retries
[0;34m[14:07:07][0m [Wiggum-TDD] --once mode, exiting
[0;34m[14:07:07][0m [Wiggum-TDD] Daemon stopped
