[0;34m[13:58:34][0m Starting Wiggum-TDD daemon...
[0;34m[13:58:34][0m Queue: tdd
[0;34m[13:58:34][0m Tasks dir: /Users/sylvain/_LAPOSTE/_VELIGO2/tools/ralph-wiggum/tasks
[0;34m[13:58:34][0m Poll interval: 10s
[0;34m[13:58:38][0m [Wiggum-TDD] Found task: T457
[0;34m[13:58:38][0m [T457] Processing with REAL agent...
[0;34m[13:58:38][0m [T457] Using Real Agent (actual execution, not simulation)...
[0;33m[14:01:17] ⚠[0m [T457] Agent returned FAILED or needs more work
[0;33m[14:01:17] ⚠[0m [T457] Exit code: 1
[0;33m[14:01:17] ⚠[0m [T457] Check log: /Users/sylvain/_LAPOSTE/_VELIGO2/tools/ralph-wiggum/logs/T457_20260114_135838.log
[0;33m[14:01:17] ⚠[0m [T457] Retry 1/3
[0;34m[14:01:22][0m [T457] Processing with REAL agent...
[0;34m[14:01:22][0m [T457] Using Real Agent (actual execution, not simulation)...
[0;33m[14:04:21] ⚠[0m [T457] Agent returned FAILED or needs more work
[0;33m[14:04:21] ⚠[0m [T457] Exit code: 1
[0;33m[14:04:21] ⚠[0m [T457] Check log: /Users/sylvain/_LAPOSTE/_VELIGO2/tools/ralph-wiggum/logs/T457_20260114_140122.log
[0;33m[14:04:21] ⚠[0m [T457] Retry 2/3
[0;34m[14:04:26][0m [T457] Processing with REAL agent...
[0;34m[14:04:26][0m [T457] Using Real Agent (actual execution, not simulation)...
[0;33m[14:05:54] ⚠[0m [T457] Agent returned FAILED or needs more work
[0;33m[14:05:54] ⚠[0m [T457] Exit code: 1
[0;33m[14:05:54] ⚠[0m [T457] Check log: /Users/sylvain/_LAPOSTE/_VELIGO2/tools/ralph-wiggum/logs/T457_20260114_140426.log
[0;33m[14:05:54] ⚠[0m [T457] Retry 3/3
[0;31m[14:05:59] ✗[0m [T457] Failed after 3 retries
[0;34m[14:05:59][0m [Wiggum-TDD] --once mode, exiting
[0;34m[14:05:59][0m [Wiggum-TDD] Daemon stopped
