[0;34m[13:56:14][0m Starting Wiggum-TDD daemon...
[0;34m[13:56:14][0m Queue: tdd
[0;34m[13:56:14][0m Tasks dir: /Users/sylvain/_LAPOSTE/_VELIGO2/tools/ralph-wiggum/tasks
[0;34m[13:56:14][0m Poll interval: 10s
[0;34m[13:56:19][0m [Wiggum-TDD] Found task: T455
[0;34m[13:56:19][0m [T455] Processing with REAL agent...
[0;34m[13:56:20][0m [T455] Using Real Agent (actual execution, not simulation)...
[0;33m[13:57:52] ⚠[0m [T455] Agent returned FAILED or needs more work
[0;33m[13:57:52] ⚠[0m [T455] Exit code: 1
[0;33m[13:57:52] ⚠[0m [T455] Check log: /Users/sylvain/_LAPOSTE/_VELIGO2/tools/ralph-wiggum/logs/T455_20260114_135620.log
[0;33m[13:57:52] ⚠[0m [T455] Retry 1/3
[0;34m[13:57:57][0m [T455] Processing with REAL agent...
[0;34m[13:57:58][0m [T455] Using Real Agent (actual execution, not simulation)...
[0;33m[13:57:59] ⚠[0m [T455] Agent returned FAILED or needs more work
[0;33m[13:57:59] ⚠[0m [T455] Exit code: 1
[0;33m[13:57:59] ⚠[0m [T455] Check log: /Users/sylvain/_LAPOSTE/_VELIGO2/tools/ralph-wiggum/logs/T455_20260114_135758.log
[0;33m[13:57:59] ⚠[0m [T455] Retry 2/3
[0;34m[13:58:04][0m [T455] Processing with REAL agent...
[0;34m[13:58:04][0m [T455] Using Real Agent (actual execution, not simulation)...
[0;33m[13:58:04] ⚠[0m [T455] Agent returned FAILED or needs more work
[0;33m[13:58:04] ⚠[0m [T455] Exit code: 1
[0;33m[13:58:04] ⚠[0m [T455] Check log: /Users/sylvain/_LAPOSTE/_VELIGO2/tools/ralph-wiggum/logs/T455_20260114_135804.log
[0;33m[13:58:04] ⚠[0m [T455] Retry 3/3
[0;31m[13:58:09] ✗[0m [T455] Failed after 3 retries
[0;34m[13:58:09][0m [Wiggum-TDD] --once mode, exiting
[0;34m[13:58:09][0m [Wiggum-TDD] Daemon stopped
