[0;34m[14:09:03][0m Starting Wiggum-TDD daemon...
[0;34m[14:09:03][0m Queue: tdd
[0;34m[14:09:03][0m Tasks dir: /Users/sylvain/_LAPOSTE/_VELIGO2/tools/ralph-wiggum/tasks
[0;34m[14:09:03][0m Poll interval: 10s
[0;34m[14:09:05][0m [Wiggum-TDD] Found task: T461
[0;34m[14:09:05][0m [T461] Processing with REAL agent...
[0;34m[14:09:05][0m [T461] Using Real Agent (actual execution, not simulation)...
[0;33m[14:11:48] ⚠[0m [T461] Agent returned FAILED or needs more work
[0;33m[14:11:48] ⚠[0m [T461] Exit code: 1
[0;33m[14:11:48] ⚠[0m [T461] Check log: /Users/sylvain/_LAPOSTE/_VELIGO2/tools/ralph-wiggum/logs/T461_20260114_140905.log
[0;33m[14:11:48] ⚠[0m [T461] Retry 1/3
[0;34m[14:11:53][0m [T461] Processing with REAL agent...
[0;34m[14:11:53][0m [T461] Using Real Agent (actual execution, not simulation)...
[0;33m[14:12:33] ⚠[0m [T461] Agent returned FAILED or needs more work
[0;33m[14:12:33] ⚠[0m [T461] Exit code: 1
[0;33m[14:12:33] ⚠[0m [T461] Check log: /Users/sylvain/_LAPOSTE/_VELIGO2/tools/ralph-wiggum/logs/T461_20260114_141153.log
[0;33m[14:12:33] ⚠[0m [T461] Retry 2/3
[0;34m[14:12:38][0m [T461] Processing with REAL agent...
[0;34m[14:12:38][0m [T461] Using Real Agent (actual execution, not simulation)...
[0;33m[14:15:37] ⚠[0m [T461] Agent returned FAILED or needs more work
[0;33m[14:15:37] ⚠[0m [T461] Exit code: 1
[0;33m[14:15:37] ⚠[0m [T461] Check log: /Users/sylvain/_LAPOSTE/_VELIGO2/tools/ralph-wiggum/logs/T461_20260114_141238.log
[0;33m[14:15:37] ⚠[0m [T461] Retry 3/3
[0;31m[14:15:42] ✗[0m [T461] Failed after 3 retries
[0;34m[14:15:42][0m [Wiggum-TDD] --once mode, exiting
[0;34m[14:15:42][0m [Wiggum-TDD] Daemon stopped
