[0;34m[14:07:30][0m Starting Wiggum-TDD daemon...
[0;34m[14:07:30][0m Queue: tdd
[0;34m[14:07:30][0m Tasks dir: /Users/sylvain/_LAPOSTE/_VELIGO2/tools/ralph-wiggum/tasks
[0;34m[14:07:30][0m Poll interval: 10s
[0;34m[14:07:31][0m [Wiggum-TDD] Found task: T469
[0;34m[14:07:31][0m [T469] Processing with REAL agent...
[0;34m[14:07:31][0m [T469] Using Real Agent (actual execution, not simulation)...
[0;33m[14:08:32] ⚠[0m [T469] Agent returned FAILED or needs more work
[0;33m[14:08:32] ⚠[0m [T469] Exit code: 1
[0;33m[14:08:32] ⚠[0m [T469] Check log: /Users/sylvain/_LAPOSTE/_VELIGO2/tools/ralph-wiggum/logs/T469_20260114_140731.log
[0;33m[14:08:32] ⚠[0m [T469] Retry 1/3
[0;34m[14:08:37][0m [T469] Processing with REAL agent...
[0;34m[14:08:37][0m [T469] Using Real Agent (actual execution, not simulation)...
[0;33m[14:10:05] ⚠[0m [T469] Agent returned FAILED or needs more work
[0;33m[14:10:05] ⚠[0m [T469] Exit code: 1
[0;33m[14:10:05] ⚠[0m [T469] Check log: /Users/sylvain/_LAPOSTE/_VELIGO2/tools/ralph-wiggum/logs/T469_20260114_140837.log
[0;33m[14:10:05] ⚠[0m [T469] Retry 2/3
[0;34m[14:10:10][0m [T469] Processing with REAL agent...
[0;34m[14:10:10][0m [T469] Using Real Agent (actual execution, not simulation)...
[0;33m[14:11:20] ⚠[0m [T469] Agent returned FAILED or needs more work
[0;33m[14:11:20] ⚠[0m [T469] Exit code: 1
[0;33m[14:11:20] ⚠[0m [T469] Check log: /Users/sylvain/_LAPOSTE/_VELIGO2/tools/ralph-wiggum/logs/T469_20260114_141010.log
[0;33m[14:11:20] ⚠[0m [T469] Retry 3/3
[0;31m[14:11:25] ✗[0m [T469] Failed after 3 retries
[0;34m[14:11:25][0m [Wiggum-TDD] --once mode, exiting
[0;34m[14:11:25][0m [Wiggum-TDD] Daemon stopped
