[0;34m[14:33:22][0m Starting Wiggum-TDD daemon...
[0;34m[14:33:22][0m Queue: tdd
[0;34m[14:33:22][0m Tasks dir: /Users/sylvain/_LAPOSTE/_VELIGO2/tools/ralph-wiggum/tasks
[0;34m[14:33:22][0m Poll interval: 10s
[0;34m[14:33:23][0m [Wiggum-TDD] Found task: T603
[0;34m[14:33:23][0m [T603] Processing with REAL agent...
[0;34m[14:33:23][0m [T603] Using Real Agent (actual execution, not simulation)...
[0;33m[14:33:58] ⚠[0m [T603] Agent returned FAILED or needs more work
[0;33m[14:33:58] ⚠[0m [T603] Exit code: 1
[0;33m[14:33:58] ⚠[0m [T603] Check log: /Users/sylvain/_LAPOSTE/_VELIGO2/tools/ralph-wiggum/logs/T603_20260114_143323.log
[0;33m[14:33:58] ⚠[0m [T603] Retry 1/3
[0;34m[14:34:03][0m [T603] Processing with REAL agent...
[0;34m[14:34:03][0m [T603] Using Real Agent (actual execution, not simulation)...
[0;33m[14:34:52] ⚠[0m [T603] Agent returned FAILED or needs more work
[0;33m[14:34:52] ⚠[0m [T603] Exit code: 1
[0;33m[14:34:52] ⚠[0m [T603] Check log: /Users/sylvain/_LAPOSTE/_VELIGO2/tools/ralph-wiggum/logs/T603_20260114_143403.log
[0;33m[14:34:52] ⚠[0m [T603] Retry 2/3
[0;34m[14:34:57][0m [T603] Processing with REAL agent...
[0;34m[14:34:57][0m [T603] Using Real Agent (actual execution, not simulation)...
[0;34m[14:37:49][0m [T603] Running quality gates...
[0;33m[14:38:13] ⚠[0m [T603] Quality gates FAILED
[0;33m[14:38:13] ⚠[0m [T603] Retry 3/3
[0;31m[14:38:18] ✗[0m [T603] Failed after 3 retries
[0;34m[14:38:18][0m [Wiggum-TDD] --once mode, exiting
[0;34m[14:38:18][0m [Wiggum-TDD] Daemon stopped
