[0;34m[14:33:26][0m Starting Wiggum-TDD daemon...
[0;34m[14:33:26][0m Queue: tdd
[0;34m[14:33:26][0m Tasks dir: /Users/sylvain/_LAPOSTE/_VELIGO2/tools/ralph-wiggum/tasks
[0;34m[14:33:26][0m Poll interval: 10s
[0;34m[14:33:27][0m [Wiggum-TDD] Found task: T605
[0;34m[14:33:27][0m [T605] Processing with REAL agent...
[0;34m[14:33:27][0m [T605] Using Real Agent (actual execution, not simulation)...
[0;33m[14:33:59] ⚠[0m [T605] Agent returned FAILED or needs more work
[0;33m[14:33:59] ⚠[0m [T605] Exit code: 1
[0;33m[14:33:59] ⚠[0m [T605] Check log: /Users/sylvain/_LAPOSTE/_VELIGO2/tools/ralph-wiggum/logs/T605_20260114_143327.log
[0;33m[14:33:59] ⚠[0m [T605] Retry 1/3
[0;34m[14:34:04][0m [T605] Processing with REAL agent...
[0;34m[14:34:04][0m [T605] Using Real Agent (actual execution, not simulation)...
[0;33m[14:34:43] ⚠[0m [T605] Agent returned FAILED or needs more work
[0;33m[14:34:43] ⚠[0m [T605] Exit code: 1
[0;33m[14:34:43] ⚠[0m [T605] Check log: /Users/sylvain/_LAPOSTE/_VELIGO2/tools/ralph-wiggum/logs/T605_20260114_143404.log
[0;33m[14:34:43] ⚠[0m [T605] Retry 2/3
[0;34m[14:34:48][0m [T605] Processing with REAL agent...
[0;34m[14:34:48][0m [T605] Using Real Agent (actual execution, not simulation)...
[0;33m[14:35:12] ⚠[0m [T605] Agent returned FAILED or needs more work
[0;33m[14:35:12] ⚠[0m [T605] Exit code: 1
[0;33m[14:35:12] ⚠[0m [T605] Check log: /Users/sylvain/_LAPOSTE/_VELIGO2/tools/ralph-wiggum/logs/T605_20260114_143448.log
[0;33m[14:35:12] ⚠[0m [T605] Retry 3/3
[0;31m[14:35:17] ✗[0m [T605] Failed after 3 retries
[0;34m[14:35:17][0m [Wiggum-TDD] --once mode, exiting
[0;34m[14:35:17][0m [Wiggum-TDD] Daemon stopped
