[0;34m[14:33:22][0m Starting Wiggum-TDD daemon...
[0;34m[14:33:22][0m Queue: tdd
[0;34m[14:33:22][0m Tasks dir: /Users/sylvain/_LAPOSTE/_VELIGO2/tools/ralph-wiggum/tasks
[0;34m[14:33:22][0m Poll interval: 10s
[0;34m[14:33:22][0m [Wiggum-TDD] Found task: T602
[0;34m[14:33:22][0m [T602] Processing with REAL agent...
[0;34m[14:33:22][0m [T602] Using Real Agent (actual execution, not simulation)...
[0;33m[14:33:51] ⚠[0m [T602] Agent returned FAILED or needs more work
[0;33m[14:33:51] ⚠[0m [T602] Exit code: 1
[0;33m[14:33:51] ⚠[0m [T602] Check log: /Users/sylvain/_LAPOSTE/_VELIGO2/tools/ralph-wiggum/logs/T602_20260114_143322.log
[0;33m[14:33:51] ⚠[0m [T602] Retry 1/3
[0;34m[14:33:56][0m [T602] Processing with REAL agent...
[0;34m[14:33:56][0m [T602] Using Real Agent (actual execution, not simulation)...
[0;33m[14:34:33] ⚠[0m [T602] Agent returned FAILED or needs more work
[0;33m[14:34:33] ⚠[0m [T602] Exit code: 1
[0;33m[14:34:33] ⚠[0m [T602] Check log: /Users/sylvain/_LAPOSTE/_VELIGO2/tools/ralph-wiggum/logs/T602_20260114_143356.log
[0;33m[14:34:33] ⚠[0m [T602] Retry 2/3
[0;34m[14:34:38][0m [T602] Processing with REAL agent...
[0;34m[14:34:38][0m [T602] Using Real Agent (actual execution, not simulation)...
[0;33m[14:35:06] ⚠[0m [T602] Agent returned FAILED or needs more work
[0;33m[14:35:06] ⚠[0m [T602] Exit code: 1
[0;33m[14:35:06] ⚠[0m [T602] Check log: /Users/sylvain/_LAPOSTE/_VELIGO2/tools/ralph-wiggum/logs/T602_20260114_143438.log
[0;33m[14:35:06] ⚠[0m [T602] Retry 3/3
[0;31m[14:35:11] ✗[0m [T602] Failed after 3 retries
[0;34m[14:35:11][0m [Wiggum-TDD] --once mode, exiting
[0;34m[14:35:11][0m [Wiggum-TDD] Daemon stopped
