[0;34m[14:33:59][0m Starting Wiggum-TDD daemon...
[0;34m[14:33:59][0m Queue: tdd
[0;34m[14:33:59][0m Tasks dir: /Users/sylvain/_LAPOSTE/_VELIGO2/tools/ralph-wiggum/tasks
[0;34m[14:33:59][0m Poll interval: 10s
[0;34m[14:33:59][0m [Wiggum-TDD] Found task: T603
[0;34m[14:33:59][0m [T603] Processing with REAL agent...
[0;34m[14:34:00][0m [T603] Using Real Agent (actual execution, not simulation)...
[0;33m[14:34:41] ⚠[0m [T603] Agent returned FAILED or needs more work
[0;33m[14:34:41] ⚠[0m [T603] Exit code: 1
[0;33m[14:34:41] ⚠[0m [T603] Check log: /Users/sylvain/_LAPOSTE/_VELIGO2/tools/ralph-wiggum/logs/T603_20260114_143400.log
[0;33m[14:34:41] ⚠[0m [T603] Retry 1/3
[0;34m[14:34:46][0m [T603] Processing with REAL agent...
[0;34m[14:34:46][0m [T603] Using Real Agent (actual execution, not simulation)...
[0;33m[14:35:33] ⚠[0m [T603] Agent returned FAILED or needs more work
[0;33m[14:35:33] ⚠[0m [T603] Exit code: 1
[0;33m[14:35:33] ⚠[0m [T603] Check log: /Users/sylvain/_LAPOSTE/_VELIGO2/tools/ralph-wiggum/logs/T603_20260114_143446.log
[0;33m[14:35:33] ⚠[0m [T603] Retry 2/3
[0;34m[14:35:38][0m [T603] Processing with REAL agent...
[0;34m[14:35:38][0m [T603] Using Real Agent (actual execution, not simulation)...
[0;33m[14:36:25] ⚠[0m [T603] Agent returned FAILED or needs more work
[0;33m[14:36:25] ⚠[0m [T603] Exit code: 1
[0;33m[14:36:25] ⚠[0m [T603] Check log: /Users/sylvain/_LAPOSTE/_VELIGO2/tools/ralph-wiggum/logs/T603_20260114_143538.log
[0;33m[14:36:25] ⚠[0m [T603] Retry 3/3
[0;31m[14:36:30] ✗[0m [T603] Failed after 3 retries
[0;34m[14:36:30][0m [Wiggum-TDD] --once mode, exiting
[0;34m[14:36:30][0m [Wiggum-TDD] Daemon stopped
