[0;34m[14:33:26][0m Starting Wiggum-TDD daemon...
[0;34m[14:33:26][0m Queue: tdd
[0;34m[14:33:26][0m Tasks dir: /Users/sylvain/_LAPOSTE/_VELIGO2/tools/ralph-wiggum/tasks
[0;34m[14:33:26][0m Poll interval: 10s
[0;34m[14:33:27][0m [Wiggum-TDD] Found task: T479
[0;34m[14:33:27][0m [T479] Processing with REAL agent...
[0;34m[14:33:27][0m [T479] Using Real Agent (actual execution, not simulation)...
[0;33m[14:35:15] ⚠[0m [T479] Agent returned FAILED or needs more work
[0;33m[14:35:15] ⚠[0m [T479] Exit code: 1
[0;33m[14:35:15] ⚠[0m [T479] Check log: /Users/sylvain/_LAPOSTE/_VELIGO2/tools/ralph-wiggum/logs/T479_20260114_143327.log
[0;33m[14:35:15] ⚠[0m [T479] Retry 1/3
[0;34m[14:35:20][0m [T479] Processing with REAL agent...
[0;34m[14:35:20][0m [T479] Using Real Agent (actual execution, not simulation)...
[0;34m[14:38:29][0m [T479] Running quality gates...
[0;33m[14:38:54] ⚠[0m [T479] Quality gates FAILED
[0;33m[14:38:54] ⚠[0m [T479] Retry 2/3
[0;34m[14:38:59][0m [T479] Processing with REAL agent...
[0;34m[14:38:59][0m [T479] Using Real Agent (actual execution, not simulation)...
[0;33m[14:40:01] ⚠[0m [T479] Agent returned FAILED or needs more work
[0;33m[14:40:01] ⚠[0m [T479] Exit code: 1
[0;33m[14:40:01] ⚠[0m [T479] Check log: /Users/sylvain/_LAPOSTE/_VELIGO2/tools/ralph-wiggum/logs/T479_20260114_143859.log
[0;33m[14:40:01] ⚠[0m [T479] Retry 3/3
[0;31m[14:40:06] ✗[0m [T479] Failed after 3 retries
[0;34m[14:40:06][0m [Wiggum-TDD] --once mode, exiting
[0;34m[14:40:06][0m [Wiggum-TDD] Daemon stopped
