[0;34m[17:43:46][0m Starting Wiggum-TDD daemon...
[0;34m[17:43:46][0m Queue: tdd
[0;34m[17:43:46][0m Tasks dir: /Users/sylvain/_LAPOSTE/_VELIGO2/tools/ralph-wiggum/tasks
[0;34m[17:43:46][0m Poll interval: 10s
[0;34m[17:43:49][0m [Wiggum-TDD] Found task: T622
[0;34m[17:43:49][0m [T622] Processing with REAL agent...
[0;34m[17:43:49][0m [T622] Using Real Agent (actual execution, not simulation)...
[0;33m[17:44:27] ⚠[0m [T622] Agent returned FAILED or needs more work
[0;33m[17:44:27] ⚠[0m [T622] Exit code: 1
[0;33m[17:44:27] ⚠[0m [T622] Check log: /Users/sylvain/_LAPOSTE/_VELIGO2/tools/ralph-wiggum/logs/T622_20260114_174349.log
[0;33m[17:44:27] ⚠[0m [T622] Retry 1/3
[0;34m[17:44:32][0m [T622] Processing with REAL agent...
[0;34m[17:44:32][0m [T622] Using Real Agent (actual execution, not simulation)...
[0;33m[17:44:55] ⚠[0m [T622] Agent returned FAILED or needs more work
[0;33m[17:44:55] ⚠[0m [T622] Exit code: 1
[0;33m[17:44:55] ⚠[0m [T622] Check log: /Users/sylvain/_LAPOSTE/_VELIGO2/tools/ralph-wiggum/logs/T622_20260114_174432.log
[0;33m[17:44:55] ⚠[0m [T622] Retry 2/3
[0;34m[17:45:00][0m [T622] Processing with REAL agent...
[0;34m[17:45:00][0m [T622] Using Real Agent (actual execution, not simulation)...
[0;33m[17:45:31] ⚠[0m [T622] Agent returned FAILED or needs more work
[0;33m[17:45:31] ⚠[0m [T622] Exit code: 1
[0;33m[17:45:31] ⚠[0m [T622] Check log: /Users/sylvain/_LAPOSTE/_VELIGO2/tools/ralph-wiggum/logs/T622_20260114_174500.log
[0;33m[17:45:31] ⚠[0m [T622] Retry 3/3
[0;31m[17:45:36] ✗[0m [T622] Failed after 3 retries
[0;34m[17:45:36][0m [Wiggum-TDD] --once mode, exiting
[0;34m[17:45:36][0m [Wiggum-TDD] Daemon stopped
