[0;34m[17:43:20][0m Starting Wiggum-TDD daemon...
[0;34m[17:43:20][0m Queue: tdd
[0;34m[17:43:20][0m Tasks dir: /Users/sylvain/_LAPOSTE/_VELIGO2/tools/ralph-wiggum/tasks
[0;34m[17:43:20][0m Poll interval: 10s
[0;34m[17:43:22][0m [Wiggum-TDD] Found task: T618
[0;34m[17:43:22][0m [T618] Processing with REAL agent...
[0;34m[17:43:22][0m [T618] Using Real Agent (actual execution, not simulation)...
[0;33m[17:43:44] ⚠[0m [T618] Agent returned FAILED or needs more work
[0;33m[17:43:44] ⚠[0m [T618] Exit code: 1
[0;33m[17:43:44] ⚠[0m [T618] Check log: /Users/sylvain/_LAPOSTE/_VELIGO2/tools/ralph-wiggum/logs/T618_20260114_174322.log
[0;33m[17:43:45] ⚠[0m [T618] Retry 1/3
[0;34m[17:43:50][0m [T618] Processing with REAL agent...
[0;34m[17:43:50][0m [T618] Using Real Agent (actual execution, not simulation)...
[0;33m[17:44:24] ⚠[0m [T618] Agent returned FAILED or needs more work
[0;33m[17:44:24] ⚠[0m [T618] Exit code: 1
[0;33m[17:44:24] ⚠[0m [T618] Check log: /Users/sylvain/_LAPOSTE/_VELIGO2/tools/ralph-wiggum/logs/T618_20260114_174350.log
[0;33m[17:44:24] ⚠[0m [T618] Retry 2/3
[0;34m[17:44:29][0m [T618] Processing with REAL agent...
[0;34m[17:44:29][0m [T618] Using Real Agent (actual execution, not simulation)...
[0;33m[17:45:22] ⚠[0m [T618] Agent returned FAILED or needs more work
[0;33m[17:45:22] ⚠[0m [T618] Exit code: 1
[0;33m[17:45:22] ⚠[0m [T618] Check log: /Users/sylvain/_LAPOSTE/_VELIGO2/tools/ralph-wiggum/logs/T618_20260114_174429.log
[0;33m[17:45:22] ⚠[0m [T618] Retry 3/3
[0;31m[17:45:27] ✗[0m [T618] Failed after 3 retries
[0;34m[17:45:28][0m [Wiggum-TDD] --once mode, exiting
[0;34m[17:45:28][0m [Wiggum-TDD] Daemon stopped
