[0;34m[17:43:19][0m Starting Wiggum-TDD daemon...
[0;34m[17:43:19][0m Queue: tdd
[0;34m[17:43:19][0m Tasks dir: /Users/sylvain/_LAPOSTE/_VELIGO2/tools/ralph-wiggum/tasks
[0;34m[17:43:19][0m Poll interval: 10s
[0;34m[17:43:22][0m [Wiggum-TDD] Found task: T617
[0;34m[17:43:22][0m [T617] Processing with REAL agent...
[0;34m[17:43:22][0m [T617] Using Real Agent (actual execution, not simulation)...
[0;33m[17:44:08] ⚠[0m [T617] Agent returned FAILED or needs more work
[0;33m[17:44:08] ⚠[0m [T617] Exit code: 1
[0;33m[17:44:08] ⚠[0m [T617] Check log: /Users/sylvain/_LAPOSTE/_VELIGO2/tools/ralph-wiggum/logs/T617_20260114_174322.log
[0;33m[17:44:08] ⚠[0m [T617] Retry 1/3
[0;34m[17:44:13][0m [T617] Processing with REAL agent...
[0;34m[17:44:13][0m [T617] Using Real Agent (actual execution, not simulation)...
[0;33m[17:50:56] ⚠[0m [T617] Agent returned FAILED or needs more work
[0;33m[17:50:56] ⚠[0m [T617] Exit code: 1
[0;33m[17:50:56] ⚠[0m [T617] Check log: /Users/sylvain/_LAPOSTE/_VELIGO2/tools/ralph-wiggum/logs/T617_20260114_174413.log
[0;33m[17:50:56] ⚠[0m [T617] Retry 2/3
[0;34m[17:51:01][0m [T617] Processing with REAL agent...
[0;34m[17:51:01][0m [T617] Using Real Agent (actual execution, not simulation)...
[0;33m[17:51:22] ⚠[0m [T617] Agent returned FAILED or needs more work
[0;33m[17:51:22] ⚠[0m [T617] Exit code: 1
[0;33m[17:51:22] ⚠[0m [T617] Check log: /Users/sylvain/_LAPOSTE/_VELIGO2/tools/ralph-wiggum/logs/T617_20260114_175101.log
[0;33m[17:51:22] ⚠[0m [T617] Retry 3/3
[0;31m[17:51:27] ✗[0m [T617] Failed after 3 retries
[0;34m[17:51:27][0m [Wiggum-TDD] --once mode, exiting
[0;34m[17:51:27][0m [Wiggum-TDD] Daemon stopped
