[0;34m[17:43:52][0m Starting Wiggum-TDD daemon...
[0;34m[17:43:52][0m Queue: tdd
[0;34m[17:43:52][0m Tasks dir: /Users/sylvain/_LAPOSTE/_VELIGO2/tools/ralph-wiggum/tasks
[0;34m[17:43:52][0m Poll interval: 10s
[0;34m[17:43:54][0m [Wiggum-TDD] Found task: T624
[0;34m[17:43:54][0m [T624] Processing with REAL agent...
[0;34m[17:43:54][0m [T624] Using Real Agent (actual execution, not simulation)...
[0;33m[17:44:45] ⚠[0m [T624] Agent returned FAILED or needs more work
[0;33m[17:44:45] ⚠[0m [T624] Exit code: 1
[0;33m[17:44:45] ⚠[0m [T624] Check log: /Users/sylvain/_LAPOSTE/_VELIGO2/tools/ralph-wiggum/logs/T624_20260114_174354.log
[0;33m[17:44:45] ⚠[0m [T624] Retry 1/3
[0;34m[17:44:50][0m [T624] Processing with REAL agent...
[0;34m[17:44:50][0m [T624] Using Real Agent (actual execution, not simulation)...
[0;33m[17:45:54] ⚠[0m [T624] Agent returned FAILED or needs more work
[0;33m[17:45:54] ⚠[0m [T624] Exit code: 1
[0;33m[17:45:54] ⚠[0m [T624] Check log: /Users/sylvain/_LAPOSTE/_VELIGO2/tools/ralph-wiggum/logs/T624_20260114_174450.log
[0;33m[17:45:54] ⚠[0m [T624] Retry 2/3
[0;34m[17:45:59][0m [T624] Processing with REAL agent...
[0;34m[17:45:59][0m [T624] Using Real Agent (actual execution, not simulation)...
[0;33m[17:46:39] ⚠[0m [T624] Agent returned FAILED or needs more work
[0;33m[17:46:39] ⚠[0m [T624] Exit code: 1
[0;33m[17:46:39] ⚠[0m [T624] Check log: /Users/sylvain/_LAPOSTE/_VELIGO2/tools/ralph-wiggum/logs/T624_20260114_174559.log
[0;33m[17:46:39] ⚠[0m [T624] Retry 3/3
[0;31m[17:46:44] ✗[0m [T624] Failed after 3 retries
[0;34m[17:46:44][0m [Wiggum-TDD] --once mode, exiting
[0;34m[17:46:44][0m [Wiggum-TDD] Daemon stopped
