[0;34m[17:43:54][0m Starting Wiggum-TDD daemon...
[0;34m[17:43:54][0m Queue: tdd
[0;34m[17:43:54][0m Tasks dir: /Users/sylvain/_LAPOSTE/_VELIGO2/tools/ralph-wiggum/tasks
[0;34m[17:43:54][0m Poll interval: 10s
[0;34m[17:43:58][0m [Wiggum-TDD] Found task: T627
[0;34m[17:43:58][0m [T627] Processing with REAL agent...
[0;34m[17:43:58][0m [T627] Using Real Agent (actual execution, not simulation)...
[0;33m[17:44:20] ⚠[0m [T627] Agent returned FAILED or needs more work
[0;33m[17:44:20] ⚠[0m [T627] Exit code: 1
[0;33m[17:44:21] ⚠[0m [T627] Check log: /Users/sylvain/_LAPOSTE/_VELIGO2/tools/ralph-wiggum/logs/T627_20260114_174358.log
[0;33m[17:44:21] ⚠[0m [T627] Retry 1/3
[0;34m[17:44:26][0m [T627] Processing with REAL agent...
[0;34m[17:44:26][0m [T627] Using Real Agent (actual execution, not simulation)...
[0;33m[17:46:57] ⚠[0m [T627] Agent returned FAILED or needs more work
[0;33m[17:46:57] ⚠[0m [T627] Exit code: 1
[0;33m[17:46:57] ⚠[0m [T627] Check log: /Users/sylvain/_LAPOSTE/_VELIGO2/tools/ralph-wiggum/logs/T627_20260114_174426.log
[0;33m[17:46:57] ⚠[0m [T627] Retry 2/3
[0;34m[17:47:02][0m [T627] Processing with REAL agent...
[0;34m[17:47:02][0m [T627] Using Real Agent (actual execution, not simulation)...
[0;33m[17:47:31] ⚠[0m [T627] Agent returned FAILED or needs more work
[0;33m[17:47:31] ⚠[0m [T627] Exit code: 1
[0;33m[17:47:31] ⚠[0m [T627] Check log: /Users/sylvain/_LAPOSTE/_VELIGO2/tools/ralph-wiggum/logs/T627_20260114_174702.log
[0;33m[17:47:31] ⚠[0m [T627] Retry 3/3
[0;31m[17:47:36] ✗[0m [T627] Failed after 3 retries
[0;34m[17:47:36][0m [Wiggum-TDD] --once mode, exiting
[0;34m[17:47:36][0m [Wiggum-TDD] Daemon stopped
