[0;34m[17:43:53][0m Starting Wiggum-TDD daemon...
[0;34m[17:43:53][0m Queue: tdd
[0;34m[17:43:53][0m Tasks dir: /Users/sylvain/_LAPOSTE/_VELIGO2/tools/ralph-wiggum/tasks
[0;34m[17:43:53][0m Poll interval: 10s
[0;34m[17:43:56][0m [Wiggum-TDD] Found task: T625
[0;34m[17:43:56][0m [T625] Processing with REAL agent...
[0;34m[17:43:56][0m [T625] Using Real Agent (actual execution, not simulation)...
[0;33m[17:44:37] ⚠[0m [T625] Agent returned FAILED or needs more work
[0;33m[17:44:37] ⚠[0m [T625] Exit code: 1
[0;33m[17:44:37] ⚠[0m [T625] Check log: /Users/sylvain/_LAPOSTE/_VELIGO2/tools/ralph-wiggum/logs/T625_20260114_174356.log
[0;33m[17:44:37] ⚠[0m [T625] Retry 1/3
[0;34m[17:44:42][0m [T625] Processing with REAL agent...
[0;34m[17:44:42][0m [T625] Using Real Agent (actual execution, not simulation)...
[0;33m[17:45:02] ⚠[0m [T625] Agent returned FAILED or needs more work
[0;33m[17:45:02] ⚠[0m [T625] Exit code: 1
[0;33m[17:45:02] ⚠[0m [T625] Check log: /Users/sylvain/_LAPOSTE/_VELIGO2/tools/ralph-wiggum/logs/T625_20260114_174442.log
[0;33m[17:45:02] ⚠[0m [T625] Retry 2/3
[0;34m[17:45:07][0m [T625] Processing with REAL agent...
[0;34m[17:45:07][0m [T625] Using Real Agent (actual execution, not simulation)...
[0;34m[17:49:24][0m [T625] Running quality gates...
[0;33m[17:50:20] ⚠[0m [T625] Quality gates FAILED
[0;33m[17:50:20] ⚠[0m [T625] Retry 3/3
[0;31m[17:50:25] ✗[0m [T625] Failed after 3 retries
[0;34m[17:50:25][0m [Wiggum-TDD] --once mode, exiting
[0;34m[17:50:25][0m [Wiggum-TDD] Daemon stopped
