[0;34m[17:44:01][0m Starting Wiggum-TDD daemon...
[0;34m[17:44:01][0m Queue: tdd
[0;34m[17:44:01][0m Tasks dir: /Users/sylvain/_LAPOSTE/_VELIGO2/tools/ralph-wiggum/tasks
[0;34m[17:44:01][0m Poll interval: 10s
[0;34m[17:44:03][0m [Wiggum-TDD] Found task: T628
[0;34m[17:44:03][0m [T628] Processing with REAL agent...
[0;34m[17:44:03][0m [T628] Using Real Agent (actual execution, not simulation)...
[0;33m[17:44:31] ⚠[0m [T628] Agent returned FAILED or needs more work
[0;33m[17:44:31] ⚠[0m [T628] Exit code: 1
[0;33m[17:44:31] ⚠[0m [T628] Check log: /Users/sylvain/_LAPOSTE/_VELIGO2/tools/ralph-wiggum/logs/T628_20260114_174403.log
[0;33m[17:44:31] ⚠[0m [T628] Retry 1/3
[0;34m[17:44:36][0m [T628] Processing with REAL agent...
[0;34m[17:44:36][0m [T628] Using Real Agent (actual execution, not simulation)...
[0;33m[17:45:02] ⚠[0m [T628] Agent returned FAILED or needs more work
[0;33m[17:45:02] ⚠[0m [T628] Exit code: 1
[0;33m[17:45:02] ⚠[0m [T628] Check log: /Users/sylvain/_LAPOSTE/_VELIGO2/tools/ralph-wiggum/logs/T628_20260114_174436.log
[0;33m[17:45:02] ⚠[0m [T628] Retry 2/3
[0;34m[17:45:08][0m [T628] Processing with REAL agent...
[0;34m[17:45:08][0m [T628] Using Real Agent (actual execution, not simulation)...
[0;33m[17:45:46] ⚠[0m [T628] Agent returned FAILED or needs more work
[0;33m[17:45:46] ⚠[0m [T628] Exit code: 1
[0;33m[17:45:46] ⚠[0m [T628] Check log: /Users/sylvain/_LAPOSTE/_VELIGO2/tools/ralph-wiggum/logs/T628_20260114_174508.log
[0;33m[17:45:46] ⚠[0m [T628] Retry 3/3
[0;31m[17:45:51] ✗[0m [T628] Failed after 3 retries
[0;34m[17:45:51][0m [Wiggum-TDD] --once mode, exiting
[0;34m[17:45:51][0m [Wiggum-TDD] Daemon stopped
