[0;34m[17:45:53][0m Starting Wiggum-TDD daemon...
[0;34m[17:45:53][0m Queue: tdd
[0;34m[17:45:53][0m Tasks dir: /Users/sylvain/_LAPOSTE/_VELIGO2/tools/ralph-wiggum/tasks
[0;34m[17:45:53][0m Poll interval: 10s
[0;34m[17:45:56][0m [Wiggum-TDD] Found task: T624
[0;34m[17:45:56][0m [T624] Processing with REAL agent...
[0;34m[17:45:56][0m [T624] Using Real Agent (actual execution, not simulation)...
[0;33m[17:46:29] ⚠[0m [T624] Agent returned FAILED or needs more work
[0;33m[17:46:29] ⚠[0m [T624] Exit code: 1
[0;33m[17:46:29] ⚠[0m [T624] Check log: /Users/sylvain/_LAPOSTE/_VELIGO2/tools/ralph-wiggum/logs/T624_20260114_174556.log
[0;33m[17:46:29] ⚠[0m [T624] Retry 1/3
[0;34m[17:46:35][0m [T624] Processing with REAL agent...
[0;34m[17:46:35][0m [T624] Using Real Agent (actual execution, not simulation)...
[0;33m[17:49:10] ⚠[0m [T624] Agent returned FAILED or needs more work
[0;33m[17:49:10] ⚠[0m [T624] Exit code: 1
[0;33m[17:49:10] ⚠[0m [T624] Check log: /Users/sylvain/_LAPOSTE/_VELIGO2/tools/ralph-wiggum/logs/T624_20260114_174635.log
[0;33m[17:49:10] ⚠[0m [T624] Retry 2/3
[0;34m[17:49:15][0m [T624] Processing with REAL agent...
[0;34m[17:49:15][0m [T624] Using Real Agent (actual execution, not simulation)...
[0;33m[17:49:43] ⚠[0m [T624] Agent returned FAILED or needs more work
[0;33m[17:49:43] ⚠[0m [T624] Exit code: 1
[0;33m[17:49:43] ⚠[0m [T624] Check log: /Users/sylvain/_LAPOSTE/_VELIGO2/tools/ralph-wiggum/logs/T624_20260114_174915.log
[0;33m[17:49:43] ⚠[0m [T624] Retry 3/3
[0;31m[17:49:48] ✗[0m [T624] Failed after 3 retries
[0;34m[17:49:49][0m [Wiggum-TDD] --once mode, exiting
[0;34m[17:49:49][0m [Wiggum-TDD] Daemon stopped
