[0;34m[17:46:01][0m Starting Wiggum-TDD daemon...
[0;34m[17:46:01][0m Queue: tdd
[0;34m[17:46:01][0m Tasks dir: /Users/sylvain/_LAPOSTE/_VELIGO2/tools/ralph-wiggum/tasks
[0;34m[17:46:01][0m Poll interval: 10s
[0;34m[17:46:03][0m [Wiggum-TDD] Found task: T632
[0;34m[17:46:03][0m [T632] Processing with REAL agent...
[0;34m[17:46:03][0m [T632] Using Real Agent (actual execution, not simulation)...
[0;33m[17:46:38] ⚠[0m [T632] Agent returned FAILED or needs more work
[0;33m[17:46:38] ⚠[0m [T632] Exit code: 1
[0;33m[17:46:38] ⚠[0m [T632] Check log: /Users/sylvain/_LAPOSTE/_VELIGO2/tools/ralph-wiggum/logs/T632_20260114_174603.log
[0;33m[17:46:38] ⚠[0m [T632] Retry 1/3
[0;34m[17:46:43][0m [T632] Processing with REAL agent...
[0;34m[17:46:43][0m [T632] Using Real Agent (actual execution, not simulation)...
[0;33m[17:47:19] ⚠[0m [T632] Agent returned FAILED or needs more work
[0;33m[17:47:19] ⚠[0m [T632] Exit code: 1
[0;33m[17:47:19] ⚠[0m [T632] Check log: /Users/sylvain/_LAPOSTE/_VELIGO2/tools/ralph-wiggum/logs/T632_20260114_174643.log
[0;33m[17:47:19] ⚠[0m [T632] Retry 2/3
[0;34m[17:47:24][0m [T632] Processing with REAL agent...
[0;34m[17:47:24][0m [T632] Using Real Agent (actual execution, not simulation)...
[0;33m[17:47:54] ⚠[0m [T632] Agent returned FAILED or needs more work
[0;33m[17:47:54] ⚠[0m [T632] Exit code: 1
[0;33m[17:47:54] ⚠[0m [T632] Check log: /Users/sylvain/_LAPOSTE/_VELIGO2/tools/ralph-wiggum/logs/T632_20260114_174724.log
[0;33m[17:47:54] ⚠[0m [T632] Retry 3/3
[0;31m[17:48:00] ✗[0m [T632] Failed after 3 retries
[0;34m[17:48:00][0m [Wiggum-TDD] --once mode, exiting
[0;34m[17:48:00][0m [Wiggum-TDD] Daemon stopped
