[0;34m[17:45:55][0m Starting Wiggum-TDD daemon...
[0;34m[17:45:55][0m Queue: tdd
[0;34m[17:45:55][0m Tasks dir: /Users/sylvain/_LAPOSTE/_VELIGO2/tools/ralph-wiggum/tasks
[0;34m[17:45:55][0m Poll interval: 10s
[0;34m[17:45:58][0m [Wiggum-TDD] Found task: T629
[0;34m[17:45:58][0m [T629] Processing with REAL agent...
[0;34m[17:45:58][0m [T629] Using Real Agent (actual execution, not simulation)...
[0;33m[17:46:21] ⚠[0m [T629] Agent returned FAILED or needs more work
[0;33m[17:46:21] ⚠[0m [T629] Exit code: 1
[0;33m[17:46:21] ⚠[0m [T629] Check log: /Users/sylvain/_LAPOSTE/_VELIGO2/tools/ralph-wiggum/logs/T629_20260114_174558.log
[0;33m[17:46:22] ⚠[0m [T629] Retry 1/3
[0;34m[17:46:27][0m [T629] Processing with REAL agent...
[0;34m[17:46:27][0m [T629] Using Real Agent (actual execution, not simulation)...
[0;33m[17:46:49] ⚠[0m [T629] Agent returned FAILED or needs more work
[0;33m[17:46:49] ⚠[0m [T629] Exit code: 1
[0;33m[17:46:49] ⚠[0m [T629] Check log: /Users/sylvain/_LAPOSTE/_VELIGO2/tools/ralph-wiggum/logs/T629_20260114_174627.log
[0;33m[17:46:49] ⚠[0m [T629] Retry 2/3
[0;34m[17:46:54][0m [T629] Processing with REAL agent...
[0;34m[17:46:54][0m [T629] Using Real Agent (actual execution, not simulation)...
[0;33m[17:47:24] ⚠[0m [T629] Agent returned FAILED or needs more work
[0;33m[17:47:24] ⚠[0m [T629] Exit code: 1
[0;33m[17:47:24] ⚠[0m [T629] Check log: /Users/sylvain/_LAPOSTE/_VELIGO2/tools/ralph-wiggum/logs/T629_20260114_174654.log
[0;33m[17:47:24] ⚠[0m [T629] Retry 3/3
[0;31m[17:47:29] ✗[0m [T629] Failed after 3 retries
[0;34m[17:47:29][0m [Wiggum-TDD] --once mode, exiting
[0;34m[17:47:29][0m [Wiggum-TDD] Daemon stopped
