[0;34m[17:47:42][0m Starting Wiggum-TDD daemon...
[0;34m[17:47:42][0m Queue: tdd
[0;34m[17:47:42][0m Tasks dir: /Users/sylvain/_LAPOSTE/_VELIGO2/tools/ralph-wiggum/tasks
[0;34m[17:47:42][0m Poll interval: 10s
[0;34m[17:47:44][0m [Wiggum-TDD] Found task: T633
[0;34m[17:47:44][0m [T633] Processing with REAL agent...
[0;34m[17:47:44][0m [T633] Using Real Agent (actual execution, not simulation)...
[0;33m[17:48:11] ⚠[0m [T633] Agent returned FAILED or needs more work
[0;33m[17:48:11] ⚠[0m [T633] Exit code: 1
[0;33m[17:48:11] ⚠[0m [T633] Check log: /Users/sylvain/_LAPOSTE/_VELIGO2/tools/ralph-wiggum/logs/T633_20260114_174744.log
[0;33m[17:48:11] ⚠[0m [T633] Retry 1/3
[0;34m[17:48:16][0m [T633] Processing with REAL agent...
[0;34m[17:48:16][0m [T633] Using Real Agent (actual execution, not simulation)...
[0;34m[17:53:33][0m [T633] Running quality gates...
[0;33m[17:54:08] ⚠[0m [T633] Quality gates FAILED
[0;33m[17:54:08] ⚠[0m [T633] Retry 2/3
[0;34m[17:54:13][0m [T633] Processing with REAL agent...
[0;34m[17:54:13][0m [T633] Using Real Agent (actual execution, not simulation)...
[0;33m[17:54:48] ⚠[0m [T633] Agent returned FAILED or needs more work
[0;33m[17:54:48] ⚠[0m [T633] Exit code: 1
[0;33m[17:54:48] ⚠[0m [T633] Check log: /Users/sylvain/_LAPOSTE/_VELIGO2/tools/ralph-wiggum/logs/T633_20260114_175413.log
[0;33m[17:54:48] ⚠[0m [T633] Retry 3/3
[0;31m[17:54:53] ✗[0m [T633] Failed after 3 retries
[0;34m[17:54:53][0m [Wiggum-TDD] --once mode, exiting
[0;34m[17:54:53][0m [Wiggum-TDD] Daemon stopped
