[0;34m[17:47:55][0m Starting Wiggum-TDD daemon...
[0;34m[17:47:55][0m Queue: tdd
[0;34m[17:47:55][0m Tasks dir: /Users/sylvain/_LAPOSTE/_VELIGO2/tools/ralph-wiggum/tasks
[0;34m[17:47:55][0m Poll interval: 10s
[0;34m[17:48:01][0m [Wiggum-TDD] Found task: T634
[0;34m[17:48:01][0m [T634] Processing with REAL agent...
[0;34m[17:48:01][0m [T634] Using Real Agent (actual execution, not simulation)...
[0;33m[17:48:23] ⚠[0m [T634] Agent returned FAILED or needs more work
[0;33m[17:48:23] ⚠[0m [T634] Exit code: 1
[0;33m[17:48:23] ⚠[0m [T634] Check log: /Users/sylvain/_LAPOSTE/_VELIGO2/tools/ralph-wiggum/logs/T634_20260114_174801.log
[0;33m[17:48:23] ⚠[0m [T634] Retry 1/3
[0;34m[17:48:28][0m [T634] Processing with REAL agent...
[0;34m[17:48:29][0m [T634] Using Real Agent (actual execution, not simulation)...
[0;33m[17:48:54] ⚠[0m [T634] Agent returned FAILED or needs more work
[0;33m[17:48:54] ⚠[0m [T634] Exit code: 1
[0;33m[17:48:54] ⚠[0m [T634] Check log: /Users/sylvain/_LAPOSTE/_VELIGO2/tools/ralph-wiggum/logs/T634_20260114_174829.log
[0;33m[17:48:54] ⚠[0m [T634] Retry 2/3
[0;34m[17:48:59][0m [T634] Processing with REAL agent...
[0;34m[17:48:59][0m [T634] Using Real Agent (actual execution, not simulation)...
[0;33m[17:50:04] ⚠[0m [T634] Agent returned FAILED or needs more work
[0;33m[17:50:04] ⚠[0m [T634] Exit code: 1
[0;33m[17:50:04] ⚠[0m [T634] Check log: /Users/sylvain/_LAPOSTE/_VELIGO2/tools/ralph-wiggum/logs/T634_20260114_174859.log
[0;33m[17:50:04] ⚠[0m [T634] Retry 3/3
[0;31m[17:50:09] ✗[0m [T634] Failed after 3 retries
[0;34m[17:50:09][0m [Wiggum-TDD] --once mode, exiting
[0;34m[17:50:09][0m [Wiggum-TDD] Daemon stopped
