[0;34m[17:47:52][0m Starting Wiggum-TDD daemon...
[0;34m[17:47:52][0m Queue: tdd
[0;34m[17:47:52][0m Tasks dir: /Users/sylvain/_LAPOSTE/_VELIGO2/tools/ralph-wiggum/tasks
[0;34m[17:47:52][0m Poll interval: 10s
[0;34m[17:47:55][0m [Wiggum-TDD] Found task: T632
[0;34m[17:47:55][0m [T632] Processing with REAL agent...
[0;34m[17:47:55][0m [T632] Using Real Agent (actual execution, not simulation)...
[0;33m[17:48:28] ⚠[0m [T632] Agent returned FAILED or needs more work
[0;33m[17:48:28] ⚠[0m [T632] Exit code: 1
[0;33m[17:48:28] ⚠[0m [T632] Check log: /Users/sylvain/_LAPOSTE/_VELIGO2/tools/ralph-wiggum/logs/T632_20260114_174755.log
[0;33m[17:48:28] ⚠[0m [T632] Retry 1/3
[0;34m[17:48:33][0m [T632] Processing with REAL agent...
[0;34m[17:48:33][0m [T632] Using Real Agent (actual execution, not simulation)...
[0;33m[17:49:03] ⚠[0m [T632] Agent returned FAILED or needs more work
[0;33m[17:49:03] ⚠[0m [T632] Exit code: 1
[0;33m[17:49:03] ⚠[0m [T632] Check log: /Users/sylvain/_LAPOSTE/_VELIGO2/tools/ralph-wiggum/logs/T632_20260114_174833.log
[0;33m[17:49:03] ⚠[0m [T632] Retry 2/3
[0;34m[17:49:08][0m [T632] Processing with REAL agent...
[0;34m[17:49:08][0m [T632] Using Real Agent (actual execution, not simulation)...
[0;33m[17:53:34] ⚠[0m [T632] Agent returned FAILED or needs more work
[0;33m[17:53:34] ⚠[0m [T632] Exit code: 1
[0;33m[17:53:34] ⚠[0m [T632] Check log: /Users/sylvain/_LAPOSTE/_VELIGO2/tools/ralph-wiggum/logs/T632_20260114_174908.log
[0;33m[17:53:34] ⚠[0m [T632] Retry 3/3
[0;31m[17:53:39] ✗[0m [T632] Failed after 3 retries
[0;34m[17:53:39][0m [Wiggum-TDD] --once mode, exiting
[0;34m[17:53:39][0m [Wiggum-TDD] Daemon stopped
