[0;34m[17:56:44][0m Starting Wiggum-TDD daemon...
[0;34m[17:56:44][0m Queue: tdd
[0;34m[17:56:44][0m Tasks dir: /Users/sylvain/_LAPOSTE/_VELIGO2/tools/ralph-wiggum/tasks
[0;34m[17:56:44][0m Poll interval: 10s
[0;34m[17:56:45][0m [Wiggum-TDD] Found task: T651
[0;34m[17:56:45][0m [T651] Processing with REAL agent...
[0;34m[17:56:45][0m [T651] Using Real Agent (actual execution, not simulation)...
[0;33m[17:57:40] ⚠[0m [T651] Agent returned FAILED or needs more work
[0;33m[17:57:40] ⚠[0m [T651] Exit code: 1
[0;33m[17:57:40] ⚠[0m [T651] Check log: /Users/sylvain/_LAPOSTE/_VELIGO2/tools/ralph-wiggum/logs/T651_20260114_175645.log
[0;33m[17:57:40] ⚠[0m [T651] Retry 1/3
[0;34m[17:57:45][0m [T651] Processing with REAL agent...
[0;34m[17:57:45][0m [T651] Using Real Agent (actual execution, not simulation)...
[0;33m[17:58:44] ⚠[0m [T651] Agent returned FAILED or needs more work
[0;33m[17:58:44] ⚠[0m [T651] Exit code: 1
[0;33m[17:58:44] ⚠[0m [T651] Check log: /Users/sylvain/_LAPOSTE/_VELIGO2/tools/ralph-wiggum/logs/T651_20260114_175745.log
[0;33m[17:58:44] ⚠[0m [T651] Retry 2/3
[0;34m[17:58:49][0m [T651] Processing with REAL agent...
[0;34m[17:58:49][0m [T651] Using Real Agent (actual execution, not simulation)...
[0;33m[17:59:12] ⚠[0m [T651] Agent returned FAILED or needs more work
[0;33m[17:59:12] ⚠[0m [T651] Exit code: 1
[0;33m[17:59:12] ⚠[0m [T651] Check log: /Users/sylvain/_LAPOSTE/_VELIGO2/tools/ralph-wiggum/logs/T651_20260114_175849.log
[0;33m[17:59:12] ⚠[0m [T651] Retry 3/3
[0;31m[17:59:17] ✗[0m [T651] Failed after 3 retries
[0;34m[17:59:17][0m [Wiggum-TDD] --once mode, exiting
[0;34m[17:59:17][0m [Wiggum-TDD] Daemon stopped
