[0;34m[17:56:39][0m Starting Wiggum-TDD daemon...
[0;34m[17:56:39][0m Queue: tdd
[0;34m[17:56:39][0m Tasks dir: /Users/sylvain/_LAPOSTE/_VELIGO2/tools/ralph-wiggum/tasks
[0;34m[17:56:39][0m Poll interval: 10s
[0;34m[17:56:42][0m [Wiggum-TDD] Found task: T649
[0;34m[17:56:42][0m [T649] Processing with REAL agent...
[0;34m[17:56:42][0m [T649] Using Real Agent (actual execution, not simulation)...
[0;33m[18:02:15] ⚠[0m [T649] Agent returned FAILED or needs more work
[0;33m[18:02:15] ⚠[0m [T649] Exit code: 1
[0;33m[18:02:15] ⚠[0m [T649] Check log: /Users/sylvain/_LAPOSTE/_VELIGO2/tools/ralph-wiggum/logs/T649_20260114_175642.log
[0;33m[18:02:15] ⚠[0m [T649] Retry 1/3
[0;34m[18:02:21][0m [T649] Processing with REAL agent...
[0;34m[18:02:21][0m [T649] Using Real Agent (actual execution, not simulation)...
[0;33m[18:02:57] ⚠[0m [T649] Agent returned FAILED or needs more work
[0;33m[18:02:57] ⚠[0m [T649] Exit code: 1
[0;33m[18:02:57] ⚠[0m [T649] Check log: /Users/sylvain/_LAPOSTE/_VELIGO2/tools/ralph-wiggum/logs/T649_20260114_180221.log
[0;33m[18:02:57] ⚠[0m [T649] Retry 2/3
[0;34m[18:03:02][0m [T649] Processing with REAL agent...
[0;34m[18:03:02][0m [T649] Using Real Agent (actual execution, not simulation)...
[0;33m[18:03:44] ⚠[0m [T649] Agent returned FAILED or needs more work
[0;33m[18:03:44] ⚠[0m [T649] Exit code: 1
[0;33m[18:03:44] ⚠[0m [T649] Check log: /Users/sylvain/_LAPOSTE/_VELIGO2/tools/ralph-wiggum/logs/T649_20260114_180302.log
[0;33m[18:03:44] ⚠[0m [T649] Retry 3/3
[0;31m[18:03:49] ✗[0m [T649] Failed after 3 retries
[0;34m[18:03:49][0m [Wiggum-TDD] --once mode, exiting
[0;34m[18:03:49][0m [Wiggum-TDD] Daemon stopped
