[0;34m[17:56:14][0m Starting Wiggum-TDD daemon...
[0;34m[17:56:14][0m Queue: tdd
[0;34m[17:56:14][0m Tasks dir: /Users/sylvain/_LAPOSTE/_VELIGO2/tools/ralph-wiggum/tasks
[0;34m[17:56:14][0m Poll interval: 10s
[0;34m[17:56:16][0m [Wiggum-TDD] Found task: T649
[0;34m[17:56:16][0m [T649] Processing with REAL agent...
[0;34m[17:56:16][0m [T649] Using Real Agent (actual execution, not simulation)...
[0;33m[17:56:41] ⚠[0m [T649] Agent returned FAILED or needs more work
[0;33m[17:56:41] ⚠[0m [T649] Exit code: 1
[0;33m[17:56:41] ⚠[0m [T649] Check log: /Users/sylvain/_LAPOSTE/_VELIGO2/tools/ralph-wiggum/logs/T649_20260114_175616.log
[0;33m[17:56:41] ⚠[0m [T649] Retry 1/3
[0;34m[17:56:46][0m [T649] Processing with REAL agent...
[0;34m[17:56:46][0m [T649] Using Real Agent (actual execution, not simulation)...
[0;33m[17:59:13] ⚠[0m [T649] Agent returned FAILED or needs more work
[0;33m[17:59:13] ⚠[0m [T649] Exit code: 1
[0;33m[17:59:13] ⚠[0m [T649] Check log: /Users/sylvain/_LAPOSTE/_VELIGO2/tools/ralph-wiggum/logs/T649_20260114_175646.log
[0;33m[17:59:13] ⚠[0m [T649] Retry 2/3
[0;34m[17:59:18][0m [T649] Processing with REAL agent...
[0;34m[17:59:18][0m [T649] Using Real Agent (actual execution, not simulation)...
[0;34m[18:05:24][0m [T649] Running quality gates...
[0;33m[18:06:11] ⚠[0m [T649] Quality gates FAILED
[0;33m[18:06:11] ⚠[0m [T649] Retry 3/3
[0;31m[18:06:16] ✗[0m [T649] Failed after 3 retries
[0;34m[18:06:16][0m [Wiggum-TDD] --once mode, exiting
[0;34m[18:06:16][0m [Wiggum-TDD] Daemon stopped
