[0;34m[17:55:38][0m Starting Wiggum-TDD daemon...
[0;34m[17:55:38][0m Queue: tdd
[0;34m[17:55:38][0m Tasks dir: /Users/sylvain/_LAPOSTE/_VELIGO2/tools/ralph-wiggum/tasks
[0;34m[17:55:38][0m Poll interval: 10s
[0;34m[17:55:41][0m [Wiggum-TDD] Found task: T650
[0;34m[17:55:41][0m [T650] Processing with REAL agent...
[0;34m[17:55:41][0m [T650] Using Real Agent (actual execution, not simulation)...
[0;33m[17:56:38] ⚠[0m [T650] Agent returned FAILED or needs more work
[0;33m[17:56:39] ⚠[0m [T650] Exit code: 1
[0;33m[17:56:39] ⚠[0m [T650] Check log: /Users/sylvain/_LAPOSTE/_VELIGO2/tools/ralph-wiggum/logs/T650_20260114_175541.log
[0;33m[17:56:39] ⚠[0m [T650] Retry 1/3
[0;34m[17:56:44][0m [T650] Processing with REAL agent...
[0;34m[17:56:44][0m [T650] Using Real Agent (actual execution, not simulation)...
[0;33m[17:57:41] ⚠[0m [T650] Agent returned FAILED or needs more work
[0;33m[17:57:41] ⚠[0m [T650] Exit code: 1
[0;33m[17:57:41] ⚠[0m [T650] Check log: /Users/sylvain/_LAPOSTE/_VELIGO2/tools/ralph-wiggum/logs/T650_20260114_175644.log
[0;33m[17:57:41] ⚠[0m [T650] Retry 2/3
[0;34m[17:57:46][0m [T650] Processing with REAL agent...
[0;34m[17:57:46][0m [T650] Using Real Agent (actual execution, not simulation)...
[0;33m[17:58:16] ⚠[0m [T650] Agent returned FAILED or needs more work
[0;33m[17:58:16] ⚠[0m [T650] Exit code: 1
[0;33m[17:58:16] ⚠[0m [T650] Check log: /Users/sylvain/_LAPOSTE/_VELIGO2/tools/ralph-wiggum/logs/T650_20260114_175746.log
[0;33m[17:58:16] ⚠[0m [T650] Retry 3/3
[0;31m[17:58:21] ✗[0m [T650] Failed after 3 retries
[0;34m[17:58:21][0m [Wiggum-TDD] --once mode, exiting
[0;34m[17:58:21][0m [Wiggum-TDD] Daemon stopped
