[0;34m[17:55:04][0m Starting Wiggum-TDD daemon...
[0;34m[17:55:04][0m Queue: tdd
[0;34m[17:55:04][0m Tasks dir: /Users/sylvain/_LAPOSTE/_VELIGO2/tools/ralph-wiggum/tasks
[0;34m[17:55:04][0m Poll interval: 10s
[0;34m[17:55:06][0m [Wiggum-TDD] Found task: T649
[0;34m[17:55:07][0m [T649] Processing with REAL agent...
[0;34m[17:55:07][0m [T649] Using Real Agent (actual execution, not simulation)...
[0;33m[17:55:30] ⚠[0m [T649] Agent returned FAILED or needs more work
[0;33m[17:55:30] ⚠[0m [T649] Exit code: 1
[0;33m[17:55:30] ⚠[0m [T649] Check log: /Users/sylvain/_LAPOSTE/_VELIGO2/tools/ralph-wiggum/logs/T649_20260114_175507.log
[0;33m[17:55:30] ⚠[0m [T649] Retry 1/3
[0;34m[17:55:35][0m [T649] Processing with REAL agent...
[0;34m[17:55:35][0m [T649] Using Real Agent (actual execution, not simulation)...
[0;33m[17:56:12] ⚠[0m [T649] Agent returned FAILED or needs more work
[0;33m[17:56:12] ⚠[0m [T649] Exit code: 1
[0;33m[17:56:12] ⚠[0m [T649] Check log: /Users/sylvain/_LAPOSTE/_VELIGO2/tools/ralph-wiggum/logs/T649_20260114_175535.log
[0;33m[17:56:12] ⚠[0m [T649] Retry 2/3
[0;34m[17:56:17][0m [T649] Processing with REAL agent...
[0;34m[17:56:17][0m [T649] Using Real Agent (actual execution, not simulation)...
[0;33m[17:56:41] ⚠[0m [T649] Agent returned FAILED or needs more work
[0;33m[17:56:41] ⚠[0m [T649] Exit code: 1
[0;33m[17:56:41] ⚠[0m [T649] Check log: /Users/sylvain/_LAPOSTE/_VELIGO2/tools/ralph-wiggum/logs/T649_20260114_175617.log
[0;33m[17:56:41] ⚠[0m [T649] Retry 3/3
[0;31m[17:56:46] ✗[0m [T649] Failed after 3 retries
[0;34m[17:56:46][0m [Wiggum-TDD] --once mode, exiting
[0;34m[17:56:46][0m [Wiggum-TDD] Daemon stopped
