[0;34m[17:54:43][0m Starting Wiggum-TDD daemon...
[0;34m[17:54:43][0m Queue: tdd
[0;34m[17:54:43][0m Tasks dir: /Users/sylvain/_LAPOSTE/_VELIGO2/tools/ralph-wiggum/tasks
[0;34m[17:54:43][0m Poll interval: 10s
[0;34m[17:54:46][0m [Wiggum-TDD] Found task: T648
[0;34m[17:54:46][0m [T648] Processing with REAL agent...
[0;34m[17:54:46][0m [T648] Using Real Agent (actual execution, not simulation)...
[0;33m[17:55:17] ⚠[0m [T648] Agent returned FAILED or needs more work
[0;33m[17:55:17] ⚠[0m [T648] Exit code: 1
[0;33m[17:55:17] ⚠[0m [T648] Check log: /Users/sylvain/_LAPOSTE/_VELIGO2/tools/ralph-wiggum/logs/T648_20260114_175446.log
[0;33m[17:55:17] ⚠[0m [T648] Retry 1/3
[0;34m[17:55:22][0m [T648] Processing with REAL agent...
[0;34m[17:55:22][0m [T648] Using Real Agent (actual execution, not simulation)...
[0;33m[17:55:49] ⚠[0m [T648] Agent returned FAILED or needs more work
[0;33m[17:55:49] ⚠[0m [T648] Exit code: 1
[0;33m[17:55:49] ⚠[0m [T648] Check log: /Users/sylvain/_LAPOSTE/_VELIGO2/tools/ralph-wiggum/logs/T648_20260114_175522.log
[0;33m[17:55:50] ⚠[0m [T648] Retry 2/3
[0;34m[17:55:55][0m [T648] Processing with REAL agent...
[0;34m[17:55:55][0m [T648] Using Real Agent (actual execution, not simulation)...
[0;33m[17:56:29] ⚠[0m [T648] Agent returned FAILED or needs more work
[0;33m[17:56:29] ⚠[0m [T648] Exit code: 1
[0;33m[17:56:29] ⚠[0m [T648] Check log: /Users/sylvain/_LAPOSTE/_VELIGO2/tools/ralph-wiggum/logs/T648_20260114_175555.log
[0;33m[17:56:29] ⚠[0m [T648] Retry 3/3
[0;31m[17:56:34] ✗[0m [T648] Failed after 3 retries
[0;34m[17:56:34][0m [Wiggum-TDD] --once mode, exiting
[0;34m[17:56:34][0m [Wiggum-TDD] Daemon stopped
