[0;34m[17:54:19][0m Starting Wiggum-TDD daemon...
[0;34m[17:54:19][0m Queue: tdd
[0;34m[17:54:19][0m Tasks dir: /Users/sylvain/_LAPOSTE/_VELIGO2/tools/ralph-wiggum/tasks
[0;34m[17:54:19][0m Poll interval: 10s
[0;34m[17:54:21][0m [Wiggum-TDD] Found task: T646
[0;34m[17:54:21][0m [T646] Processing with REAL agent...
[0;34m[17:54:21][0m [T646] Using Real Agent (actual execution, not simulation)...
[0;33m[17:55:00] ⚠[0m [T646] Agent returned FAILED or needs more work
[0;33m[17:55:00] ⚠[0m [T646] Exit code: 1
[0;33m[17:55:00] ⚠[0m [T646] Check log: /Users/sylvain/_LAPOSTE/_VELIGO2/tools/ralph-wiggum/logs/T646_20260114_175421.log
[0;33m[17:55:00] ⚠[0m [T646] Retry 1/3
[0;34m[17:55:05][0m [T646] Processing with REAL agent...
[0;34m[17:55:05][0m [T646] Using Real Agent (actual execution, not simulation)...
[0;34m[17:57:36][0m [T646] Running quality gates...
[0;33m[17:58:19] ⚠[0m [T646] Quality gates FAILED
[0;33m[17:58:19] ⚠[0m [T646] Retry 2/3
[0;34m[17:58:24][0m [T646] Processing with REAL agent...
[0;34m[17:58:24][0m [T646] Using Real Agent (actual execution, not simulation)...
[0;33m[17:58:55] ⚠[0m [T646] Agent returned FAILED or needs more work
[0;33m[17:58:55] ⚠[0m [T646] Exit code: 1
[0;33m[17:58:55] ⚠[0m [T646] Check log: /Users/sylvain/_LAPOSTE/_VELIGO2/tools/ralph-wiggum/logs/T646_20260114_175824.log
[0;33m[17:58:55] ⚠[0m [T646] Retry 3/3
[0;31m[17:59:00] ✗[0m [T646] Failed after 3 retries
[0;34m[17:59:00][0m [Wiggum-TDD] --once mode, exiting
[0;34m[17:59:00][0m [Wiggum-TDD] Daemon stopped
