[0;34m[17:53:51][0m Starting Wiggum-TDD daemon...
[0;34m[17:53:51][0m Queue: tdd
[0;34m[17:53:51][0m Tasks dir: /Users/sylvain/_LAPOSTE/_VELIGO2/tools/ralph-wiggum/tasks
[0;34m[17:53:51][0m Poll interval: 10s
[0;34m[17:53:53][0m [Wiggum-TDD] Found task: T645
[0;34m[17:53:53][0m [T645] Processing with REAL agent...
[0;34m[17:53:53][0m [T645] Using Real Agent (actual execution, not simulation)...
[0;33m[17:54:29] ⚠[0m [T645] Agent returned FAILED or needs more work
[0;33m[17:54:29] ⚠[0m [T645] Exit code: 1
[0;33m[17:54:29] ⚠[0m [T645] Check log: /Users/sylvain/_LAPOSTE/_VELIGO2/tools/ralph-wiggum/logs/T645_20260114_175353.log
[0;33m[17:54:29] ⚠[0m [T645] Retry 1/3
[0;34m[17:54:34][0m [T645] Processing with REAL agent...
[0;34m[17:54:34][0m [T645] Using Real Agent (actual execution, not simulation)...
[0;33m[17:55:12] ⚠[0m [T645] Agent returned FAILED or needs more work
[0;33m[17:55:12] ⚠[0m [T645] Exit code: 1
[0;33m[17:55:12] ⚠[0m [T645] Check log: /Users/sylvain/_LAPOSTE/_VELIGO2/tools/ralph-wiggum/logs/T645_20260114_175434.log
[0;33m[17:55:12] ⚠[0m [T645] Retry 2/3
[0;34m[17:55:17][0m [T645] Processing with REAL agent...
[0;34m[17:55:17][0m [T645] Using Real Agent (actual execution, not simulation)...
[0;33m[17:55:56] ⚠[0m [T645] Agent returned FAILED or needs more work
[0;33m[17:55:56] ⚠[0m [T645] Exit code: 1
[0;33m[17:55:56] ⚠[0m [T645] Check log: /Users/sylvain/_LAPOSTE/_VELIGO2/tools/ralph-wiggum/logs/T645_20260114_175517.log
[0;33m[17:55:56] ⚠[0m [T645] Retry 3/3
[0;31m[17:56:01] ✗[0m [T645] Failed after 3 retries
[0;34m[17:56:01][0m [Wiggum-TDD] --once mode, exiting
[0;34m[17:56:01][0m [Wiggum-TDD] Daemon stopped
