[0;34m[17:52:49][0m Starting Wiggum-TDD daemon...
[0;34m[17:52:50][0m Queue: tdd
[0;34m[17:52:50][0m Tasks dir: /Users/sylvain/_LAPOSTE/_VELIGO2/tools/ralph-wiggum/tasks
[0;34m[17:52:50][0m Poll interval: 10s
[0;34m[17:52:52][0m [Wiggum-TDD] Found task: T644
[0;34m[17:52:52][0m [T644] Processing with REAL agent...
[0;34m[17:52:52][0m [T644] Using Real Agent (actual execution, not simulation)...
[0;33m[17:54:14] ⚠[0m [T644] Agent returned FAILED or needs more work
[0;33m[17:54:14] ⚠[0m [T644] Exit code: 1
[0;33m[17:54:14] ⚠[0m [T644] Check log: /Users/sylvain/_LAPOSTE/_VELIGO2/tools/ralph-wiggum/logs/T644_20260114_175252.log
[0;33m[17:54:14] ⚠[0m [T644] Retry 1/3
[0;34m[17:54:19][0m [T644] Processing with REAL agent...
[0;34m[17:54:19][0m [T644] Using Real Agent (actual execution, not simulation)...
[0;33m[17:54:51] ⚠[0m [T644] Agent returned FAILED or needs more work
[0;33m[17:54:51] ⚠[0m [T644] Exit code: 1
[0;33m[17:54:51] ⚠[0m [T644] Check log: /Users/sylvain/_LAPOSTE/_VELIGO2/tools/ralph-wiggum/logs/T644_20260114_175419.log
[0;33m[17:54:51] ⚠[0m [T644] Retry 2/3
[0;34m[17:54:56][0m [T644] Processing with REAL agent...
[0;34m[17:54:56][0m [T644] Using Real Agent (actual execution, not simulation)...
[0;33m[17:55:25] ⚠[0m [T644] Agent returned FAILED or needs more work
[0;33m[17:55:25] ⚠[0m [T644] Exit code: 1
[0;33m[17:55:25] ⚠[0m [T644] Check log: /Users/sylvain/_LAPOSTE/_VELIGO2/tools/ralph-wiggum/logs/T644_20260114_175456.log
[0;33m[17:55:25] ⚠[0m [T644] Retry 3/3
[0;31m[17:55:30] ✗[0m [T644] Failed after 3 retries
[0;34m[17:55:30][0m [Wiggum-TDD] --once mode, exiting
[0;34m[17:55:30][0m [Wiggum-TDD] Daemon stopped
