[0;34m[17:50:15][0m Starting Wiggum-TDD daemon...
[0;34m[17:50:15][0m Queue: tdd
[0;34m[17:50:15][0m Tasks dir: /Users/sylvain/_LAPOSTE/_VELIGO2/tools/ralph-wiggum/tasks
[0;34m[17:50:15][0m Poll interval: 10s
[0;34m[17:50:18][0m [Wiggum-TDD] Found task: T639
[0;34m[17:50:18][0m [T639] Processing with REAL agent...
[0;34m[17:50:18][0m [T639] Using Real Agent (actual execution, not simulation)...
[0;33m[17:51:05] ⚠[0m [T639] Agent returned FAILED or needs more work
[0;33m[17:51:05] ⚠[0m [T639] Exit code: 1
[0;33m[17:51:05] ⚠[0m [T639] Check log: /Users/sylvain/_LAPOSTE/_VELIGO2/tools/ralph-wiggum/logs/T639_20260114_175018.log
[0;33m[17:51:05] ⚠[0m [T639] Retry 1/3
[0;34m[17:51:10][0m [T639] Processing with REAL agent...
[0;34m[17:51:11][0m [T639] Using Real Agent (actual execution, not simulation)...
[0;33m[17:51:37] ⚠[0m [T639] Agent returned FAILED or needs more work
[0;33m[17:51:37] ⚠[0m [T639] Exit code: 1
[0;33m[17:51:37] ⚠[0m [T639] Check log: /Users/sylvain/_LAPOSTE/_VELIGO2/tools/ralph-wiggum/logs/T639_20260114_175111.log
[0;33m[17:51:37] ⚠[0m [T639] Retry 2/3
[0;34m[17:51:42][0m [T639] Processing with REAL agent...
[0;34m[17:51:42][0m [T639] Using Real Agent (actual execution, not simulation)...
[0;33m[17:52:15] ⚠[0m [T639] Agent returned FAILED or needs more work
[0;33m[17:52:15] ⚠[0m [T639] Exit code: 1
[0;33m[17:52:15] ⚠[0m [T639] Check log: /Users/sylvain/_LAPOSTE/_VELIGO2/tools/ralph-wiggum/logs/T639_20260114_175142.log
[0;33m[17:52:15] ⚠[0m [T639] Retry 3/3
[0;31m[17:52:20] ✗[0m [T639] Failed after 3 retries
[0;34m[17:52:20][0m [Wiggum-TDD] --once mode, exiting
[0;34m[17:52:20][0m [Wiggum-TDD] Daemon stopped
