[0;34m[17:50:11][0m Starting Wiggum-TDD daemon...
[0;34m[17:50:11][0m Queue: tdd
[0;34m[17:50:11][0m Tasks dir: /Users/sylvain/_LAPOSTE/_VELIGO2/tools/ralph-wiggum/tasks
[0;34m[17:50:11][0m Poll interval: 10s
[0;34m[17:50:15][0m [Wiggum-TDD] Found task: T638
[0;34m[17:50:15][0m [T638] Processing with REAL agent...
[0;34m[17:50:15][0m [T638] Using Real Agent (actual execution, not simulation)...
[0;33m[17:50:40] ⚠[0m [T638] Agent returned FAILED or needs more work
[0;33m[17:50:40] ⚠[0m [T638] Exit code: 1
[0;33m[17:50:40] ⚠[0m [T638] Check log: /Users/sylvain/_LAPOSTE/_VELIGO2/tools/ralph-wiggum/logs/T638_20260114_175015.log
[0;33m[17:50:41] ⚠[0m [T638] Retry 1/3
[0;34m[17:50:46][0m [T638] Processing with REAL agent...
[0;34m[17:50:46][0m [T638] Using Real Agent (actual execution, not simulation)...
[0;33m[17:51:14] ⚠[0m [T638] Agent returned FAILED or needs more work
[0;33m[17:51:14] ⚠[0m [T638] Exit code: 1
[0;33m[17:51:14] ⚠[0m [T638] Check log: /Users/sylvain/_LAPOSTE/_VELIGO2/tools/ralph-wiggum/logs/T638_20260114_175046.log
[0;33m[17:51:14] ⚠[0m [T638] Retry 2/3
[0;34m[17:51:19][0m [T638] Processing with REAL agent...
[0;34m[17:51:19][0m [T638] Using Real Agent (actual execution, not simulation)...
[0;33m[17:51:46] ⚠[0m [T638] Agent returned FAILED or needs more work
[0;33m[17:51:46] ⚠[0m [T638] Exit code: 1
[0;33m[17:51:46] ⚠[0m [T638] Check log: /Users/sylvain/_LAPOSTE/_VELIGO2/tools/ralph-wiggum/logs/T638_20260114_175119.log
[0;33m[17:51:46] ⚠[0m [T638] Retry 3/3
[0;31m[17:51:51] ✗[0m [T638] Failed after 3 retries
[0;34m[17:51:51][0m [Wiggum-TDD] --once mode, exiting
[0;34m[17:51:51][0m [Wiggum-TDD] Daemon stopped
