[0;34m[17:57:13][0m Starting Wiggum-TDD daemon...
[0;34m[17:57:13][0m Queue: tdd
[0;34m[17:57:13][0m Tasks dir: /Users/sylvain/_LAPOSTE/_VELIGO2/tools/ralph-wiggum/tasks
[0;34m[17:57:13][0m Poll interval: 10s
[0;34m[17:57:16][0m [Wiggum-TDD] Found task: T653
[0;34m[17:57:16][0m [T653] Processing with REAL agent...
[0;34m[17:57:16][0m [T653] Using Real Agent (actual execution, not simulation)...
[0;33m[17:57:40] ⚠[0m [T653] Agent returned FAILED or needs more work
[0;33m[17:57:40] ⚠[0m [T653] Exit code: 1
[0;33m[17:57:40] ⚠[0m [T653] Check log: /Users/sylvain/_LAPOSTE/_VELIGO2/tools/ralph-wiggum/logs/T653_20260114_175716.log
[0;33m[17:57:40] ⚠[0m [T653] Retry 1/3
[0;34m[17:57:45][0m [T653] Processing with REAL agent...
[0;34m[17:57:45][0m [T653] Using Real Agent (actual execution, not simulation)...
[0;33m[17:58:28] ⚠[0m [T653] Agent returned FAILED or needs more work
[0;33m[17:58:28] ⚠[0m [T653] Exit code: 1
[0;33m[17:58:28] ⚠[0m [T653] Check log: /Users/sylvain/_LAPOSTE/_VELIGO2/tools/ralph-wiggum/logs/T653_20260114_175745.log
[0;33m[17:58:28] ⚠[0m [T653] Retry 2/3
[0;34m[17:58:33][0m [T653] Processing with REAL agent...
[0;34m[17:58:34][0m [T653] Using Real Agent (actual execution, not simulation)...
[0;33m[17:59:02] ⚠[0m [T653] Agent returned FAILED or needs more work
[0;33m[17:59:02] ⚠[0m [T653] Exit code: 1
[0;33m[17:59:02] ⚠[0m [T653] Check log: /Users/sylvain/_LAPOSTE/_VELIGO2/tools/ralph-wiggum/logs/T653_20260114_175834.log
[0;33m[17:59:02] ⚠[0m [T653] Retry 3/3
[0;31m[17:59:07] ✗[0m [T653] Failed after 3 retries
[0;34m[17:59:07][0m [Wiggum-TDD] --once mode, exiting
[0;34m[17:59:07][0m [Wiggum-TDD] Daemon stopped
