[0;34m[17:59:18][0m Starting Wiggum-TDD daemon...
[0;34m[17:59:18][0m Queue: tdd
[0;34m[17:59:18][0m Tasks dir: /Users/sylvain/_LAPOSTE/_VELIGO2/tools/ralph-wiggum/tasks
[0;34m[17:59:18][0m Poll interval: 10s
[0;34m[17:59:21][0m [Wiggum-TDD] Found task: T655
[0;34m[17:59:21][0m [T655] Processing with REAL agent...
[0;34m[17:59:21][0m [T655] Using Real Agent (actual execution, not simulation)...
[0;33m[17:59:43] ⚠[0m [T655] Agent returned FAILED or needs more work
[0;33m[17:59:43] ⚠[0m [T655] Exit code: 1
[0;33m[17:59:43] ⚠[0m [T655] Check log: /Users/sylvain/_LAPOSTE/_VELIGO2/tools/ralph-wiggum/logs/T655_20260114_175921.log
[0;33m[17:59:43] ⚠[0m [T655] Retry 1/3
[0;34m[17:59:48][0m [T655] Processing with REAL agent...
[0;34m[17:59:48][0m [T655] Using Real Agent (actual execution, not simulation)...
[0;33m[18:05:32] ⚠[0m [T655] Agent returned FAILED or needs more work
[0;33m[18:05:32] ⚠[0m [T655] Exit code: 1
[0;33m[18:05:32] ⚠[0m [T655] Check log: /Users/sylvain/_LAPOSTE/_VELIGO2/tools/ralph-wiggum/logs/T655_20260114_175948.log
[0;33m[18:05:32] ⚠[0m [T655] Retry 2/3
[0;34m[18:05:37][0m [T655] Processing with REAL agent...
[0;34m[18:05:37][0m [T655] Using Real Agent (actual execution, not simulation)...
[0;33m[18:06:20] ⚠[0m [T655] Agent returned FAILED or needs more work
[0;33m[18:06:20] ⚠[0m [T655] Exit code: 1
[0;33m[18:06:20] ⚠[0m [T655] Check log: /Users/sylvain/_LAPOSTE/_VELIGO2/tools/ralph-wiggum/logs/T655_20260114_180537.log
[0;33m[18:06:20] ⚠[0m [T655] Retry 3/3
[0;31m[18:06:25] ✗[0m [T655] Failed after 3 retries
[0;34m[18:06:26][0m [Wiggum-TDD] --once mode, exiting
[0;34m[18:06:26][0m [Wiggum-TDD] Daemon stopped
