[0;34m[17:58:30][0m Starting Wiggum-TDD daemon...
[0;34m[17:58:30][0m Queue: tdd
[0;34m[17:58:30][0m Tasks dir: /Users/sylvain/_LAPOSTE/_VELIGO2/tools/ralph-wiggum/tasks
[0;34m[17:58:30][0m Poll interval: 10s
[0;34m[17:58:32][0m [Wiggum-TDD] Found task: T653
[0;34m[17:58:32][0m [T653] Processing with REAL agent...
[0;34m[17:58:32][0m [T653] Using Real Agent (actual execution, not simulation)...
[0;33m[17:59:12] ⚠[0m [T653] Agent returned FAILED or needs more work
[0;33m[17:59:12] ⚠[0m [T653] Exit code: 1
[0;33m[17:59:12] ⚠[0m [T653] Check log: /Users/sylvain/_LAPOSTE/_VELIGO2/tools/ralph-wiggum/logs/T653_20260114_175832.log
[0;33m[17:59:12] ⚠[0m [T653] Retry 1/3
[0;34m[17:59:17][0m [T653] Processing with REAL agent...
[0;34m[17:59:17][0m [T653] Using Real Agent (actual execution, not simulation)...
[0;33m[17:59:42] ⚠[0m [T653] Agent returned FAILED or needs more work
[0;33m[17:59:42] ⚠[0m [T653] Exit code: 1
[0;33m[17:59:42] ⚠[0m [T653] Check log: /Users/sylvain/_LAPOSTE/_VELIGO2/tools/ralph-wiggum/logs/T653_20260114_175917.log
[0;33m[17:59:42] ⚠[0m [T653] Retry 2/3
[0;34m[17:59:47][0m [T653] Processing with REAL agent...
[0;34m[17:59:47][0m [T653] Using Real Agent (actual execution, not simulation)...
[0;33m[18:00:42] ⚠[0m [T653] Agent returned FAILED or needs more work
[0;33m[18:00:42] ⚠[0m [T653] Exit code: 1
[0;33m[18:00:42] ⚠[0m [T653] Check log: /Users/sylvain/_LAPOSTE/_VELIGO2/tools/ralph-wiggum/logs/T653_20260114_175947.log
[0;33m[18:00:42] ⚠[0m [T653] Retry 3/3
[0;31m[18:00:47] ✗[0m [T653] Failed after 3 retries
[0;34m[18:00:48][0m [Wiggum-TDD] --once mode, exiting
[0;34m[18:00:48][0m [Wiggum-TDD] Daemon stopped
