[0;34m[17:58:22][0m Starting Wiggum-TDD daemon...
[0;34m[17:58:22][0m Queue: tdd
[0;34m[17:58:22][0m Tasks dir: /Users/sylvain/_LAPOSTE/_VELIGO2/tools/ralph-wiggum/tasks
[0;34m[17:58:22][0m Poll interval: 10s
[0;34m[17:58:24][0m [Wiggum-TDD] Found task: T646
[0;34m[17:58:24][0m [T646] Processing with REAL agent...
[0;34m[17:58:24][0m [T646] Using Real Agent (actual execution, not simulation)...
[0;33m[17:59:01] ⚠[0m [T646] Agent returned FAILED or needs more work
[0;33m[17:59:01] ⚠[0m [T646] Exit code: 1
[0;33m[17:59:01] ⚠[0m [T646] Check log: /Users/sylvain/_LAPOSTE/_VELIGO2/tools/ralph-wiggum/logs/T646_20260114_175824.log
[0;33m[17:59:01] ⚠[0m [T646] Retry 1/3
[0;34m[17:59:06][0m [T646] Processing with REAL agent...
[0;34m[17:59:06][0m [T646] Using Real Agent (actual execution, not simulation)...
[0;33m[17:59:45] ⚠[0m [T646] Agent returned FAILED or needs more work
[0;33m[17:59:45] ⚠[0m [T646] Exit code: 1
[0;33m[17:59:45] ⚠[0m [T646] Check log: /Users/sylvain/_LAPOSTE/_VELIGO2/tools/ralph-wiggum/logs/T646_20260114_175906.log
[0;33m[17:59:45] ⚠[0m [T646] Retry 2/3
[0;34m[17:59:50][0m [T646] Processing with REAL agent...
[0;34m[17:59:50][0m [T646] Using Real Agent (actual execution, not simulation)...
[0;33m[18:01:07] ⚠[0m [T646] Agent returned FAILED or needs more work
[0;33m[18:01:07] ⚠[0m [T646] Exit code: 1
[0;33m[18:01:07] ⚠[0m [T646] Check log: /Users/sylvain/_LAPOSTE/_VELIGO2/tools/ralph-wiggum/logs/T646_20260114_175950.log
[0;33m[18:01:07] ⚠[0m [T646] Retry 3/3
[0;31m[18:01:12] ✗[0m [T646] Failed after 3 retries
[0;34m[18:01:12][0m [Wiggum-TDD] --once mode, exiting
[0;34m[18:01:12][0m [Wiggum-TDD] Daemon stopped
