[0;34m[17:59:30][0m Starting Wiggum-TDD daemon...
[0;34m[17:59:30][0m Queue: tdd
[0;34m[17:59:30][0m Tasks dir: /Users/sylvain/_LAPOSTE/_VELIGO2/tools/ralph-wiggum/tasks
[0;34m[17:59:30][0m Poll interval: 10s
[0;34m[17:59:31][0m [Wiggum-TDD] Found task: T656
[0;34m[17:59:31][0m [T656] Processing with REAL agent...
[0;34m[17:59:31][0m [T656] Using Real Agent (actual execution, not simulation)...
[0;33m[18:00:07] ⚠[0m [T656] Agent returned FAILED or needs more work
[0;33m[18:00:07] ⚠[0m [T656] Exit code: 1
[0;33m[18:00:07] ⚠[0m [T656] Check log: /Users/sylvain/_LAPOSTE/_VELIGO2/tools/ralph-wiggum/logs/T656_20260114_175931.log
[0;33m[18:00:07] ⚠[0m [T656] Retry 1/3
[0;34m[18:00:12][0m [T656] Processing with REAL agent...
[0;34m[18:00:12][0m [T656] Using Real Agent (actual execution, not simulation)...
[0;33m[18:00:38] ⚠[0m [T656] Agent returned FAILED or needs more work
[0;33m[18:00:38] ⚠[0m [T656] Exit code: 1
[0;33m[18:00:38] ⚠[0m [T656] Check log: /Users/sylvain/_LAPOSTE/_VELIGO2/tools/ralph-wiggum/logs/T656_20260114_180012.log
[0;33m[18:00:38] ⚠[0m [T656] Retry 2/3
[0;34m[18:00:43][0m [T656] Processing with REAL agent...
[0;34m[18:00:43][0m [T656] Using Real Agent (actual execution, not simulation)...
[0;33m[18:01:09] ⚠[0m [T656] Agent returned FAILED or needs more work
[0;33m[18:01:09] ⚠[0m [T656] Exit code: 1
[0;33m[18:01:09] ⚠[0m [T656] Check log: /Users/sylvain/_LAPOSTE/_VELIGO2/tools/ralph-wiggum/logs/T656_20260114_180043.log
[0;33m[18:01:09] ⚠[0m [T656] Retry 3/3
[0;31m[18:01:14] ✗[0m [T656] Failed after 3 retries
[0;34m[18:01:14][0m [Wiggum-TDD] --once mode, exiting
[0;34m[18:01:14][0m [Wiggum-TDD] Daemon stopped
