[0;34m[18:00:55][0m Starting Wiggum-TDD daemon...
[0;34m[18:00:55][0m Queue: tdd
[0;34m[18:00:55][0m Tasks dir: /Users/sylvain/_LAPOSTE/_VELIGO2/tools/ralph-wiggum/tasks
[0;34m[18:00:55][0m Poll interval: 10s
[0;34m[18:00:56][0m [Wiggum-TDD] Found task: T657
[0;34m[18:00:56][0m [T657] Processing with REAL agent...
[0;34m[18:00:56][0m [T657] Using Real Agent (actual execution, not simulation)...
[0;33m[18:01:30] ⚠[0m [T657] Agent returned FAILED or needs more work
[0;33m[18:01:30] ⚠[0m [T657] Exit code: 1
[0;33m[18:01:30] ⚠[0m [T657] Check log: /Users/sylvain/_LAPOSTE/_VELIGO2/tools/ralph-wiggum/logs/T657_20260114_180056.log
[0;33m[18:01:30] ⚠[0m [T657] Retry 1/3
[0;34m[18:01:35][0m [T657] Processing with REAL agent...
[0;34m[18:01:35][0m [T657] Using Real Agent (actual execution, not simulation)...
[0;33m[18:08:36] ⚠[0m [T657] Agent returned FAILED or needs more work
[0;33m[18:08:36] ⚠[0m [T657] Exit code: 1
[0;33m[18:08:36] ⚠[0m [T657] Check log: /Users/sylvain/_LAPOSTE/_VELIGO2/tools/ralph-wiggum/logs/T657_20260114_180135.log
[0;33m[18:08:36] ⚠[0m [T657] Retry 2/3
[0;34m[18:08:42][0m [T657] Processing with REAL agent...
[0;34m[18:08:42][0m [T657] Using Real Agent (actual execution, not simulation)...
[0;33m[18:17:20] ⚠[0m [T657] Agent returned FAILED or needs more work
[0;33m[18:17:20] ⚠[0m [T657] Exit code: 1
[0;33m[18:17:20] ⚠[0m [T657] Check log: /Users/sylvain/_LAPOSTE/_VELIGO2/tools/ralph-wiggum/logs/T657_20260114_180842.log
[0;33m[18:17:21] ⚠[0m [T657] Retry 3/3
[0;31m[18:17:26] ✗[0m [T657] Failed after 3 retries
[0;34m[18:17:26][0m [Wiggum-TDD] --once mode, exiting
[0;34m[18:17:26][0m [Wiggum-TDD] Daemon stopped
