[0;34m[18:01:18][0m Starting Wiggum-TDD daemon...
[0;34m[18:01:18][0m Queue: tdd
[0;34m[18:01:18][0m Tasks dir: /Users/sylvain/_LAPOSTE/_VELIGO2/tools/ralph-wiggum/tasks
[0;34m[18:01:18][0m Poll interval: 10s
[0;34m[18:01:22][0m [Wiggum-TDD] Found task: T658
[0;34m[18:01:22][0m [T658] Processing with REAL agent...
[0;34m[18:01:23][0m [T658] Using Real Agent (actual execution, not simulation)...
[0;33m[18:02:31] ⚠[0m [T658] Agent returned FAILED or needs more work
[0;33m[18:02:31] ⚠[0m [T658] Exit code: 1
[0;33m[18:02:31] ⚠[0m [T658] Check log: /Users/sylvain/_LAPOSTE/_VELIGO2/tools/ralph-wiggum/logs/T658_20260114_180122.log
[0;33m[18:02:31] ⚠[0m [T658] Retry 1/3
[0;34m[18:02:36][0m [T658] Processing with REAL agent...
[0;34m[18:02:36][0m [T658] Using Real Agent (actual execution, not simulation)...
[0;33m[18:04:07] ⚠[0m [T658] Agent returned FAILED or needs more work
[0;33m[18:04:07] ⚠[0m [T658] Exit code: 1
[0;33m[18:04:07] ⚠[0m [T658] Check log: /Users/sylvain/_LAPOSTE/_VELIGO2/tools/ralph-wiggum/logs/T658_20260114_180236.log
[0;33m[18:04:07] ⚠[0m [T658] Retry 2/3
[0;34m[18:04:12][0m [T658] Processing with REAL agent...
[0;34m[18:04:12][0m [T658] Using Real Agent (actual execution, not simulation)...
[0;33m[18:07:43] ⚠[0m [T658] Agent returned FAILED or needs more work
[0;33m[18:07:43] ⚠[0m [T658] Exit code: 1
[0;33m[18:07:43] ⚠[0m [T658] Check log: /Users/sylvain/_LAPOSTE/_VELIGO2/tools/ralph-wiggum/logs/T658_20260114_180412.log
[0;33m[18:07:43] ⚠[0m [T658] Retry 3/3
[0;31m[18:07:48] ✗[0m [T658] Failed after 3 retries
[0;34m[18:07:48][0m [Wiggum-TDD] --once mode, exiting
[0;34m[18:07:48][0m [Wiggum-TDD] Daemon stopped
