[0;34m[18:01:32][0m Starting Wiggum-TDD daemon...
[0;34m[18:01:32][0m Queue: tdd
[0;34m[18:01:32][0m Tasks dir: /Users/sylvain/_LAPOSTE/_VELIGO2/tools/ralph-wiggum/tasks
[0;34m[18:01:32][0m Poll interval: 10s
[0;34m[18:01:35][0m [Wiggum-TDD] Found task: T657
[0;34m[18:01:35][0m [T657] Processing with REAL agent...
[0;34m[18:01:35][0m [T657] Using Real Agent (actual execution, not simulation)...
[0;33m[18:02:04] ⚠[0m [T657] Agent returned FAILED or needs more work
[0;33m[18:02:04] ⚠[0m [T657] Exit code: 1
[0;33m[18:02:04] ⚠[0m [T657] Check log: /Users/sylvain/_LAPOSTE/_VELIGO2/tools/ralph-wiggum/logs/T657_20260114_180135.log
[0;33m[18:02:04] ⚠[0m [T657] Retry 1/3
[0;34m[18:02:09][0m [T657] Processing with REAL agent...
[0;34m[18:02:09][0m [T657] Using Real Agent (actual execution, not simulation)...
[0;33m[18:02:37] ⚠[0m [T657] Agent returned FAILED or needs more work
[0;33m[18:02:37] ⚠[0m [T657] Exit code: 1
[0;33m[18:02:37] ⚠[0m [T657] Check log: /Users/sylvain/_LAPOSTE/_VELIGO2/tools/ralph-wiggum/logs/T657_20260114_180209.log
[0;33m[18:02:37] ⚠[0m [T657] Retry 2/3
[0;34m[18:02:42][0m [T657] Processing with REAL agent...
[0;34m[18:02:42][0m [T657] Using Real Agent (actual execution, not simulation)...
[0;33m[18:03:17] ⚠[0m [T657] Agent returned FAILED or needs more work
[0;33m[18:03:17] ⚠[0m [T657] Exit code: 1
[0;33m[18:03:17] ⚠[0m [T657] Check log: /Users/sylvain/_LAPOSTE/_VELIGO2/tools/ralph-wiggum/logs/T657_20260114_180242.log
[0;33m[18:03:17] ⚠[0m [T657] Retry 3/3
[0;31m[18:03:22] ✗[0m [T657] Failed after 3 retries
[0;34m[18:03:22][0m [Wiggum-TDD] --once mode, exiting
[0;34m[18:03:23][0m [Wiggum-TDD] Daemon stopped
