[0;34m[18:03:51][0m Starting Wiggum-TDD daemon...
[0;34m[18:03:51][0m Queue: tdd
[0;34m[18:03:51][0m Tasks dir: /Users/sylvain/_LAPOSTE/_VELIGO2/tools/ralph-wiggum/tasks
[0;34m[18:03:51][0m Poll interval: 10s
[0;34m[18:03:58][0m [Wiggum-TDD] Found task: T660
[0;34m[18:03:58][0m [T660] Processing with REAL agent...
[0;34m[18:03:58][0m [T660] Using Real Agent (actual execution, not simulation)...
[0;33m[18:04:37] ⚠[0m [T660] Agent returned FAILED or needs more work
[0;33m[18:04:37] ⚠[0m [T660] Exit code: 1
[0;33m[18:04:37] ⚠[0m [T660] Check log: /Users/sylvain/_LAPOSTE/_VELIGO2/tools/ralph-wiggum/logs/T660_20260114_180358.log
[0;33m[18:04:37] ⚠[0m [T660] Retry 1/3
[0;34m[18:04:42][0m [T660] Processing with REAL agent...
[0;34m[18:04:42][0m [T660] Using Real Agent (actual execution, not simulation)...
[0;33m[18:05:14] ⚠[0m [T660] Agent returned FAILED or needs more work
[0;33m[18:05:14] ⚠[0m [T660] Exit code: 1
[0;33m[18:05:14] ⚠[0m [T660] Check log: /Users/sylvain/_LAPOSTE/_VELIGO2/tools/ralph-wiggum/logs/T660_20260114_180442.log
[0;33m[18:05:15] ⚠[0m [T660] Retry 2/3
[0;34m[18:05:20][0m [T660] Processing with REAL agent...
[0;34m[18:05:20][0m [T660] Using Real Agent (actual execution, not simulation)...
[0;33m[18:05:44] ⚠[0m [T660] Agent returned FAILED or needs more work
[0;33m[18:05:44] ⚠[0m [T660] Exit code: 1
[0;33m[18:05:44] ⚠[0m [T660] Check log: /Users/sylvain/_LAPOSTE/_VELIGO2/tools/ralph-wiggum/logs/T660_20260114_180520.log
[0;33m[18:05:45] ⚠[0m [T660] Retry 3/3
[0;31m[18:05:50] ✗[0m [T660] Failed after 3 retries
[0;34m[18:05:50][0m [Wiggum-TDD] --once mode, exiting
[0;34m[18:05:50][0m [Wiggum-TDD] Daemon stopped
