[0;34m[18:04:05][0m Starting Wiggum-TDD daemon...
[0;34m[18:04:05][0m Queue: tdd
[0;34m[18:04:05][0m Tasks dir: /Users/sylvain/_LAPOSTE/_VELIGO2/tools/ralph-wiggum/tasks
[0;34m[18:04:05][0m Poll interval: 10s
[0;34m[18:04:09][0m [Wiggum-TDD] Found task: T658
[0;34m[18:04:09][0m [T658] Processing with REAL agent...
[0;34m[18:04:09][0m [T658] Using Real Agent (actual execution, not simulation)...
[0;33m[18:04:44] ⚠[0m [T658] Agent returned FAILED or needs more work
[0;33m[18:04:44] ⚠[0m [T658] Exit code: 1
[0;33m[18:04:44] ⚠[0m [T658] Check log: /Users/sylvain/_LAPOSTE/_VELIGO2/tools/ralph-wiggum/logs/T658_20260114_180409.log
[0;33m[18:04:44] ⚠[0m [T658] Retry 1/3
[0;34m[18:04:49][0m [T658] Processing with REAL agent...
[0;34m[18:04:49][0m [T658] Using Real Agent (actual execution, not simulation)...
[0;33m[18:05:42] ⚠[0m [T658] Agent returned FAILED or needs more work
[0;33m[18:05:42] ⚠[0m [T658] Exit code: 1
[0;33m[18:05:42] ⚠[0m [T658] Check log: /Users/sylvain/_LAPOSTE/_VELIGO2/tools/ralph-wiggum/logs/T658_20260114_180449.log
[0;33m[18:05:42] ⚠[0m [T658] Retry 2/3
[0;34m[18:05:47][0m [T658] Processing with REAL agent...
[0;34m[18:05:48][0m [T658] Using Real Agent (actual execution, not simulation)...
[0;33m[18:06:21] ⚠[0m [T658] Agent returned FAILED or needs more work
[0;33m[18:06:21] ⚠[0m [T658] Exit code: 1
[0;33m[18:06:21] ⚠[0m [T658] Check log: /Users/sylvain/_LAPOSTE/_VELIGO2/tools/ralph-wiggum/logs/T658_20260114_180548.log
[0;33m[18:06:21] ⚠[0m [T658] Retry 3/3
[0;31m[18:06:26] ✗[0m [T658] Failed after 3 retries
[0;34m[18:06:26][0m [Wiggum-TDD] --once mode, exiting
[0;34m[18:06:26][0m [Wiggum-TDD] Daemon stopped
