[0;34m[18:03:58][0m Starting Wiggum-TDD daemon...
[0;34m[18:03:58][0m Queue: tdd
[0;34m[18:03:58][0m Tasks dir: /Users/sylvain/_LAPOSTE/_VELIGO2/tools/ralph-wiggum/tasks
[0;34m[18:03:58][0m Poll interval: 10s
[0;34m[18:04:02][0m [Wiggum-TDD] Found task: T661
[0;34m[18:04:02][0m [T661] Processing with REAL agent...
[0;34m[18:04:02][0m [T661] Using Real Agent (actual execution, not simulation)...
[0;33m[18:04:52] ⚠[0m [T661] Agent returned FAILED or needs more work
[0;33m[18:04:52] ⚠[0m [T661] Exit code: 1
[0;33m[18:04:52] ⚠[0m [T661] Check log: /Users/sylvain/_LAPOSTE/_VELIGO2/tools/ralph-wiggum/logs/T661_20260114_180402.log
[0;33m[18:04:53] ⚠[0m [T661] Retry 1/3
[0;34m[18:04:58][0m [T661] Processing with REAL agent...
[0;34m[18:04:58][0m [T661] Using Real Agent (actual execution, not simulation)...
[0;33m[18:05:30] ⚠[0m [T661] Agent returned FAILED or needs more work
[0;33m[18:05:30] ⚠[0m [T661] Exit code: 1
[0;33m[18:05:30] ⚠[0m [T661] Check log: /Users/sylvain/_LAPOSTE/_VELIGO2/tools/ralph-wiggum/logs/T661_20260114_180458.log
[0;33m[18:05:30] ⚠[0m [T661] Retry 2/3
[0;34m[18:05:35][0m [T661] Processing with REAL agent...
[0;34m[18:05:35][0m [T661] Using Real Agent (actual execution, not simulation)...
[0;33m[18:06:17] ⚠[0m [T661] Agent returned FAILED or needs more work
[0;33m[18:06:17] ⚠[0m [T661] Exit code: 1
[0;33m[18:06:17] ⚠[0m [T661] Check log: /Users/sylvain/_LAPOSTE/_VELIGO2/tools/ralph-wiggum/logs/T661_20260114_180535.log
[0;33m[18:06:17] ⚠[0m [T661] Retry 3/3
[0;31m[18:06:22] ✗[0m [T661] Failed after 3 retries
[0;34m[18:06:22][0m [Wiggum-TDD] --once mode, exiting
[0;34m[18:06:22][0m [Wiggum-TDD] Daemon stopped
