[0;34m[18:23:58][0m Starting Wiggum-TDD daemon...
[0;34m[18:23:58][0m Queue: tdd
[0;34m[18:23:58][0m Tasks dir: /Users/sylvain/_LAPOSTE/_VELIGO2/tools/ralph-wiggum/tasks
[0;34m[18:23:58][0m Poll interval: 10s
[0;34m[18:23:59][0m [Wiggum-TDD] Found task: T1024
[0;34m[18:23:59][0m [T1024] Processing with REAL agent...
[0;34m[18:23:59][0m [T1024] Using Real Agent (actual execution, not simulation)...
[0;33m[18:24:28] ⚠[0m [T1024] Agent returned FAILED or needs more work
[0;33m[18:24:28] ⚠[0m [T1024] Exit code: 1
[0;33m[18:24:28] ⚠[0m [T1024] Check log: /Users/sylvain/_LAPOSTE/_VELIGO2/tools/ralph-wiggum/logs/T1024_20260114_182359.log
[0;33m[18:24:28] ⚠[0m [T1024] Retry 1/3
[0;34m[18:24:33][0m [T1024] Processing with REAL agent...
[0;34m[18:24:33][0m [T1024] Using Real Agent (actual execution, not simulation)...
[0;33m[18:24:54] ⚠[0m [T1024] Agent returned FAILED or needs more work
[0;33m[18:24:54] ⚠[0m [T1024] Exit code: 1
[0;33m[18:24:54] ⚠[0m [T1024] Check log: /Users/sylvain/_LAPOSTE/_VELIGO2/tools/ralph-wiggum/logs/T1024_20260114_182433.log
[0;33m[18:24:54] ⚠[0m [T1024] Retry 2/3
[0;34m[18:24:59][0m [T1024] Processing with REAL agent...
[0;34m[18:24:59][0m [T1024] Using Real Agent (actual execution, not simulation)...
[0;33m[18:25:20] ⚠[0m [T1024] Agent returned FAILED or needs more work
[0;33m[18:25:20] ⚠[0m [T1024] Exit code: 1
[0;33m[18:25:20] ⚠[0m [T1024] Check log: /Users/sylvain/_LAPOSTE/_VELIGO2/tools/ralph-wiggum/logs/T1024_20260114_182459.log
[0;33m[18:25:20] ⚠[0m [T1024] Retry 3/3
[0;31m[18:25:25] ✗[0m [T1024] Failed after 3 retries
[0;34m[18:25:26][0m [Wiggum-TDD] --once mode, exiting
[0;34m[18:25:26][0m [Wiggum-TDD] Daemon stopped
