[0;34m[18:22:27][0m Starting Wiggum-TDD daemon...
[0;34m[18:22:27][0m Queue: tdd
[0;34m[18:22:27][0m Tasks dir: /Users/sylvain/_LAPOSTE/_VELIGO2/tools/ralph-wiggum/tasks
[0;34m[18:22:27][0m Poll interval: 10s
[0;34m[18:22:27][0m [Wiggum-TDD] Found task: T1023
[0;34m[18:22:27][0m [T1023] Processing with REAL agent...
[0;34m[18:22:27][0m [T1023] Using Real Agent (actual execution, not simulation)...
[0;34m[18:25:55][0m [T1023] Running quality gates...
[0;33m[18:26:33] ⚠[0m [T1023] Quality gates FAILED
[0;33m[18:26:33] ⚠[0m [T1023] Retry 1/3
[0;34m[18:26:38][0m [T1023] Processing with REAL agent...
[0;34m[18:26:38][0m [T1023] Using Real Agent (actual execution, not simulation)...
[0;33m[18:27:04] ⚠[0m [T1023] Agent returned FAILED or needs more work
[0;33m[18:27:04] ⚠[0m [T1023] Exit code: 1
[0;33m[18:27:04] ⚠[0m [T1023] Check log: /Users/sylvain/_LAPOSTE/_VELIGO2/tools/ralph-wiggum/logs/T1023_20260114_182638.log
[0;33m[18:27:04] ⚠[0m [T1023] Retry 2/3
[0;34m[18:27:09][0m [T1023] Processing with REAL agent...
[0;34m[18:27:09][0m [T1023] Using Real Agent (actual execution, not simulation)...
[0;34m[18:28:13][0m [T1023] Running quality gates...
[0;33m[18:28:56] ⚠[0m [T1023] Quality gates FAILED
[0;33m[18:28:56] ⚠[0m [T1023] Retry 3/3
[0;31m[18:29:01] ✗[0m [T1023] Failed after 3 retries
[0;34m[18:29:01][0m [Wiggum-TDD] --once mode, exiting
[0;34m[18:29:01][0m [Wiggum-TDD] Daemon stopped
