[0;34m[18:21:55][0m Starting Wiggum-TDD daemon...
[0;34m[18:21:55][0m Queue: tdd
[0;34m[18:21:55][0m Tasks dir: /Users/sylvain/_LAPOSTE/_VELIGO2/tools/ralph-wiggum/tasks
[0;34m[18:21:55][0m Poll interval: 10s
[0;34m[18:21:55][0m [Wiggum-TDD] Found task: T1023
[0;34m[18:21:55][0m [T1023] Processing with REAL agent...
[0;34m[18:21:55][0m [T1023] Using Real Agent (actual execution, not simulation)...
[0;33m[18:22:24] ⚠[0m [T1023] Agent returned FAILED or needs more work
[0;33m[18:22:24] ⚠[0m [T1023] Exit code: 1
[0;33m[18:22:24] ⚠[0m [T1023] Check log: /Users/sylvain/_LAPOSTE/_VELIGO2/tools/ralph-wiggum/logs/T1023_20260114_182155.log
[0;33m[18:22:24] ⚠[0m [T1023] Retry 1/3
[0;34m[18:22:29][0m [T1023] Processing with REAL agent...
[0;34m[18:22:29][0m [T1023] Using Real Agent (actual execution, not simulation)...
[0;33m[18:22:54] ⚠[0m [T1023] Agent returned FAILED or needs more work
[0;33m[18:22:54] ⚠[0m [T1023] Exit code: 1
[0;33m[18:22:54] ⚠[0m [T1023] Check log: /Users/sylvain/_LAPOSTE/_VELIGO2/tools/ralph-wiggum/logs/T1023_20260114_182229.log
[0;33m[18:22:54] ⚠[0m [T1023] Retry 2/3
[0;34m[18:22:59][0m [T1023] Processing with REAL agent...
[0;34m[18:22:59][0m [T1023] Using Real Agent (actual execution, not simulation)...
[0;33m[18:26:27] ⚠[0m [T1023] Agent returned FAILED or needs more work
[0;33m[18:26:27] ⚠[0m [T1023] Exit code: 1
[0;33m[18:26:27] ⚠[0m [T1023] Check log: /Users/sylvain/_LAPOSTE/_VELIGO2/tools/ralph-wiggum/logs/T1023_20260114_182259.log
[0;33m[18:26:27] ⚠[0m [T1023] Retry 3/3
[0;31m[18:26:32] ✗[0m [T1023] Failed after 3 retries
[0;34m[18:26:32][0m [Wiggum-TDD] --once mode, exiting
[0;34m[18:26:32][0m [Wiggum-TDD] Daemon stopped
