[0;34m[18:20:39][0m Starting Wiggum-TDD daemon...
[0;34m[18:20:39][0m Queue: tdd
[0;34m[18:20:39][0m Tasks dir: /Users/sylvain/_LAPOSTE/_VELIGO2/tools/ralph-wiggum/tasks
[0;34m[18:20:39][0m Poll interval: 10s
[0;34m[18:20:40][0m [Wiggum-TDD] Found task: T1021
[0;34m[18:20:40][0m [T1021] Processing with REAL agent...
[0;34m[18:20:40][0m [T1021] Using Real Agent (actual execution, not simulation)...
[0;33m[18:21:11] ⚠[0m [T1021] Agent returned FAILED or needs more work
[0;33m[18:21:11] ⚠[0m [T1021] Exit code: 1
[0;33m[18:21:11] ⚠[0m [T1021] Check log: /Users/sylvain/_LAPOSTE/_VELIGO2/tools/ralph-wiggum/logs/T1021_20260114_182040.log
[0;33m[18:21:11] ⚠[0m [T1021] Retry 1/3
[0;34m[18:21:16][0m [T1021] Processing with REAL agent...
[0;34m[18:21:16][0m [T1021] Using Real Agent (actual execution, not simulation)...
[0;33m[18:22:15] ⚠[0m [T1021] Agent returned FAILED or needs more work
[0;33m[18:22:15] ⚠[0m [T1021] Exit code: 1
[0;33m[18:22:15] ⚠[0m [T1021] Check log: /Users/sylvain/_LAPOSTE/_VELIGO2/tools/ralph-wiggum/logs/T1021_20260114_182116.log
[0;33m[18:22:15] ⚠[0m [T1021] Retry 2/3
[0;34m[18:22:20][0m [T1021] Processing with REAL agent...
[0;34m[18:22:20][0m [T1021] Using Real Agent (actual execution, not simulation)...
[0;33m[18:23:25] ⚠[0m [T1021] Agent returned FAILED or needs more work
[0;33m[18:23:25] ⚠[0m [T1021] Exit code: 1
[0;33m[18:23:25] ⚠[0m [T1021] Check log: /Users/sylvain/_LAPOSTE/_VELIGO2/tools/ralph-wiggum/logs/T1021_20260114_182220.log
[0;33m[18:23:25] ⚠[0m [T1021] Retry 3/3
[0;31m[18:23:30] ✗[0m [T1021] Failed after 3 retries
[0;34m[18:23:30][0m [Wiggum-TDD] --once mode, exiting
[0;34m[18:23:30][0m [Wiggum-TDD] Daemon stopped
