[0;34m[18:20:22][0m Starting Wiggum-TDD daemon...
[0;34m[18:20:22][0m Queue: tdd
[0;34m[18:20:22][0m Tasks dir: /Users/sylvain/_LAPOSTE/_VELIGO2/tools/ralph-wiggum/tasks
[0;34m[18:20:22][0m Poll interval: 10s
[0;34m[18:20:24][0m [Wiggum-TDD] Found task: T1020
[0;34m[18:20:24][0m [T1020] Processing with REAL agent...
[0;34m[18:20:24][0m [T1020] Using Real Agent (actual execution, not simulation)...
[0;33m[18:20:54] ⚠[0m [T1020] Agent returned FAILED or needs more work
[0;33m[18:20:54] ⚠[0m [T1020] Exit code: 1
[0;33m[18:20:54] ⚠[0m [T1020] Check log: /Users/sylvain/_LAPOSTE/_VELIGO2/tools/ralph-wiggum/logs/T1020_20260114_182024.log
[0;33m[18:20:54] ⚠[0m [T1020] Retry 1/3
[0;34m[18:20:59][0m [T1020] Processing with REAL agent...
[0;34m[18:20:59][0m [T1020] Using Real Agent (actual execution, not simulation)...
[0;33m[18:29:22] ⚠[0m [T1020] Agent returned FAILED or needs more work
[0;33m[18:29:22] ⚠[0m [T1020] Exit code: 1
[0;33m[18:29:22] ⚠[0m [T1020] Check log: /Users/sylvain/_LAPOSTE/_VELIGO2/tools/ralph-wiggum/logs/T1020_20260114_182059.log
[0;33m[18:29:22] ⚠[0m [T1020] Retry 2/3
[0;34m[18:29:27][0m [T1020] Processing with REAL agent...
[0;34m[18:29:27][0m [T1020] Using Real Agent (actual execution, not simulation)...
[0;33m[18:29:47] ⚠[0m [T1020] Agent returned FAILED or needs more work
[0;33m[18:29:47] ⚠[0m [T1020] Exit code: 1
[0;33m[18:29:47] ⚠[0m [T1020] Check log: /Users/sylvain/_LAPOSTE/_VELIGO2/tools/ralph-wiggum/logs/T1020_20260114_182927.log
[0;33m[18:29:47] ⚠[0m [T1020] Retry 3/3
[0;31m[18:29:53] ✗[0m [T1020] Failed after 3 retries
[0;34m[18:29:53][0m [Wiggum-TDD] --once mode, exiting
[0;34m[18:29:53][0m [Wiggum-TDD] Daemon stopped
