[0;34m[18:19:31][0m Starting Wiggum-TDD daemon...
[0;34m[18:19:31][0m Queue: tdd
[0;34m[18:19:31][0m Tasks dir: /Users/sylvain/_LAPOSTE/_VELIGO2/tools/ralph-wiggum/tasks
[0;34m[18:19:31][0m Poll interval: 10s
[0;34m[18:19:32][0m [Wiggum-TDD] Found task: T1019
[0;34m[18:19:32][0m [T1019] Processing with REAL agent...
[0;34m[18:19:32][0m [T1019] Using Real Agent (actual execution, not simulation)...
[0;33m[18:20:03] ⚠[0m [T1019] Agent returned FAILED or needs more work
[0;33m[18:20:03] ⚠[0m [T1019] Exit code: 1
[0;33m[18:20:03] ⚠[0m [T1019] Check log: /Users/sylvain/_LAPOSTE/_VELIGO2/tools/ralph-wiggum/logs/T1019_20260114_181932.log
[0;33m[18:20:03] ⚠[0m [T1019] Retry 1/3
[0;34m[18:20:08][0m [T1019] Processing with REAL agent...
[0;34m[18:20:08][0m [T1019] Using Real Agent (actual execution, not simulation)...
[0;33m[18:20:52] ⚠[0m [T1019] Agent returned FAILED or needs more work
[0;33m[18:20:52] ⚠[0m [T1019] Exit code: 1
[0;33m[18:20:52] ⚠[0m [T1019] Check log: /Users/sylvain/_LAPOSTE/_VELIGO2/tools/ralph-wiggum/logs/T1019_20260114_182008.log
[0;33m[18:20:52] ⚠[0m [T1019] Retry 2/3
[0;34m[18:20:57][0m [T1019] Processing with REAL agent...
[0;34m[18:20:58][0m [T1019] Using Real Agent (actual execution, not simulation)...
[0;33m[18:21:27] ⚠[0m [T1019] Agent returned FAILED or needs more work
[0;33m[18:21:27] ⚠[0m [T1019] Exit code: 1
[0;33m[18:21:27] ⚠[0m [T1019] Check log: /Users/sylvain/_LAPOSTE/_VELIGO2/tools/ralph-wiggum/logs/T1019_20260114_182058.log
[0;33m[18:21:28] ⚠[0m [T1019] Retry 3/3
[0;31m[18:21:33] ✗[0m [T1019] Failed after 3 retries
[0;34m[18:21:33][0m [Wiggum-TDD] --once mode, exiting
[0;34m[18:21:33][0m [Wiggum-TDD] Daemon stopped
