[0;34m[18:18:43][0m Starting Wiggum-TDD daemon...
[0;34m[18:18:43][0m Queue: tdd
[0;34m[18:18:43][0m Tasks dir: /Users/sylvain/_LAPOSTE/_VELIGO2/tools/ralph-wiggum/tasks
[0;34m[18:18:43][0m Poll interval: 10s
[0;34m[18:18:43][0m [Wiggum-TDD] Found task: T1018
[0;34m[18:18:43][0m [T1018] Processing with REAL agent...
[0;34m[18:18:43][0m [T1018] Using Real Agent (actual execution, not simulation)...
[0;34m[18:19:51][0m [T1018] Running quality gates...
[0;33m[18:20:51] ⚠[0m [T1018] Quality gates FAILED
[0;33m[18:20:52] ⚠[0m [T1018] Retry 1/3
[0;34m[18:20:57][0m [T1018] Processing with REAL agent...
[0;34m[18:20:57][0m [T1018] Using Real Agent (actual execution, not simulation)...
[0;33m[18:21:21] ⚠[0m [T1018] Agent returned FAILED or needs more work
[0;33m[18:21:21] ⚠[0m [T1018] Exit code: 1
[0;33m[18:21:21] ⚠[0m [T1018] Check log: /Users/sylvain/_LAPOSTE/_VELIGO2/tools/ralph-wiggum/logs/T1018_20260114_182057.log
[0;33m[18:21:21] ⚠[0m [T1018] Retry 2/3
[0;34m[18:21:26][0m [T1018] Processing with REAL agent...
[0;34m[18:21:26][0m [T1018] Using Real Agent (actual execution, not simulation)...
[0;33m[18:22:00] ⚠[0m [T1018] Agent returned FAILED or needs more work
[0;33m[18:22:00] ⚠[0m [T1018] Exit code: 1
[0;33m[18:22:00] ⚠[0m [T1018] Check log: /Users/sylvain/_LAPOSTE/_VELIGO2/tools/ralph-wiggum/logs/T1018_20260114_182126.log
[0;33m[18:22:00] ⚠[0m [T1018] Retry 3/3
[0;31m[18:22:05] ✗[0m [T1018] Failed after 3 retries
[0;34m[18:22:05][0m [Wiggum-TDD] --once mode, exiting
[0;34m[18:22:05][0m [Wiggum-TDD] Daemon stopped
