[0;34m[18:18:34][0m Starting Wiggum-TDD daemon...
[0;34m[18:18:34][0m Queue: tdd
[0;34m[18:18:34][0m Tasks dir: /Users/sylvain/_LAPOSTE/_VELIGO2/tools/ralph-wiggum/tasks
[0;34m[18:18:34][0m Poll interval: 10s
[0;34m[18:18:35][0m [Wiggum-TDD] Found task: T1013
[0;34m[18:18:35][0m [T1013] Processing with REAL agent...
[0;34m[18:18:35][0m [T1013] Using Real Agent (actual execution, not simulation)...
[0;33m[18:18:59] ⚠[0m [T1013] Agent returned FAILED or needs more work
[0;33m[18:18:59] ⚠[0m [T1013] Exit code: 1
[0;33m[18:18:59] ⚠[0m [T1013] Check log: /Users/sylvain/_LAPOSTE/_VELIGO2/tools/ralph-wiggum/logs/T1013_20260114_181835.log
[0;33m[18:18:59] ⚠[0m [T1013] Retry 1/3
[0;34m[18:19:04][0m [T1013] Processing with REAL agent...
[0;34m[18:19:04][0m [T1013] Using Real Agent (actual execution, not simulation)...
[0;33m[18:19:36] ⚠[0m [T1013] Agent returned FAILED or needs more work
[0;33m[18:19:36] ⚠[0m [T1013] Exit code: 1
[0;33m[18:19:36] ⚠[0m [T1013] Check log: /Users/sylvain/_LAPOSTE/_VELIGO2/tools/ralph-wiggum/logs/T1013_20260114_181904.log
[0;33m[18:19:36] ⚠[0m [T1013] Retry 2/3
[0;34m[18:19:41][0m [T1013] Processing with REAL agent...
[0;34m[18:19:41][0m [T1013] Using Real Agent (actual execution, not simulation)...
[0;34m[18:20:24][0m [T1013] Running quality gates...
[0;33m[18:21:14] ⚠[0m [T1013] Quality gates FAILED
[0;33m[18:21:14] ⚠[0m [T1013] Retry 3/3
[0;31m[18:21:19] ✗[0m [T1013] Failed after 3 retries
[0;34m[18:21:19][0m [Wiggum-TDD] --once mode, exiting
[0;34m[18:21:19][0m [Wiggum-TDD] Daemon stopped
