[0;34m[18:16:58][0m Starting Wiggum-TDD daemon...
[0;34m[18:16:58][0m Queue: tdd
[0;34m[18:16:58][0m Tasks dir: /Users/sylvain/_LAPOSTE/_VELIGO2/tools/ralph-wiggum/tasks
[0;34m[18:16:58][0m Poll interval: 10s
[0;34m[18:16:59][0m [Wiggum-TDD] Found task: T1014
[0;34m[18:16:59][0m [T1014] Processing with REAL agent...
[0;34m[18:16:59][0m [T1014] Using Real Agent (actual execution, not simulation)...
[0;33m[18:17:36] ⚠[0m [T1014] Agent returned FAILED or needs more work
[0;33m[18:17:36] ⚠[0m [T1014] Exit code: 1
[0;33m[18:17:36] ⚠[0m [T1014] Check log: /Users/sylvain/_LAPOSTE/_VELIGO2/tools/ralph-wiggum/logs/T1014_20260114_181659.log
[0;33m[18:17:36] ⚠[0m [T1014] Retry 1/3
[0;34m[18:17:41][0m [T1014] Processing with REAL agent...
[0;34m[18:17:42][0m [T1014] Using Real Agent (actual execution, not simulation)...
[0;33m[18:18:09] ⚠[0m [T1014] Agent returned FAILED or needs more work
[0;33m[18:18:09] ⚠[0m [T1014] Exit code: 1
[0;33m[18:18:09] ⚠[0m [T1014] Check log: /Users/sylvain/_LAPOSTE/_VELIGO2/tools/ralph-wiggum/logs/T1014_20260114_181742.log
[0;33m[18:18:09] ⚠[0m [T1014] Retry 2/3
[0;34m[18:18:14][0m [T1014] Processing with REAL agent...
[0;34m[18:18:14][0m [T1014] Using Real Agent (actual execution, not simulation)...
[0;34m[18:19:16][0m [T1014] Running quality gates...
[0;33m[18:20:02] ⚠[0m [T1014] Quality gates FAILED
[0;33m[18:20:02] ⚠[0m [T1014] Retry 3/3
[0;31m[18:20:07] ✗[0m [T1014] Failed after 3 retries
[0;34m[18:20:07][0m [Wiggum-TDD] --once mode, exiting
[0;34m[18:20:07][0m [Wiggum-TDD] Daemon stopped
