[0;34m[18:15:47][0m Starting Wiggum-TDD daemon...
[0;34m[18:15:47][0m Queue: tdd
[0;34m[18:15:47][0m Tasks dir: /Users/sylvain/_LAPOSTE/_VELIGO2/tools/ralph-wiggum/tasks
[0;34m[18:15:47][0m Poll interval: 10s
[0;34m[18:15:47][0m [Wiggum-TDD] Found task: T1015
[0;34m[18:15:47][0m [T1015] Processing with REAL agent...
[0;34m[18:15:47][0m [T1015] Using Real Agent (actual execution, not simulation)...
[0;33m[18:16:12] ⚠[0m [T1015] Agent returned FAILED or needs more work
[0;33m[18:16:12] ⚠[0m [T1015] Exit code: 1
[0;33m[18:16:12] ⚠[0m [T1015] Check log: /Users/sylvain/_LAPOSTE/_VELIGO2/tools/ralph-wiggum/logs/T1015_20260114_181547.log
[0;33m[18:16:13] ⚠[0m [T1015] Retry 1/3
[0;34m[18:16:18][0m [T1015] Processing with REAL agent...
[0;34m[18:16:18][0m [T1015] Using Real Agent (actual execution, not simulation)...
[0;33m[18:20:14] ⚠[0m [T1015] Agent returned FAILED or needs more work
[0;33m[18:20:14] ⚠[0m [T1015] Exit code: 1
[0;33m[18:20:14] ⚠[0m [T1015] Check log: /Users/sylvain/_LAPOSTE/_VELIGO2/tools/ralph-wiggum/logs/T1015_20260114_181618.log
[0;33m[18:20:15] ⚠[0m [T1015] Retry 2/3
[0;34m[18:20:20][0m [T1015] Processing with REAL agent...
[0;34m[18:20:20][0m [T1015] Using Real Agent (actual execution, not simulation)...
[0;33m[18:21:15] ⚠[0m [T1015] Agent returned FAILED or needs more work
[0;33m[18:21:15] ⚠[0m [T1015] Exit code: 1
[0;33m[18:21:15] ⚠[0m [T1015] Check log: /Users/sylvain/_LAPOSTE/_VELIGO2/tools/ralph-wiggum/logs/T1015_20260114_182020.log
[0;33m[18:21:15] ⚠[0m [T1015] Retry 3/3
[0;31m[18:21:20] ✗[0m [T1015] Failed after 3 retries
[0;34m[18:21:20][0m [Wiggum-TDD] --once mode, exiting
[0;34m[18:21:20][0m [Wiggum-TDD] Daemon stopped
