[0;34m[18:13:57][0m Starting Wiggum-TDD daemon...
[0;34m[18:13:57][0m Queue: tdd
[0;34m[18:13:57][0m Tasks dir: /Users/sylvain/_LAPOSTE/_VELIGO2/tools/ralph-wiggum/tasks
[0;34m[18:13:57][0m Poll interval: 10s
[0;34m[18:13:58][0m [Wiggum-TDD] Found task: T1012
[0;34m[18:13:58][0m [T1012] Processing with REAL agent...
[0;34m[18:13:58][0m [T1012] Using Real Agent (actual execution, not simulation)...
[0;33m[18:15:38] ⚠[0m [T1012] Agent returned FAILED or needs more work
[0;33m[18:15:38] ⚠[0m [T1012] Exit code: 1
[0;33m[18:15:38] ⚠[0m [T1012] Check log: /Users/sylvain/_LAPOSTE/_VELIGO2/tools/ralph-wiggum/logs/T1012_20260114_181358.log
[0;33m[18:15:38] ⚠[0m [T1012] Retry 1/3
[0;34m[18:15:44][0m [T1012] Processing with REAL agent...
[0;34m[18:15:44][0m [T1012] Using Real Agent (actual execution, not simulation)...
[0;33m[18:16:15] ⚠[0m [T1012] Agent returned FAILED or needs more work
[0;33m[18:16:15] ⚠[0m [T1012] Exit code: 1
[0;33m[18:16:15] ⚠[0m [T1012] Check log: /Users/sylvain/_LAPOSTE/_VELIGO2/tools/ralph-wiggum/logs/T1012_20260114_181544.log
[0;33m[18:16:15] ⚠[0m [T1012] Retry 2/3
[0;34m[18:16:20][0m [T1012] Processing with REAL agent...
[0;34m[18:16:20][0m [T1012] Using Real Agent (actual execution, not simulation)...
[0;33m[18:17:23] ⚠[0m [T1012] Agent returned FAILED or needs more work
[0;33m[18:17:23] ⚠[0m [T1012] Exit code: 1
[0;33m[18:17:23] ⚠[0m [T1012] Check log: /Users/sylvain/_LAPOSTE/_VELIGO2/tools/ralph-wiggum/logs/T1012_20260114_181620.log
[0;33m[18:17:23] ⚠[0m [T1012] Retry 3/3
[0;31m[18:17:28] ✗[0m [T1012] Failed after 3 retries
[0;34m[18:17:29][0m [Wiggum-TDD] --once mode, exiting
[0;34m[18:17:29][0m [Wiggum-TDD] Daemon stopped
