[0;34m[18:13:06][0m Starting Wiggum-TDD daemon...
[0;34m[18:13:06][0m Queue: tdd
[0;34m[18:13:06][0m Tasks dir: /Users/sylvain/_LAPOSTE/_VELIGO2/tools/ralph-wiggum/tasks
[0;34m[18:13:06][0m Poll interval: 10s
[0;34m[18:13:06][0m [Wiggum-TDD] Found task: T1013
[0;34m[18:13:06][0m [T1013] Processing with REAL agent...
[0;34m[18:13:06][0m [T1013] Using Real Agent (actual execution, not simulation)...
[0;33m[18:13:34] ⚠[0m [T1013] Agent returned FAILED or needs more work
[0;33m[18:13:34] ⚠[0m [T1013] Exit code: 1
[0;33m[18:13:34] ⚠[0m [T1013] Check log: /Users/sylvain/_LAPOSTE/_VELIGO2/tools/ralph-wiggum/logs/T1013_20260114_181306.log
[0;33m[18:13:34] ⚠[0m [T1013] Retry 1/3
[0;34m[18:13:39][0m [T1013] Processing with REAL agent...
[0;34m[18:13:39][0m [T1013] Using Real Agent (actual execution, not simulation)...
[0;33m[18:18:31] ⚠[0m [T1013] Agent returned FAILED or needs more work
[0;33m[18:18:31] ⚠[0m [T1013] Exit code: 1
[0;33m[18:18:31] ⚠[0m [T1013] Check log: /Users/sylvain/_LAPOSTE/_VELIGO2/tools/ralph-wiggum/logs/T1013_20260114_181339.log
[0;33m[18:18:31] ⚠[0m [T1013] Retry 2/3
[0;34m[18:18:36][0m [T1013] Processing with REAL agent...
[0;34m[18:18:36][0m [T1013] Using Real Agent (actual execution, not simulation)...
[0;33m[18:19:43] ⚠[0m [T1013] Agent returned FAILED or needs more work
[0;33m[18:19:43] ⚠[0m [T1013] Exit code: 1
[0;33m[18:19:43] ⚠[0m [T1013] Check log: /Users/sylvain/_LAPOSTE/_VELIGO2/tools/ralph-wiggum/logs/T1013_20260114_181836.log
[0;33m[18:19:43] ⚠[0m [T1013] Retry 3/3
[0;31m[18:19:48] ✗[0m [T1013] Failed after 3 retries
[0;34m[18:19:48][0m [Wiggum-TDD] --once mode, exiting
[0;34m[18:19:48][0m [Wiggum-TDD] Daemon stopped
