[0;34m[18:13:00][0m Starting Wiggum-TDD daemon...
[0;34m[18:13:00][0m Queue: tdd
[0;34m[18:13:00][0m Tasks dir: /Users/sylvain/_LAPOSTE/_VELIGO2/tools/ralph-wiggum/tasks
[0;34m[18:13:00][0m Poll interval: 10s
[0;34m[18:13:01][0m [Wiggum-TDD] Found task: T1012
[0;34m[18:13:01][0m [T1012] Processing with REAL agent...
[0;34m[18:13:01][0m [T1012] Using Real Agent (actual execution, not simulation)...
[0;33m[18:13:26] ⚠[0m [T1012] Agent returned FAILED or needs more work
[0;33m[18:13:26] ⚠[0m [T1012] Exit code: 1
[0;33m[18:13:26] ⚠[0m [T1012] Check log: /Users/sylvain/_LAPOSTE/_VELIGO2/tools/ralph-wiggum/logs/T1012_20260114_181301.log
[0;33m[18:13:27] ⚠[0m [T1012] Retry 1/3
[0;34m[18:13:32][0m [T1012] Processing with REAL agent...
[0;34m[18:13:32][0m [T1012] Using Real Agent (actual execution, not simulation)...
[0;33m[18:13:57] ⚠[0m [T1012] Agent returned FAILED or needs more work
[0;33m[18:13:57] ⚠[0m [T1012] Exit code: 1
[0;33m[18:13:57] ⚠[0m [T1012] Check log: /Users/sylvain/_LAPOSTE/_VELIGO2/tools/ralph-wiggum/logs/T1012_20260114_181332.log
[0;33m[18:13:57] ⚠[0m [T1012] Retry 2/3
[0;34m[18:14:02][0m [T1012] Processing with REAL agent...
[0;34m[18:14:02][0m [T1012] Using Real Agent (actual execution, not simulation)...
[0;33m[18:14:54] ⚠[0m [T1012] Agent returned FAILED or needs more work
[0;33m[18:14:54] ⚠[0m [T1012] Exit code: 1
[0;33m[18:14:54] ⚠[0m [T1012] Check log: /Users/sylvain/_LAPOSTE/_VELIGO2/tools/ralph-wiggum/logs/T1012_20260114_181402.log
[0;33m[18:14:54] ⚠[0m [T1012] Retry 3/3
[0;31m[18:14:59] ✗[0m [T1012] Failed after 3 retries
[0;34m[18:14:59][0m [Wiggum-TDD] --once mode, exiting
[0;34m[18:14:59][0m [Wiggum-TDD] Daemon stopped
