[0;34m[18:11:16][0m Starting Wiggum-TDD daemon...
[0;34m[18:11:16][0m Queue: tdd
[0;34m[18:11:16][0m Tasks dir: /Users/sylvain/_LAPOSTE/_VELIGO2/tools/ralph-wiggum/tasks
[0;34m[18:11:16][0m Poll interval: 10s
[0;34m[18:11:16][0m [Wiggum-TDD] Found task: T1011
[0;34m[18:11:16][0m [T1011] Processing with REAL agent...
[0;34m[18:11:16][0m [T1011] Using Real Agent (actual execution, not simulation)...
[0;33m[18:12:08] ⚠[0m [T1011] Agent returned FAILED or needs more work
[0;33m[18:12:08] ⚠[0m [T1011] Exit code: 1
[0;33m[18:12:08] ⚠[0m [T1011] Check log: /Users/sylvain/_LAPOSTE/_VELIGO2/tools/ralph-wiggum/logs/T1011_20260114_181116.log
[0;33m[18:12:09] ⚠[0m [T1011] Retry 1/3
[0;34m[18:12:14][0m [T1011] Processing with REAL agent...
[0;34m[18:12:14][0m [T1011] Using Real Agent (actual execution, not simulation)...
[0;33m[18:13:13] ⚠[0m [T1011] Agent returned FAILED or needs more work
[0;33m[18:13:13] ⚠[0m [T1011] Exit code: 1
[0;33m[18:13:13] ⚠[0m [T1011] Check log: /Users/sylvain/_LAPOSTE/_VELIGO2/tools/ralph-wiggum/logs/T1011_20260114_181214.log
[0;33m[18:13:13] ⚠[0m [T1011] Retry 2/3
[0;34m[18:13:18][0m [T1011] Processing with REAL agent...
[0;34m[18:13:18][0m [T1011] Using Real Agent (actual execution, not simulation)...
[0;33m[18:14:05] ⚠[0m [T1011] Agent returned FAILED or needs more work
[0;33m[18:14:05] ⚠[0m [T1011] Exit code: 1
[0;33m[18:14:05] ⚠[0m [T1011] Check log: /Users/sylvain/_LAPOSTE/_VELIGO2/tools/ralph-wiggum/logs/T1011_20260114_181318.log
[0;33m[18:14:05] ⚠[0m [T1011] Retry 3/3
[0;31m[18:14:10] ✗[0m [T1011] Failed after 3 retries
[0;34m[18:14:10][0m [Wiggum-TDD] --once mode, exiting
[0;34m[18:14:10][0m [Wiggum-TDD] Daemon stopped
