[0;34m[18:10:34][0m Starting Wiggum-TDD daemon...
[0;34m[18:10:34][0m Queue: tdd
[0;34m[18:10:34][0m Tasks dir: /Users/sylvain/_LAPOSTE/_VELIGO2/tools/ralph-wiggum/tasks
[0;34m[18:10:34][0m Poll interval: 10s
[0;34m[18:10:34][0m [Wiggum-TDD] Found task: T1010
[0;34m[18:10:34][0m [T1010] Processing with REAL agent...
[0;34m[18:10:34][0m [T1010] Using Real Agent (actual execution, not simulation)...
[0;33m[18:11:18] ⚠[0m [T1010] Agent returned FAILED or needs more work
[0;33m[18:11:18] ⚠[0m [T1010] Exit code: 1
[0;33m[18:11:18] ⚠[0m [T1010] Check log: /Users/sylvain/_LAPOSTE/_VELIGO2/tools/ralph-wiggum/logs/T1010_20260114_181034.log
[0;33m[18:11:18] ⚠[0m [T1010] Retry 1/3
[0;34m[18:11:23][0m [T1010] Processing with REAL agent...
[0;34m[18:11:23][0m [T1010] Using Real Agent (actual execution, not simulation)...
[0;33m[18:11:48] ⚠[0m [T1010] Agent returned FAILED or needs more work
[0;33m[18:11:48] ⚠[0m [T1010] Exit code: 1
[0;33m[18:11:48] ⚠[0m [T1010] Check log: /Users/sylvain/_LAPOSTE/_VELIGO2/tools/ralph-wiggum/logs/T1010_20260114_181123.log
[0;33m[18:11:48] ⚠[0m [T1010] Retry 2/3
[0;34m[18:11:53][0m [T1010] Processing with REAL agent...
[0;34m[18:11:53][0m [T1010] Using Real Agent (actual execution, not simulation)...
[0;33m[18:12:26] ⚠[0m [T1010] Agent returned FAILED or needs more work
[0;33m[18:12:26] ⚠[0m [T1010] Exit code: 1
[0;33m[18:12:26] ⚠[0m [T1010] Check log: /Users/sylvain/_LAPOSTE/_VELIGO2/tools/ralph-wiggum/logs/T1010_20260114_181153.log
[0;33m[18:12:28] ⚠[0m [T1010] Retry 3/3
[0;31m[18:12:33] ✗[0m [T1010] Failed after 3 retries
[0;34m[18:12:33][0m [Wiggum-TDD] --once mode, exiting
[0;34m[18:12:33][0m [Wiggum-TDD] Daemon stopped
