[0;34m[18:09:59][0m Starting Wiggum-TDD daemon...
[0;34m[18:09:59][0m Queue: tdd
[0;34m[18:09:59][0m Tasks dir: /Users/sylvain/_LAPOSTE/_VELIGO2/tools/ralph-wiggum/tasks
[0;34m[18:09:59][0m Poll interval: 10s
[0;34m[18:10:00][0m [Wiggum-TDD] Found task: T1009
[0;34m[18:10:00][0m [T1009] Processing with REAL agent...
[0;34m[18:10:00][0m [T1009] Using Real Agent (actual execution, not simulation)...
[0;33m[18:10:45] ⚠[0m [T1009] Agent returned FAILED or needs more work
[0;33m[18:10:45] ⚠[0m [T1009] Exit code: 1
[0;33m[18:10:45] ⚠[0m [T1009] Check log: /Users/sylvain/_LAPOSTE/_VELIGO2/tools/ralph-wiggum/logs/T1009_20260114_181000.log
[0;33m[18:10:45] ⚠[0m [T1009] Retry 1/3
[0;34m[18:10:51][0m [T1009] Processing with REAL agent...
[0;34m[18:10:51][0m [T1009] Using Real Agent (actual execution, not simulation)...
[0;33m[18:11:21] ⚠[0m [T1009] Agent returned FAILED or needs more work
[0;33m[18:11:21] ⚠[0m [T1009] Exit code: 1
[0;33m[18:11:21] ⚠[0m [T1009] Check log: /Users/sylvain/_LAPOSTE/_VELIGO2/tools/ralph-wiggum/logs/T1009_20260114_181051.log
[0;33m[18:11:21] ⚠[0m [T1009] Retry 2/3
[0;34m[18:11:26][0m [T1009] Processing with REAL agent...
[0;34m[18:11:26][0m [T1009] Using Real Agent (actual execution, not simulation)...
[0;33m[18:15:48] ⚠[0m [T1009] Agent returned FAILED or needs more work
[0;33m[18:15:48] ⚠[0m [T1009] Exit code: 1
[0;33m[18:15:48] ⚠[0m [T1009] Check log: /Users/sylvain/_LAPOSTE/_VELIGO2/tools/ralph-wiggum/logs/T1009_20260114_181126.log
[0;33m[18:15:48] ⚠[0m [T1009] Retry 3/3
[0;31m[18:15:53] ✗[0m [T1009] Failed after 3 retries
[0;34m[18:15:54][0m [Wiggum-TDD] --once mode, exiting
[0;34m[18:15:54][0m [Wiggum-TDD] Daemon stopped
