[0;34m[18:08:53][0m Starting Wiggum-TDD daemon...
[0;34m[18:08:53][0m Queue: tdd
[0;34m[18:08:53][0m Tasks dir: /Users/sylvain/_LAPOSTE/_VELIGO2/tools/ralph-wiggum/tasks
[0;34m[18:08:53][0m Poll interval: 10s
[0;34m[18:08:54][0m [Wiggum-TDD] Found task: T1008
[0;34m[18:08:54][0m [T1008] Processing with REAL agent...
[0;34m[18:08:54][0m [T1008] Using Real Agent (actual execution, not simulation)...
[0;33m[18:09:17] ⚠[0m [T1008] Agent returned FAILED or needs more work
[0;33m[18:09:17] ⚠[0m [T1008] Exit code: 1
[0;33m[18:09:17] ⚠[0m [T1008] Check log: /Users/sylvain/_LAPOSTE/_VELIGO2/tools/ralph-wiggum/logs/T1008_20260114_180854.log
[0;33m[18:09:17] ⚠[0m [T1008] Retry 1/3
[0;34m[18:09:22][0m [T1008] Processing with REAL agent...
[0;34m[18:09:22][0m [T1008] Using Real Agent (actual execution, not simulation)...
[0;33m[18:10:05] ⚠[0m [T1008] Agent returned FAILED or needs more work
[0;33m[18:10:05] ⚠[0m [T1008] Exit code: 1
[0;33m[18:10:05] ⚠[0m [T1008] Check log: /Users/sylvain/_LAPOSTE/_VELIGO2/tools/ralph-wiggum/logs/T1008_20260114_180922.log
[0;33m[18:10:05] ⚠[0m [T1008] Retry 2/3
[0;34m[18:10:10][0m [T1008] Processing with REAL agent...
[0;34m[18:10:10][0m [T1008] Using Real Agent (actual execution, not simulation)...
[0;33m[18:10:35] ⚠[0m [T1008] Agent returned FAILED or needs more work
[0;33m[18:10:35] ⚠[0m [T1008] Exit code: 1
[0;33m[18:10:35] ⚠[0m [T1008] Check log: /Users/sylvain/_LAPOSTE/_VELIGO2/tools/ralph-wiggum/logs/T1008_20260114_181010.log
[0;33m[18:10:35] ⚠[0m [T1008] Retry 3/3
[0;31m[18:10:40] ✗[0m [T1008] Failed after 3 retries
[0;34m[18:10:41][0m [Wiggum-TDD] --once mode, exiting
[0;34m[18:10:41][0m [Wiggum-TDD] Daemon stopped
