[0;34m[18:08:05][0m Starting Wiggum-TDD daemon...
[0;34m[18:08:05][0m Queue: tdd
[0;34m[18:08:05][0m Tasks dir: /Users/sylvain/_LAPOSTE/_VELIGO2/tools/ralph-wiggum/tasks
[0;34m[18:08:05][0m Poll interval: 10s
[0;34m[18:08:05][0m [Wiggum-TDD] Found task: T1007
[0;34m[18:08:05][0m [T1007] Processing with REAL agent...
[0;34m[18:08:05][0m [T1007] Using Real Agent (actual execution, not simulation)...
[0;33m[18:08:31] ⚠[0m [T1007] Agent returned FAILED or needs more work
[0;33m[18:08:31] ⚠[0m [T1007] Exit code: 1
[0;33m[18:08:31] ⚠[0m [T1007] Check log: /Users/sylvain/_LAPOSTE/_VELIGO2/tools/ralph-wiggum/logs/T1007_20260114_180805.log
[0;33m[18:08:31] ⚠[0m [T1007] Retry 1/3
[0;34m[18:08:36][0m [T1007] Processing with REAL agent...
[0;34m[18:08:36][0m [T1007] Using Real Agent (actual execution, not simulation)...
[0;33m[18:09:10] ⚠[0m [T1007] Agent returned FAILED or needs more work
[0;33m[18:09:10] ⚠[0m [T1007] Exit code: 1
[0;33m[18:09:10] ⚠[0m [T1007] Check log: /Users/sylvain/_LAPOSTE/_VELIGO2/tools/ralph-wiggum/logs/T1007_20260114_180836.log
[0;33m[18:09:10] ⚠[0m [T1007] Retry 2/3
[0;34m[18:09:15][0m [T1007] Processing with REAL agent...
[0;34m[18:09:15][0m [T1007] Using Real Agent (actual execution, not simulation)...
[0;33m[18:09:43] ⚠[0m [T1007] Agent returned FAILED or needs more work
[0;33m[18:09:43] ⚠[0m [T1007] Exit code: 1
[0;33m[18:09:43] ⚠[0m [T1007] Check log: /Users/sylvain/_LAPOSTE/_VELIGO2/tools/ralph-wiggum/logs/T1007_20260114_180915.log
[0;33m[18:09:43] ⚠[0m [T1007] Retry 3/3
[0;31m[18:09:48] ✗[0m [T1007] Failed after 3 retries
[0;34m[18:09:48][0m [Wiggum-TDD] --once mode, exiting
[0;34m[18:09:48][0m [Wiggum-TDD] Daemon stopped
