[0;34m[18:08:02][0m Starting Wiggum-TDD daemon...
[0;34m[18:08:02][0m Queue: tdd
[0;34m[18:08:02][0m Tasks dir: /Users/sylvain/_LAPOSTE/_VELIGO2/tools/ralph-wiggum/tasks
[0;34m[18:08:02][0m Poll interval: 10s
[0;34m[18:08:02][0m [Wiggum-TDD] Found task: T1006
[0;34m[18:08:02][0m [T1006] Processing with REAL agent...
[0;34m[18:08:02][0m [T1006] Using Real Agent (actual execution, not simulation)...
[0;33m[18:08:25] ⚠[0m [T1006] Agent returned FAILED or needs more work
[0;33m[18:08:25] ⚠[0m [T1006] Exit code: 1
[0;33m[18:08:25] ⚠[0m [T1006] Check log: /Users/sylvain/_LAPOSTE/_VELIGO2/tools/ralph-wiggum/logs/T1006_20260114_180802.log
[0;33m[18:08:26] ⚠[0m [T1006] Retry 1/3
[0;34m[18:08:31][0m [T1006] Processing with REAL agent...
[0;34m[18:08:31][0m [T1006] Using Real Agent (actual execution, not simulation)...
[0;33m[18:09:21] ⚠[0m [T1006] Agent returned FAILED or needs more work
[0;33m[18:09:21] ⚠[0m [T1006] Exit code: 1
[0;33m[18:09:21] ⚠[0m [T1006] Check log: /Users/sylvain/_LAPOSTE/_VELIGO2/tools/ralph-wiggum/logs/T1006_20260114_180831.log
[0;33m[18:09:21] ⚠[0m [T1006] Retry 2/3
[0;34m[18:09:26][0m [T1006] Processing with REAL agent...
[0;34m[18:09:26][0m [T1006] Using Real Agent (actual execution, not simulation)...
[0;33m[18:16:30] ⚠[0m [T1006] Agent returned FAILED or needs more work
[0;33m[18:16:30] ⚠[0m [T1006] Exit code: 1
[0;33m[18:16:30] ⚠[0m [T1006] Check log: /Users/sylvain/_LAPOSTE/_VELIGO2/tools/ralph-wiggum/logs/T1006_20260114_180926.log
[0;33m[18:16:30] ⚠[0m [T1006] Retry 3/3
[0;31m[18:16:35] ✗[0m [T1006] Failed after 3 retries
[0;34m[18:16:36][0m [Wiggum-TDD] --once mode, exiting
[0;34m[18:16:36][0m [Wiggum-TDD] Daemon stopped
