[0;34m[18:07:54][0m Starting Wiggum-TDD daemon...
[0;34m[18:07:54][0m Queue: tdd
[0;34m[18:07:54][0m Tasks dir: /Users/sylvain/_LAPOSTE/_VELIGO2/tools/ralph-wiggum/tasks
[0;34m[18:07:54][0m Poll interval: 10s
[0;34m[18:07:54][0m [Wiggum-TDD] Found task: T1005
[0;34m[18:07:54][0m [T1005] Processing with REAL agent...
[0;34m[18:07:54][0m [T1005] Using Real Agent (actual execution, not simulation)...
[0;33m[18:08:14] ⚠[0m [T1005] Agent returned FAILED or needs more work
[0;33m[18:08:14] ⚠[0m [T1005] Exit code: 1
[0;33m[18:08:14] ⚠[0m [T1005] Check log: /Users/sylvain/_LAPOSTE/_VELIGO2/tools/ralph-wiggum/logs/T1005_20260114_180754.log
[0;33m[18:08:14] ⚠[0m [T1005] Retry 1/3
[0;34m[18:08:19][0m [T1005] Processing with REAL agent...
[0;34m[18:08:20][0m [T1005] Using Real Agent (actual execution, not simulation)...
[0;33m[18:09:04] ⚠[0m [T1005] Agent returned FAILED or needs more work
[0;33m[18:09:04] ⚠[0m [T1005] Exit code: 1
[0;33m[18:09:04] ⚠[0m [T1005] Check log: /Users/sylvain/_LAPOSTE/_VELIGO2/tools/ralph-wiggum/logs/T1005_20260114_180819.log
[0;33m[18:09:04] ⚠[0m [T1005] Retry 2/3
[0;34m[18:09:09][0m [T1005] Processing with REAL agent...
[0;34m[18:09:09][0m [T1005] Using Real Agent (actual execution, not simulation)...
[0;33m[18:09:34] ⚠[0m [T1005] Agent returned FAILED or needs more work
[0;33m[18:09:34] ⚠[0m [T1005] Exit code: 1
[0;33m[18:09:34] ⚠[0m [T1005] Check log: /Users/sylvain/_LAPOSTE/_VELIGO2/tools/ralph-wiggum/logs/T1005_20260114_180909.log
[0;33m[18:09:34] ⚠[0m [T1005] Retry 3/3
[0;31m[18:09:39] ✗[0m [T1005] Failed after 3 retries
[0;34m[18:09:40][0m [Wiggum-TDD] --once mode, exiting
[0;34m[18:09:41][0m [Wiggum-TDD] Daemon stopped
