[0;34m[18:07:02][0m Starting Wiggum-TDD daemon...
[0;34m[18:07:02][0m Queue: tdd
[0;34m[18:07:02][0m Tasks dir: /Users/sylvain/_LAPOSTE/_VELIGO2/tools/ralph-wiggum/tasks
[0;34m[18:07:02][0m Poll interval: 10s
[0;34m[18:07:02][0m [Wiggum-TDD] Found task: T1004
[0;34m[18:07:02][0m [T1004] Processing with REAL agent...
[0;34m[18:07:02][0m [T1004] Using Real Agent (actual execution, not simulation)...
[0;34m[18:09:03][0m [T1004] Running quality gates...
[0;33m[18:09:50] ⚠[0m [T1004] Quality gates FAILED
[0;33m[18:09:50] ⚠[0m [T1004] Retry 1/3
[0;34m[18:09:55][0m [T1004] Processing with REAL agent...
[0;34m[18:09:55][0m [T1004] Using Real Agent (actual execution, not simulation)...
[0;33m[18:12:28] ⚠[0m [T1004] Agent returned FAILED or needs more work
[0;33m[18:12:28] ⚠[0m [T1004] Exit code: 1
[0;33m[18:12:28] ⚠[0m [T1004] Check log: /Users/sylvain/_LAPOSTE/_VELIGO2/tools/ralph-wiggum/logs/T1004_20260114_180955.log
[0;33m[18:12:28] ⚠[0m [T1004] Retry 2/3
[0;34m[18:12:33][0m [T1004] Processing with REAL agent...
[0;34m[18:12:33][0m [T1004] Using Real Agent (actual execution, not simulation)...
[0;33m[18:13:20] ⚠[0m [T1004] Agent returned FAILED or needs more work
[0;33m[18:13:20] ⚠[0m [T1004] Exit code: 1
[0;33m[18:13:20] ⚠[0m [T1004] Check log: /Users/sylvain/_LAPOSTE/_VELIGO2/tools/ralph-wiggum/logs/T1004_20260114_181233.log
[0;33m[18:13:20] ⚠[0m [T1004] Retry 3/3
[0;31m[18:13:25] ✗[0m [T1004] Failed after 3 retries
[0;34m[18:13:26][0m [Wiggum-TDD] --once mode, exiting
[0;34m[18:13:26][0m [Wiggum-TDD] Daemon stopped
