[0;34m[18:06:45][0m Starting Wiggum-TDD daemon...
[0;34m[18:06:45][0m Queue: tdd
[0;34m[18:06:45][0m Tasks dir: /Users/sylvain/_LAPOSTE/_VELIGO2/tools/ralph-wiggum/tasks
[0;34m[18:06:45][0m Poll interval: 10s
[0;34m[18:06:45][0m [Wiggum-TDD] Found task: T1002
[0;34m[18:06:45][0m [T1002] Processing with REAL agent...
[0;34m[18:06:47][0m [T1002] Using Real Agent (actual execution, not simulation)...
[0;33m[18:07:09] ⚠[0m [T1002] Agent returned FAILED or needs more work
[0;33m[18:07:09] ⚠[0m [T1002] Exit code: 1
[0;33m[18:07:09] ⚠[0m [T1002] Check log: /Users/sylvain/_LAPOSTE/_VELIGO2/tools/ralph-wiggum/logs/T1002_20260114_180647.log
[0;33m[18:07:09] ⚠[0m [T1002] Retry 1/3
[0;34m[18:07:14][0m [T1002] Processing with REAL agent...
[0;34m[18:07:14][0m [T1002] Using Real Agent (actual execution, not simulation)...
[0;33m[18:07:42] ⚠[0m [T1002] Agent returned FAILED or needs more work
[0;33m[18:07:42] ⚠[0m [T1002] Exit code: 1
[0;33m[18:07:42] ⚠[0m [T1002] Check log: /Users/sylvain/_LAPOSTE/_VELIGO2/tools/ralph-wiggum/logs/T1002_20260114_180714.log
[0;33m[18:07:42] ⚠[0m [T1002] Retry 2/3
[0;34m[18:07:47][0m [T1002] Processing with REAL agent...
[0;34m[18:07:47][0m [T1002] Using Real Agent (actual execution, not simulation)...
[0;33m[18:08:15] ⚠[0m [T1002] Agent returned FAILED or needs more work
[0;33m[18:08:15] ⚠[0m [T1002] Exit code: 1
[0;33m[18:08:15] ⚠[0m [T1002] Check log: /Users/sylvain/_LAPOSTE/_VELIGO2/tools/ralph-wiggum/logs/T1002_20260114_180747.log
[0;33m[18:08:15] ⚠[0m [T1002] Retry 3/3
[0;31m[18:08:20] ✗[0m [T1002] Failed after 3 retries
[0;34m[18:08:20][0m [Wiggum-TDD] --once mode, exiting
[0;34m[18:08:20][0m [Wiggum-TDD] Daemon stopped
