[0;34m[18:06:36][0m Starting Wiggum-TDD daemon...
[0;34m[18:06:36][0m Queue: tdd
[0;34m[18:06:36][0m Tasks dir: /Users/sylvain/_LAPOSTE/_VELIGO2/tools/ralph-wiggum/tasks
[0;34m[18:06:36][0m Poll interval: 10s
[0;34m[18:06:37][0m [Wiggum-TDD] Found task: T1001
[0;34m[18:06:37][0m [T1001] Processing with REAL agent...
[0;34m[18:06:37][0m [T1001] Using Real Agent (actual execution, not simulation)...
[0;34m[18:10:02][0m [T1001] Running quality gates...
[0;33m[18:10:53] ⚠[0m [T1001] Quality gates FAILED
[0;33m[18:10:53] ⚠[0m [T1001] Retry 1/3
[0;34m[18:10:58][0m [T1001] Processing with REAL agent...
[0;34m[18:10:58][0m [T1001] Using Real Agent (actual execution, not simulation)...
[0;34m[18:13:38][0m [T1001] Running quality gates...
[0;33m[18:14:36] ⚠[0m [T1001] Quality gates FAILED
[0;33m[18:14:36] ⚠[0m [T1001] Retry 2/3
[0;34m[18:14:41][0m [T1001] Processing with REAL agent...
[0;34m[18:14:42][0m [T1001] Using Real Agent (actual execution, not simulation)...
[0;33m[18:18:00] ⚠[0m [T1001] Agent returned FAILED or needs more work
[0;33m[18:18:00] ⚠[0m [T1001] Exit code: 1
[0;33m[18:18:01] ⚠[0m [T1001] Check log: /Users/sylvain/_LAPOSTE/_VELIGO2/tools/ralph-wiggum/logs/T1001_20260114_181441.log
[0;33m[18:18:01] ⚠[0m [T1001] Retry 3/3
[0;31m[18:18:06] ✗[0m [T1001] Failed after 3 retries
[0;34m[18:18:06][0m [Wiggum-TDD] --once mode, exiting
[0;34m[18:18:06][0m [Wiggum-TDD] Daemon stopped
