[0;34m[18:34:06][0m Starting Wiggum-DEPLOY daemon...
[0;34m[18:34:06][0m Queue: deploy
[0;34m[18:34:06][0m Tasks dir: /Users/sylvain/_LAPOSTE/_VELIGO2/tools/ralph-wiggum/tasks
[0;34m[18:34:06][0m Poll interval: 10s
[0;34m[18:34:06][0m [Wiggum-DEPLOY] Found task: D010
[0;34m[18:34:06][0m [D010] Processing with REAL agent...
[0;34m[18:34:06][0m [D010] Using Real Agent (actual execution, not simulation)...
[0;34m[18:34:56][0m [D010] Deploy task - skipping code quality gates (health check in agent)
[0;32m[18:34:56] ✓[0m [D010] COMPLETE (real execution + gates verified)
[0;34m[18:34:56][0m [Wiggum-DEPLOY] Found task: D012
[0;34m[18:34:56][0m [D012] Processing with REAL agent...
[0;34m[18:34:56][0m [D012] Using Real Agent (actual execution, not simulation)...
[0;34m[18:36:07][0m [D012] Deploy task - skipping code quality gates (health check in agent)
[0;32m[18:36:07] ✓[0m [D012] COMPLETE (real execution + gates verified)
[0;34m[18:36:07][0m [Wiggum-DEPLOY] Found task: D013
[0;34m[18:36:07][0m [D013] Processing with REAL agent...
[0;34m[18:36:07][0m [D013] Using Real Agent (actual execution, not simulation)...
[0;34m[18:36:54][0m [D013] Deploy task - skipping code quality gates (health check in agent)
[0;32m[18:36:54] ✓[0m [D013] COMPLETE (real execution + gates verified)
[0;34m[18:36:54][0m [Wiggum-DEPLOY] Found task: D014
[0;34m[18:36:54][0m [D014] Processing with REAL agent...
[0;34m[18:36:54][0m [D014] Using Real Agent (actual execution, not simulation)...
[0;34m[18:38:19][0m [D014] Deploy task - skipping code quality gates (health check in agent)
[0;32m[18:38:19] ✓[0m [D014] COMPLETE (real execution + gates verified)
[0;34m[18:38:19][0m [Wiggum-DEPLOY] Found task: D015
[0;34m[18:38:19][0m [D015] Processing with REAL agent...
[0;34m[18:38:19][0m [D015] Using Real Agent (actual execution, not simulation)...
[0;34m[18:39:27][0m [D015] Deploy task - skipping code quality gates (health check in agent)
[0;32m[18:39:27] ✓[0m [D015] COMPLETE (real execution + gates verified)
[0;34m[18:39:27][0m [Wiggum-DEPLOY] Found task: D016
[0;34m[18:39:27][0m [D016] Processing with REAL agent...
[0;34m[18:39:27][0m [D016] Using Real Agent (actual execution, not simulation)...
[0;34m[18:40:16][0m [D016] Deploy task - skipping code quality gates (health check in agent)
[0;32m[18:40:16] ✓[0m [D016] COMPLETE (real execution + gates verified)
[0;34m[18:40:16][0m [Wiggum-DEPLOY] Found task: D017
[0;34m[18:40:16][0m [D017] Processing with REAL agent...
[0;34m[18:40:16][0m [D017] Using Real Agent (actual execution, not simulation)...
[0;34m[18:41:45][0m [D017] Deploy task - skipping code quality gates (health check in agent)
[0;32m[18:41:45] ✓[0m [D017] COMPLETE (real execution + gates verified)
[0;34m[18:41:45][0m [Wiggum-DEPLOY] Found task: D019
[0;34m[18:41:45][0m [D019] Processing with REAL agent...
[0;34m[18:41:45][0m [D019] Using Real Agent (actual execution, not simulation)...
[0;34m[18:42:07][0m [D019] Deploy task - skipping code quality gates (health check in agent)
[0;32m[18:42:07] ✓[0m [D019] COMPLETE (real execution + gates verified)
[0;34m[18:42:07][0m [Wiggum-DEPLOY] Found task: D020
[0;34m[18:42:07][0m [D020] Processing with REAL agent...
[0;34m[18:42:07][0m [D020] Using Real Agent (actual execution, not simulation)...
[0;34m[18:43:18][0m [D020] Deploy task - skipping code quality gates (health check in agent)
[0;32m[18:43:18] ✓[0m [D020] COMPLETE (real execution + gates verified)
[0;34m[18:43:19][0m [Wiggum-DEPLOY] Found task: D021
[0;34m[18:43:19][0m [D021] Processing with REAL agent...
[0;34m[18:43:19][0m [D021] Using Real Agent (actual execution, not simulation)...
[0;34m[18:43:53][0m [D021] Deploy task - skipping code quality gates (health check in agent)
[0;32m[18:43:53] ✓[0m [D021] COMPLETE (real execution + gates verified)
[0;34m[18:43:54][0m [Wiggum-DEPLOY] Found task: D024
[0;34m[18:43:54][0m [D024] Processing with REAL agent...
[0;34m[18:43:54][0m [D024] Using Real Agent (actual execution, not simulation)...
[0;34m[18:44:00][0m [D024] Deploy task - skipping code quality gates (health check in agent)
[0;32m[18:44:00] ✓[0m [D024] COMPLETE (real execution + gates verified)
[0;34m[18:44:00][0m [Wiggum-DEPLOY] Found task: D025
[0;34m[18:44:00][0m [D025] Processing with REAL agent...
[0;34m[18:44:01][0m [D025] Using Real Agent (actual execution, not simulation)...
[0;34m[18:45:05][0m [D025] Deploy task - skipping code quality gates (health check in agent)
[0;32m[18:45:05] ✓[0m [D025] COMPLETE (real execution + gates verified)
[0;34m[18:45:05][0m [Wiggum-DEPLOY] Found task: D026
[0;34m[18:45:05][0m [D026] Processing with REAL agent...
[0;34m[18:45:05][0m [D026] Using Real Agent (actual execution, not simulation)...
[0;34m[18:45:27][0m [D026] Deploy task - skipping code quality gates (health check in agent)
[0;32m[18:45:27] ✓[0m [D026] COMPLETE (real execution + gates verified)
[0;34m[18:45:27][0m [Wiggum-DEPLOY] Found task: D027
[0;34m[18:45:27][0m [D027] Processing with REAL agent...
[0;34m[18:45:27][0m [D027] Using Real Agent (actual execution, not simulation)...
[0;34m[18:45:51][0m [D027] Deploy task - skipping code quality gates (health check in agent)
[0;32m[18:45:51] ✓[0m [D027] COMPLETE (real execution + gates verified)
[0;34m[18:45:51][0m [Wiggum-DEPLOY] Found task: D029
[0;34m[18:45:51][0m [D029] Processing with REAL agent...
[0;34m[18:45:51][0m [D029] Using Real Agent (actual execution, not simulation)...
[0;34m[18:46:25][0m [D029] Deploy task - skipping code quality gates (health check in agent)
[0;32m[18:46:25] ✓[0m [D029] COMPLETE (real execution + gates verified)
[0;34m[18:46:25][0m [Wiggum-DEPLOY] Found task: D030
[0;34m[18:46:25][0m [D030] Processing with REAL agent...
[0;34m[18:46:25][0m [D030] Using Real Agent (actual execution, not simulation)...
[0;34m[18:46:49][0m [D030] Deploy task - skipping code quality gates (health check in agent)
[0;32m[18:46:49] ✓[0m [D030] COMPLETE (real execution + gates verified)
[0;34m[18:46:49][0m [Wiggum-DEPLOY] Found task: D031
[0;34m[18:46:49][0m [D031] Processing with REAL agent...
[0;34m[18:46:49][0m [D031] Using Real Agent (actual execution, not simulation)...
[0;34m[18:47:21][0m [D031] Deploy task - skipping code quality gates (health check in agent)
[0;32m[18:47:21] ✓[0m [D031] COMPLETE (real execution + gates verified)
[0;34m[18:47:21][0m [Wiggum-DEPLOY] Found task: D032
[0;34m[18:47:21][0m [D032] Processing with REAL agent...
[0;34m[18:47:21][0m [D032] Using Real Agent (actual execution, not simulation)...
[0;34m[18:47:47][0m [D032] Deploy task - skipping code quality gates (health check in agent)
[0;32m[18:47:47] ✓[0m [D032] COMPLETE (real execution + gates verified)
[0;34m[18:47:47][0m [Wiggum-DEPLOY] Found task: D033
[0;34m[18:47:47][0m [D033] Processing with REAL agent...
[0;34m[18:47:47][0m [D033] Using Real Agent (actual execution, not simulation)...
[0;34m[18:48:07][0m [D033] Deploy task - skipping code quality gates (health check in agent)
[0;32m[18:48:07] ✓[0m [D033] COMPLETE (real execution + gates verified)
[0;34m[18:48:07][0m [Wiggum-DEPLOY] Found task: D034
[0;34m[18:48:07][0m [D034] Processing with REAL agent...
[0;34m[18:48:07][0m [D034] Using Real Agent (actual execution, not simulation)...
[0;34m[18:48:34][0m [D034] Deploy task - skipping code quality gates (health check in agent)
[0;32m[18:48:34] ✓[0m [D034] COMPLETE (real execution + gates verified)
[0;34m[18:48:34][0m [Wiggum-DEPLOY] Found task: D035
[0;34m[18:48:34][0m [D035] Processing with REAL agent...
[0;34m[18:48:34][0m [D035] Using Real Agent (actual execution, not simulation)...
[0;34m[18:49:13][0m [D035] Deploy task - skipping code quality gates (health check in agent)
[0;32m[18:49:13] ✓[0m [D035] COMPLETE (real execution + gates verified)
[0;34m[18:49:14][0m [Wiggum-DEPLOY] Found task: D036
[0;34m[18:49:14][0m [D036] Processing with REAL agent...
[0;34m[18:49:14][0m [D036] Using Real Agent (actual execution, not simulation)...
[0;34m[18:49:40][0m [D036] Deploy task - skipping code quality gates (health check in agent)
[0;32m[18:49:40] ✓[0m [D036] COMPLETE (real execution + gates verified)
[0;34m[18:49:41][0m [Wiggum-DEPLOY] Found task: D037
[0;34m[18:49:41][0m [D037] Processing with REAL agent...
[0;34m[18:49:41][0m [D037] Using Real Agent (actual execution, not simulation)...
[0;34m[18:50:03][0m [D037] Deploy task - skipping code quality gates (health check in agent)
[0;32m[18:50:03] ✓[0m [D037] COMPLETE (real execution + gates verified)
[0;34m[18:50:03][0m [Wiggum-DEPLOY] Found task: D038
[0;34m[18:50:03][0m [D038] Processing with REAL agent...
[0;34m[18:50:03][0m [D038] Using Real Agent (actual execution, not simulation)...
[0;34m[18:50:34][0m [D038] Deploy task - skipping code quality gates (health check in agent)
[0;32m[18:50:34] ✓[0m [D038] COMPLETE (real execution + gates verified)
[0;34m[18:50:34][0m [Wiggum-DEPLOY] Found task: D039
[0;34m[18:50:34][0m [D039] Processing with REAL agent...
[0;34m[18:50:34][0m [D039] Using Real Agent (actual execution, not simulation)...
[0;34m[18:51:02][0m [D039] Deploy task - skipping code quality gates (health check in agent)
[0;32m[18:51:02] ✓[0m [D039] COMPLETE (real execution + gates verified)
[0;34m[18:51:02][0m [Wiggum-DEPLOY] Found task: D040
[0;34m[18:51:02][0m [D040] Processing with REAL agent...
[0;34m[18:51:02][0m [D040] Using Real Agent (actual execution, not simulation)...
[0;34m[18:51:30][0m [D040] Deploy task - skipping code quality gates (health check in agent)
[0;32m[18:51:30] ✓[0m [D040] COMPLETE (real execution + gates verified)
[0;34m[18:51:30][0m [Wiggum-DEPLOY] Found task: D041
[0;34m[18:51:30][0m [D041] Processing with REAL agent...
[0;34m[18:51:30][0m [D041] Using Real Agent (actual execution, not simulation)...
[0;34m[18:51:58][0m [D041] Deploy task - skipping code quality gates (health check in agent)
[0;32m[18:51:58] ✓[0m [D041] COMPLETE (real execution + gates verified)
[0;34m[18:51:58][0m [Wiggum-DEPLOY] Found task: D042
[0;34m[18:51:58][0m [D042] Processing with REAL agent...
[0;34m[18:51:59][0m [D042] Using Real Agent (actual execution, not simulation)...
[0;34m[18:52:24][0m [D042] Deploy task - skipping code quality gates (health check in agent)
[0;32m[18:52:24] ✓[0m [D042] COMPLETE (real execution + gates verified)
[0;34m[18:52:24][0m [Wiggum-DEPLOY] Found task: D043
[0;34m[18:52:24][0m [D043] Processing with REAL agent...
[0;34m[18:52:24][0m [D043] Using Real Agent (actual execution, not simulation)...
[0;33m[18:53:44] ⚠[0m [D043] Agent returned FAILED or needs more work
[0;33m[18:53:44] ⚠[0m [D043] Exit code: 1
[0;33m[18:53:44] ⚠[0m [D043] Check log: /Users/sylvain/_LAPOSTE/_VELIGO2/tools/ralph-wiggum/logs/D043_20260114_185224.log
[0;33m[18:53:44] ⚠[0m [D043] Retry 1/3
[0;34m[18:53:49][0m [D043] Processing with REAL agent...
[0;34m[18:53:50][0m [D043] Using Real Agent (actual execution, not simulation)...
[0;34m[18:53:54][0m [D043] Deploy task - skipping code quality gates (health check in agent)
[0;32m[18:53:54] ✓[0m [D043] COMPLETE (real execution + gates verified)
[0;34m[18:53:54][0m [Wiggum-DEPLOY] Found task: D044
[0;34m[18:53:54][0m [D044] Processing with REAL agent...
[0;34m[18:53:54][0m [D044] Using Real Agent (actual execution, not simulation)...
[0;34m[18:54:15][0m [D044] Deploy task - skipping code quality gates (health check in agent)
[0;32m[18:54:15] ✓[0m [D044] COMPLETE (real execution + gates verified)
[0;34m[18:54:15][0m [Wiggum-DEPLOY] Found task: D045
[0;34m[18:54:15][0m [D045] Processing with REAL agent...
[0;34m[18:54:15][0m [D045] Using Real Agent (actual execution, not simulation)...
[0;34m[18:54:36][0m [D045] Deploy task - skipping code quality gates (health check in agent)
[0;32m[18:54:36] ✓[0m [D045] COMPLETE (real execution + gates verified)
[0;34m[18:54:36][0m [Wiggum-DEPLOY] Found task: D046
[0;34m[18:54:36][0m [D046] Processing with REAL agent...
[0;34m[18:54:36][0m [D046] Using Real Agent (actual execution, not simulation)...
[0;34m[18:54:56][0m [D046] Deploy task - skipping code quality gates (health check in agent)
[0;32m[18:54:56] ✓[0m [D046] COMPLETE (real execution + gates verified)
[0;34m[18:54:56][0m [Wiggum-DEPLOY] Found task: D047
[0;34m[18:54:56][0m [D047] Processing with REAL agent...
[0;34m[18:54:56][0m [D047] Using Real Agent (actual execution, not simulation)...
[0;34m[18:55:20][0m [D047] Deploy task - skipping code quality gates (health check in agent)
[0;32m[18:55:20] ✓[0m [D047] COMPLETE (real execution + gates verified)
[0;34m[18:55:20][0m [Wiggum-DEPLOY] Found task: D048
[0;34m[18:55:20][0m [D048] Processing with REAL agent...
[0;34m[18:55:20][0m [D048] Using Real Agent (actual execution, not simulation)...
[0;34m[18:55:49][0m [D048] Deploy task - skipping code quality gates (health check in agent)
[0;32m[18:55:49] ✓[0m [D048] COMPLETE (real execution + gates verified)
[0;34m[18:55:49][0m [Wiggum-DEPLOY] Found task: D049
[0;34m[18:55:49][0m [D049] Processing with REAL agent...
[0;34m[18:55:49][0m [D049] Using Real Agent (actual execution, not simulation)...
[0;34m[18:56:15][0m [D049] Deploy task - skipping code quality gates (health check in agent)
[0;32m[18:56:15] ✓[0m [D049] COMPLETE (real execution + gates verified)
[0;34m[18:56:16][0m [Wiggum-DEPLOY] Found task: D050
[0;34m[18:56:16][0m [D050] Processing with REAL agent...
[0;34m[18:56:16][0m [D050] Using Real Agent (actual execution, not simulation)...
[0;34m[18:56:40][0m [D050] Deploy task - skipping code quality gates (health check in agent)
[0;32m[18:56:40] ✓[0m [D050] COMPLETE (real execution + gates verified)
[0;34m[18:56:40][0m [Wiggum-DEPLOY] Found task: D051
[0;34m[18:56:40][0m [D051] Processing with REAL agent...
[0;34m[18:56:40][0m [D051] Using Real Agent (actual execution, not simulation)...
[0;34m[18:57:11][0m [D051] Deploy task - skipping code quality gates (health check in agent)
[0;32m[18:57:11] ✓[0m [D051] COMPLETE (real execution + gates verified)
[0;34m[18:57:11][0m [Wiggum-DEPLOY] Found task: D052
[0;34m[18:57:11][0m [D052] Processing with REAL agent...
[0;34m[18:57:11][0m [D052] Using Real Agent (actual execution, not simulation)...
[0;34m[18:57:39][0m [D052] Deploy task - skipping code quality gates (health check in agent)
[0;32m[18:57:39] ✓[0m [D052] COMPLETE (real execution + gates verified)
[0;34m[18:57:39][0m [Wiggum-DEPLOY] Found task: D053
[0;34m[18:57:39][0m [D053] Processing with REAL agent...
[0;34m[18:57:39][0m [D053] Using Real Agent (actual execution, not simulation)...
[0;34m[18:58:08][0m [D053] Deploy task - skipping code quality gates (health check in agent)
[0;32m[18:58:08] ✓[0m [D053] COMPLETE (real execution + gates verified)
[0;34m[18:58:09][0m [Wiggum-DEPLOY] Found task: D054
[0;34m[18:58:09][0m [D054] Processing with REAL agent...
[0;34m[18:58:09][0m [D054] Using Real Agent (actual execution, not simulation)...
[0;34m[18:58:41][0m [D054] Deploy task - skipping code quality gates (health check in agent)
[0;32m[18:58:41] ✓[0m [D054] COMPLETE (real execution + gates verified)
[0;34m[18:58:41][0m [Wiggum-DEPLOY] Found task: D055
[0;34m[18:58:41][0m [D055] Processing with REAL agent...
[0;34m[18:58:41][0m [D055] Using Real Agent (actual execution, not simulation)...
[0;34m[18:59:03][0m [D055] Deploy task - skipping code quality gates (health check in agent)
[0;32m[18:59:03] ✓[0m [D055] COMPLETE (real execution + gates verified)
[0;34m[18:59:03][0m [Wiggum-DEPLOY] Found task: D056
[0;34m[18:59:03][0m [D056] Processing with REAL agent...
[0;34m[18:59:03][0m [D056] Using Real Agent (actual execution, not simulation)...
[0;34m[18:59:28][0m [D056] Deploy task - skipping code quality gates (health check in agent)
[0;32m[18:59:28] ✓[0m [D056] COMPLETE (real execution + gates verified)
[0;34m[18:59:29][0m [Wiggum-DEPLOY] Found task: D057
[0;34m[18:59:29][0m [D057] Processing with REAL agent...
[0;34m[18:59:29][0m [D057] Using Real Agent (actual execution, not simulation)...
[0;34m[18:59:56][0m [D057] Deploy task - skipping code quality gates (health check in agent)
[0;32m[18:59:56] ✓[0m [D057] COMPLETE (real execution + gates verified)
[0;34m[18:59:56][0m [Wiggum-DEPLOY] No pending tasks, waiting...
[0;34m[19:40:04][0m [Wiggum-DEPLOY] Found task: D058
[0;34m[19:40:04][0m [D058] Processing with REAL agent...
[0;34m[19:40:04][0m [D058] Using Real Agent (actual execution, not simulation)...
[0;34m[19:41:57][0m [D058] Deploy task - skipping code quality gates (health check in agent)
[0;32m[19:41:57] ✓[0m [D058] COMPLETE (real execution + gates verified)
[0;34m[19:41:57][0m [Wiggum-DEPLOY] No pending tasks, waiting...
[0;34m[19:47:13][0m [Wiggum-DEPLOY] Found task: D059
[0;34m[19:47:13][0m [D059] Processing with REAL agent...
[0;34m[19:47:13][0m [D059] Using Real Agent (actual execution, not simulation)...
[0;34m[19:48:55][0m [D059] Deploy task - skipping code quality gates (health check in agent)
[0;32m[19:48:55] ✓[0m [D059] COMPLETE (real execution + gates verified)
[0;34m[19:48:56][0m [Wiggum-DEPLOY] No pending tasks, waiting...
[0;34m[20:26:23][0m [Wiggum-DEPLOY] Found task: D060
[0;34m[20:26:23][0m [D060] Processing with REAL agent...
[0;34m[20:26:23][0m [D060] Using Real Agent (actual execution, not simulation)...
[0;34m[20:28:47][0m [D060] Deploy task - skipping code quality gates (health check in agent)
[0;32m[20:28:47] ✓[0m [D060] COMPLETE (real execution + gates verified)
[0;34m[20:28:48][0m [Wiggum-DEPLOY] Found task: D061
[0;34m[20:28:48][0m [D061] Processing with REAL agent...
[0;34m[20:28:49][0m [D061] Using Real Agent (actual execution, not simulation)...
[0;34m[20:31:14][0m [D061] Deploy task - skipping code quality gates (health check in agent)
[0;32m[20:31:14] ✓[0m [D061] COMPLETE (real execution + gates verified)
[0;34m[20:31:15][0m [Wiggum-DEPLOY] Found task: D062
[0;34m[20:31:15][0m [D062] Processing with REAL agent...
[0;34m[20:31:15][0m [D062] Using Real Agent (actual execution, not simulation)...
[0;34m[20:32:02][0m [D062] Deploy task - skipping code quality gates (health check in agent)
[0;32m[20:32:02] ✓[0m [D062] COMPLETE (real execution + gates verified)
[0;34m[20:32:02][0m [Wiggum-DEPLOY] Found task: D063
[0;34m[20:32:03][0m [D063] Processing with REAL agent...
[0;34m[20:32:03][0m [D063] Using Real Agent (actual execution, not simulation)...
[0;34m[20:33:42][0m [D063] Deploy task - skipping code quality gates (health check in agent)
[0;32m[20:33:42] ✓[0m [D063] COMPLETE (real execution + gates verified)
[0;34m[20:33:43][0m [Wiggum-DEPLOY] No pending tasks, waiting...
[0;34m[20:34:30][0m [Wiggum-DEPLOY] Found task: D064
[0;34m[20:34:31][0m [D064] Processing with REAL agent...
[0;34m[20:34:31][0m [D064] Using Real Agent (actual execution, not simulation)...
[0;34m[20:35:58][0m [D064] Deploy task - skipping code quality gates (health check in agent)
[0;32m[20:35:58] ✓[0m [D064] COMPLETE (real execution + gates verified)
[0;34m[20:36:00][0m [Wiggum-DEPLOY] Found task: D065
[0;34m[20:36:00][0m [D065] Processing with REAL agent...
[0;34m[20:36:00][0m [D065] Using Real Agent (actual execution, not simulation)...
[0;34m[20:37:36][0m [D065] Deploy task - skipping code quality gates (health check in agent)
[0;32m[20:37:36] ✓[0m [D065] COMPLETE (real execution + gates verified)
[0;34m[20:37:37][0m [Wiggum-DEPLOY] Found task: D066
[0;34m[20:37:37][0m [D066] Processing with REAL agent...
[0;34m[20:37:37][0m [D066] Using Real Agent (actual execution, not simulation)...
[0;34m[20:41:13][0m [D066] Deploy task - skipping code quality gates (health check in agent)
[0;32m[20:41:13] ✓[0m [D066] COMPLETE (real execution + gates verified)
[0;34m[20:41:14][0m [Wiggum-DEPLOY] Found task: D067
[0;34m[20:41:14][0m [D067] Processing with REAL agent...
[0;34m[20:41:14][0m [D067] Using Real Agent (actual execution, not simulation)...
[0;33m[21:00:20] ⚠[0m [D067] Agent returned FAILED or needs more work
[0;33m[21:00:20] ⚠[0m [D067] Exit code: 1
[0;33m[21:00:20] ⚠[0m [D067] Check log: /Users/sylvain/_LAPOSTE/_VELIGO2/tools/ralph-wiggum/logs/D067_20260114_204114.log
[0;33m[21:00:20] ⚠[0m [D067] Retry 1/3
[0;34m[21:00:25][0m [D067] Processing with REAL agent...
[0;34m[21:00:25][0m [D067] Using Real Agent (actual execution, not simulation)...
[0;34m[21:05:18][0m [D067] Deploy task - skipping code quality gates (health check in agent)
[0;32m[21:05:18] ✓[0m [D067] COMPLETE (real execution + gates verified)
[0;34m[21:05:22][0m [Wiggum-DEPLOY] Found task: D068
[0;34m[21:05:22][0m [D068] Processing with REAL agent...
[0;34m[21:05:23][0m [D068] Using Real Agent (actual execution, not simulation)...
[0;33m[21:13:35] ⚠[0m [D068] Agent returned FAILED or needs more work
[0;33m[21:13:35] ⚠[0m [D068] Exit code: 1
[0;33m[21:13:35] ⚠[0m [D068] Check log: /Users/sylvain/_LAPOSTE/_VELIGO2/tools/ralph-wiggum/logs/D068_20260114_210523.log
[0;33m[21:13:35] ⚠[0m [D068] Retry 1/3
[0;34m[21:13:40][0m [D068] Processing with REAL agent...
[0;34m[21:13:41][0m [D068] Using Real Agent (actual execution, not simulation)...
[0;33m[21:18:43] ⚠[0m [D068] Agent returned FAILED or needs more work
[0;33m[21:18:43] ⚠[0m [D068] Exit code: 1
[0;33m[21:18:43] ⚠[0m [D068] Check log: /Users/sylvain/_LAPOSTE/_VELIGO2/tools/ralph-wiggum/logs/D068_20260114_211341.log
[0;33m[21:18:45] ⚠[0m [D068] Retry 2/3
[0;34m[21:18:50][0m [D068] Processing with REAL agent...
[0;34m[21:18:50][0m [D068] Using Real Agent (actual execution, not simulation)...
[0;33m[21:23:55] ⚠[0m [D068] Agent returned FAILED or needs more work
[0;33m[21:23:55] ⚠[0m [D068] Exit code: 1
[0;33m[21:23:55] ⚠[0m [D068] Check log: /Users/sylvain/_LAPOSTE/_VELIGO2/tools/ralph-wiggum/logs/D068_20260114_211850.log
[0;33m[21:23:55] ⚠[0m [D068] Retry 3/3
[0;31m[21:24:00] ✗[0m [D068] Failed after 3 retries
[0;34m[21:24:02][0m [Wiggum-DEPLOY] Found task: D069
[0;34m[21:24:02][0m [D069] Processing with REAL agent...
[0;34m[21:24:02][0m [D069] Using Real Agent (actual execution, not simulation)...
[0;33m[21:33:43] ⚠[0m [D069] Agent returned FAILED or needs more work
[0;33m[21:33:43] ⚠[0m [D069] Exit code: 1
[0;33m[21:33:43] ⚠[0m [D069] Check log: /Users/sylvain/_LAPOSTE/_VELIGO2/tools/ralph-wiggum/logs/D069_20260114_212402.log
[0;33m[21:33:43] ⚠[0m [D069] Retry 1/3
[0;34m[21:33:48][0m [D069] Processing with REAL agent...
[0;34m[21:33:48][0m [D069] Using Real Agent (actual execution, not simulation)...
