[     308ms] [ERROR] Failed to load resource: the server responded with a status of 403 () @ https://owner.veligo.app/api/admin/activity?limit=10:0
[     309ms] [ERROR] Failed to load resource: the server responded with a status of 403 () @ https://owner.veligo.app/api/admin/plugins:0
[     309ms] [ERROR] Failed to load resource: the server responded with a status of 400 () @ https://owner.veligo.app/api/admin/reports/types:0
[     310ms] [ERROR] [SubscriptionModule] Failed to load plans: SyntaxError: Unexpected token '<', "<!doctype "... is not valid JSON @ https://owner.veligo.app/_app/immutable/chunks/ty2gaDjQ.js:0
[     311ms] [ERROR] Failed to load resource: the server responded with a status of 405 () @ https://owner.veligo.app/api/analytics/events:0
[     315ms] [ERROR] Failed to load resource: the server responded with a status of 405 () @ https://owner.veligo.app/api/analytics/events:0
[     316ms] [ERROR] Failed to load resource: the server responded with a status of 405 () @ https://owner.veligo.app/api/analytics/events:0
[     318ms] [ERROR] [BikeModule] Failed to load bikes: Error: Failed%20to%20list%20bikes:%20error%20returned%20from%20database:%20column%20b.current_station_id%20does%20not%20exist
    at Object.listBikes (https://owner.veligo.app/_app/immutable/chunks/BISh3FbF.js:1:4248)
    at async p.refresh (https://owner.veligo.app/_app/immutable/chunks/ty2gaDjQ.js:1:670)
    at async p.init (https://owner.veligo.app/_app/immutable/chunks/ty2gaDjQ.js:1:545)
    at async Promise.all (index 0)
    at async lr.initAll (https://owner.veligo.app/_app/immutable/nodes/0.BBx0J5uc.js:1:32307)
    at async ir (https://owner.veligo.app/_app/immutable/nodes/0.BBx0J5uc.js:1:32553)
    at async https://owner.veligo.app/_app/immutable/nodes/0.BBx0J5uc.js:5:5203 @ https://owner.veligo.app/_app/immutable/chunks/ty2gaDjQ.js:0
[     319ms] [ERROR] Failed to load resource: the server responded with a status of 405 () @ https://owner.veligo.app/api/analytics/events:0
[   30253ms] [ERROR] Failed to load resource: the server responded with a status of 403 () @ https://owner.veligo.app/api/admin/activity?limit=10:0
[   60253ms] [ERROR] Failed to load resource: the server responded with a status of 403 () @ https://owner.veligo.app/api/admin/activity?limit=10:0
[   90253ms] [ERROR] Failed to load resource: the server responded with a status of 403 () @ https://owner.veligo.app/api/admin/activity?limit=10:0
[  120255ms] [ERROR] Failed to load resource: the server responded with a status of 403 () @ https://owner.veligo.app/api/admin/activity?limit=10:0
[  150254ms] [ERROR] Failed to load resource: the server responded with a status of 403 () @ https://owner.veligo.app/api/admin/activity?limit=10:0
[  180254ms] [ERROR] Failed to load resource: the server responded with a status of 403 () @ https://owner.veligo.app/api/admin/activity?limit=10:0
