[     266ms] [ERROR] Failed to load resource: the server responded with a status of 403 () @ https://owner.veligo.app/api/admin/activity?limit=10:0
[     267ms] [ERROR] Failed to load resource: the server responded with a status of 403 () @ https://owner.veligo.app/api/admin/plugins:0
[     267ms] [ERROR] Failed to load resource: the server responded with a status of 400 () @ https://owner.veligo.app/api/admin/reports/types:0
[     268ms] [ERROR] [SubscriptionModule] Failed to load plans: SyntaxError: Unexpected token '<', "<!doctype "... is not valid JSON @ https://owner.veligo.app/_app/immutable/chunks/ty2gaDjQ.js:0
[     271ms] [ERROR] Failed to load resource: the server responded with a status of 405 () @ https://owner.veligo.app/api/analytics/events:0
[     271ms] [ERROR] Failed to load resource: the server responded with a status of 405 () @ https://owner.veligo.app/api/analytics/events:0
[     272ms] [ERROR] Failed to load resource: the server responded with a status of 405 () @ https://owner.veligo.app/api/analytics/events:0
[     272ms] [ERROR] [BikeModule] Failed to load bikes: Error: Failed%20to%20list%20bikes:%20error%20returned%20from%20database:%20column%20b.current_station_id%20does%20not%20exist
    at Object.listBikes (https://owner.veligo.app/_app/immutable/chunks/BISh3FbF.js:1:4248)
    at async p.refresh (https://owner.veligo.app/_app/immutable/chunks/ty2gaDjQ.js:1:670)
    at async p.init (https://owner.veligo.app/_app/immutable/chunks/ty2gaDjQ.js:1:545)
    at async Promise.all (index 0)
    at async lr.initAll (https://owner.veligo.app/_app/immutable/nodes/0.BBx0J5uc.js:1:32307)
    at async ir (https://owner.veligo.app/_app/immutable/nodes/0.BBx0J5uc.js:1:32553)
    at async https://owner.veligo.app/_app/immutable/nodes/0.BBx0J5uc.js:5:5203 @ https://owner.veligo.app/_app/immutable/chunks/ty2gaDjQ.js:0
[     273ms] [ERROR] Failed to load resource: the server responded with a status of 405 () @ https://owner.veligo.app/api/analytics/events:0
[   30215ms] [ERROR] Failed to load resource: the server responded with a status of 403 () @ https://owner.veligo.app/api/admin/activity?limit=10:0
[   60215ms] [ERROR] Failed to load resource: the server responded with a status of 403 () @ https://owner.veligo.app/api/admin/activity?limit=10:0
[   90214ms] [ERROR] Failed to load resource: the server responded with a status of 403 () @ https://owner.veligo.app/api/admin/activity?limit=10:0
[  120215ms] [ERROR] Failed to load resource: the server responded with a status of 403 () @ https://owner.veligo.app/api/admin/activity?limit=10:0
[  150214ms] [ERROR] Failed to load resource: the server responded with a status of 403 () @ https://owner.veligo.app/api/admin/activity?limit=10:0
[  180214ms] [ERROR] Failed to load resource: the server responded with a status of 403 () @ https://owner.veligo.app/api/admin/activity?limit=10:0
[  210214ms] [ERROR] Failed to load resource: the server responded with a status of 403 () @ https://owner.veligo.app/api/admin/activity?limit=10:0
[  240216ms] [ERROR] Failed to load resource: the server responded with a status of 403 () @ https://owner.veligo.app/api/admin/activity?limit=10:0
[  270214ms] [ERROR] Failed to load resource: the server responded with a status of 403 () @ https://owner.veligo.app/api/admin/activity?limit=10:0
[  300213ms] [ERROR] Failed to load resource: the server responded with a status of 403 () @ https://owner.veligo.app/api/admin/activity?limit=10:0
[  330214ms] [ERROR] Failed to load resource: the server responded with a status of 403 () @ https://owner.veligo.app/api/admin/activity?limit=10:0
[  360214ms] [ERROR] Failed to load resource: the server responded with a status of 403 () @ https://owner.veligo.app/api/admin/activity?limit=10:0
[  390214ms] [ERROR] Failed to load resource: the server responded with a status of 403 () @ https://owner.veligo.app/api/admin/activity?limit=10:0
[  420214ms] [ERROR] Failed to load resource: the server responded with a status of 403 () @ https://owner.veligo.app/api/admin/activity?limit=10:0
[  450213ms] [ERROR] Failed to load resource: the server responded with a status of 403 () @ https://owner.veligo.app/api/admin/activity?limit=10:0
[  480212ms] [ERROR] Failed to load resource: the server responded with a status of 403 () @ https://owner.veligo.app/api/admin/activity?limit=10:0
[  510213ms] [ERROR] Failed to load resource: the server responded with a status of 403 () @ https://owner.veligo.app/api/admin/activity?limit=10:0
[  540214ms] [ERROR] Failed to load resource: the server responded with a status of 403 () @ https://owner.veligo.app/api/admin/activity?limit=10:0
[  570213ms] [ERROR] Failed to load resource: the server responded with a status of 403 () @ https://owner.veligo.app/api/admin/activity?limit=10:0
[  600213ms] [ERROR] Failed to load resource: the server responded with a status of 403 () @ https://owner.veligo.app/api/admin/activity?limit=10:0
[  630213ms] [ERROR] Failed to load resource: the server responded with a status of 403 () @ https://owner.veligo.app/api/admin/activity?limit=10:0
[  660213ms] [ERROR] Failed to load resource: the server responded with a status of 403 () @ https://owner.veligo.app/api/admin/activity?limit=10:0
[  690213ms] [ERROR] Failed to load resource: the server responded with a status of 403 () @ https://owner.veligo.app/api/admin/activity?limit=10:0
[  720213ms] [ERROR] Failed to load resource: the server responded with a status of 403 () @ https://owner.veligo.app/api/admin/activity?limit=10:0
[  750213ms] [ERROR] Failed to load resource: the server responded with a status of 403 () @ https://owner.veligo.app/api/admin/activity?limit=10:0
[  780214ms] [ERROR] Failed to load resource: the server responded with a status of 403 () @ https://owner.veligo.app/api/admin/activity?limit=10:0
[  810213ms] [ERROR] Failed to load resource: the server responded with a status of 403 () @ https://owner.veligo.app/api/admin/activity?limit=10:0
[  840213ms] [ERROR] Failed to load resource: the server responded with a status of 403 () @ https://owner.veligo.app/api/admin/activity?limit=10:0
[  870213ms] [ERROR] Failed to load resource: the server responded with a status of 403 () @ https://owner.veligo.app/api/admin/activity?limit=10:0
[  900213ms] [ERROR] Failed to load resource: the server responded with a status of 403 () @ https://owner.veligo.app/api/admin/activity?limit=10:0
[  930212ms] [ERROR] Failed to load resource: the server responded with a status of 403 () @ https://owner.veligo.app/api/admin/activity?limit=10:0
[  960213ms] [ERROR] Failed to load resource: the server responded with a status of 403 () @ https://owner.veligo.app/api/admin/activity?limit=10:0
[  990213ms] [ERROR] Failed to load resource: the server responded with a status of 403 () @ https://owner.veligo.app/api/admin/activity?limit=10:0
[ 1020212ms] [ERROR] Failed to load resource: the server responded with a status of 403 () @ https://owner.veligo.app/api/admin/activity?limit=10:0
[ 1050212ms] [ERROR] Failed to load resource: the server responded with a status of 403 () @ https://owner.veligo.app/api/admin/activity?limit=10:0
[ 1080212ms] [ERROR] Failed to load resource: the server responded with a status of 403 () @ https://owner.veligo.app/api/admin/activity?limit=10:0
[ 1110213ms] [ERROR] Failed to load resource: the server responded with a status of 403 () @ https://owner.veligo.app/api/admin/activity?limit=10:0
[ 1140212ms] [ERROR] Failed to load resource: the server responded with a status of 403 () @ https://owner.veligo.app/api/admin/activity?limit=10:0
[ 1170215ms] [ERROR] Failed to load resource: the server responded with a status of 403 () @ https://owner.veligo.app/api/admin/activity?limit=10:0
[ 1200217ms] [ERROR] Failed to load resource: the server responded with a status of 403 () @ https://owner.veligo.app/api/admin/activity?limit=10:0
