[08:47:11] Worker 12 starting (queue: tdd)
[08:47:34] Worker 12: Processing T1486
[0;32m[AGENT] Real Agent starting[0m
[0;34m[AGENT] Task: /Users/sylvain/_LAPOSTE/_VELIGO2/tools/ralph-wiggum/tasks/T1486.md[0m
[0;34m[AGENT] Queue: tdd[0m
[0;34m[AGENT] Backend: opencode (minimax/MiniMax-M2.1)[0m
[0;32m[AGENT] Starting task: T1486[0m
[0;34m[AGENT] Iteration 1/10[0m
[0m[AGENT] Calling opencode with model: minimax/MiniMax-M2.1[0m
[0;33m[AGENT] No actions found in response[0m
[0;34m[AGENT] Iteration 2/10[0m
[0m[AGENT] Calling opencode with model: minimax/MiniMax-M2.1[0m
[0;31m[AGENT] opencode failed (exit -15): [94m[1m| [0m[90m Grep     [0mstruct StripeProcessor
[94m[1m| [0m[90m Glob     [0m{"path":"/Users/sylvain/_LAPOSTE/_VELIGO2","pattern":"**/payment*.rs"}
[96m[1m| [0m[90m Read     [0mveligo-platform/backend/src/payment/adapters/stripe.rs
[96m[1m| [0m[90m Read     [0mveligo-platform/backend/src/payment/payment_adapter.rs
[96m[1m| [0m[90m Read     [0mveligo-platform/backend/src/payment/payment_adapter_factory.rs
[94m[1m| [0m[90m Glob     [0mveligo-platform/backend
[96m[0m
[0;34m[AGENT] Executing: bash - {'type': 'bash', 'command': 'find /Users/sylvain/_LAPOSTE/_VELIGO2 -name "*.rs" | xargs grep -l "Str[0m
[0;34m$ find /Users/sylvain/_LAPOSTE/_VELIGO2 -name "*.rs" | xargs grep -l "StripeProcessor" 2>/dev/null | head -20[0m
[0;34m[AGENT] Iteration 3/10[0m
[0m[AGENT] Calling opencode with model: minimax/MiniMax-M2.1[0m
[0;31m[AGENT] opencode failed (exit -9): [96m[1m| [0m[90m Read     [0mveligo-platform/backend/src/payment/stripe_processor.rs
[96m[1m| [0m[90m Read     [0mveligo-platform/backend/src/payment/stripe_processor_tests.rs
[96m[1m| [0m[90m Read     [0mveligo-platform/backend/Cargo.toml
[94m[1m| [0m[90m Grep     [0mPaymentFixtures|ChargeFixture|WebhookFixtures|RefundFixtures|CurrencyFixtures
[96m[1m| [0m[90m Read     [0mveligo-platform/backend/src/payment/payment_adapter.rs
[96m[1m| [0m[90m Read     [0mveligo-pla[0m
[0;33m[AGENT] No actions found in response[0m
[0;34m[AGENT] Iteration 4/10[0m
[0m[AGENT] Calling opencode with model: minimax/MiniMax-M2.1[0m
[0;31m[AGENT] opencode failed (exit -15): [96m[1m| [0m[90m Read     [0mveligo-platform/backend/src/payment/stripe_processor.rs
[96m[1m| [0m[90m Read     [0mveligo-platform/backend/src/payment/stripe_processor_tests.rs
[96m[1m| [0m[90m Read     [0mveligo-platform/backend/src/payment/test_fixtures.rs
[96m[1m| [0m[90m Read     [0mveligo-platform/backend/Cargo.toml
[96m[1m| [0m[90m Read     [0mveligo-platform/backend/src/payment/stripe_processor.rs
[94m[1m| [0m[90m Grep     [0mmockall::mock|Mock
[0m
[0;33m[AGENT] No actions found in response[0m
[0;34m[AGENT] Iteration 5/10[0m
[0m[AGENT] Calling opencode with model: minimax/MiniMax-M2.1[0m
[0;31m[AGENT] opencode failed (exit -15): [96m[1m| [0m[90m Read     [0mveligo-platform/backend/src/payment/stripe_processor.rs
[96m[1m| [0m[90m Read     [0mveligo-platform/backend/src/payment/stripe_processor_tests.rs
[96m[1m| [0m[90m Read     [0mveligo-platform/backend/src/payment/test_fixtures.rs
[96m[1m| [0m[90m Read     [0mveligo-platform/backend/Cargo.toml
[94m[1m| [0m[90m Grep     [0mmockall
[94m[1m| [0m[90m Glob     [0m{"pattern":"veligo-platform/backend/tests/**/*.rs"}
[96m[1m| [0m[90m Read     [0m
[0;33m[AGENT] No actions found in response[0m
[0;34m[AGENT] Iteration 6/10[0m
[0m[AGENT] Calling opencode with model: minimax/MiniMax-M2.1[0m
