[08:47:11] Worker 17 starting (queue: tdd)
[08:47:38] Worker 17: Processing T1491
[0;32m[AGENT] Real Agent starting[0m
[0;34m[AGENT] Task: /Users/sylvain/_LAPOSTE/_VELIGO2/tools/ralph-wiggum/tasks/T1491.md[0m
[0;34m[AGENT] Queue: tdd[0m
[0;34m[AGENT] Backend: opencode (minimax/MiniMax-M2.1)[0m
[0;32m[AGENT] Starting task: T1491[0m
[0;34m[AGENT] Iteration 1/10[0m
[0m[AGENT] Calling opencode with model: minimax/MiniMax-M2.1[0m
[0;31m[AGENT] opencode failed (exit -15): [94m[1m| [0m[90m Glob     [0m{"pattern":"**/payment*adapter*factory*.rs"}
[94m[1m| [0m[90m Glob     [0m{"pattern":"**/factory*.rs"}
[94m[1m| [0m[90m Grep     [0mPaymentAdapterFactory
[96m[1m| [0m[90m Read     [0mveligo-platform/backend/src/infrastructure/adapters/payment/factory.rs
[96m[1m| [0m[90m Read     [0mveligo-platform/backend/src/payment/factory.rs
[96m[1m| [0m[90m Read     [0mveligo-platform/backend/src/infrastructure/adapters/payment/tests/factory_tests.rs[0m
[0;33m[AGENT] No actions found in response[0m
[0;34m[AGENT] Iteration 2/10[0m
[0m[AGENT] Calling opencode with model: minimax/MiniMax-M2.1[0m
[0;31m[AGENT] opencode failed (exit -9): [96m[1m| [0m[90m Read     [0mveligo-platform/backend/src/infrastructure/adapters/payment/factory.rs
[96m[1m| [0m[90m Read     [0mveligo-platform/backend/src/infrastructure/adapters/payment/mod.rs
[96m[1m| [0m[90m Read     [0mveligo-platform/backend/src/infrastructure/adapters/payment/tests/factory_tests.rs
[94m[1m| [0m[90m Glob     [0m{"pattern":"**/infrastructure/adapters/payment/factory/**/*.rs"}
[94m[1m| [0m[90m Grep     [0mPaymentAdapterCreator
[96m[1m| [0m[90m R[0m
[0;33m[AGENT] No actions found in response[0m
[0;34m[AGENT] Iteration 3/10[0m
[0m[AGENT] Calling opencode with model: minimax/MiniMax-M2.1[0m
[0;31m[AGENT] opencode failed (exit -15): [0m
[0;33m[AGENT] No actions found in response[0m
[0;34m[AGENT] Iteration 4/10[0m
[0m[AGENT] Calling opencode with model: minimax/MiniMax-M2.1[0m
[0;34m[AGENT] Executing: write - {'type': 'write', 'file': '/Users/sylvain/_LAPOSTE/_VELIGO2/veligo-platform/backend/src/infrastructu[0m
[0;32m[AGENT] Wrote /Users/sylvain/_LAPOSTE/_VELIGO2/veligo-platform/backend/src/infrastructure/adapters/payment/factory.rs[0m
[0;34m[AGENT] Iteration 5/10[0m
[0m[AGENT] Calling opencode with model: minimax/MiniMax-M2.1[0m
[0;31m[AGENT] opencode failed (exit -15): [96m[1m| [0m[90m Read     [0mveligo-platform/backend/src/infrastructure/adapters/payment/factory.rs
[96m[1m| [0m[90m Read     [0mveligo-platform/backend/src/infrastructure/adapters/payment/tests/factory_tests.rs
[96m[1m| [0m[90m Read     [0mveligo-platform/backend/src/infrastructure/adapters/payment/mod.rs
[92m[1m| [0m[90m Edit     [0mveligo-platform/backend/src/infrastructure/adapters/payment/factory.rs
[96m[1m| [0m[90m Read     [0mveligo-platform/backend/src/infrastruc[0m
[0;33m[AGENT] No actions found in response[0m
[0;34m[AGENT] Iteration 6/10[0m
[0m[AGENT] Calling opencode with model: minimax/MiniMax-M2.1[0m
