[08:47:13] Worker 30 starting (queue: tdd)
[08:47:47] Worker 30: Processing T1508
[0;32m[AGENT] Real Agent starting[0m
[0;34m[AGENT] Task: /Users/sylvain/_LAPOSTE/_VELIGO2/tools/ralph-wiggum/tasks/T1508.md[0m
[0;34m[AGENT] Queue: tdd[0m
[0;34m[AGENT] Backend: opencode (minimax/MiniMax-M2.1)[0m
[0;32m[AGENT] Starting task: T1508[0m
[0;34m[AGENT] Iteration 1/10[0m
[0m[AGENT] Calling opencode with model: minimax/MiniMax-M2.1[0m
[0;31m[AGENT] opencode failed (exit -15): [91m[1m| [0m[90m Bash     [0mCheck backend directory structure

total 128
drwxr-xr-x  28 sylvain  staff   896 Jan 15 07:03 .
drwxr-xr-x  56 sylvain  staff  1792 Jan 15 07:03 ..
-rw-r--r--   1 sylvain  staff   241 Dec 25 23:09 .env
-rw-r--r--   1 sylvain  staff   722 Dec 10 14:51 .env.example
-rw-r--r--   1 sylvain  staff    65 Dec 25 23:14 .env.sqlx
drwxr-xr-x  39 sylvain  staff  1248 Dec 27 12:15 .sqlx
-rw-r--r--   1 sylvain  staff   595 Jan 15 07:07 Cargo.toml
-rw-r--r--   1 sylvain  staf[0m
[0;33m[AGENT] No actions found in response[0m
[0;34m[AGENT] Iteration 2/10[0m
[0m[AGENT] Calling opencode with model: minimax/MiniMax-M2.1[0m
[0;31m[AGENT] opencode failed (exit -15): [91m[1m| [0m[90m Bash     [0mRun cargo lib tests with output

    Blocking waiting for file lock on package cache
   Compiling veligo-backend v0.1.0 (/Users/sylvain/_LAPOSTE/_VELIGO2/veligo-platform/backend)
error: expected a trait impl
  --> backend/src/services/user_service.rs:20:1
   |
20 | #[async_trait]
   | ^^^^^^^^^^^^^^
   |
   = note: this error originates in the attribute macro `async_trait` (in Nightly builds, run with -Z macro-backtrace for more info)

error: expected a trait im[0m
[0;33m[AGENT] No actions found in response[0m
[0;34m[AGENT] Iteration 3/10[0m
[0m[AGENT] Calling opencode with model: minimax/MiniMax-M2.1[0m
