[08:47:13] Worker 34 starting (queue: tdd)
[08:47:53] Worker 34: Processing T1511
[0;32m[AGENT] Real Agent starting[0m
[0;34m[AGENT] Task: /Users/sylvain/_LAPOSTE/_VELIGO2/tools/ralph-wiggum/tasks/T1511.md[0m
[0;34m[AGENT] Queue: tdd[0m
[0;34m[AGENT] Backend: opencode (minimax/MiniMax-M2.1)[0m
[0;32m[AGENT] Starting task: T1511[0m
[0;34m[AGENT] Iteration 1/10[0m
[0m[AGENT] Calling opencode with model: minimax/MiniMax-M2.1[0m
[0;31m[AGENT] opencode failed (exit -15): [91m[1m| [0m[90m Bash     [0mCheck backend src directory

total 192
drwxr-xr-x  36 sylvain  staff   1152 Jan 15 07:03 .
drwxr-xr-x  28 sylvain  staff    896 Jan 15 07:03 ..
drwxr-xr-x   3 sylvain  staff     96 Jan 14 21:04 adapters
drwxr-xr-x  40 sylvain  staff   1280 Jan 15 07:03 api
drwxr-xr-x   6 sylvain  staff    192 Dec 11 18:34 application
drwxr-xr-x@  4 sylvain  staff    128 Jan 13 19:33 auth
-rw-r--r--   1 sylvain  staff   5981 Jan 14 20:34 bike.rs
drwxr-xr-x   5 sylvain  staff    1[0m
[0;33m[AGENT] No actions found in response[0m
[0;34m[AGENT] Iteration 2/10[0m
[0m[AGENT] Calling opencode with model: minimax/MiniMax-M2.1[0m
[0;31m[AGENT] opencode failed (exit -9): [91m[1m| [0m[90m Bash     [0mFind factory directories
[91m[1m| [0m[90m Bash     [0mFind test files in backend

/Users/sylvain/_LAPOSTE/_VELIGO2/veligo-platform/backend/tests/unit/workflow_tests_part3.rs
/Users/sylvain/_LAPOSTE/_VELIGO2/veligo-platform/backend/tests/unit/paypal_adapter_tests.rs
/Users/sylvain/_LAPOSTE/_VELIGO2/veligo-platform/backend/tests/unit/workflow_tests_part2.rs
/Users/sylvain/_LAPOSTE/_VELIGO2/veligo-platform/backend/tests/unit/auth_tests.rs
/Users/sylvain/_LAPOS[0m
[0;33m[AGENT] No actions found in response[0m
[0;34m[AGENT] Iteration 3/10[0m
[0m[AGENT] Calling opencode with model: minimax/MiniMax-M2.1[0m
[0;31m[AGENT] opencode failed (exit -15): [96m[1m| [0m[90m Read     [0mveligo-platform/backend/tests/unit/payment_factory_tests.rs
[94m[1m| [0m[90m Glob     [0mveligo-platform/backend/src
[94m[1m| [0m[90m Grep     [0mpub struct.*Factory
[96m[1m| [0m[90m Read     [0mveligo-platform/backend/src/services/mod.rs
[94m[1m| [0m[90m Glob     [0mveligo-platform/backend/src
[0m
[0;33m[AGENT] No actions found in response[0m
[0;34m[AGENT] Iteration 4/10[0m
[0m[AGENT] Calling opencode with model: minimax/MiniMax-M2.1[0m
[0;31m[AGENT] opencode failed (exit -15): [96m[1m| [0m[90m Read     [0mveligo-platform/backend/tests/unit/payment_factory_tests.rs
[94m[1m| [0m[90m Glob     [0mveligo-platform/backend/src
[96m[1m| [0m[90m Read     [0mveligo-platform/backend/src/payment/factory.rs
[96m[1m| [0m[90m Read     [0mveligo-platform/backend/src/payment/tests/factory_tests.rs
[94m[1m| [0m[90m Glob     [0mveligo-platform/backend/src
[96m[1m| [0m[90m Read     [0mveligo-platform/backend/src/services/mod.rs
[94m[1m| [0m[90m Grep     [0m
[0;33m[AGENT] No actions found in response[0m
[0;34m[AGENT] Iteration 5/10[0m
[0m[AGENT] Calling opencode with model: minimax/MiniMax-M2.1[0m
