[08:47:13] Worker 29 starting (queue: tdd)
[08:47:46] Worker 29: Processing T1507
[0;32m[AGENT] Real Agent starting[0m
[0;34m[AGENT] Task: /Users/sylvain/_LAPOSTE/_VELIGO2/tools/ralph-wiggum/tasks/T1507.md[0m
[0;34m[AGENT] Queue: tdd[0m
[0;34m[AGENT] Backend: opencode (minimax/MiniMax-M2.1)[0m
[0;32m[AGENT] Starting task: T1507[0m
[0;34m[AGENT] Iteration 1/10[0m
[0m[AGENT] Calling opencode with model: minimax/MiniMax-M2.1[0m
[0;31m[AGENT] opencode failed (exit -15): [94m[1m| [0m[90m Glob     [0m{"path":"/Users/sylvain/_LAPOSTE/_VELIGO2","pattern":"**/payment*/**/*.rs"}
[94m[1m| [0m[90m Grep     [0mPaymentAdapterFactory|StripeProcessor
[94m[1m| [0m[90m Grep     [0mmod payment|pub mod payment
[96m[1m| [0m[90m Read     [0mveligo-platform/backend/src/payment/payment_adapter.rs
[96m[1m| [0m[90m Read     [0mveligo-platform/backend/src/payment/stripe_processor.rs
[96m[1m| [0m[90m Read     [0mveligo-platform/backend/src/payment/tests/f[0m
[0;33m[AGENT] No actions found in response[0m
[0;34m[AGENT] Iteration 2/10[0m
[0m[AGENT] Calling opencode with model: minimax/MiniMax-M2.1[0m
[0;31m[AGENT] opencode failed (exit -9): [96m[1m| [0m[90m Read     [0mveligo-platform/backend/src/payment/tests/factory_tests.rs
[96m[1m| [0m[90m Read     [0mveligo-platform/backend/src/payment/mod.rs
[96m[1m| [0m[90m Read     [0mveligo-platform/backend/src/payment/payment_adapter.rs
[96m[1m| [0m[90m Read     [0mveligo-platform/backend/src/payment/stripe_processor.rs
[96m[1m| [0m[90m Read     [0mveligo-platform/backend/src/payment/stripe_processor.rs
[94m[1m| [0m[90m Glob     [0mveligo-platform/backend/src[0m
[0;33m[AGENT] No actions found in response[0m
[0;34m[AGENT] Iteration 3/10[0m
[0m[AGENT] Calling opencode with model: minimax/MiniMax-M2.1[0m
[0;31m[AGENT] opencode failed (exit -15): [0m
[0;33m[AGENT] No actions found in response[0m
[0;34m[AGENT] Iteration 4/10[0m
[0m[AGENT] Calling opencode with model: minimax/MiniMax-M2.1[0m
[0;32m[AGENT] Agent reported SUCCESS, verifying...[0m
[0;31m[AGENT] No actions executed - cannot accept SUCCESS[0m
[0;34m[AGENT] Iteration 5/10[0m
[0m[AGENT] Calling opencode with model: minimax/MiniMax-M2.1[0m
[0;31m[AGENT] opencode failed (exit -15): [96m[1m| [0m[90m Read     [0mveligo-platform/backend/src/payment/tests/factory_tests.rs
[96m[1m| [0m[90m Read     [0mveligo-platform/backend/src/payment/factory.rs
[96m[1m| [0m[90m Read     [0mveligo-platform/backend/src/payment/stripe_processor.rs
[96m[1m| [0m[90m Read     [0mveligo-platform/backend/src/payment/stripe_processor.rs
[94m[1m| [0m[90m Grep     [0mpub struct StripeProcessor
[96m[1m| [0m[90m Read     [0mveligo-platform/backend/src/payment/stripe_minimal_[0m
[0;33m[AGENT] No actions found in response[0m
[0;34m[AGENT] Iteration 6/10[0m
[0m[AGENT] Calling opencode with model: minimax/MiniMax-M2.1[0m
