[08:47:12] Worker 27 starting (queue: tdd)
[08:47:45] Worker 27: Processing T1506
[0;32m[AGENT] Real Agent starting[0m
[0;34m[AGENT] Task: /Users/sylvain/_LAPOSTE/_VELIGO2/tools/ralph-wiggum/tasks/T1506.md[0m
[0;34m[AGENT] Queue: tdd[0m
[0;34m[AGENT] Backend: opencode (minimax/MiniMax-M2.1)[0m
[0;32m[AGENT] Starting task: T1506[0m
[0;34m[AGENT] Iteration 1/10[0m
[0m[AGENT] Calling opencode with model: minimax/MiniMax-M2.1[0m
[0;31m[AGENT] opencode failed (exit -15): [91m[1m| [0m[90m Bash     [0mFind Rust files in backend

/Users/sylvain/_LAPOSTE/_VELIGO2/veligo-platform/backend/tests/unit/workflow_tests_part3.rs
/Users/sylvain/_LAPOSTE/_VELIGO2/veligo-platform/backend/tests/unit/paypal_adapter_tests.rs
/Users/sylvain/_LAPOSTE/_VELIGO2/veligo-platform/backend/tests/unit/workflow_tests_part2.rs
/Users/sylvain/_LAPOSTE/_VELIGO2/veligo-platform/backend/tests/unit/auth_tests.rs
/Users/sylvain/_LAPOSTE/_VELIGO2/veligo-platform/backend/tests/unit/payment_fact[0m
[0;33m[AGENT] No actions found in response[0m
[0;34m[AGENT] Iteration 2/10[0m
[0m[AGENT] Calling opencode with model: minimax/MiniMax-M2.1[0m
[0;31m[AGENT] opencode failed (exit -9): [94m[1m| [0m[90m Glob     [0m{"pattern":"**/payment*.rs"}
[94m[1m| [0m[90m Glob     [0m{"pattern":"**/factory*.rs"}
[94m[1m| [0m[90m Glob     [0m{"pattern":"**/stripe*.rs"}
[96m[1m| [0m[90m Read     [0mveligo-platform/backend/src/payment/payment_adapter_factory.rs
[96m[1m| [0m[90m Read     [0mveligo-platform/backend/src/payment/stripe_processor.rs
[96m[1m| [0m[90m Read     [0mveligo-platform/backend/src/payment/payment_adapter.rs
[96m[1m| [0m[90m Read     [0mve[0m
[0;33m[AGENT] No actions found in response[0m
[0;34m[AGENT] Iteration 3/10[0m
[0m[AGENT] Calling opencode with model: minimax/MiniMax-M2.1[0m
[0;31m[AGENT] opencode failed (exit -15): [96m[1m| [0m[90m Read     [0mveligo-platform/backend/src/payment/payment_adapter_factory.rs
[96m[1m| [0m[90m Read     [0mveligo-platform/backend/src/payment/stripe_processor.rs
[96m[1m| [0m[90m Read     [0mveligo-platform/backend/src/payment/mod.rs
[96m[1m| [0m[90m Read     [0mveligo-platform/backend/tests/unit/payment_factory_tests.rs
[96m[1m| [0m[90m Read     [0mveligo-platform/backend/src/payment/stripe_processor.rs
[96m[1m| [0m[90m Read     [0mveligo-platform/ba[0m
[0;33m[AGENT] No actions found in response[0m
[0;34m[AGENT] Iteration 4/10[0m
[0m[AGENT] Calling opencode with model: minimax/MiniMax-M2.1[0m
[0;31m[AGENT] opencode failed (exit -15): [94m[1m| [0m[90m Glob     [0m{"pattern":"**/payment/**/*.rs"}
[94m[1m| [0m[90m Glob     [0m{"pattern":"**/mock*.rs"}
[96m[1m| [0m[90m Read     [0mveligo-platform/backend/src/payment/mock_stripe_client.rs
[96m[1m| [0m[90m Read     [0mveligo-platform/backend/src/payment/stripe_processor.rs
[96m[1m| [0m[90m Read     [0mveligo-platform/backend/src/payment/tests/mod.rs
[96m[1m| [0m[90m Read     [0mveligo-platform/backend/src/payment/payment_adapter_factory.rs
[96m[1m| [0m
[0;33m[AGENT] No actions found in response[0m
[0;34m[AGENT] Iteration 5/10[0m
[0m[AGENT] Calling opencode with model: minimax/MiniMax-M2.1[0m
