[08:47:10] Worker 8 starting (queue: tdd)
[08:47:30] Worker 8: Processing T1482
[0;32m[AGENT] Real Agent starting[0m
[0;34m[AGENT] Task: /Users/sylvain/_LAPOSTE/_VELIGO2/tools/ralph-wiggum/tasks/T1482.md[0m
[0;34m[AGENT] Queue: tdd[0m
[0;34m[AGENT] Backend: opencode (minimax/MiniMax-M2.1)[0m
[0;32m[AGENT] Starting task: T1482[0m
[0;34m[AGENT] Iteration 1/10[0m
[0m[AGENT] Calling opencode with model: minimax/MiniMax-M2.1[0m
[0;31m[AGENT] opencode failed (exit -15): [94m[1m| [0m[90m Glob     [0m{"pattern":"**/payment/**/*.rs"}
[94m[1m| [0m[90m Glob     [0m{"pattern":"**/payment/**/*.toml"}
[91m[1m| [0m[90m Bash     [0mFind payment directories in project

/Users/sylvain/_LAPOSTE/_VELIGO2/tenant/frontend-admin/src/routes/(app)/subscriptions/[id]/payment
/Users/sylvain/_LAPOSTE/_VELIGO2/tenant/backend/src/payment
/Users/sylvain/_LAPOSTE/_VELIGO2/tenant/frontend-user/.svelte-kit/types/src/routes/(app)/subscriptions/[id]/payment
/Users/sylvain/_LA[0m
[0;33m[AGENT] No actions found in response[0m
[0;34m[AGENT] Iteration 2/10[0m
[0m[AGENT] Calling opencode with model: minimax/MiniMax-M2.1[0m
[0;31m[AGENT] opencode failed (exit -9): [94m[1m| [0m[90m Glob     [0m{"pattern":"**/backend/src/payment/**/*.rs"}
[94m[1m| [0m[90m Glob     [0m{"pattern":"**/tenant/backend/src/payment/**/*.rs"}
[91m[1m| [0m[90m Bash     [0mFind payment-related Rust files

/Users/sylvain/_LAPOSTE/_VELIGO2/veligo-platform/tenant/backend-api/tests/e2e/webhook_payment_flow.rs
/Users/sylvain/_LAPOSTE/_VELIGO2/veligo-platform/tenant/backend-api/src/generated/payment.v1.rs
/Users/sylvain/_LAPOSTE/_VELIGO2/veligo-platform/tenant/backend-api/sr[0m
[0;33m[AGENT] No actions found in response[0m
[0;34m[AGENT] Iteration 3/10[0m
[0m[AGENT] Calling opencode with model: minimax/MiniMax-M2.1[0m
[0;31m[AGENT] opencode failed (exit -15): [94m[1m| [0m[90m Glob     [0m{"pattern":"**/payment/**/*.rs"}
[94m[1m| [0m[90m Glob     [0m{"pattern":"**/backend/src/**/payment*.rs"}
[0m
[0;33m[AGENT] No actions found in response[0m
[0;34m[AGENT] Iteration 4/10[0m
[0m[AGENT] Calling opencode with model: minimax/MiniMax-M2.1[0m
[0;31m[AGENT] opencode failed (exit -15): [91m[1m| [0m[90m Bash     [0mFind payment-related Rust files

/Users/sylvain/_LAPOSTE/_VELIGO2/tenant/backend/src/payments/factory.rs
/Users/sylvain/_LAPOSTE/_VELIGO2/veligo-platform/tenant/backend-api/src/generated/payment.v1.rs
/Users/sylvain/_LAPOSTE/_VELIGO2/veligo-platform/tenant/backend-api/src/infrastructure/grpc/generated/payment.v1.rs
/Users/sylvain/_LAPOSTE/_VELIGO2/veligo-platform/tenant/backend-api/src/infrastructure/adapters/payment/factory.rs
/Users/sylvain/_LAPOSTE/_VELIGO2/v[0m
[0;33m[AGENT] No actions found in response[0m
[0;34m[AGENT] Iteration 5/10[0m
[0m[AGENT] Calling opencode with model: minimax/MiniMax-M2.1[0m
