[08:47:10] Worker 9 starting (queue: tdd)
[08:47:31] Worker 9: Processing T1483
[0;32m[AGENT] Real Agent starting[0m
[0;34m[AGENT] Task: /Users/sylvain/_LAPOSTE/_VELIGO2/tools/ralph-wiggum/tasks/T1483.md[0m
[0;34m[AGENT] Queue: tdd[0m
[0;34m[AGENT] Backend: opencode (minimax/MiniMax-M2.1)[0m
[0;32m[AGENT] Starting task: T1483[0m
[0;34m[AGENT] Iteration 1/10[0m
[0m[AGENT] Calling opencode with model: minimax/MiniMax-M2.1[0m
[0;31m[AGENT] opencode failed (exit -15): [94m[1m| [0m[90m Glob     [0m{"pattern":"**/payment/**/*.rs"}
[94m[1m| [0m[90m Glob     [0m{"pattern":"**/payment/**/*test*.rs"}
[91m[1m| [0m[90m Bash     [0mFind payment directories

/Users/sylvain/_LAPOSTE/_VELIGO2/tenant/frontend-admin/src/routes/(app)/subscriptions/[id]/payment
/Users/sylvain/_LAPOSTE/_VELIGO2/tenant/backend/src/payment
/Users/sylvain/_LAPOSTE/_VELIGO2/tenant/frontend-user/.svelte-kit/types/src/routes/(app)/subscriptions/[id]/payment
/Users/sylvain/_LAPOSTE/_V[0m
[0;33m[AGENT] No actions found in response[0m
[0;34m[AGENT] Iteration 2/10[0m
[0m[AGENT] Calling opencode with model: minimax/MiniMax-M2.1[0m
[0;31m[AGENT] opencode failed (exit -9): [91m[1m| [0m[90m Bash     [0mFind payment directory in backend

total 0
drwxr-xr-x  2 sylvain  staff   64 Jan 14 17:51 .
drwxr-xr-x  6 sylvain  staff  192 Jan 14 18:02 ..

[94m[1m| [0m[90m Grep     [0mStripeProcessor|PaymentAdapterFactory|PayPalProcessor
[91m[1m| [0m[90m Bash     [0mList payment directory contents

total 448
drwxr-xr-x  28 sylvain  staff    896 Jan 15 07:03 .
drwxr-xr-x  36 sylvain  staff   1152 Jan 15 07:03 ..
drwxr-xr-x   3 sylvain  staff     96 Jan 15 07:03 ada[0m
[0;33m[AGENT] No actions found in response[0m
[0;34m[AGENT] Iteration 3/10[0m
[0m[AGENT] Calling opencode with model: minimax/MiniMax-M2.1[0m
[0;31m[AGENT] opencode failed (exit -15): [91m[1m| [0m[90m Bash     [0mList adapter directories contents

ls: /Users/sylvain/_LAPOSTE/_VELIGO2/tenant/backend/src/payment/adapter/: No such file or directory
ls: /Users/sylvain/_LAPOSTE/_VELIGO2/tenant/backend/src/payment/adapters/: No such file or directory

[0m
[0;33m[AGENT] No actions found in response[0m
[0;34m[AGENT] Iteration 4/10[0m
[0m[AGENT] Calling opencode with model: minimax/MiniMax-M2.1[0m
[0;31m[AGENT] opencode failed (exit -15): [91m[1m| [0m[90m Bash     [0mList payment module files

total 0
drwxr-xr-x  2 sylvain  staff   64 Jan 14 17:51 .
drwxr-xr-x  6 sylvain  staff  192 Jan 14 18:02 ..

[94m[1m| [0m[90m Glob     [0m{"pattern":"**/*payment*"}
[94m[1m| [0m[90m Glob     [0m{"pattern":"**/paypal*.rs"}
[94m[1m| [0m[90m Glob     [0m{"pattern":"**/stripe*.rs"}
[96m[1m| [0m[90m Read     [0mveligo-platform/backend/src/payment/stripe_processor.rs
[96m[1m| [0m[90m Read     [0mveligo-platform/backen[0m
[0;33m[AGENT] No actions found in response[0m
[0;34m[AGENT] Iteration 5/10[0m
[0m[AGENT] Calling opencode with model: minimax/MiniMax-M2.1[0m
