[08:47:13] Worker 33 starting (queue: tdd)
[08:47:51] Worker 33: Processing T151
[0;32m[AGENT] Real Agent starting[0m
[0;34m[AGENT] Task: /Users/sylvain/_LAPOSTE/_VELIGO2/tools/ralph-wiggum/tasks/T151.md[0m
[0;34m[AGENT] Queue: tdd[0m
[0;34m[AGENT] Backend: opencode (minimax/MiniMax-M2.1)[0m
[0;32m[AGENT] Starting task: T151[0m
[0;34m[AGENT] Iteration 1/10[0m
[0m[AGENT] Calling opencode with model: minimax/MiniMax-M2.1[0m
[0;31m[AGENT] opencode failed (exit -15): [96m[1m| [0m[90m Read     [0mveligo-platform/frontend/tests/journeys/17-multimodal-integration.spec.ts
[96m[1m| [0m[90m Read     [0mveligo-platform/frontend/tests/journeys/booking.journey.spec.ts
[91m[1m| [0m[90m Bash     [0mList tenant routes

total 0
drwxr-xr-x   5 sylvain  staff  160 Dec 27 12:12 .
drwxr-xr-x  31 sylvain  staff  992 Jan 14 10:08 ..
drwxr-xr-x   9 sylvain  staff  288 Jan  5 11:40 idfm
drwxr-xr-x   9 sylvain  staff  288 Jan  7 09:37 lyon
drwxr-xr-x   9 sylvain  s[0m
[0;33m[AGENT] No actions found in response[0m
[0;34m[AGENT] Iteration 2/10[0m
[0m[AGENT] Calling opencode with model: minimax/MiniMax-M2.1[0m
[0;31m[AGENT] opencode failed (exit -9): [96m[1m| [0m[90m Read     [0mveligo-platform/frontend/tests/journeys/17-multimodal-integration.spec.ts
[96m[1m| [0m[90m Read     [0mveligo-platform/frontend/src/routes/(tenant)/nantes/+page.svelte
[96m[1m| [0m[90m Read     [0mveligo-platform/frontend/tests/journeys/booking.journey.spec.ts
[94m[1m| [0m[90m Grep     [0mtan-card|tan-connection
[96m[1m| [0m[90m Read     [0mveligo-platform/frontend/tests/journeys/auth.journey.spec.ts
[94m[1m| [0m[90m Glob     [0mveligo-p[0m
[0;33m[AGENT] No actions found in response[0m
[0;34m[AGENT] Iteration 3/10[0m
[0m[AGENT] Calling opencode with model: minimax/MiniMax-M2.1[0m
[0;31m[AGENT] opencode failed (exit -15): [96m[1m| [0m[90m Read     [0mveligo-platform/frontend/src/lib/components/nantes/NantesCard.svelte
[0m
[0;33m[AGENT] No actions found in response[0m
[0;34m[AGENT] Iteration 4/10[0m
[0m[AGENT] Calling opencode with model: minimax/MiniMax-M2.1[0m
[0;31m[AGENT] opencode failed (exit -15): [96m[1m| [0m[90m Read     [0mveligo-platform/frontend/src/lib/components/nantes/NantesCard.svelte
[94m[1m| [0m[90m Glob     [0m{"pattern":"veligo-platform/frontend/src/lib/components/tan/**/*.svelte"}
[96m[1m| [0m[90m Read     [0mveligo-platform/frontend/src/routes/(tenant)/nantes/+page.svelte
[92m[1m| [0m[90m Write    [0mveligo-platform/frontend/src/lib/components/tan/TanCardIntegration.svelte
[92m[1m| [0m[90m Edit     [0mveligo-platform/frontend/src/routes/(tenant)/nan[0m
[0;33m[AGENT] No actions found in response[0m
[0;34m[AGENT] Iteration 5/10[0m
[0m[AGENT] Calling opencode with model: minimax/MiniMax-M2.1[0m
