[08:47:12] Worker 19 starting (queue: tdd)
[08:47:39] Worker 19: Processing T1494
[0;32m[AGENT] Real Agent starting[0m
[0;34m[AGENT] Task: /Users/sylvain/_LAPOSTE/_VELIGO2/tools/ralph-wiggum/tasks/T1494.md[0m
[0;34m[AGENT] Queue: tdd[0m
[0;34m[AGENT] Backend: opencode (minimax/MiniMax-M2.1)[0m
[0;32m[AGENT] Starting task: T1494[0m
[0;34m[AGENT] Iteration 1/10[0m
[0m[AGENT] Calling opencode with model: minimax/MiniMax-M2.1[0m
[0;31m[AGENT] opencode failed (exit -15): [94m[1m| [0m[90m Glob     [0m{"pattern":"**/Cargo.toml"}
[94m[1m| [0m[90m Glob     [0m{"pattern":"**/*.yml"}
[94m[1m| [0m[90m Glob     [0m{"pattern":"**/*.yaml"}
[94m[1m| [0m[90m Glob     [0m{"pattern":"**/package.json"}
[96m[1m| [0m[90m Read     [0m.github/workflows/cicd-pipeline.yml
[96m[1m| [0m[90m Read     [0m.github/workflows/backend-tests.yml
[94m[1m| [0m[90m Glob     [0m{"pattern":"**/security/**/*.spec.ts"}
[94m[1m| [0m[90m Glob     [0m{"pattern":"[0m
[0;33m[AGENT] No actions found in response[0m
[0;34m[AGENT] Iteration 2/10[0m
[0m[AGENT] Calling opencode with model: minimax/MiniMax-M2.1[0m
[0;31m[AGENT] opencode failed (exit -9): [96m[1m| [0m[90m Read     [0m.github/workflows/backend-tests.yml
[96m[1m| [0m[90m Read     [0m.github/workflows/cicd-pipeline.yml
[96m[1m| [0m[90m Read     [0mveligo-platform/backend/Cargo.toml
[94m[1m| [0m[90m Glob     [0m{"pattern":"**/*error*test*.rs"}
[94m[1m| [0m[90m Glob     [0m{"pattern":"**/tests/**/*.rs"}
[96m[1m| [0m[90m Read     [0mveligo-platform/backend/src/payment/error_path_tests.rs
[96m[1m| [0m[90m Read     [0mveligo-platform/backend/src/payment[0m
[0;33m[AGENT] No actions found in response[0m
[0;34m[AGENT] Iteration 3/10[0m
[0m[AGENT] Calling opencode with model: minimax/MiniMax-M2.1[0m
[0;31m[AGENT] opencode failed (exit -15): [96m[1m| [0m[90m Read     [0mveligo-platform/backend/Cargo.toml
[96m[1m| [0m[90m Read     [0m.github/workflows/backend-tests.yml
[0m
[0;33m[AGENT] No actions found in response[0m
[0;34m[AGENT] Iteration 4/10[0m
[0m[AGENT] Calling opencode with model: minimax/MiniMax-M2.1[0m
[0;34m[AGENT] Executing: bash - {'type': 'bash', 'command': 'cargo test --lib -p veligo-core 2>&1 | head -50'}[0m
[0;34m$ cargo test --lib -p veligo-core 2>&1 | head -50[0m
[0;34m[AGENT] Executing: bash - {'type': 'bash', 'command': 'cd veligo-platform/backend && cargo test --lib --lib 2>&1 | tail -30'}[0m
[0;34m$ cd veligo-platform/backend && cargo test --lib --lib 2>&1 | tail -30[0m
[0;34m[AGENT] Iteration 5/10[0m
[0m[AGENT] Calling opencode with model: minimax/MiniMax-M2.1[0m
[0;31m[AGENT] opencode failed (exit -15): [96m[1m| [0m[90m Read     [0mveligo-platform/backend/Cargo.toml
[91m[1m| [0m[90m Bash     [0mList backend crates directory

ls: /Users/sylvain/_LAPOSTE/_VELIGO2/veligo-platform/backend/crates/: No such file or directory

[92m[1m| [0m[90m Edit     [0mveligo-platform/backend/Cargo.toml
[96m[1m| [0m[90m Read     [0m.github/workflows/backend-tests.yml
[96m[1m| [0m[90m Read     [0m.github/workflows/cicd-pipeline.yml
[91m[1m| [0m[90m Bash     [0mRun lib tests to verify se[0m
[0;33m[AGENT] No actions found in response[0m
[0;34m[AGENT] Iteration 6/10[0m
[0m[AGENT] Calling opencode with model: minimax/MiniMax-M2.1[0m
